TN:
SF:src/constitution-validator.ts
FN:31,(anonymous_0)
FN:32,(anonymous_1)
FN:33,(anonymous_2)
FN:54,(anonymous_3)
FN:55,(anonymous_4)
FN:56,(anonymous_5)
FN:77,(anonymous_6)
FN:78,(anonymous_7)
FN:79,(anonymous_8)
FN:100,(anonymous_9)
FN:101,(anonymous_10)
FN:102,(anonymous_11)
FN:123,(anonymous_12)
FN:124,(anonymous_13)
FN:125,(anonymous_14)
FN:232,(anonymous_15)
FN:239,(anonymous_16)
FN:253,(anonymous_17)
FN:258,(anonymous_18)
FN:272,(anonymous_19)
FN:277,(anonymous_20)
FN:292,(anonymous_21)
FN:297,(anonymous_22)
FN:338,(anonymous_23)
FN:369,createConstitutionValidator
FNF:25
FNH:0
FNDA:0,(anonymous_0)
FNDA:0,(anonymous_1)
FNDA:0,(anonymous_2)
FNDA:0,(anonymous_3)
FNDA:0,(anonymous_4)
FNDA:0,(anonymous_5)
FNDA:0,(anonymous_6)
FNDA:0,(anonymous_7)
FNDA:0,(anonymous_8)
FNDA:0,(anonymous_9)
FNDA:0,(anonymous_10)
FNDA:0,(anonymous_11)
FNDA:0,(anonymous_12)
FNDA:0,(anonymous_13)
FNDA:0,(anonymous_14)
FNDA:0,(anonymous_15)
FNDA:0,(anonymous_16)
FNDA:0,(anonymous_17)
FNDA:0,(anonymous_18)
FNDA:0,(anonymous_19)
FNDA:0,(anonymous_20)
FNDA:0,(anonymous_21)
FNDA:0,(anonymous_22)
FNDA:0,(anonymous_23)
FNDA:0,createConstitutionValidator
DA:24,0
DA:31,0
DA:32,0
DA:33,0
DA:47,0
DA:54,0
DA:55,0
DA:56,0
DA:70,0
DA:77,0
DA:78,0
DA:79,0
DA:93,0
DA:100,0
DA:101,0
DA:102,0
DA:116,0
DA:123,0
DA:124,0
DA:125,0
DA:151,0
DA:189,0
DA:228,0
DA:233,0
DA:239,0
DA:249,0
DA:254,0
DA:258,0
DA:268,0
DA:273,0
DA:277,0
DA:288,0
DA:293,0
DA:297,0
DA:309,0
DA:336,0
DA:339,0
DA:341,0
DA:342,0
DA:343,0
DA:345,0
DA:346,0
DA:352,0
DA:353,0
DA:356,0
DA:357,0
DA:362,0
DA:370,0
LF:48
LH:0
BRDA:32,0,0,0
BRDA:32,0,1,0
BRDA:233,1,0,0
BRDA:233,1,1,0
BRDA:233,1,2,0
BRDA:233,1,3,0
BRDA:233,1,4,0
BRDA:254,2,0,0
BRDA:254,2,1,0
BRDA:254,2,2,0
BRDA:273,3,0,0
BRDA:273,3,1,0
BRDA:273,3,2,0
BRDA:293,4,0,0
BRDA:293,4,1,0
BRDA:293,4,2,0
BRDA:342,5,0,0
BRDA:342,5,1,0
BRDA:345,6,0,0
BRDA:345,6,1,0
BRDA:352,7,0,0
BRDA:352,7,1,0
BRDA:356,8,0,0
BRDA:356,8,1,0
BRF:24
BRH:0
end_of_record
TN:
SF:src/security-sandbox.ts
FN:83,(anonymous_0)
FN:100,(anonymous_1)
FN:132,(anonymous_2)
FN:173,(anonymous_3)
FN:202,(anonymous_4)
FN:222,(anonymous_5)
FN:229,(anonymous_6)
FN:253,createSecuritySandbox
FN:264,(anonymous_8)
FN:269,(anonymous_9)
FN:273,(anonymous_10)
FN:277,(anonymous_11)
FNF:12
FNH:0
FNDA:0,(anonymous_0)
FNDA:0,(anonymous_1)
FNDA:0,(anonymous_2)
FNDA:0,(anonymous_3)
FNDA:0,(anonymous_4)
FNDA:0,(anonymous_5)
FNDA:0,(anonymous_6)
FNDA:0,createSecuritySandbox
FNDA:0,(anonymous_8)
FNDA:0,(anonymous_9)
FNDA:0,(anonymous_10)
FNDA:0,(anonymous_11)
DA:39,0
DA:84,0
DA:85,0
DA:106,0
DA:108,0
DA:109,0
DA:113,0
DA:115,0
DA:121,0
DA:133,0
DA:136,0
DA:137,0
DA:138,0
DA:139,0
DA:144,0
DA:145,0
DA:146,0
DA:147,0
DA:148,0
DA:154,0
DA:155,0
DA:156,0
DA:157,0
DA:158,0
DA:162,0
DA:163,0
DA:164,0
DA:167,0
DA:174,0
DA:177,0
DA:178,0
DA:179,0
DA:180,0
DA:181,0
DA:185,0
DA:186,0
DA:187,0
DA:191,0
DA:192,0
DA:193,0
DA:196,0
DA:204,0
DA:205,0
DA:206,0
DA:211,0
DA:212,0
DA:213,0
DA:216,0
DA:223,0
DA:237,0
DA:238,0
DA:241,0
DA:242,0
DA:245,0
DA:254,0
DA:262,0
DA:265,0
DA:266,0
DA:270,0
DA:274,0
DA:278,0
DA:279,0
DA:280,0
DA:281,0
DA:283,0
DA:287,0
LF:66
LH:0
BRDA:108,0,0,0
BRDA:108,0,1,0
BRDA:118,1,0,0
BRDA:118,1,1,0
BRDA:124,2,0,0
BRDA:124,2,1,0
BRDA:137,3,0,0
BRDA:137,3,1,0
BRDA:144,4,0,0
BRDA:144,4,1,0
BRDA:146,5,0,0
BRDA:146,5,1,0
BRDA:156,6,0,0
BRDA:156,6,1,0
BRDA:162,7,0,0
BRDA:162,7,1,0
BRDA:179,8,0,0
BRDA:179,8,1,0
BRDA:179,9,0,0
BRDA:179,9,1,0
BRDA:185,10,0,0
BRDA:185,10,1,0
BRDA:191,11,0,0
BRDA:191,11,1,0
BRDA:205,12,0,0
BRDA:205,12,1,0
BRDA:211,13,0,0
BRDA:211,13,1,0
BRDA:216,14,0,0
BRDA:216,14,1,0
BRDA:237,15,0,0
BRDA:237,15,1,0
BRDA:241,16,0,0
BRDA:241,16,1,0
BRDA:279,17,0,0
BRDA:279,17,1,0
BRF:36
BRH:0
end_of_record
TN:
SF:src/__mocks__/openclaw-core.ts
FNF:0
FNH:0
DA:5,0
LF:1
LH:0
BRF:0
BRH:0
end_of_record
TN:
SF:src/comfyui/brand-style-transfer.ts
FN:166,(anonymous_0)
FN:174,(anonymous_1)
FN:181,(anonymous_2)
FN:188,(anonymous_3)
FN:236,(anonymous_4)
FN:274,(anonymous_5)
FN:302,(anonymous_6)
FN:312,(anonymous_7)
FN:335,(anonymous_8)
FN:347,(anonymous_9)
FN:357,(anonymous_10)
FN:365,(anonymous_11)
FNF:12
FNH:0
FNDA:0,(anonymous_0)
FNDA:0,(anonymous_1)
FNDA:0,(anonymous_2)
FNDA:0,(anonymous_3)
FNDA:0,(anonymous_4)
FNDA:0,(anonymous_5)
FNDA:0,(anonymous_6)
FNDA:0,(anonymous_7)
FNDA:0,(anonymous_8)
FNDA:0,(anonymous_9)
FNDA:0,(anonymous_10)
FNDA:0,(anonymous_11)
DA:100,1
DA:167,0
DA:168,0
DA:175,0
DA:182,0
DA:191,0
DA:192,0
DA:194,0
DA:196,0
DA:197,0
DA:201,0
DA:202,0
DA:206,0
DA:209,0
DA:218,0
DA:229,0
DA:231,0
DA:232,0
DA:236,0
DA:239,0
DA:253,0
DA:255,0
DA:279,0
DA:281,0
DA:282,0
DA:293,0
DA:296,0
DA:306,0
DA:312,0
DA:314,0
DA:315,0
DA:321,0
DA:322,0
DA:323,0
DA:326,0
DA:336,0
DA:338,0
DA:339,0
DA:340,0
DA:342,0
DA:343,0
DA:344,0
DA:346,0
DA:347,0
DA:348,0
DA:350,0
DA:351,0
DA:352,0
DA:353,0
DA:354,0
DA:356,0
DA:357,0
DA:359,0
DA:366,0
DA:367,0
DA:369,0
DA:370,0
DA:371,0
DA:373,0
DA:374,0
DA:377,0
DA:378,0
DA:381,0
DA:382,0
DA:385,0
DA:386,0
DA:389,0
DA:390,0
DA:392,0
LF:69
LH:1
BRDA:196,0,0,0
BRDA:196,0,1,0
BRDA:201,1,0,0
BRDA:201,1,1,0
BRDA:201,2,0,0
BRDA:201,2,1,0
BRDA:231,3,0,0
BRDA:231,3,1,0
BRDA:260,4,0,0
BRDA:260,4,1,0
BRDA:277,5,0,0
BRDA:314,6,0,0
BRDA:314,6,1,0
BRDA:322,7,0,0
BRDA:322,7,1,0
BRDA:343,8,0,0
BRDA:343,8,1,0
BRDA:344,9,0,0
BRDA:344,9,1,0
BRDA:373,10,0,0
BRDA:373,10,1,0
BRDA:373,11,0,0
BRDA:373,11,1,0
BRDA:377,12,0,0
BRDA:377,12,1,0
BRDA:381,13,0,0
BRDA:381,13,1,0
BRDA:385,14,0,0
BRDA:385,14,1,0
BRF:29
BRH:0
end_of_record
TN:
SF:src/comfyui/canary-deployer.ts
FN:129,(anonymous_0)
FN:142,(anonymous_1)
FN:173,(anonymous_2)
FN:197,(anonymous_3)
FN:207,(anonymous_4)
FN:221,(anonymous_5)
FN:228,(anonymous_6)
FN:253,(anonymous_7)
FN:273,(anonymous_8)
FN:297,(anonymous_9)
FN:310,(anonymous_10)
FN:325,(anonymous_11)
FN:366,(anonymous_12)
FN:375,(anonymous_13)
FN:385,(anonymous_14)
FN:389,(anonymous_15)
FN:393,(anonymous_16)
FNF:17
FNH:0
FNDA:0,(anonymous_0)
FNDA:0,(anonymous_1)
FNDA:0,(anonymous_2)
FNDA:0,(anonymous_3)
FNDA:0,(anonymous_4)
FNDA:0,(anonymous_5)
FNDA:0,(anonymous_6)
FNDA:0,(anonymous_7)
FNDA:0,(anonymous_8)
FNDA:0,(anonymous_9)
FNDA:0,(anonymous_10)
FNDA:0,(anonymous_11)
FNDA:0,(anonymous_12)
FNDA:0,(anonymous_13)
FNDA:0,(anonymous_14)
FNDA:0,(anonymous_15)
FNDA:0,(anonymous_16)
DA:108,0
DA:126,0
DA:127,0
DA:134,0
DA:135,0
DA:136,0
DA:143,0
DA:144,0
DA:147,0
DA:148,0
DA:150,0
DA:161,0
DA:164,0
DA:166,0
DA:167,0
DA:174,0
DA:175,0
DA:178,0
DA:179,0
DA:181,0
DA:182,0
DA:184,0
DA:188,0
DA:191,0
DA:198,0
DA:199,0
DA:201,0
DA:208,0
DA:209,0
DA:212,0
DA:213,0
DA:215,0
DA:222,0
DA:229,0
DA:230,0
DA:233,0
DA:234,0
DA:235,0
DA:238,0
DA:239,0
DA:240,0
DA:241,0
DA:242,0
DA:244,0
DA:247,0
DA:254,0
DA:255,0
DA:258,0
DA:259,0
DA:261,0
DA:264,0
DA:267,0
DA:274,0
DA:275,0
DA:278,0
DA:279,0
DA:286,0
DA:289,0
DA:291,0
DA:292,0
DA:298,0
DA:312,0
DA:313,0
DA:317,0
DA:318,0
DA:321,0
DA:322,0
DA:326,0
DA:327,0
DA:330,0
DA:331,0
DA:334,0
DA:335,0
DA:339,0
DA:340,0
DA:341,0
DA:343,0
DA:345,0
DA:348,0
DA:349,0
DA:350,0
DA:352,0
DA:354,0
DA:358,0
DA:359,0
DA:360,0
DA:362,0
DA:367,0
DA:368,0
DA:369,0
DA:370,0
DA:372,0
DA:376,0
DA:382,0
DA:386,0
DA:390,0
DA:394,0
LF:97
LH:0
BRDA:130,0,0,0
BRDA:143,1,0,0
BRDA:143,1,1,0
BRDA:174,2,0,0
BRDA:174,2,1,0
BRDA:181,3,0,0
BRDA:181,3,1,0
BRDA:198,4,0,0
BRDA:198,4,1,0
BRDA:208,5,0,0
BRDA:208,5,1,0
BRDA:229,6,0,0
BRDA:229,6,1,0
BRDA:234,7,0,0
BRDA:234,7,1,0
BRDA:234,8,0,0
BRDA:234,8,1,0
BRDA:254,9,0,0
BRDA:254,9,1,0
BRDA:274,10,0,0
BRDA:274,10,1,0
BRDA:326,11,0,0
BRDA:326,11,1,0
BRDA:334,12,0,0
BRDA:334,12,1,0
BRDA:339,13,0,0
BRDA:339,13,1,0
BRDA:340,14,0,0
BRDA:340,14,1,0
BRDA:348,15,0,0
BRDA:348,15,1,0
BRDA:349,16,0,0
BRDA:349,16,1,0
BRDA:359,17,0,0
BRDA:359,17,1,0
BRF:35
BRH:0
end_of_record
TN:
SF:src/comfyui/comfyui-workflow-orchestrator.ts
FN:139,(anonymous_0)
FN:150,(anonymous_1)
FN:197,(anonymous_2)
FN:225,(anonymous_3)
FN:251,(anonymous_4)
FN:334,(anonymous_5)
FN:342,(anonymous_6)
FN:349,(anonymous_7)
FNF:8
FNH:0
FNDA:0,(anonymous_0)
FNDA:0,(anonymous_1)
FNDA:0,(anonymous_2)
FNDA:0,(anonymous_3)
FNDA:0,(anonymous_4)
FNDA:0,(anonymous_5)
FNDA:0,(anonymous_6)
FNDA:0,(anonymous_7)
DA:109,0
DA:119,0
DA:135,0
DA:136,0
DA:137,0
DA:143,0
DA:144,0
DA:151,0
DA:154,0
DA:155,0
DA:159,0
DA:160,0
DA:161,0
DA:163,0
DA:164,0
DA:169,0
DA:170,0
DA:171,0
DA:172,0
DA:173,0
DA:174,0
DA:179,0
DA:180,0
DA:184,0
DA:185,0
DA:188,0
DA:198,0
DA:201,0
DA:202,0
DA:203,0
DA:204,0
DA:208,0
DA:209,0
DA:213,0
DA:214,0
DA:215,0
DA:216,0
DA:219,0
DA:227,0
DA:230,0
DA:231,0
DA:232,0
DA:236,0
DA:237,0
DA:241,0
DA:242,0
DA:245,0
DA:252,0
DA:254,0
DA:256,0
DA:257,0
DA:258,0
DA:266,0
DA:267,0
DA:268,0
DA:276,0
DA:277,0
DA:278,0
DA:286,0
DA:304,0
DA:305,0
DA:306,0
DA:309,0
DA:323,0
DA:339,0
DA:342,0
DA:350,0
DA:351,0
DA:352,0
LF:69
LH:0
BRDA:140,0,0,0
BRDA:141,1,0,0
BRDA:154,2,0,0
BRDA:154,2,1,0
BRDA:154,3,0,0
BRDA:154,3,1,0
BRDA:159,4,0,0
BRDA:159,4,1,0
BRDA:160,5,0,0
BRDA:160,5,1,0
BRDA:163,6,0,0
BRDA:163,6,1,0
BRDA:169,7,0,0
BRDA:169,7,1,0
BRDA:173,8,0,0
BRDA:173,8,1,0
BRDA:179,9,0,0
BRDA:179,9,1,0
BRDA:179,10,0,0
BRDA:179,10,1,0
BRDA:184,11,0,0
BRDA:184,11,1,0
BRDA:184,12,0,0
BRDA:184,12,1,0
BRDA:201,13,0,0
BRDA:201,13,1,0
BRDA:208,14,0,0
BRDA:208,14,1,0
BRDA:214,15,0,0
BRDA:214,15,1,0
BRDA:215,16,0,0
BRDA:215,16,1,0
BRDA:231,17,0,0
BRDA:231,17,1,0
BRDA:236,18,0,0
BRDA:236,18,1,0
BRDA:241,19,0,0
BRDA:241,19,1,0
BRDA:251,20,0,0
BRDA:257,21,0,0
BRDA:257,21,1,0
BRDA:267,22,0,0
BRDA:267,22,1,0
BRDA:277,23,0,0
BRDA:277,23,1,0
BRDA:305,24,0,0
BRDA:305,24,1,0
BRDA:316,25,0,0
BRDA:316,25,1,0
BRDA:317,26,0,0
BRDA:317,26,1,0
BRDA:318,27,0,0
BRDA:318,27,1,0
BRDA:319,28,0,0
BRDA:319,28,1,0
BRDA:325,29,0,0
BRDA:325,29,1,0
BRF:57
BRH:0
end_of_record
TN:
SF:src/comfyui/cost-optimizer.ts
FN:111,(anonymous_0)
FN:118,(anonymous_1)
FN:143,(anonymous_2)
FN:184,(anonymous_3)
FN:193,(anonymous_4)
FN:211,(anonymous_5)
FN:262,(anonymous_6)
FN:268,(anonymous_7)
FN:302,(anonymous_8)
FN:315,(anonymous_9)
FNF:10
FNH:0
FNDA:0,(anonymous_0)
FNDA:0,(anonymous_1)
FNDA:0,(anonymous_2)
FNDA:0,(anonymous_3)
FNDA:0,(anonymous_4)
FNDA:0,(anonymous_5)
FNDA:0,(anonymous_6)
FNDA:0,(anonymous_7)
FNDA:0,(anonymous_8)
FNDA:0,(anonymous_9)
DA:84,1
DA:92,1
DA:98,1
DA:107,0
DA:108,0
DA:109,0
DA:112,0
DA:123,0
DA:124,0
DA:125,0
DA:126,0
DA:129,0
DA:131,0
DA:149,0
DA:152,0
DA:153,0
DA:160,0
DA:162,0
DA:163,0
DA:169,0
DA:170,0
DA:175,0
DA:185,0
DA:186,0
DA:187,0
DA:194,0
DA:196,0
DA:215,0
DA:218,0
DA:219,0
DA:221,0
DA:230,0
DA:231,0
DA:233,0
DA:242,0
DA:243,0
DA:252,0
DA:253,0
DA:254,0
DA:262,0
DA:272,0
DA:273,0
DA:275,0
DA:277,0
DA:278,0
DA:279,0
DA:282,0
DA:283,0
DA:285,0
DA:287,0
DA:288,0
DA:293,0
DA:303,0
DA:304,0
DA:305,0
DA:306,0
DA:307,0
DA:308,0
DA:316,0
DA:317,0
DA:318,0
LF:61
LH:3
BRDA:111,0,0,0
BRDA:119,1,0,0
BRDA:120,2,0,0
BRDA:121,3,0,0
BRDA:124,4,0,0
BRDA:124,4,1,0
BRDA:126,5,0,0
BRDA:126,5,1,0
BRDA:152,6,0,0
BRDA:152,6,1,0
BRDA:162,7,0,0
BRDA:162,7,1,0
BRDA:169,8,0,0
BRDA:169,8,1,0
BRDA:201,9,0,0
BRDA:201,9,1,0
BRDA:218,10,0,0
BRDA:218,10,1,0
BRDA:230,11,0,0
BRDA:230,11,1,0
BRDA:242,12,0,0
BRDA:242,12,1,0
BRDA:253,13,0,0
BRDA:253,13,1,0
BRDA:253,14,0,0
BRDA:253,14,1,0
BRDA:275,15,0,0
BRDA:275,15,1,0
BRDA:277,16,0,0
BRDA:277,16,1,0
BRDA:279,17,0,0
BRDA:279,17,1,0
BRDA:280,18,0,0
BRDA:280,18,1,0
BRDA:282,19,0,0
BRDA:282,19,1,0
BRDA:285,20,0,0
BRDA:285,20,1,0
BRDA:287,21,0,0
BRDA:287,21,1,0
BRDA:304,22,0,0
BRDA:304,22,1,0
BRF:42
BRH:0
end_of_record
TN:
SF:src/comfyui/governance-config-store.ts
FN:150,(anonymous_0)
FN:161,(anonymous_1)
FN:165,(anonymous_2)
FN:172,(anonymous_3)
FN:179,(anonymous_4)
FN:188,(anonymous_5)
FN:189,(anonymous_6)
FN:194,(anonymous_7)
FN:205,(anonymous_8)
FN:227,(anonymous_9)
FN:278,(anonymous_10)
FN:285,(anonymous_11)
FN:303,(anonymous_12)
FN:314,(anonymous_13)
FN:341,(anonymous_14)
FN:371,(anonymous_15)
FN:382,(anonymous_16)
FN:389,(anonymous_17)
FN:396,(anonymous_18)
FN:407,(anonymous_19)
FN:414,(anonymous_20)
FN:415,(anonymous_21)
FNF:22
FNH:0
FNDA:0,(anonymous_0)
FNDA:0,(anonymous_1)
FNDA:0,(anonymous_2)
FNDA:0,(anonymous_3)
FNDA:0,(anonymous_4)
FNDA:0,(anonymous_5)
FNDA:0,(anonymous_6)
FNDA:0,(anonymous_7)
FNDA:0,(anonymous_8)
FNDA:0,(anonymous_9)
FNDA:0,(anonymous_10)
FNDA:0,(anonymous_11)
FNDA:0,(anonymous_12)
FNDA:0,(anonymous_13)
FNDA:0,(anonymous_14)
FNDA:0,(anonymous_15)
FNDA:0,(anonymous_16)
FNDA:0,(anonymous_17)
FNDA:0,(anonymous_18)
FNDA:0,(anonymous_19)
FNDA:0,(anonymous_20)
FNDA:0,(anonymous_21)
DA:84,1
DA:94,1
DA:102,1
DA:119,1
DA:133,1
DA:147,0
DA:148,0
DA:152,0
DA:153,0
DA:154,0
DA:157,0
DA:158,0
DA:162,0
DA:166,0
DA:167,0
DA:169,0
DA:173,0
DA:174,0
DA:175,0
DA:179,0
DA:180,0
DA:182,0
DA:183,0
DA:185,0
DA:189,0
DA:190,0
DA:195,0
DA:196,0
DA:198,0
DA:199,0
DA:206,0
DA:207,0
DA:228,0
DA:229,0
DA:232,0
DA:233,0
DA:235,0
DA:236,0
DA:238,0
DA:239,0
DA:243,0
DA:244,0
DA:246,0
DA:247,0
DA:251,0
DA:252,0
DA:254,0
DA:255,0
DA:259,0
DA:260,0
DA:263,0
DA:276,0
DA:279,0
DA:286,0
DA:287,0
DA:288,0
DA:289,0
DA:292,0
DA:293,0
DA:294,0
DA:296,0
DA:297,0
DA:304,0
DA:305,0
DA:306,0
DA:308,0
DA:315,0
DA:316,0
DA:317,0
DA:320,0
DA:321,0
DA:333,0
DA:334,0
DA:335,0
DA:345,0
DA:346,0
DA:347,0
DA:350,0
DA:359,0
DA:360,0
DA:363,0
DA:365,0
DA:372,0
DA:373,0
DA:374,0
DA:375,0
DA:383,0
DA:390,0
DA:397,0
DA:398,0
DA:399,0
DA:401,0
DA:408,0
DA:409,0
DA:410,0
DA:411,0
DA:415,0
DA:416,0
DA:417,0
DA:419,0
LF:100
LH:5
BRDA:153,0,0,0
BRDA:153,0,1,0
BRDA:166,1,0,0
BRDA:166,1,1,0
BRDA:174,2,0,0
BRDA:174,2,1,0
BRDA:195,3,0,0
BRDA:195,3,1,0
BRDA:205,4,0,0
BRDA:232,5,0,0
BRDA:232,5,1,0
BRDA:235,6,0,0
BRDA:235,6,1,0
BRDA:238,7,0,0
BRDA:238,7,1,0
BRDA:243,8,0,0
BRDA:243,8,1,0
BRDA:246,9,0,0
BRDA:246,9,1,0
BRDA:251,10,0,0
BRDA:251,10,1,0
BRDA:251,11,0,0
BRDA:251,11,1,0
BRDA:254,12,0,0
BRDA:254,12,1,0
BRDA:259,13,0,0
BRDA:259,13,1,0
BRDA:278,14,0,0
BRDA:285,15,0,0
BRDA:287,16,0,0
BRDA:287,16,1,0
BRDA:305,17,0,0
BRDA:305,17,1,0
BRDA:316,18,0,0
BRDA:316,18,1,0
BRDA:346,19,0,0
BRDA:346,19,1,0
BRDA:374,20,0,0
BRDA:374,20,1,0
BRDA:398,21,0,0
BRDA:398,21,1,0
BRF:41
BRH:0
end_of_record
TN:
SF:src/comfyui/index.ts
FNF:0
FNH:0
LF:0
LH:0
BRF:0
BRH:0
end_of_record
TN:
SF:src/comfyui/mcp-video-bus.ts
FN:119,generateTraceId
FN:126,generateIdempotencyKey
FN:147,(anonymous_2)
FN:154,(anonymous_3)
FN:210,(anonymous_4)
FN:244,(anonymous_5)
FN:272,(anonymous_6)
FN:304,(anonymous_7)
FN:337,(anonymous_8)
FN:348,(anonymous_9)
FN:355,(anonymous_10)
FN:361,(anonymous_11)
FN:375,(anonymous_12)
FN:380,(anonymous_13)
FN:396,(anonymous_14)
FN:407,(anonymous_15)
FN:418,(anonymous_16)
FN:421,(anonymous_17)
FNF:18
FNH:0
FNDA:0,generateTraceId
FNDA:0,generateIdempotencyKey
FNDA:0,(anonymous_2)
FNDA:0,(anonymous_3)
FNDA:0,(anonymous_4)
FNDA:0,(anonymous_5)
FNDA:0,(anonymous_6)
FNDA:0,(anonymous_7)
FNDA:0,(anonymous_8)
FNDA:0,(anonymous_9)
FNDA:0,(anonymous_10)
FNDA:0,(anonymous_11)
FNDA:0,(anonymous_12)
FNDA:0,(anonymous_13)
FNDA:0,(anonymous_14)
FNDA:0,(anonymous_15)
FNDA:0,(anonymous_16)
FNDA:0,(anonymous_17)
DA:106,1
DA:120,0
DA:127,0
DA:132,0
DA:142,0
DA:143,0
DA:144,0
DA:145,0
DA:148,0
DA:155,0
DA:156,0
DA:158,0
DA:160,0
DA:161,0
DA:162,0
DA:163,0
DA:164,0
DA:169,0
DA:170,0
DA:174,0
DA:175,0
DA:179,0
DA:182,0
DA:185,0
DA:192,0
DA:193,0
DA:196,0
DA:198,0
DA:215,0
DA:216,0
DA:217,0
DA:219,0
DA:250,0
DA:252,0
DA:277,0
DA:278,0
DA:280,0
DA:310,0
DA:311,0
DA:313,0
DA:338,0
DA:339,0
DA:341,0
DA:342,0
DA:349,0
DA:360,0
DA:361,0
DA:362,0
DA:365,0
DA:376,0
DA:377,0
DA:380,0
DA:382,0
DA:383,0
DA:384,0
DA:388,0
DA:397,0
DA:398,0
DA:399,0
DA:401,0
DA:408,0
DA:409,0
DA:410,0
DA:412,0
DA:419,0
DA:420,0
DA:421,0
DA:422,0
DA:423,0
DA:425,0
LF:70
LH:1
BRDA:147,0,0,0
BRDA:160,1,0,0
BRDA:160,1,1,0
BRDA:162,2,0,0
BRDA:162,2,1,0
BRDA:169,3,0,0
BRDA:169,3,1,0
BRDA:174,4,0,0
BRDA:174,4,1,0
BRDA:192,5,0,0
BRDA:192,5,1,0
BRDA:202,6,0,0
BRDA:202,6,1,0
BRDA:338,7,0,0
BRDA:338,7,1,0
BRDA:382,8,0,0
BRDA:382,8,1,0
BRDA:398,9,0,0
BRDA:398,9,1,0
BRDA:409,10,0,0
BRDA:409,10,1,0
BRDA:420,11,0,0
BRDA:420,11,1,0
BRF:23
BRH:0
end_of_record
TN:
SF:src/comfyui/performance-optimizer.ts
FN:104,generateCacheKey
FN:131,(anonymous_1)
FN:145,(anonymous_2)
FN:171,(anonymous_3)
FN:196,(anonymous_4)
FN:210,(anonymous_5)
FN:225,(anonymous_6)
FN:246,(anonymous_7)
FN:259,(anonymous_8)
FN:260,(anonymous_9)
FN:263,(anonymous_10)
FN:297,(anonymous_11)
FN:305,(anonymous_12)
FN:323,(anonymous_13)
FN:339,(anonymous_14)
FN:344,(anonymous_15)
FNF:16
FNH:0
FNDA:0,generateCacheKey
FNDA:0,(anonymous_1)
FNDA:0,(anonymous_2)
FNDA:0,(anonymous_3)
FNDA:0,(anonymous_4)
FNDA:0,(anonymous_5)
FNDA:0,(anonymous_6)
FNDA:0,(anonymous_7)
FNDA:0,(anonymous_8)
FNDA:0,(anonymous_9)
FNDA:0,(anonymous_10)
FNDA:0,(anonymous_11)
FNDA:0,(anonymous_12)
FNDA:0,(anonymous_13)
FNDA:0,(anonymous_14)
FNDA:0,(anonymous_15)
DA:88,1
DA:105,0
DA:123,0
DA:132,0
DA:133,0
DA:134,0
DA:146,0
DA:147,0
DA:150,0
DA:151,0
DA:153,0
DA:154,0
DA:155,0
DA:156,0
DA:157,0
DA:161,0
DA:162,0
DA:165,0
DA:172,0
DA:173,0
DA:176,0
DA:177,0
DA:180,0
DA:181,0
DA:184,0
DA:197,0
DA:198,0
DA:201,0
DA:202,0
DA:210,0
DA:213,0
DA:214,0
DA:217,0
DA:218,0
DA:226,0
DA:227,0
DA:230,0
DA:231,0
DA:233,0
DA:240,0
DA:247,0
DA:248,0
DA:251,0
DA:252,0
DA:260,0
DA:261,0
DA:263,0
DA:264,0
DA:265,0
DA:268,0
DA:274,0
DA:279,0
DA:283,0
DA:298,0
DA:299,0
DA:310,0
DA:324,0
DA:325,0
DA:328,0
DA:341,0
DA:342,0
DA:344,0
DA:345,0
DA:346,0
DA:347,0
DA:351,0
DA:352,0
DA:353,0
LF:68
LH:1
BRDA:131,0,0,0
BRDA:146,1,0,0
BRDA:146,1,1,0
BRDA:153,2,0,0
BRDA:153,2,1,0
BRDA:153,3,0,0
BRDA:153,3,1,0
BRDA:161,4,0,0
BRDA:161,4,1,0
BRDA:161,5,0,0
BRDA:161,5,1,0
BRDA:172,6,0,0
BRDA:172,6,1,0
BRDA:180,7,0,0
BRDA:180,7,1,0
BRDA:197,8,0,0
BRDA:197,8,1,0
BRDA:201,9,0,0
BRDA:201,9,1,0
BRDA:217,10,0,0
BRDA:217,10,1,0
BRDA:226,11,0,0
BRDA:226,11,1,0
BRDA:226,12,0,0
BRDA:226,12,1,0
BRDA:251,13,0,0
BRDA:251,13,1,0
BRDA:263,14,0,0
BRDA:263,14,1,0
BRDA:264,15,0,0
BRDA:264,15,1,0
BRDA:264,16,0,0
BRDA:264,16,1,0
BRDA:265,17,0,0
BRDA:265,17,1,0
BRDA:265,18,0,0
BRDA:265,18,1,0
BRDA:268,19,0,0
BRDA:268,19,1,0
BRDA:274,20,0,0
BRDA:274,20,1,0
BRDA:279,21,0,0
BRDA:279,21,1,0
BRDA:288,22,0,0
BRDA:288,22,1,0
BRDA:314,23,0,0
BRDA:314,23,1,0
BRDA:324,24,0,0
BRDA:324,24,1,0
BRDA:345,25,0,0
BRDA:345,25,1,0
BRDA:351,26,0,0
BRDA:351,26,1,0
BRF:53
BRH:0
end_of_record
TN:
SF:src/comfyui/product-demo-generator.ts
FN:143,(anonymous_0)
FN:151,(anonymous_1)
FN:187,(anonymous_2)
FN:188,(anonymous_3)
FN:193,(anonymous_4)
FN:196,(anonymous_5)
FN:201,(anonymous_6)
FN:229,(anonymous_7)
FN:251,(anonymous_8)
FN:283,(anonymous_9)
FN:301,(anonymous_10)
FN:332,(anonymous_11)
FN:363,(anonymous_12)
FN:367,(anonymous_13)
FN:368,(anonymous_14)
FN:381,(anonymous_15)
FN:396,(anonymous_16)
FNF:17
FNH:0
FNDA:0,(anonymous_0)
FNDA:0,(anonymous_1)
FNDA:0,(anonymous_2)
FNDA:0,(anonymous_3)
FNDA:0,(anonymous_4)
FNDA:0,(anonymous_5)
FNDA:0,(anonymous_6)
FNDA:0,(anonymous_7)
FNDA:0,(anonymous_8)
FNDA:0,(anonymous_9)
FNDA:0,(anonymous_10)
FNDA:0,(anonymous_11)
FNDA:0,(anonymous_12)
FNDA:0,(anonymous_13)
FNDA:0,(anonymous_14)
FNDA:0,(anonymous_15)
FNDA:0,(anonymous_16)
DA:117,1
DA:127,1
DA:144,0
DA:145,0
DA:155,0
DA:156,0
DA:158,0
DA:163,0
DA:165,0
DA:168,0
DA:178,0
DA:181,0
DA:184,0
DA:187,0
DA:188,0
DA:190,0
DA:193,0
DA:196,0
DA:201,0
DA:206,0
DA:208,0
DA:210,0
DA:233,0
DA:234,0
DA:235,0
DA:236,0
DA:239,0
DA:251,0
DA:252,0
DA:266,0
DA:277,0
DA:288,0
DA:289,0
DA:295,0
DA:304,0
DA:306,0
DA:307,0
DA:309,0
DA:317,0
DA:328,0
DA:330,0
DA:332,0
DA:334,0
DA:340,0
DA:348,0
DA:357,0
DA:366,0
DA:367,0
DA:368,0
DA:370,0
DA:371,0
DA:375,0
DA:382,0
DA:390,0
DA:397,0
LF:55
LH:2
BRDA:153,0,0,0
BRDA:192,1,0,0
BRDA:192,1,1,0
BRDA:215,2,0,0
BRDA:215,2,1,0
BRDA:330,3,0,0
BRDA:330,3,1,0
BRDA:352,4,0,0
BRDA:352,4,1,0
BRDA:370,5,0,0
BRDA:370,5,1,0
BRF:11
BRH:0
end_of_record
TN:
SF:src/comfyui/user-flow-visualizer.ts
FN:129,(anonymous_0)
FN:137,(anonymous_1)
FN:150,(anonymous_2)
FN:163,(anonymous_3)
FN:179,(anonymous_4)
FN:182,(anonymous_5)
FN:183,(anonymous_6)
FN:188,(anonymous_7)
FN:215,(anonymous_8)
FN:242,(anonymous_9)
FN:274,(anonymous_10)
FN:312,(anonymous_11)
FN:343,(anonymous_12)
FN:368,(anonymous_13)
FN:372,(anonymous_14)
FNF:15
FNH:0
FNDA:0,(anonymous_0)
FNDA:0,(anonymous_1)
FNDA:0,(anonymous_2)
FNDA:0,(anonymous_3)
FNDA:0,(anonymous_4)
FNDA:0,(anonymous_5)
FNDA:0,(anonymous_6)
FNDA:0,(anonymous_7)
FNDA:0,(anonymous_8)
FNDA:0,(anonymous_9)
FNDA:0,(anonymous_10)
FNDA:0,(anonymous_11)
FNDA:0,(anonymous_12)
FNDA:0,(anonymous_13)
FNDA:0,(anonymous_14)
DA:102,1
DA:113,1
DA:130,0
DA:131,0
DA:141,0
DA:143,0
DA:148,0
DA:150,0
DA:151,0
DA:155,0
DA:163,0
DA:165,0
DA:170,0
DA:179,0
DA:182,0
DA:183,0
DA:188,0
DA:193,0
DA:195,0
DA:197,0
DA:220,0
DA:221,0
DA:223,0
DA:224,0
DA:225,0
DA:226,0
DA:228,0
DA:229,0
DA:232,0
DA:233,0
DA:236,0
DA:246,0
DA:248,0
DA:249,0
DA:254,0
DA:255,0
DA:260,0
DA:261,0
DA:264,0
DA:265,0
DA:268,0
DA:287,0
DA:289,0
DA:290,0
DA:291,0
DA:298,0
DA:309,0
DA:311,0
DA:312,0
DA:314,0
DA:320,0
DA:328,0
DA:337,0
DA:346,0
DA:352,0
DA:362,0
DA:369,0
DA:370,0
DA:372,0
DA:373,0
DA:374,0
DA:376,0
DA:377,0
DA:379,0
DA:380,0
DA:384,0
DA:385,0
DA:387,0
LF:68
LH:2
BRDA:139,0,0,0
BRDA:165,1,0,0
BRDA:165,1,1,0
BRDA:173,2,0,0
BRDA:173,2,1,0
BRDA:175,3,0,0
BRDA:175,3,1,0
BRDA:202,4,0,0
BRDA:202,4,1,0
BRDA:228,5,0,0
BRDA:228,5,1,0
BRDA:232,6,0,0
BRDA:232,6,1,0
BRDA:248,7,0,0
BRDA:248,7,1,0
BRDA:249,8,0,0
BRDA:249,8,1,0
BRDA:254,9,0,0
BRDA:254,9,1,0
BRDA:254,10,0,0
BRDA:254,10,1,0
BRDA:255,11,0,0
BRDA:255,11,1,0
BRDA:260,12,0,0
BRDA:260,12,1,0
BRDA:264,13,0,0
BRDA:264,13,1,0
BRDA:311,14,0,0
BRDA:311,14,1,0
BRDA:332,15,0,0
BRDA:332,15,1,0
BRDA:354,16,0,0
BRDA:354,16,1,0
BRDA:376,17,0,0
BRDA:376,17,1,0
BRF:35
BRH:0
end_of_record
TN:
SF:src/comfyui/video-generation-skill.ts
FN:95,(anonymous_0)
FN:98,(anonymous_1)
FN:104,(anonymous_2)
FN:111,(anonymous_3)
FN:118,(anonymous_4)
FN:125,(anonymous_5)
FN:126,(anonymous_6)
FN:148,(anonymous_7)
FN:158,(anonymous_8)
FN:181,(anonymous_9)
FN:193,(anonymous_10)
FN:244,(anonymous_11)
FN:261,(anonymous_12)
FN:262,(anonymous_13)
FN:268,(anonymous_14)
FN:283,(anonymous_15)
FN:305,(anonymous_16)
FN:314,(anonymous_17)
FN:315,(anonymous_18)
FN:316,(anonymous_19)
FN:319,(anonymous_20)
FN:337,(anonymous_21)
FN:348,(anonymous_22)
FNF:23
FNH:0
FNDA:0,(anonymous_0)
FNDA:0,(anonymous_1)
FNDA:0,(anonymous_2)
FNDA:0,(anonymous_3)
FNDA:0,(anonymous_4)
FNDA:0,(anonymous_5)
FNDA:0,(anonymous_6)
FNDA:0,(anonymous_7)
FNDA:0,(anonymous_8)
FNDA:0,(anonymous_9)
FNDA:0,(anonymous_10)
FNDA:0,(anonymous_11)
FNDA:0,(anonymous_12)
FNDA:0,(anonymous_13)
FNDA:0,(anonymous_14)
FNDA:0,(anonymous_15)
FNDA:0,(anonymous_16)
FNDA:0,(anonymous_17)
FNDA:0,(anonymous_18)
FNDA:0,(anonymous_19)
FNDA:0,(anonymous_20)
FNDA:0,(anonymous_21)
FNDA:0,(anonymous_22)
DA:90,0
DA:96,0
DA:98,0
DA:105,0
DA:112,0
DA:119,0
DA:126,0
DA:127,0
DA:128,0
DA:129,0
DA:131,0
DA:142,0
DA:143,0
DA:144,0
DA:145,0
DA:146,0
DA:152,0
DA:160,0
DA:161,0
DA:165,0
DA:166,0
DA:170,0
DA:173,0
DA:175,0
DA:182,0
DA:183,0
DA:184,0
DA:185,0
DA:194,0
DA:195,0
DA:197,0
DA:199,0
DA:202,0
DA:211,0
DA:212,0
DA:214,0
DA:215,0
DA:216,0
DA:220,0
DA:223,0
DA:225,0
DA:232,0
DA:233,0
DA:235,0
DA:237,0
DA:246,0
DA:255,0
DA:262,0
DA:273,0
DA:285,0
DA:286,0
DA:287,0
DA:291,0
DA:292,0
DA:293,0
DA:294,0
DA:295,0
DA:296,0
DA:299,0
DA:313,0
DA:314,0
DA:315,0
DA:316,0
DA:318,0
DA:319,0
DA:322,0
DA:324,0
DA:342,0
DA:349,0
DA:350,0
LF:70
LH:0
BRDA:98,0,0,0
BRDA:98,0,1,0
BRDA:127,1,0,0
BRDA:127,1,1,0
BRDA:149,2,0,0
BRDA:150,3,0,0
BRDA:160,4,0,0
BRDA:160,4,1,0
BRDA:160,5,0,0
BRDA:160,5,1,0
BRDA:160,5,2,0
BRDA:165,6,0,0
BRDA:165,6,1,0
BRDA:165,7,0,0
BRDA:165,7,1,0
BRDA:182,8,0,0
BRDA:182,8,1,0
BRDA:184,9,0,0
BRDA:184,9,1,0
BRDA:204,10,0,0
BRDA:204,10,1,0
BRDA:211,11,0,0
BRDA:211,11,1,0
BRDA:211,12,0,0
BRDA:211,12,1,0
BRDA:228,13,0,0
BRDA:228,13,1,0
BRDA:247,14,0,0
BRDA:247,14,1,0
BRDA:286,15,0,0
BRDA:286,15,1,0
BRDA:292,16,0,0
BRDA:292,16,1,0
BRDA:318,17,0,0
BRDA:318,17,1,0
BRDA:322,18,0,0
BRDA:322,18,1,0
BRDA:348,19,0,0
BRDA:349,20,0,0
BRDA:349,20,1,0
BRF:40
BRH:0
end_of_record
TN:
SF:src/comfyui/video-quality-guard.ts
FN:142,(anonymous_0)
FN:153,(anonymous_1)
FN:171,(anonymous_2)
FN:188,(anonymous_3)
FN:206,(anonymous_4)
FN:224,(anonymous_5)
FN:243,(anonymous_6)
FN:264,(anonymous_7)
FN:281,(anonymous_8)
FN:288,(anonymous_9)
FN:289,(anonymous_10)
FN:290,(anonymous_11)
FN:291,(anonymous_12)
FN:292,(anonymous_13)
FN:293,(anonymous_14)
FN:294,(anonymous_15)
FN:304,(anonymous_16)
FN:309,(anonymous_17)
FN:310,(anonymous_18)
FN:334,(anonymous_19)
FN:334,(anonymous_20)
FN:373,(anonymous_21)
FN:392,(anonymous_22)
FN:396,(anonymous_23)
FN:396,(anonymous_24)
FN:419,(anonymous_25)
FN:434,(anonymous_26)
FN:442,(anonymous_27)
FNF:28
FNH:0
FNDA:0,(anonymous_0)
FNDA:0,(anonymous_1)
FNDA:0,(anonymous_2)
FNDA:0,(anonymous_3)
FNDA:0,(anonymous_4)
FNDA:0,(anonymous_5)
FNDA:0,(anonymous_6)
FNDA:0,(anonymous_7)
FNDA:0,(anonymous_8)
FNDA:0,(anonymous_9)
FNDA:0,(anonymous_10)
FNDA:0,(anonymous_11)
FNDA:0,(anonymous_12)
FNDA:0,(anonymous_13)
FNDA:0,(anonymous_14)
FNDA:0,(anonymous_15)
FNDA:0,(anonymous_16)
FNDA:0,(anonymous_17)
FNDA:0,(anonymous_18)
FNDA:0,(anonymous_19)
FNDA:0,(anonymous_20)
FNDA:0,(anonymous_21)
FNDA:0,(anonymous_22)
FNDA:0,(anonymous_23)
FNDA:0,(anonymous_24)
FNDA:0,(anonymous_25)
FNDA:0,(anonymous_26)
FNDA:0,(anonymous_27)
DA:100,1
DA:117,1
DA:139,0
DA:140,0
DA:146,0
DA:147,0
DA:154,0
DA:155,0
DA:156,0
DA:158,0
DA:172,0
DA:173,0
DA:175,0
DA:189,0
DA:190,0
DA:191,0
DA:193,0
DA:208,0
DA:209,0
DA:211,0
DA:227,0
DA:228,0
DA:230,0
DA:244,0
DA:245,0
DA:247,0
DA:266,0
DA:268,0
DA:282,0
DA:283,0
DA:285,0
DA:287,0
DA:288,0
DA:289,0
DA:290,0
DA:291,0
DA:292,0
DA:293,0
DA:294,0
DA:297,0
DA:298,0
DA:299,0
DA:304,0
DA:305,0
DA:309,0
DA:310,0
DA:311,0
DA:314,0
DA:317,0
DA:318,0
DA:319,0
DA:320,0
DA:321,0
DA:322,0
DA:324,0
DA:329,0
DA:330,0
DA:331,0
DA:334,0
DA:337,0
DA:340,0
DA:351,0
DA:352,0
DA:355,0
DA:357,0
DA:374,0
DA:375,0
DA:378,0
DA:380,0
DA:393,0
DA:394,0
DA:395,0
DA:396,0
DA:398,0
DA:400,0
DA:401,0
DA:405,0
DA:406,0
DA:410,0
DA:411,0
DA:424,0
DA:435,0
DA:436,0
DA:443,0
LF:84
LH:2
BRDA:143,0,0,0
BRDA:144,1,0,0
BRDA:155,2,0,0
BRDA:155,2,1,0
BRDA:162,3,0,0
BRDA:162,3,1,0
BRDA:172,4,0,0
BRDA:172,4,1,0
BRDA:173,5,0,0
BRDA:173,5,1,0
BRDA:179,6,0,0
BRDA:179,6,1,0
BRDA:190,7,0,0
BRDA:190,7,1,0
BRDA:197,8,0,0
BRDA:197,8,1,0
BRDA:208,9,0,0
BRDA:208,9,1,0
BRDA:227,10,0,0
BRDA:227,10,1,0
BRDA:234,11,0,0
BRDA:234,11,1,0
BRDA:236,12,0,0
BRDA:236,12,1,0
BRDA:236,13,0,0
BRDA:236,13,1,0
BRDA:244,14,0,0
BRDA:244,14,1,0
BRDA:245,15,0,0
BRDA:245,15,1,0
BRDA:251,16,0,0
BRDA:251,16,1,0
BRDA:253,17,0,0
BRDA:253,17,1,0
BRDA:272,18,0,0
BRDA:272,18,1,0
BRDA:298,19,0,0
BRDA:298,19,1,0
BRDA:305,20,0,0
BRDA:305,20,1,0
BRDA:311,21,0,0
BRDA:311,21,1,0
BRDA:314,22,0,0
BRDA:314,22,1,0
BRDA:318,23,0,0
BRDA:318,23,1,0
BRDA:319,24,0,0
BRDA:319,24,1,0
BRDA:319,25,0,0
BRDA:319,25,1,0
BRDA:321,26,0,0
BRDA:321,26,1,0
BRDA:329,27,0,0
BRDA:329,27,1,0
BRDA:341,28,0,0
BRDA:341,28,1,0
BRDA:351,29,0,0
BRDA:351,29,1,0
BRDA:358,30,0,0
BRDA:358,30,1,0
BRDA:365,31,0,0
BRDA:365,31,1,0
BRDA:374,32,0,0
BRDA:374,32,1,0
BRDA:381,33,0,0
BRDA:381,33,1,0
BRDA:381,33,2,0
BRDA:400,34,0,0
BRDA:400,34,1,0
BRDA:405,35,0,0
BRDA:405,35,1,0
BRDA:410,36,0,0
BRDA:410,36,1,0
BRF:73
BRH:0
end_of_record
TN:
SF:src/core/core-synthesizer.ts
FN:40,(anonymous_0)
FN:60,(anonymous_1)
FN:75,(anonymous_2)
FN:80,(anonymous_3)
FN:85,(anonymous_4)
FN:90,createDefaultVetoEnforcer
FN:102,(anonymous_6)
FN:107,(anonymous_7)
FN:114,(anonymous_8)
FN:120,createSafeOptimizer
FN:128,resolveOwnershipConflict
FN:147,generateConflictReport
FN:150,(anonymous_12)
FN:151,(anonymous_13)
FN:152,(anonymous_14)
FN:152,(anonymous_15)
FNF:16
FNH:0
FNDA:0,(anonymous_0)
FNDA:0,(anonymous_1)
FNDA:0,(anonymous_2)
FNDA:0,(anonymous_3)
FNDA:0,(anonymous_4)
FNDA:0,createDefaultVetoEnforcer
FNDA:0,(anonymous_6)
FNDA:0,(anonymous_7)
FNDA:0,(anonymous_8)
FNDA:0,createSafeOptimizer
FNDA:0,resolveOwnershipConflict
FNDA:0,generateConflictReport
FNDA:0,(anonymous_12)
FNDA:0,(anonymous_13)
FNDA:0,(anonymous_14)
FNDA:0,(anonymous_15)
DA:38,0
DA:41,0
DA:43,0
DA:44,0
DA:45,0
DA:46,0
DA:47,0
DA:50,0
DA:51,0
DA:57,0
DA:61,0
DA:63,0
DA:64,0
DA:65,0
DA:68,0
DA:72,0
DA:75,0
DA:80,0
DA:85,0
DA:91,0
DA:103,0
DA:104,0
DA:108,0
DA:110,0
DA:111,0
DA:116,0
DA:121,0
DA:130,0
DA:131,0
DA:137,0
DA:138,0
DA:144,0
DA:148,0
DA:150,0
DA:151,0
DA:152,0
LF:36
LH:0
BRDA:41,0,0,0
BRDA:41,0,1,0
BRDA:43,1,0,0
BRDA:43,1,1,0
BRDA:45,2,0,0
BRDA:45,2,1,0
BRDA:46,3,0,0
BRDA:46,3,1,0
BRDA:50,4,0,0
BRDA:50,4,1,0
BRDA:61,5,0,0
BRDA:61,5,1,0
BRDA:64,6,0,0
BRDA:64,6,1,0
BRDA:75,7,0,0
BRDA:75,7,1,0
BRDA:80,8,0,0
BRDA:80,8,1,0
BRDA:103,9,0,0
BRDA:103,9,1,0
BRDA:104,10,0,0
BRDA:104,10,1,0
BRDA:108,11,0,0
BRDA:108,11,1,0
BRDA:110,12,0,0
BRDA:110,12,1,0
BRDA:130,13,0,0
BRDA:130,13,1,0
BRDA:137,14,0,0
BRDA:137,14,1,0
BRF:30
BRH:0
end_of_record
TN:
SF:src/core/skill.ts
FN:14,(anonymous_0)
FNF:1
FNH:0
FNDA:0,(anonymous_0)
DA:14,0
LF:1
LH:0
BRF:0
BRH:0
end_of_record
TN:
SF:src/core/strategy-config.ts
FNF:0
FNH:0
LF:0
LH:0
BRF:0
BRH:0
end_of_record
TN:
SF:src/core/synthesizer/index.ts
FNF:0
FNH:0
LF:0
LH:0
BRF:0
BRH:0
end_of_record
TN:
SF:src/design/design-harness.ts
FN:42,(anonymous_0)
FN:56,(anonymous_1)
FN:82,(anonymous_2)
FN:107,(anonymous_3)
FN:127,(anonymous_4)
FN:136,(anonymous_5)
FN:145,(anonymous_6)
FN:154,(anonymous_7)
FN:164,(anonymous_8)
FN:179,(anonymous_9)
FN:196,(anonymous_10)
FN:217,getDesignHarness
FNF:12
FNH:0
FNDA:0,(anonymous_0)
FNDA:0,(anonymous_1)
FNDA:0,(anonymous_2)
FNDA:0,(anonymous_3)
FNDA:0,(anonymous_4)
FNDA:0,(anonymous_5)
FNDA:0,(anonymous_6)
FNDA:0,(anonymous_7)
FNDA:0,(anonymous_8)
FNDA:0,(anonymous_9)
FNDA:0,(anonymous_10)
FNDA:0,getDesignHarness
DA:43,0
DA:44,0
DA:57,0
DA:58,0
DA:60,0
DA:67,0
DA:83,0
DA:84,0
DA:90,0
DA:91,0
DA:94,0
DA:96,0
DA:97,0
DA:108,0
DA:110,0
DA:111,0
DA:114,0
DA:116,0
DA:128,0
DA:137,0
DA:146,0
DA:155,0
DA:165,0
DA:170,0
DA:180,0
DA:181,0
DA:183,0
DA:185,0
DA:186,0
DA:192,0
DA:196,0
DA:197,0
DA:199,0
DA:208,0
DA:215,0
DA:218,0
DA:219,0
DA:221,0
LF:38
LH:0
BRDA:44,0,0,0
BRDA:44,0,1,0
BRDA:71,1,0,0
BRDA:71,1,1,0
BRDA:90,2,0,0
BRDA:90,2,1,0
BRDA:110,3,0,0
BRDA:110,3,1,0
BRDA:118,4,0,0
BRDA:118,4,1,0
BRDA:185,5,0,0
BRDA:185,5,1,0
BRDA:196,6,0,0
BRDA:196,6,1,0
BRDA:218,7,0,0
BRDA:218,7,1,0
BRF:16
BRH:0
end_of_record
TN:
SF:src/design/design-system-config.ts
FN:49,(anonymous_0)
FN:58,(anonymous_1)
FN:68,(anonymous_2)
FN:84,(anonymous_3)
FN:97,(anonymous_4)
FN:117,(anonymous_5)
FN:119,(anonymous_6)
FN:133,(anonymous_7)
FN:144,(anonymous_8)
FN:186,(anonymous_9)
FN:207,(anonymous_10)
FN:220,(anonymous_11)
FN:235,(anonymous_12)
FN:242,(anonymous_13)
FN:249,(anonymous_14)
FN:256,(anonymous_15)
FNF:16
FNH:1
FNDA:0,(anonymous_0)
FNDA:1,(anonymous_1)
FNDA:0,(anonymous_2)
FNDA:0,(anonymous_3)
FNDA:0,(anonymous_4)
FNDA:0,(anonymous_5)
FNDA:0,(anonymous_6)
FNDA:0,(anonymous_7)
FNDA:0,(anonymous_8)
FNDA:0,(anonymous_9)
FNDA:0,(anonymous_10)
FNDA:0,(anonymous_11)
FNDA:0,(anonymous_12)
FNDA:0,(anonymous_13)
FNDA:0,(anonymous_14)
FNDA:0,(anonymous_15)
DA:44,0
DA:46,0
DA:47,0
DA:50,0
DA:54,0
DA:55,0
DA:59,0
DA:60,0
DA:62,0
DA:69,0
DA:70,0
DA:71,0
DA:72,0
DA:73,0
DA:75,0
DA:77,0
DA:85,0
DA:86,0
DA:87,0
DA:89,0
DA:90,0
DA:98,0
DA:118,0
DA:119,0
DA:120,0
DA:121,0
DA:124,0
DA:126,0
DA:134,0
DA:135,0
DA:136,0
DA:137,0
DA:146,0
DA:147,0
DA:148,0
DA:149,0
DA:158,0
DA:159,0
DA:160,0
DA:162,0
DA:163,0
DA:165,0
DA:175,0
DA:187,0
DA:195,0
DA:196,0
DA:197,0
DA:198,0
DA:201,0
DA:208,0
DA:209,0
DA:210,0
DA:211,0
DA:214,0
DA:221,0
DA:222,0
DA:223,0
DA:224,0
DA:225,0
DA:229,0
DA:236,0
DA:243,0
DA:250,0
DA:257,0
DA:258,0
DA:259,0
LF:66
LH:0
BRDA:50,0,0,0
BRDA:50,0,1,0
BRDA:59,1,0,0
BRDA:59,1,1,0
BRDA:120,2,0,0
BRDA:120,2,1,0
BRDA:135,3,0,0
BRDA:135,3,1,0
BRDA:147,4,0,0
BRDA:147,4,1,0
BRDA:150,5,0,0
BRDA:150,5,1,0
BRDA:153,6,0,0
BRDA:153,6,1,0
BRDA:158,7,0,0
BRDA:158,7,1,0
BRDA:160,8,0,0
BRDA:160,8,1,0
BRDA:162,9,0,0
BRDA:162,9,1,0
BRDA:176,10,0,0
BRDA:176,10,1,0
BRDA:179,11,0,0
BRDA:179,11,1,0
BRDA:197,12,0,0
BRDA:197,12,1,0
BRDA:209,13,0,0
BRDA:209,13,1,0
BRDA:210,14,0,0
BRDA:210,14,1,0
BRDA:221,15,0,0
BRDA:221,15,1,0
BRDA:222,16,0,0
BRDA:222,16,1,0
BRDA:224,17,0,0
BRDA:224,17,1,0
BRDA:236,18,0,0
BRDA:236,18,1,0
BRDA:243,19,0,0
BRDA:243,19,1,0
BRDA:250,20,0,0
BRDA:250,20,1,0
BRDA:257,21,0,0
BRDA:257,21,1,0
BRF:44
BRH:0
end_of_record
TN:
SF:src/design/index.ts
FNF:0
FNH:0
LF:0
LH:0
BRF:0
BRH:0
end_of_record
TN:
SF:src/harness/agent-router.ts
FN:100,(anonymous_0)
FN:109,(anonymous_1)
FN:117,(anonymous_2)
FN:127,(anonymous_3)
FN:138,(anonymous_4)
FN:144,(anonymous_5)
FN:147,(anonymous_6)
FN:170,(anonymous_7)
FN:181,(anonymous_8)
FN:209,(anonymous_9)
FN:237,(anonymous_10)
FN:242,(anonymous_11)
FN:252,(anonymous_12)
FN:263,(anonymous_13)
FN:269,(anonymous_14)
FN:277,(anonymous_15)
FN:288,(anonymous_16)
FN:300,(anonymous_17)
FN:304,(anonymous_18)
FN:318,(anonymous_19)
FN:331,(anonymous_20)
FN:376,(anonymous_21)
FN:383,(anonymous_22)
FN:396,(anonymous_23)
FN:410,(anonymous_24)
FN:413,(anonymous_25)
FN:426,(anonymous_26)
FN:431,(anonymous_27)
FN:442,(anonymous_28)
FN:460,(anonymous_29)
FN:471,(anonymous_30)
FN:479,(anonymous_31)
FN:493,(anonymous_32)
FN:500,(anonymous_33)
FN:502,(anonymous_34)
FN:510,(anonymous_35)
FN:525,createAgentRouter
FNF:37
FNH:1
FNDA:14,(anonymous_0)
FNDA:0,(anonymous_1)
FNDA:0,(anonymous_2)
FNDA:0,(anonymous_3)
FNDA:0,(anonymous_4)
FNDA:0,(anonymous_5)
FNDA:0,(anonymous_6)
FNDA:0,(anonymous_7)
FNDA:0,(anonymous_8)
FNDA:0,(anonymous_9)
FNDA:0,(anonymous_10)
FNDA:0,(anonymous_11)
FNDA:0,(anonymous_12)
FNDA:0,(anonymous_13)
FNDA:0,(anonymous_14)
FNDA:0,(anonymous_15)
FNDA:0,(anonymous_16)
FNDA:0,(anonymous_17)
FNDA:0,(anonymous_18)
FNDA:0,(anonymous_19)
FNDA:0,(anonymous_20)
FNDA:0,(anonymous_21)
FNDA:0,(anonymous_22)
FNDA:0,(anonymous_23)
FNDA:0,(anonymous_24)
FNDA:0,(anonymous_25)
FNDA:0,(anonymous_26)
FNDA:0,(anonymous_27)
FNDA:0,(anonymous_28)
FNDA:0,(anonymous_29)
FNDA:0,(anonymous_30)
FNDA:0,(anonymous_31)
FNDA:0,(anonymous_32)
FNDA:0,(anonymous_33)
FNDA:0,(anonymous_34)
FNDA:0,(anonymous_35)
FNDA:0,createAgentRouter
DA:12,2
DA:98,14
DA:101,14
DA:102,14
DA:103,14
DA:110,0
DA:111,0
DA:118,0
DA:119,0
DA:120,0
DA:128,0
DA:131,0
DA:133,0
DA:134,0
DA:138,0
DA:144,0
DA:146,0
DA:147,0
DA:149,0
DA:152,0
DA:162,0
DA:164,0
DA:171,0
DA:173,0
DA:175,0
DA:176,0
DA:180,0
DA:181,0
DA:182,0
DA:184,0
DA:185,0
DA:190,0
DA:191,0
DA:195,0
DA:196,0
DA:197,0
DA:200,0
DA:203,0
DA:210,0
DA:213,0
DA:214,0
DA:217,0
DA:218,0
DA:221,0
DA:224,0
DA:225,0
DA:228,0
DA:229,0
DA:231,0
DA:238,0
DA:239,0
DA:242,0
DA:243,0
DA:246,0
DA:253,0
DA:262,0
DA:263,0
DA:271,0
DA:279,0
DA:282,0
DA:290,0
DA:301,0
DA:304,0
DA:307,0
DA:308,0
DA:310,0
DA:312,0
DA:321,0
DA:332,0
DA:334,0
DA:336,0
DA:337,0
DA:338,0
DA:339,0
DA:342,0
DA:343,0
DA:352,0
DA:353,0
DA:363,0
DA:365,0
DA:378,0
DA:379,0
DA:380,0
DA:383,0
DA:384,0
DA:385,0
DA:386,0
DA:390,0
DA:398,0
DA:399,0
DA:401,0
DA:402,0
DA:404,0
DA:411,0
DA:413,0
DA:414,0
DA:417,0
DA:418,0
DA:419,0
DA:420,0
DA:427,0
DA:428,0
DA:431,0
DA:432,0
DA:443,0
DA:451,0
DA:452,0
DA:454,0
DA:461,0
DA:462,0
DA:463,0
DA:464,0
DA:472,0
DA:473,0
DA:480,0
DA:481,0
DA:482,0
DA:494,0
DA:496,0
DA:500,0
DA:502,0
DA:511,0
DA:512,0
DA:513,0
DA:515,0
DA:516,0
DA:526,0
LF:127
LH:5
BRDA:119,0,0,0
BRDA:119,0,1,0
BRDA:133,1,0,0
BRDA:133,1,1,0
BRDA:175,2,0,0
BRDA:175,2,1,0
BRDA:180,3,0,0
BRDA:180,3,1,0
BRDA:184,4,0,0
BRDA:184,4,1,0
BRDA:190,5,0,0
BRDA:190,5,1,0
BRDA:196,6,0,0
BRDA:196,6,1,0
BRDA:238,7,0,0
BRDA:238,7,1,0
BRDA:238,8,0,0
BRDA:238,8,1,0
BRDA:262,9,0,0
BRDA:262,9,1,0
BRDA:300,10,0,0
BRDA:342,11,0,0
BRDA:342,11,1,0
BRDA:352,12,0,0
BRDA:352,12,1,0
BRDA:378,13,0,0
BRDA:378,13,1,0
BRDA:378,14,0,0
BRDA:378,14,1,0
BRDA:385,15,0,0
BRDA:385,15,1,0
BRDA:398,16,0,0
BRDA:398,16,1,0
BRDA:399,17,0,0
BRDA:399,17,1,0
BRDA:401,18,0,0
BRDA:401,18,1,0
BRDA:401,19,0,0
BRDA:401,19,1,0
BRDA:401,19,2,0
BRDA:411,20,0,0
BRDA:411,20,1,0
BRDA:414,21,0,0
BRDA:414,21,1,0
BRDA:417,22,0,0
BRDA:417,22,1,0
BRDA:418,23,0,0
BRDA:418,23,1,0
BRDA:419,24,0,0
BRDA:419,24,1,0
BRDA:427,25,0,0
BRDA:427,25,1,0
BRDA:462,26,0,0
BRDA:462,26,1,0
BRDA:473,27,0,0
BRDA:473,27,1,0
BRDA:481,28,0,0
BRDA:481,28,1,0
BRDA:499,29,0,0
BRDA:499,29,1,0
BRDA:511,30,0,0
BRDA:511,30,1,0
BRF:62
BRH:0
end_of_record
TN:
SF:src/harness/code-generation-enhanced.ts
FN:111,(anonymous_0)
FN:119,(anonymous_1)
FN:163,(anonymous_2)
FN:225,(anonymous_3)
FN:266,(anonymous_4)
FN:283,(anonymous_5)
FN:292,(anonymous_6)
FN:327,(anonymous_7)
FN:347,(anonymous_8)
FN:373,(anonymous_9)
FN:394,(anonymous_10)
FN:437,(anonymous_11)
FN:465,(anonymous_12)
FN:489,(anonymous_13)
FN:504,(anonymous_14)
FN:533,(anonymous_15)
FN:562,(anonymous_16)
FN:581,(anonymous_17)
FN:600,(anonymous_18)
FN:623,(anonymous_19)
FN:625,(anonymous_20)
FN:641,(anonymous_21)
FN:644,(anonymous_22)
FN:645,(anonymous_23)
FN:665,(anonymous_24)
FN:680,(anonymous_25)
FN:687,(anonymous_26)
FN:694,(anonymous_27)
FN:703,createCodeGenerationEnhanced
FNF:29
FNH:0
FNDA:0,(anonymous_0)
FNDA:0,(anonymous_1)
FNDA:0,(anonymous_2)
FNDA:0,(anonymous_3)
FNDA:0,(anonymous_4)
FNDA:0,(anonymous_5)
FNDA:0,(anonymous_6)
FNDA:0,(anonymous_7)
FNDA:0,(anonymous_8)
FNDA:0,(anonymous_9)
FNDA:0,(anonymous_10)
FNDA:0,(anonymous_11)
FNDA:0,(anonymous_12)
FNDA:0,(anonymous_13)
FNDA:0,(anonymous_14)
FNDA:0,(anonymous_15)
FNDA:0,(anonymous_16)
FNDA:0,(anonymous_17)
FNDA:0,(anonymous_18)
FNDA:0,(anonymous_19)
FNDA:0,(anonymous_20)
FNDA:0,(anonymous_21)
FNDA:0,(anonymous_22)
FNDA:0,(anonymous_23)
FNDA:0,(anonymous_24)
FNDA:0,(anonymous_25)
FNDA:0,(anonymous_26)
FNDA:0,(anonymous_27)
FNDA:0,createCodeGenerationEnhanced
DA:12,1
DA:108,0
DA:109,0
DA:112,0
DA:113,0
DA:124,0
DA:131,0
DA:134,0
DA:137,0
DA:138,0
DA:139,0
DA:143,0
DA:146,0
DA:148,0
DA:155,0
DA:157,0
DA:164,0
DA:166,0
DA:167,0
DA:168,0
DA:169,0
DA:172,0
DA:173,0
DA:174,0
DA:175,0
DA:177,0
DA:180,0
DA:181,0
DA:182,0
DA:185,0
DA:186,0
DA:187,0
DA:188,0
DA:189,0
DA:190,0
DA:192,0
DA:196,0
DA:197,0
DA:198,0
DA:199,0
DA:200,0
DA:204,0
DA:205,0
DA:206,0
DA:207,0
DA:208,0
DA:209,0
DA:210,0
DA:214,0
DA:217,0
DA:219,0
DA:226,0
DA:228,0
DA:231,0
DA:234,0
DA:237,0
DA:240,0
DA:243,0
DA:246,0
DA:249,0
DA:251,0
DA:258,0
DA:260,0
DA:267,0
DA:269,0
DA:271,0
DA:273,0
DA:283,0
DA:292,0
DA:293,0
DA:294,0
DA:314,0
DA:316,0
DA:328,0
DA:330,0
DA:331,0
DA:333,0
DA:334,0
DA:337,0
DA:349,0
DA:356,0
DA:374,0
DA:377,0
DA:380,0
DA:381,0
DA:388,0
DA:398,0
DA:401,0
DA:411,0
DA:412,0
DA:421,0
DA:431,0
DA:438,0
DA:440,0
DA:442,0
DA:443,0
DA:444,0
DA:445,0
DA:448,0
DA:450,0
DA:451,0
DA:452,0
DA:453,0
DA:454,0
DA:457,0
DA:459,0
DA:466,0
DA:467,0
DA:469,0
DA:471,0
DA:472,0
DA:473,0
DA:474,0
DA:475,0
DA:476,0
DA:477,0
DA:478,0
DA:481,0
DA:483,0
DA:490,0
DA:491,0
DA:494,0
DA:495,0
DA:496,0
DA:498,0
DA:505,0
DA:508,0
DA:509,0
DA:518,0
DA:519,0
DA:527,0
DA:534,0
DA:537,0
DA:538,0
DA:547,0
DA:548,0
DA:556,0
DA:563,0
DA:566,0
DA:567,0
DA:575,0
DA:582,0
DA:585,0
DA:586,0
DA:594,0
DA:601,0
DA:604,0
DA:605,0
DA:606,0
DA:607,0
DA:608,0
DA:617,0
DA:624,0
DA:625,0
DA:626,0
DA:627,0
DA:628,0
DA:629,0
DA:630,0
DA:631,0
DA:635,0
DA:642,0
DA:644,0
DA:645,0
DA:647,0
DA:648,0
DA:651,0
DA:652,0
DA:655,0
DA:656,0
DA:659,0
DA:666,0
DA:667,0
DA:668,0
DA:669,0
DA:670,0
DA:671,0
DA:673,0
DA:681,0
DA:688,0
DA:695,0
DA:704,0
LF:182
LH:1
BRDA:185,0,0,0
BRDA:185,0,1,0
BRDA:185,1,0,0
BRDA:185,1,1,0
BRDA:190,2,0,0
BRDA:190,2,1,0
BRDA:190,3,0,0
BRDA:190,3,1,0
BRDA:196,4,0,0
BRDA:196,4,1,0
BRDA:207,5,0,0
BRDA:207,5,1,0
BRDA:280,6,0,0
BRDA:280,6,1,0
BRDA:283,7,0,0
BRDA:283,7,1,0
BRDA:283,8,0,0
BRDA:283,8,1,0
BRDA:293,9,0,0
BRDA:293,9,1,0
BRDA:411,10,0,0
BRDA:411,10,1,0
BRDA:442,11,0,0
BRDA:442,11,1,0
BRDA:444,12,0,0
BRDA:444,12,1,0
BRDA:491,13,0,0
BRDA:491,13,1,0
BRDA:508,14,0,0
BRDA:508,14,1,0
BRDA:518,15,0,0
BRDA:518,15,1,0
BRDA:518,16,0,0
BRDA:518,16,1,0
BRDA:537,17,0,0
BRDA:537,17,1,0
BRDA:547,18,0,0
BRDA:547,18,1,0
BRDA:547,19,0,0
BRDA:547,19,1,0
BRDA:566,20,0,0
BRDA:566,20,1,0
BRDA:585,21,0,0
BRDA:585,21,1,0
BRDA:604,22,0,0
BRDA:604,22,1,0
BRDA:607,23,0,0
BRDA:607,23,1,0
BRDA:626,24,0,0
BRDA:626,24,1,0
BRDA:626,24,2,0
BRDA:626,24,3,0
BRDA:626,24,4,0
BRDA:647,25,0,0
BRDA:647,25,1,0
BRDA:651,26,0,0
BRDA:651,26,1,0
BRDA:655,27,0,0
BRDA:655,27,1,0
BRDA:666,28,0,0
BRDA:666,28,1,0
BRDA:668,29,0,0
BRDA:668,29,1,0
BRDA:670,30,0,0
BRDA:670,30,1,0
BRF:65
BRH:0
end_of_record
TN:
SF:src/harness/e2e-test-harness.ts
FN:37,(anonymous_0)
FN:45,(anonymous_1)
FN:97,(anonymous_2)
FN:129,(anonymous_3)
FN:131,(anonymous_4)
FN:132,(anonymous_5)
FN:133,(anonymous_6)
FN:137,(anonymous_7)
FN:152,(anonymous_8)
FN:162,(anonymous_9)
FN:170,(anonymous_10)
FN:179,createE2ETestHarness
FNF:12
FNH:0
FNDA:0,(anonymous_0)
FNDA:0,(anonymous_1)
FNDA:0,(anonymous_2)
FNDA:0,(anonymous_3)
FNDA:0,(anonymous_4)
FNDA:0,(anonymous_5)
FNDA:0,(anonymous_6)
FNDA:0,(anonymous_7)
FNDA:0,(anonymous_8)
FNDA:0,(anonymous_9)
FNDA:0,(anonymous_10)
FNDA:0,createE2ETestHarness
DA:13,1
DA:19,1
DA:35,0
DA:38,0
DA:39,0
DA:50,0
DA:52,0
DA:64,0
DA:66,0
DA:67,0
DA:68,0
DA:70,0
DA:71,0
DA:72,0
DA:73,0
DA:77,0
DA:78,0
DA:81,0
DA:82,0
DA:83,0
DA:86,0
DA:87,0
DA:88,0
DA:90,0
DA:91,0
DA:98,0
DA:106,0
DA:108,0
DA:116,0
DA:117,0
DA:119,0
DA:120,0
DA:123,0
DA:130,0
DA:131,0
DA:132,0
DA:133,0
DA:135,0
DA:136,0
DA:137,0
DA:140,0
DA:152,0
DA:155,0
DA:156,0
DA:163,0
DA:164,0
DA:171,0
DA:180,0
DA:190,1
LF:49
LH:3
BRDA:70,0,0,0
BRDA:70,0,1,0
BRDA:77,1,0,0
BRDA:77,1,1,0
BRDA:82,2,0,0
BRDA:82,2,1,0
BRDA:120,3,0,0
BRDA:120,3,1,0
BRDA:135,4,0,0
BRDA:135,4,1,0
BRDA:136,5,0,0
BRDA:136,5,1,0
BRDA:152,6,0,0
BRDA:152,6,1,0
BRF:14
BRH:0
end_of_record
TN:
SF:src/harness/graph-rag-visualizer.ts
FN:85,(anonymous_0)
FN:92,(anonymous_1)
FN:129,(anonymous_2)
FN:162,(anonymous_3)
FN:191,(anonymous_4)
FN:196,(anonymous_5)
FN:197,(anonymous_6)
FN:201,(anonymous_7)
FN:202,(anonymous_8)
FN:226,(anonymous_9)
FN:227,(anonymous_10)
FN:228,(anonymous_11)
FN:230,(anonymous_12)
FN:230,(anonymous_13)
FN:231,(anonymous_14)
FN:231,(anonymous_15)
FN:232,(anonymous_16)
FN:232,(anonymous_17)
FN:235,(anonymous_18)
FN:236,(anonymous_19)
FN:238,(anonymous_20)
FN:239,(anonymous_21)
FN:260,(anonymous_22)
FN:273,(anonymous_23)
FN:280,(anonymous_24)
FN:285,(anonymous_25)
FN:286,(anonymous_26)
FN:288,(anonymous_27)
FN:300,(anonymous_28)
FN:302,(anonymous_29)
FN:303,(anonymous_30)
FN:309,(anonymous_31)
FN:321,(anonymous_32)
FN:332,(anonymous_33)
FN:336,(anonymous_34)
FN:348,(anonymous_35)
FN:359,(anonymous_36)
FN:375,(anonymous_37)
FN:381,(anonymous_38)
FN:387,(anonymous_39)
FN:388,(anonymous_40)
FN:418,(anonymous_41)
FN:421,(anonymous_42)
FN:426,(anonymous_43)
FN:427,(anonymous_44)
FN:431,(anonymous_45)
FN:440,(anonymous_46)
FN:444,(anonymous_47)
FN:450,(anonymous_48)
FN:451,(anonymous_49)
FN:471,(anonymous_50)
FN:485,(anonymous_51)
FN:499,(anonymous_52)
FN:513,(anonymous_53)
FN:528,(anonymous_54)
FN:542,createGraphRAGVisualizer
FNF:56
FNH:0
FNDA:0,(anonymous_0)
FNDA:0,(anonymous_1)
FNDA:0,(anonymous_2)
FNDA:0,(anonymous_3)
FNDA:0,(anonymous_4)
FNDA:0,(anonymous_5)
FNDA:0,(anonymous_6)
FNDA:0,(anonymous_7)
FNDA:0,(anonymous_8)
FNDA:0,(anonymous_9)
FNDA:0,(anonymous_10)
FNDA:0,(anonymous_11)
FNDA:0,(anonymous_12)
FNDA:0,(anonymous_13)
FNDA:0,(anonymous_14)
FNDA:0,(anonymous_15)
FNDA:0,(anonymous_16)
FNDA:0,(anonymous_17)
FNDA:0,(anonymous_18)
FNDA:0,(anonymous_19)
FNDA:0,(anonymous_20)
FNDA:0,(anonymous_21)
FNDA:0,(anonymous_22)
FNDA:0,(anonymous_23)
FNDA:0,(anonymous_24)
FNDA:0,(anonymous_25)
FNDA:0,(anonymous_26)
FNDA:0,(anonymous_27)
FNDA:0,(anonymous_28)
FNDA:0,(anonymous_29)
FNDA:0,(anonymous_30)
FNDA:0,(anonymous_31)
FNDA:0,(anonymous_32)
FNDA:0,(anonymous_33)
FNDA:0,(anonymous_34)
FNDA:0,(anonymous_35)
FNDA:0,(anonymous_36)
FNDA:0,(anonymous_37)
FNDA:0,(anonymous_38)
FNDA:0,(anonymous_39)
FNDA:0,(anonymous_40)
FNDA:0,(anonymous_41)
FNDA:0,(anonymous_42)
FNDA:0,(anonymous_43)
FNDA:0,(anonymous_44)
FNDA:0,(anonymous_45)
FNDA:0,(anonymous_46)
FNDA:0,(anonymous_47)
FNDA:0,(anonymous_48)
FNDA:0,(anonymous_49)
FNDA:0,(anonymous_50)
FNDA:0,(anonymous_51)
FNDA:0,(anonymous_52)
FNDA:0,(anonymous_53)
FNDA:0,(anonymous_54)
FNDA:0,createGraphRAGVisualizer
DA:12,1
DA:83,0
DA:86,0
DA:97,0
DA:104,0
DA:107,0
DA:108,0
DA:109,0
DA:110,0
DA:114,0
DA:115,0
DA:116,0
DA:117,0
DA:121,0
DA:123,0
DA:130,0
DA:133,0
DA:134,0
DA:135,0
DA:136,0
DA:138,0
DA:142,0
DA:143,0
DA:144,0
DA:145,0
DA:147,0
DA:151,0
DA:152,0
DA:153,0
DA:156,0
DA:163,0
DA:165,0
DA:166,0
DA:167,0
DA:169,0
DA:170,0
DA:171,0
DA:173,0
DA:183,0
DA:185,0
DA:192,0
DA:195,0
DA:196,0
DA:197,0
DA:200,0
DA:201,0
DA:202,0
DA:205,0
DA:208,0
DA:211,0
DA:213,0
DA:227,0
DA:228,0
DA:230,0
DA:231,0
DA:232,0
DA:235,0
DA:236,0
DA:238,0
DA:239,0
DA:241,0
DA:261,0
DA:266,0
DA:267,0
DA:274,0
DA:281,0
DA:283,0
DA:285,0
DA:286,0
DA:288,0
DA:301,0
DA:302,0
DA:303,0
DA:310,0
DA:312,0
DA:313,0
DA:314,0
DA:316,0
DA:317,0
DA:318,0
DA:319,0
DA:320,0
DA:321,0
DA:326,0
DA:333,0
DA:335,0
DA:336,0
DA:337,0
DA:338,0
DA:342,0
DA:349,0
DA:350,0
DA:351,0
DA:352,0
DA:353,0
DA:360,0
DA:362,0
DA:369,0
DA:376,0
DA:377,0
DA:378,0
DA:379,0
DA:381,0
DA:382,0
DA:383,0
DA:384,0
DA:386,0
DA:387,0
DA:388,0
DA:390,0
DA:391,0
DA:392,0
DA:393,0
DA:395,0
DA:396,0
DA:397,0
DA:398,0
DA:402,0
DA:403,0
DA:406,0
DA:407,0
DA:408,0
DA:412,0
DA:419,0
DA:421,0
DA:422,0
DA:423,0
DA:425,0
DA:426,0
DA:427,0
DA:429,0
DA:431,0
DA:434,0
DA:441,0
DA:442,0
DA:444,0
DA:445,0
DA:446,0
DA:447,0
DA:449,0
DA:450,0
DA:451,0
DA:453,0
DA:454,0
DA:455,0
DA:458,0
DA:459,0
DA:464,0
DA:465,0
DA:472,0
DA:479,0
DA:486,0
DA:493,0
DA:500,0
DA:507,0
DA:514,0
DA:522,0
DA:529,0
DA:530,0
DA:532,0
DA:534,0
DA:543,0
LF:162
LH:1
BRDA:109,0,0,0
BRDA:109,0,1,0
BRDA:109,1,0,0
BRDA:109,1,1,0
BRDA:116,2,0,0
BRDA:116,2,1,0
BRDA:135,3,0,0
BRDA:135,3,1,0
BRDA:287,4,0,0
BRDA:287,4,1,0
BRDA:309,5,0,0
BRDA:313,6,0,0
BRDA:313,6,1,0
BRDA:318,7,0,0
BRDA:318,7,1,0
BRDA:318,8,0,0
BRDA:318,8,1,0
BRDA:337,9,0,0
BRDA:337,9,1,0
BRDA:349,10,0,0
BRDA:349,10,1,0
BRDA:350,11,0,0
BRDA:350,11,1,0
BRDA:350,12,0,0
BRDA:350,12,1,0
BRDA:351,13,0,0
BRDA:351,13,1,0
BRDA:351,14,0,0
BRDA:351,14,1,0
BRDA:352,15,0,0
BRDA:352,15,1,0
BRDA:369,16,0,0
BRDA:369,16,1,0
BRDA:391,17,0,0
BRDA:391,17,1,0
BRDA:393,18,0,0
BRDA:393,18,1,0
BRDA:407,19,0,0
BRDA:407,19,1,0
BRDA:422,20,0,0
BRDA:422,20,1,0
BRDA:429,21,0,0
BRDA:429,21,1,0
BRDA:445,22,0,0
BRDA:445,22,1,0
BRDA:453,23,0,0
BRDA:453,23,1,0
BRDA:454,24,0,0
BRDA:454,24,1,0
BRDA:479,25,0,0
BRDA:479,25,1,0
BRDA:493,26,0,0
BRDA:493,26,1,0
BRDA:507,27,0,0
BRDA:507,27,1,0
BRDA:529,28,0,0
BRDA:529,28,1,0
BRF:57
BRH:0
end_of_record
TN:
SF:src/harness/karpathy-external-review.ts
FN:51,(anonymous_0)
FN:61,(anonymous_1)
FN:95,(anonymous_2)
FN:107,(anonymous_3)
FN:121,(anonymous_4)
FN:139,(anonymous_5)
FN:155,(anonymous_6)
FN:213,(anonymous_7)
FN:223,(anonymous_8)
FN:234,createKarpathyExternalReview
FNF:10
FNH:0
FNDA:0,(anonymous_0)
FNDA:0,(anonymous_1)
FNDA:0,(anonymous_2)
FNDA:0,(anonymous_3)
FNDA:0,(anonymous_4)
FNDA:0,(anonymous_5)
FNDA:0,(anonymous_6)
FNDA:0,(anonymous_7)
FNDA:0,(anonymous_8)
FNDA:0,createKarpathyExternalReview
DA:20,1
DA:26,1
DA:52,0
DA:53,0
DA:54,0
DA:62,0
DA:65,0
DA:66,0
DA:68,0
DA:70,0
DA:71,0
DA:75,0
DA:76,0
DA:81,0
DA:85,0
DA:87,0
DA:88,0
DA:100,0
DA:103,0
DA:106,0
DA:107,0
DA:111,0
DA:112,0
DA:114,0
DA:115,0
DA:128,0
DA:140,0
DA:141,0
DA:143,0
DA:145,0
DA:146,0
DA:149,0
DA:163,0
DA:166,0
DA:167,0
DA:170,0
DA:178,0
DA:181,0
DA:188,0
DA:204,0
DA:206,0
DA:207,0
DA:216,0
DA:217,0
DA:226,0
DA:235,0
LF:46
LH:2
BRDA:70,0,0,0
BRDA:70,0,1,0
BRDA:70,1,0,0
BRDA:70,1,1,0
BRDA:75,2,0,0
BRDA:75,2,1,0
BRDA:75,3,0,0
BRDA:75,3,1,0
BRDA:81,4,0,0
BRDA:81,4,1,0
BRDA:85,5,0,0
BRDA:85,5,1,0
BRDA:106,6,0,0
BRDA:106,6,1,0
BRDA:112,7,0,0
BRDA:112,7,1,0
BRDA:141,8,0,0
BRDA:141,8,1,0
BRDA:143,9,0,0
BRDA:143,9,1,0
BRDA:145,10,0,0
BRDA:145,10,1,0
BRF:22
BRH:0
end_of_record
TN:
SF:src/harness/karpathy-inline-guard.ts
FN:43,(anonymous_0)
FN:53,(anonymous_1)
FN:66,(anonymous_2)
FN:79,(anonymous_3)
FN:91,(anonymous_4)
FN:146,(anonymous_5)
FN:166,(anonymous_6)
FN:175,createKarpathyInlineGuard
FNF:8
FNH:0
FNDA:0,(anonymous_0)
FNDA:0,(anonymous_1)
FNDA:0,(anonymous_2)
FNDA:0,(anonymous_3)
FNDA:0,(anonymous_4)
FNDA:0,(anonymous_5)
FNDA:0,(anonymous_6)
FNDA:0,createKarpathyInlineGuard
DA:13,1
DA:19,1
DA:44,0
DA:45,0
DA:46,0
DA:54,0
DA:55,0
DA:56,0
DA:58,0
DA:59,0
DA:67,0
DA:68,0
DA:69,0
DA:71,0
DA:72,0
DA:80,0
DA:81,0
DA:82,0
DA:84,0
DA:85,0
DA:99,0
DA:100,0
DA:101,0
DA:103,0
DA:109,0
DA:110,0
DA:111,0
DA:113,0
DA:114,0
DA:115,0
DA:116,0
DA:119,0
DA:120,0
DA:121,0
DA:122,0
DA:125,0
DA:126,0
DA:127,0
DA:128,0
DA:131,0
DA:139,0
DA:140,0
DA:151,0
DA:153,0
DA:154,0
DA:155,0
DA:157,0
DA:159,0
DA:160,0
DA:167,0
DA:176,0
LF:51
LH:2
BRDA:109,0,0,0
BRDA:109,0,1,0
BRDA:109,0,2,0
BRDA:113,1,0,0
BRDA:113,1,1,0
BRDA:119,2,0,0
BRDA:119,2,1,0
BRDA:125,3,0,0
BRDA:125,3,1,0
BRDA:155,4,0,0
BRDA:155,4,1,0
BRDA:157,5,0,0
BRDA:157,5,1,0
BRDA:157,5,2,0
BRF:14
BRH:0
end_of_record
TN:
SF:src/harness/karpathy-integration.ts
FN:27,(anonymous_0)
FN:47,(anonymous_1)
FN:125,(anonymous_2)
FN:146,(anonymous_3)
FN:167,(anonymous_4)
FN:176,createKarpathyIntegration
FNF:6
FNH:0
FNDA:0,(anonymous_0)
FNDA:0,(anonymous_1)
FNDA:0,(anonymous_2)
FNDA:0,(anonymous_3)
FNDA:0,(anonymous_4)
FNDA:0,createKarpathyIntegration
DA:16,1
DA:28,0
DA:34,0
DA:35,0
DA:36,0
DA:63,0
DA:66,0
DA:67,0
DA:77,0
DA:83,0
DA:84,0
DA:86,0
DA:108,0
DA:109,0
DA:118,0
DA:119,0
DA:133,0
DA:154,0
DA:168,0
DA:177,0
LF:20
LH:1
BRDA:83,0,0,0
BRDA:83,0,1,0
BRF:2
BRH:0
end_of_record
TN:
SF:src/harness/multimodal-parser.ts
FN:95,(anonymous_0)
FN:103,(anonymous_1)
FN:147,(anonymous_2)
FN:153,(anonymous_3)
FN:154,(anonymous_4)
FN:157,(anonymous_5)
FN:158,(anonymous_6)
FN:171,(anonymous_7)
FN:177,(anonymous_8)
FN:177,(anonymous_9)
FN:194,(anonymous_10)
FN:211,(anonymous_11)
FN:240,(anonymous_12)
FN:305,(anonymous_13)
FN:325,(anonymous_14)
FN:371,(anonymous_15)
FN:407,(anonymous_16)
FN:415,(anonymous_17)
FN:424,(anonymous_18)
FN:451,(anonymous_19)
FN:459,(anonymous_20)
FN:463,(anonymous_21)
FN:463,(anonymous_22)
FN:464,(anonymous_23)
FN:471,(anonymous_24)
FN:484,(anonymous_25)
FN:528,(anonymous_26)
FN:548,(anonymous_27)
FN:563,(anonymous_28)
FN:564,(anonymous_29)
FN:570,(anonymous_30)
FN:580,(anonymous_31)
FN:583,(anonymous_32)
FN:588,(anonymous_33)
FN:593,(anonymous_34)
FN:606,createMultimodalParser
FNF:36
FNH:0
FNDA:0,(anonymous_0)
FNDA:0,(anonymous_1)
FNDA:0,(anonymous_2)
FNDA:0,(anonymous_3)
FNDA:0,(anonymous_4)
FNDA:0,(anonymous_5)
FNDA:0,(anonymous_6)
FNDA:0,(anonymous_7)
FNDA:0,(anonymous_8)
FNDA:0,(anonymous_9)
FNDA:0,(anonymous_10)
FNDA:0,(anonymous_11)
FNDA:0,(anonymous_12)
FNDA:0,(anonymous_13)
FNDA:0,(anonymous_14)
FNDA:0,(anonymous_15)
FNDA:0,(anonymous_16)
FNDA:0,(anonymous_17)
FNDA:0,(anonymous_18)
FNDA:0,(anonymous_19)
FNDA:0,(anonymous_20)
FNDA:0,(anonymous_21)
FNDA:0,(anonymous_22)
FNDA:0,(anonymous_23)
FNDA:0,(anonymous_24)
FNDA:0,(anonymous_25)
FNDA:0,(anonymous_26)
FNDA:0,(anonymous_27)
FNDA:0,(anonymous_28)
FNDA:0,(anonymous_29)
FNDA:0,(anonymous_30)
FNDA:0,(anonymous_31)
FNDA:0,(anonymous_32)
FNDA:0,(anonymous_33)
FNDA:0,(anonymous_34)
FNDA:0,createMultimodalParser
DA:12,1
DA:92,0
DA:93,0
DA:96,0
DA:97,0
DA:108,0
DA:114,0
DA:117,0
DA:120,0
DA:124,0
DA:125,0
DA:129,0
DA:131,0
DA:139,0
DA:141,0
DA:148,0
DA:150,0
DA:153,0
DA:154,0
DA:156,0
DA:157,0
DA:158,0
DA:165,0
DA:172,0
DA:174,0
DA:177,0
DA:183,0
DA:188,0
DA:195,0
DA:198,0
DA:207,0
DA:208,0
DA:210,0
DA:211,0
DA:212,0
DA:213,0
DA:214,0
DA:219,0
DA:222,0
DA:224,0
DA:232,0
DA:234,0
DA:241,0
DA:243,0
DA:246,0
DA:247,0
DA:257,0
DA:258,0
DA:269,0
DA:270,0
DA:281,0
DA:282,0
DA:293,0
DA:294,0
DA:305,0
DA:306,0
DA:309,0
DA:311,0
DA:317,0
DA:319,0
DA:326,0
DA:328,0
DA:331,0
DA:333,0
DA:335,0
DA:349,0
DA:363,0
DA:365,0
DA:372,0
DA:374,0
DA:377,0
DA:378,0
DA:379,0
DA:380,0
DA:383,0
DA:384,0
DA:385,0
DA:386,0
DA:389,0
DA:390,0
DA:391,0
DA:392,0
DA:395,0
DA:397,0
DA:409,0
DA:417,0
DA:418,0
DA:426,0
DA:428,0
DA:429,0
DA:430,0
DA:445,0
DA:453,0
DA:460,0
DA:463,0
DA:464,0
DA:472,0
DA:475,0
DA:476,0
DA:477,0
DA:478,0
DA:485,0
DA:488,0
DA:489,0
DA:490,0
DA:492,0
DA:493,0
DA:494,0
DA:502,0
DA:503,0
DA:504,0
DA:512,0
DA:513,0
DA:514,0
DA:522,0
DA:529,0
DA:530,0
DA:532,0
DA:533,0
DA:534,0
DA:536,0
DA:537,0
DA:540,0
DA:541,0
DA:542,0
DA:550,0
DA:552,0
DA:553,0
DA:554,0
DA:555,0
DA:557,0
DA:564,0
DA:571,0
DA:572,0
DA:573,0
DA:574,0
DA:581,0
DA:583,0
DA:584,0
DA:585,0
DA:588,0
DA:589,0
DA:590,0
DA:593,0
DA:594,0
DA:595,0
DA:598,0
DA:607,0
LF:148
LH:1
BRDA:124,0,0,0
BRDA:124,0,1,0
BRDA:212,1,0,0
BRDA:212,1,1,0
BRDA:227,2,0,0
BRDA:227,2,1,0
BRDA:246,3,0,0
BRDA:246,3,1,0
BRDA:257,4,0,0
BRDA:257,4,1,0
BRDA:269,5,0,0
BRDA:269,5,1,0
BRDA:281,6,0,0
BRDA:281,6,1,0
BRDA:293,7,0,0
BRDA:293,7,1,0
BRDA:377,8,0,0
BRDA:377,8,1,0
BRDA:383,9,0,0
BRDA:383,9,1,0
BRDA:389,10,0,0
BRDA:389,10,1,0
BRDA:432,11,0,0
BRDA:432,11,1,0
BRDA:432,12,0,0
BRDA:432,12,1,0
BRDA:433,13,0,0
BRDA:433,13,1,0
BRDA:441,14,0,0
BRDA:441,14,1,0
BRDA:472,15,0,0
BRDA:472,15,1,0
BRDA:475,16,0,0
BRDA:475,16,1,0
BRDA:476,17,0,0
BRDA:476,17,1,0
BRDA:477,18,0,0
BRDA:477,18,1,0
BRDA:493,19,0,0
BRDA:493,19,1,0
BRDA:503,20,0,0
BRDA:503,20,1,0
BRDA:513,21,0,0
BRDA:513,21,1,0
BRDA:534,22,0,0
BRDA:534,22,1,0
BRDA:537,23,0,0
BRDA:537,23,1,0
BRDA:540,24,0,0
BRDA:540,24,1,0
BRDA:541,25,0,0
BRDA:541,25,1,0
BRDA:552,26,0,0
BRDA:552,26,1,0
BRDA:553,27,0,0
BRDA:553,27,1,0
BRDA:554,28,0,0
BRDA:554,28,1,0
BRDA:555,29,0,0
BRDA:555,29,1,0
BRDA:557,30,0,0
BRDA:557,30,1,0
BRDA:571,31,0,0
BRDA:571,31,1,0
BRDA:572,32,0,0
BRDA:572,32,1,0
BRDA:573,33,0,0
BRDA:573,33,1,0
BRDA:584,34,0,0
BRDA:584,34,1,0
BRDA:589,35,0,0
BRDA:589,35,1,0
BRDA:594,36,0,0
BRDA:594,36,1,0
BRF:74
BRH:0
end_of_record
TN:
SF:src/harness/p0-integration.ts
FN:54,(anonymous_0)
FN:65,(anonymous_1)
FN:83,(anonymous_2)
FN:151,(anonymous_3)
FN:205,(anonymous_4)
FN:208,(anonymous_5)
FN:228,(anonymous_6)
FN:238,(anonymous_7)
FN:247,(anonymous_8)
FN:273,(anonymous_9)
FN:318,(anonymous_10)
FN:323,(anonymous_11)
FN:347,(anonymous_12)
FN:362,(anonymous_13)
FN:368,(anonymous_14)
FN:369,(anonymous_15)
FN:377,(anonymous_16)
FN:384,(anonymous_17)
FN:396,(anonymous_18)
FN:403,(anonymous_19)
FN:418,(anonymous_20)
FN:431,createP0Integration
FNF:22
FNH:0
FNDA:0,(anonymous_0)
FNDA:0,(anonymous_1)
FNDA:0,(anonymous_2)
FNDA:0,(anonymous_3)
FNDA:0,(anonymous_4)
FNDA:0,(anonymous_5)
FNDA:0,(anonymous_6)
FNDA:0,(anonymous_7)
FNDA:0,(anonymous_8)
FNDA:0,(anonymous_9)
FNDA:0,(anonymous_10)
FNDA:0,(anonymous_11)
FNDA:0,(anonymous_12)
FNDA:0,(anonymous_13)
FNDA:0,(anonymous_14)
FNDA:0,(anonymous_15)
FNDA:0,(anonymous_16)
FNDA:0,(anonymous_17)
FNDA:0,(anonymous_18)
FNDA:0,(anonymous_19)
FNDA:0,(anonymous_20)
FNDA:0,createP0Integration
DA:14,1
DA:52,0
DA:55,0
DA:56,0
DA:57,0
DA:59,0
DA:66,0
DA:69,0
DA:72,0
DA:75,0
DA:77,0
DA:84,0
DA:141,0
DA:142,0
DA:145,0
DA:152,0
DA:154,0
DA:156,0
DA:158,0
DA:161,0
DA:164,0
DA:167,0
DA:170,0
DA:175,0
DA:177,0
DA:179,0
DA:195,0
DA:196,0
DA:198,0
DA:207,0
DA:208,0
DA:211,0
DA:214,0
DA:216,0
DA:229,0
DA:231,0
DA:233,0
DA:234,0
DA:235,0
DA:238,0
DA:239,0
DA:241,0
DA:248,0
DA:251,0
DA:252,0
DA:255,0
DA:256,0
DA:260,0
DA:262,0
DA:263,0
DA:264,0
DA:266,0
DA:274,0
DA:275,0
DA:276,0
DA:279,0
DA:281,0
DA:283,0
DA:284,0
DA:288,0
DA:289,0
DA:293,0
DA:294,0
DA:298,0
DA:299,0
DA:303,0
DA:305,0
DA:319,0
DA:320,0
DA:323,0
DA:324,0
DA:325,0
DA:327,0
DA:328,0
DA:331,0
DA:332,0
DA:333,0
DA:337,0
DA:341,0
DA:348,0
DA:349,0
DA:350,0
DA:351,0
DA:363,0
DA:368,0
DA:369,0
DA:378,0
DA:386,0
DA:397,0
DA:404,0
DA:406,0
DA:408,0
DA:409,0
DA:411,0
DA:419,0
DA:420,0
DA:421,0
DA:422,0
DA:423,0
DA:432,0
LF:100
LH:1
BRDA:175,0,0,0
BRDA:175,0,1,0
BRDA:192,1,0,0
BRDA:192,1,1,0
BRDA:262,2,0,0
BRDA:262,2,1,0
BRDA:281,3,0,0
BRDA:281,3,1,0
BRDA:283,4,0,0
BRDA:283,4,1,0
BRDA:288,5,0,0
BRDA:288,5,1,0
BRDA:293,6,0,0
BRDA:293,6,1,0
BRDA:298,7,0,0
BRDA:298,7,1,0
BRDA:319,8,0,0
BRDA:319,8,1,0
BRDA:327,9,0,0
BRDA:327,9,1,0
BRDA:332,10,0,0
BRDA:332,10,1,0
BRDA:348,11,0,0
BRDA:348,11,1,0
BRDA:377,12,0,0
BRDA:408,13,0,0
BRDA:408,13,1,0
BRF:27
BRH:0
end_of_record
TN:
SF:src/harness/playwright-mcp.ts
FN:117,(anonymous_0)
FN:124,(anonymous_1)
FN:197,(anonymous_2)
FN:252,(anonymous_3)
FN:280,(anonymous_4)
FN:322,(anonymous_5)
FN:337,(anonymous_6)
FN:342,(anonymous_7)
FN:342,(anonymous_8)
FN:362,(anonymous_9)
FN:375,(anonymous_10)
FN:388,(anonymous_11)
FN:404,(anonymous_12)
FN:411,(anonymous_13)
FN:418,(anonymous_14)
FN:420,(anonymous_15)
FN:421,(anonymous_16)
FN:430,(anonymous_17)
FN:430,(anonymous_18)
FN:438,(anonymous_19)
FN:450,(anonymous_20)
FN:451,(anonymous_21)
FN:459,createPlaywrightExecutor
FNF:23
FNH:0
FNDA:0,(anonymous_0)
FNDA:0,(anonymous_1)
FNDA:0,(anonymous_2)
FNDA:0,(anonymous_3)
FNDA:0,(anonymous_4)
FNDA:0,(anonymous_5)
FNDA:0,(anonymous_6)
FNDA:0,(anonymous_7)
FNDA:0,(anonymous_8)
FNDA:0,(anonymous_9)
FNDA:0,(anonymous_10)
FNDA:0,(anonymous_11)
FNDA:0,(anonymous_12)
FNDA:0,(anonymous_13)
FNDA:0,(anonymous_14)
FNDA:0,(anonymous_15)
FNDA:0,(anonymous_16)
FNDA:0,(anonymous_17)
FNDA:0,(anonymous_18)
FNDA:0,(anonymous_19)
FNDA:0,(anonymous_20)
FNDA:0,(anonymous_21)
FNDA:0,createPlaywrightExecutor
DA:12,1
DA:112,0
DA:113,0
DA:114,0
DA:115,0
DA:118,0
DA:125,0
DA:127,0
DA:139,0
DA:142,0
DA:143,0
DA:145,0
DA:147,0
DA:148,0
DA:149,0
DA:151,0
DA:152,0
DA:154,0
DA:157,0
DA:159,0
DA:176,0
DA:177,0
DA:182,0
DA:183,0
DA:186,0
DA:188,0
DA:189,0
DA:191,0
DA:202,0
DA:205,0
DA:206,0
DA:209,0
DA:210,0
DA:213,0
DA:223,0
DA:224,0
DA:226,0
DA:227,0
DA:228,0
DA:229,0
DA:230,0
DA:235,0
DA:237,0
DA:239,0
DA:253,0
DA:255,0
DA:257,0
DA:260,0
DA:262,0
DA:263,0
DA:271,0
DA:281,0
DA:323,0
DA:325,0
DA:326,0
DA:327,0
DA:328,0
DA:330,0
DA:338,0
DA:339,0
DA:342,0
DA:344,0
DA:345,0
DA:348,0
DA:349,0
DA:352,0
DA:353,0
DA:356,0
DA:363,0
DA:369,0
DA:370,0
DA:371,0
DA:375,0
DA:376,0
DA:378,0
DA:379,0
DA:380,0
DA:388,0
DA:389,0
DA:390,0
DA:391,0
DA:398,0
DA:405,0
DA:412,0
DA:419,0
DA:420,0
DA:421,0
DA:423,0
DA:430,0
DA:439,0
DA:440,0
DA:442,0
DA:444,0
DA:451,0
DA:460,0
LF:95
LH:1
BRDA:139,0,0,0
BRDA:139,0,1,0
BRDA:151,1,0,0
BRDA:151,1,1,0
BRDA:165,2,0,0
BRDA:165,2,1,0
BRDA:218,3,0,0
BRDA:218,3,1,0
BRDA:219,4,0,0
BRDA:219,4,1,0
BRDA:228,5,0,0
BRDA:228,5,1,0
BRDA:260,6,0,0
BRDA:260,6,1,0
BRDA:262,7,0,0
BRDA:262,7,1,0
BRDA:325,8,0,0
BRDA:325,8,1,0
BRDA:327,9,0,0
BRDA:327,9,1,0
BRDA:338,10,0,0
BRDA:338,10,1,0
BRDA:344,11,0,0
BRDA:344,11,1,0
BRDA:348,12,0,0
BRDA:348,12,1,0
BRDA:352,13,0,0
BRDA:352,13,1,0
BRDA:378,14,0,0
BRDA:378,14,1,0
BRDA:389,15,0,0
BRDA:389,15,1,0
BRDA:389,16,0,0
BRDA:389,16,1,0
BRDA:428,17,0,0
BRDA:428,17,1,0
BRDA:429,18,0,0
BRDA:429,18,1,0
BRDA:439,19,0,0
BRDA:439,19,1,0
BRF:40
BRH:0
end_of_record
TN:
SF:src/harness/progress-tracker.ts
FN:40,(anonymous_0)
FN:47,(anonymous_1)
FN:91,(anonymous_2)
FN:106,(anonymous_3)
FN:136,(anonymous_4)
FN:153,(anonymous_5)
FN:164,(anonymous_6)
FN:173,(anonymous_7)
FN:192,(anonymous_8)
FN:199,(anonymous_9)
FN:201,(anonymous_10)
FN:210,(anonymous_11)
FN:222,(anonymous_12)
FN:223,(anonymous_13)
FN:224,(anonymous_14)
FN:238,(anonymous_15)
FN:248,(anonymous_16)
FN:298,createProgressTracker
FNF:18
FNH:0
FNDA:0,(anonymous_0)
FNDA:0,(anonymous_1)
FNDA:0,(anonymous_2)
FNDA:0,(anonymous_3)
FNDA:0,(anonymous_4)
FNDA:0,(anonymous_5)
FNDA:0,(anonymous_6)
FNDA:0,(anonymous_7)
FNDA:0,(anonymous_8)
FNDA:0,(anonymous_9)
FNDA:0,(anonymous_10)
FNDA:0,(anonymous_11)
FNDA:0,(anonymous_12)
FNDA:0,(anonymous_13)
FNDA:0,(anonymous_14)
FNDA:0,(anonymous_15)
FNDA:0,(anonymous_16)
FNDA:0,createProgressTracker
DA:18,0
DA:24,0
DA:37,0
DA:38,0
DA:41,0
DA:48,0
DA:51,0
DA:52,0
DA:73,0
DA:77,0
DA:78,0
DA:84,0
DA:92,0
DA:93,0
DA:96,0
DA:97,0
DA:98,0
DA:100,0
DA:107,0
DA:108,0
DA:111,0
DA:114,0
DA:117,0
DA:120,0
DA:122,0
DA:124,0
DA:137,0
DA:138,0
DA:141,0
DA:144,0
DA:145,0
DA:149,0
DA:150,0
DA:153,0
DA:154,0
DA:156,0
DA:158,0
DA:169,0
DA:170,0
DA:173,0
DA:174,0
DA:175,0
DA:176,0
DA:179,0
DA:180,0
DA:181,0
DA:182,0
DA:185,0
DA:186,0
DA:193,0
DA:194,0
DA:199,0
DA:201,0
DA:202,0
DA:203,0
DA:211,0
DA:212,0
DA:221,0
DA:222,0
DA:223,0
DA:224,0
DA:226,0
DA:239,0
DA:240,0
DA:242,0
DA:249,0
DA:250,0
DA:253,0
DA:260,0
DA:261,0
DA:270,0
DA:299,0
LF:72
LH:0
BRDA:51,0,0,0
BRDA:51,0,1,0
BRDA:77,1,0,0
BRDA:77,1,1,0
BRDA:92,2,0,0
BRDA:92,2,1,0
BRDA:107,3,0,0
BRDA:107,3,1,0
BRDA:107,4,0,0
BRDA:107,4,1,0
BRDA:122,5,0,0
BRDA:122,5,1,0
BRDA:137,6,0,0
BRDA:137,6,1,0
BRDA:137,7,0,0
BRDA:137,7,1,0
BRDA:169,8,0,0
BRDA:169,8,1,0
BRDA:174,9,0,0
BRDA:174,9,1,0
BRDA:181,10,0,0
BRDA:181,10,1,0
BRDA:193,11,0,0
BRDA:193,11,1,0
BRDA:211,12,0,0
BRDA:211,12,1,0
BRDA:231,13,0,0
BRDA:231,13,1,0
BRDA:239,14,0,0
BRDA:239,14,1,0
BRDA:249,15,0,0
BRDA:249,15,1,0
BRF:32
BRH:0
end_of_record
TN:
SF:src/harness/requirement-expander.ts
FN:107,(anonymous_0)
FN:114,(anonymous_1)
FN:152,(anonymous_2)
FN:175,(anonymous_3)
FN:181,(anonymous_4)
FN:211,(anonymous_5)
FN:233,(anonymous_6)
FN:256,(anonymous_7)
FN:297,(anonymous_8)
FN:307,(anonymous_9)
FN:311,(anonymous_10)
FN:322,(anonymous_11)
FN:326,(anonymous_12)
FN:335,(anonymous_13)
FN:343,(anonymous_14)
FN:360,(anonymous_15)
FN:376,createRequirementExpander
FNF:17
FNH:0
FNDA:0,(anonymous_0)
FNDA:0,(anonymous_1)
FNDA:0,(anonymous_2)
FNDA:0,(anonymous_3)
FNDA:0,(anonymous_4)
FNDA:0,(anonymous_5)
FNDA:0,(anonymous_6)
FNDA:0,(anonymous_7)
FNDA:0,(anonymous_8)
FNDA:0,(anonymous_9)
FNDA:0,(anonymous_10)
FNDA:0,(anonymous_11)
FNDA:0,(anonymous_12)
FNDA:0,(anonymous_13)
FNDA:0,(anonymous_14)
FNDA:0,(anonymous_15)
FNDA:0,createRequirementExpander
DA:19,1
DA:25,1
DA:42,1
DA:108,0
DA:115,0
DA:118,0
DA:119,0
DA:122,0
DA:123,0
DA:126,0
DA:127,0
DA:130,0
DA:133,0
DA:136,0
DA:140,0
DA:154,0
DA:155,0
DA:156,0
DA:157,0
DA:158,0
DA:159,0
DA:161,0
DA:176,0
DA:177,0
DA:180,0
DA:181,0
DA:183,0
DA:184,0
DA:185,0
DA:194,0
DA:200,0
DA:201,0
DA:205,0
DA:213,0
DA:234,0
DA:237,0
DA:238,0
DA:240,0
DA:241,0
DA:243,0
DA:244,0
DA:247,0
DA:248,0
DA:250,0
DA:257,0
DA:258,0
DA:261,0
DA:262,0
DA:263,0
DA:264,0
DA:265,0
DA:269,0
DA:270,0
DA:278,0
DA:279,0
DA:280,0
DA:281,0
DA:290,0
DA:299,0
DA:300,0
DA:301,0
DA:304,0
DA:308,0
DA:313,0
DA:314,0
DA:316,0
DA:317,0
DA:319,0
DA:323,0
DA:327,0
DA:336,0
DA:344,0
DA:345,0
DA:346,0
DA:347,0
DA:349,0
DA:361,0
DA:368,0
DA:377,0
LF:79
LH:3
BRDA:130,0,0,0
BRDA:130,0,1,0
BRDA:136,1,0,0
BRDA:136,1,1,0
BRDA:183,2,0,0
BRDA:183,2,1,0
BRDA:237,3,0,0
BRDA:237,3,1,0
BRDA:237,4,0,0
BRDA:237,4,1,0
BRDA:240,5,0,0
BRDA:240,5,1,0
BRDA:240,6,0,0
BRDA:240,6,1,0
BRDA:243,7,0,0
BRDA:243,7,1,0
BRDA:243,8,0,0
BRDA:243,8,1,0
BRDA:263,9,0,0
BRDA:263,9,1,0
BRDA:280,10,0,0
BRDA:280,10,1,0
BRDA:280,11,0,0
BRDA:280,11,1,0
BRDA:300,12,0,0
BRDA:300,12,1,0
BRDA:300,13,0,0
BRDA:300,13,1,0
BRDA:304,14,0,0
BRDA:304,14,1,0
BRDA:313,15,0,0
BRDA:313,15,1,0
BRDA:313,16,0,0
BRDA:313,16,1,0
BRDA:316,17,0,0
BRDA:316,17,1,0
BRDA:368,18,0,0
BRDA:368,18,1,0
BRF:38
BRH:0
end_of_record
TN:
SF:src/harness/scoring-feedback.ts
FN:41,(anonymous_0)
FN:49,(anonymous_1)
FN:112,(anonymous_2)
FN:126,(anonymous_3)
FN:138,(anonymous_4)
FN:157,(anonymous_5)
FN:188,(anonymous_6)
FN:211,(anonymous_7)
FN:237,(anonymous_8)
FN:250,(anonymous_9)
FN:278,(anonymous_10)
FN:285,(anonymous_11)
FN:295,createScoringEngine
FN:299,createFeedbackLoopEngine
FNF:14
FNH:0
FNDA:0,(anonymous_0)
FNDA:0,(anonymous_1)
FNDA:0,(anonymous_2)
FNDA:0,(anonymous_3)
FNDA:0,(anonymous_4)
FNDA:0,(anonymous_5)
FNDA:0,(anonymous_6)
FNDA:0,(anonymous_7)
FNDA:0,(anonymous_8)
FNDA:0,(anonymous_9)
FNDA:0,(anonymous_10)
FNDA:0,(anonymous_11)
FNDA:0,createScoringEngine
FNDA:0,createFeedbackLoopEngine
DA:13,1
DA:19,1
DA:28,1
DA:42,0
DA:43,0
DA:55,0
DA:59,0
DA:65,0
DA:67,0
DA:68,0
DA:70,0
DA:71,0
DA:73,0
DA:74,0
DA:76,0
DA:77,0
DA:81,0
DA:83,0
DA:84,0
DA:86,0
DA:87,0
DA:89,0
DA:90,0
DA:92,0
DA:93,0
DA:96,0
DA:105,0
DA:106,0
DA:113,0
DA:124,0
DA:130,0
DA:131,0
DA:132,0
DA:147,0
DA:150,0
DA:153,0
DA:154,0
DA:157,0
DA:166,0
DA:179,0
DA:180,0
DA:182,0
DA:190,0
DA:191,0
DA:195,0
DA:196,0
DA:200,0
DA:201,0
DA:205,0
DA:216,0
DA:218,0
DA:219,0
DA:221,0
DA:224,0
DA:227,0
DA:230,0
DA:238,0
DA:239,0
DA:241,0
DA:242,0
DA:244,0
DA:251,0
DA:252,0
DA:255,0
DA:256,0
DA:259,0
DA:260,0
DA:264,0
DA:265,0
DA:266,0
DA:267,0
DA:268,0
DA:272,0
DA:279,0
DA:286,0
DA:287,0
DA:296,0
DA:303,0
DA:310,1
LF:79
LH:4
BRDA:67,0,0,0
BRDA:67,0,1,0
BRDA:70,1,0,0
BRDA:70,1,1,0
BRDA:73,2,0,0
BRDA:73,2,1,0
BRDA:76,3,0,0
BRDA:76,3,1,0
BRDA:83,4,0,0
BRDA:83,4,1,0
BRDA:86,5,0,0
BRDA:86,5,1,0
BRDA:89,6,0,0
BRDA:89,6,1,0
BRDA:92,7,0,0
BRDA:92,7,1,0
BRDA:131,8,0,0
BRDA:131,8,1,0
BRDA:162,9,0,0
BRDA:162,9,1,0
BRDA:190,10,0,0
BRDA:190,10,1,0
BRDA:195,11,0,0
BRDA:195,11,1,0
BRDA:200,12,0,0
BRDA:200,12,1,0
BRDA:216,13,0,0
BRDA:216,13,1,0
BRDA:216,13,2,0
BRDA:216,13,3,0
BRDA:218,14,0,0
BRDA:218,14,1,0
BRDA:238,15,0,0
BRDA:238,15,1,0
BRDA:238,16,0,0
BRDA:238,16,1,0
BRDA:241,17,0,0
BRDA:241,17,1,0
BRDA:251,18,0,0
BRDA:251,18,1,0
BRDA:255,19,0,0
BRDA:255,19,1,0
BRDA:259,20,0,0
BRDA:259,20,1,0
BRDA:264,21,0,0
BRDA:264,21,1,0
BRDA:266,22,0,0
BRDA:266,22,1,0
BRDA:266,23,0,0
BRDA:266,23,1,0
BRF:50
BRH:0
end_of_record
TN:
SF:src/harness/self-evolution-loop.ts
FN:131,(anonymous_0)
FN:142,(anonymous_1)
FN:172,(anonymous_2)
FN:179,(anonymous_3)
FN:185,(anonymous_4)
FN:193,(anonymous_5)
FN:201,(anonymous_6)
FN:209,(anonymous_7)
FN:217,(anonymous_8)
FN:225,(anonymous_9)
FN:237,(anonymous_10)
FN:320,(anonymous_11)
FN:323,(anonymous_12)
FN:336,(anonymous_13)
FN:408,(anonymous_14)
FN:454,(anonymous_15)
FN:472,(anonymous_16)
FN:487,(anonymous_17)
FN:523,(anonymous_18)
FN:536,(anonymous_19)
FN:550,(anonymous_20)
FN:562,(anonymous_21)
FN:571,(anonymous_22)
FN:587,(anonymous_23)
FN:595,(anonymous_24)
FN:608,(anonymous_25)
FN:616,(anonymous_26)
FN:640,(anonymous_27)
FN:649,(anonymous_28)
FN:664,(anonymous_29)
FN:671,(anonymous_30)
FN:684,(anonymous_31)
FN:692,(anonymous_32)
FN:699,(anonymous_33)
FN:711,createSelfEvolutionLoop
FNF:35
FNH:1
FNDA:21,(anonymous_0)
FNDA:0,(anonymous_1)
FNDA:0,(anonymous_2)
FNDA:0,(anonymous_3)
FNDA:0,(anonymous_4)
FNDA:0,(anonymous_5)
FNDA:0,(anonymous_6)
FNDA:0,(anonymous_7)
FNDA:0,(anonymous_8)
FNDA:0,(anonymous_9)
FNDA:0,(anonymous_10)
FNDA:0,(anonymous_11)
FNDA:0,(anonymous_12)
FNDA:0,(anonymous_13)
FNDA:0,(anonymous_14)
FNDA:0,(anonymous_15)
FNDA:0,(anonymous_16)
FNDA:0,(anonymous_17)
FNDA:0,(anonymous_18)
FNDA:0,(anonymous_19)
FNDA:0,(anonymous_20)
FNDA:0,(anonymous_21)
FNDA:0,(anonymous_22)
FNDA:0,(anonymous_23)
FNDA:0,(anonymous_24)
FNDA:0,(anonymous_25)
FNDA:0,(anonymous_26)
FNDA:0,(anonymous_27)
FNDA:0,(anonymous_28)
FNDA:0,(anonymous_29)
FNDA:0,(anonymous_30)
FNDA:0,(anonymous_31)
FNDA:0,(anonymous_32)
FNDA:0,(anonymous_33)
FNDA:0,createSelfEvolutionLoop
DA:12,2
DA:117,21
DA:118,21
DA:119,21
DA:120,21
DA:123,21
DA:132,21
DA:143,0
DA:145,0
DA:157,0
DA:160,0
DA:161,0
DA:164,0
DA:166,0
DA:175,0
DA:176,0
DA:177,0
DA:179,0
DA:187,0
DA:195,0
DA:203,0
DA:211,0
DA:219,0
DA:227,0
DA:238,0
DA:240,0
DA:243,0
DA:244,0
DA:245,0
DA:255,0
DA:256,0
DA:257,0
DA:267,0
DA:268,0
DA:269,0
DA:279,0
DA:280,0
DA:281,0
DA:291,0
DA:292,0
DA:293,0
DA:302,0
DA:304,0
DA:305,0
DA:306,0
DA:308,0
DA:310,0
DA:321,0
DA:323,0
DA:324,0
DA:327,0
DA:328,0
DA:329,0
DA:330,0
DA:337,0
DA:339,0
DA:340,0
DA:342,0
DA:350,0
DA:353,0
DA:361,0
DA:364,0
DA:372,0
DA:375,0
DA:383,0
DA:386,0
DA:394,0
DA:398,0
DA:409,0
DA:412,0
DA:415,0
DA:425,0
DA:428,0
DA:431,0
DA:432,0
DA:434,0
DA:437,0
DA:438,0
DA:439,0
DA:442,0
DA:457,0
DA:473,0
DA:474,0
DA:476,0
DA:478,0
DA:491,0
DA:498,0
DA:501,0
DA:504,0
DA:507,0
DA:510,0
DA:513,0
DA:515,0
DA:517,0
DA:524,0
DA:525,0
DA:526,0
DA:527,0
DA:528,0
DA:529,0
DA:530,0
DA:537,0
DA:538,0
DA:539,0
DA:540,0
DA:541,0
DA:542,0
DA:543,0
DA:544,0
DA:551,0
DA:552,0
DA:553,0
DA:554,0
DA:555,0
DA:556,0
DA:563,0
DA:564,0
DA:565,0
DA:572,0
DA:573,0
DA:574,0
DA:575,0
DA:576,0
DA:577,0
DA:578,0
DA:579,0
DA:580,0
DA:581,0
DA:588,0
DA:589,0
DA:596,0
DA:597,0
DA:598,0
DA:599,0
DA:600,0
DA:601,0
DA:602,0
DA:609,0
DA:610,0
DA:617,0
DA:618,0
DA:619,0
DA:620,0
DA:621,0
DA:622,0
DA:623,0
DA:624,0
DA:625,0
DA:626,0
DA:628,0
DA:641,0
DA:642,0
DA:643,0
DA:644,0
DA:645,0
DA:646,0
DA:650,0
DA:651,0
DA:652,0
DA:653,0
DA:654,0
DA:655,0
DA:657,0
DA:665,0
DA:672,0
DA:685,0
DA:686,0
DA:693,0
DA:700,0
DA:701,0
DA:702,0
DA:703,0
DA:712,0
LF:173
LH:7
BRDA:160,0,0,0
BRDA:160,0,1,0
BRDA:176,1,0,0
BRDA:176,1,1,0
BRDA:244,2,0,0
BRDA:244,2,1,0
BRDA:256,3,0,0
BRDA:256,3,1,0
BRDA:268,4,0,0
BRDA:268,4,1,0
BRDA:280,5,0,0
BRDA:280,5,1,0
BRDA:292,6,0,0
BRDA:292,6,1,0
BRDA:321,7,0,0
BRDA:321,7,1,0
BRDA:324,8,0,0
BRDA:324,8,1,0
BRDA:327,9,0,0
BRDA:327,9,1,0
BRDA:328,10,0,0
BRDA:328,10,1,0
BRDA:329,11,0,0
BRDA:329,11,1,0
BRDA:340,12,0,0
BRDA:340,12,1,0
BRDA:340,12,2,0
BRDA:340,12,3,0
BRDA:340,12,4,0
BRDA:438,13,0,0
BRDA:438,13,1,0
BRDA:438,14,0,0
BRDA:438,14,1,0
BRDA:476,15,0,0
BRDA:476,15,1,0
BRDA:517,16,0,0
BRDA:517,16,1,0
BRDA:529,17,0,0
BRDA:529,17,1,0
BRDA:543,18,0,0
BRDA:543,18,1,0
BRDA:598,19,0,0
BRDA:598,19,1,0
BRDA:610,20,0,0
BRDA:610,20,1,0
BRDA:642,21,0,0
BRDA:642,21,1,0
BRDA:643,22,0,0
BRDA:643,22,1,0
BRDA:644,23,0,0
BRDA:644,23,1,0
BRDA:645,24,0,0
BRDA:645,24,1,0
BRDA:650,25,0,0
BRDA:650,25,1,0
BRDA:650,26,0,0
BRDA:650,26,1,0
BRDA:652,27,0,0
BRDA:652,27,1,0
BRDA:652,28,0,0
BRDA:652,28,1,0
BRDA:654,29,0,0
BRDA:654,29,1,0
BRDA:654,30,0,0
BRDA:654,30,1,0
BRDA:664,31,0,0
BRDA:677,32,0,0
BRDA:677,32,1,0
BRF:68
BRH:0
end_of_record
TN:
SF:src/harness/sonarqube-integration.ts
FN:107,(anonymous_0)
FN:120,(anonymous_1)
FN:163,(anonymous_2)
FN:178,(anonymous_3)
FN:197,(anonymous_4)
FN:206,(anonymous_5)
FN:218,(anonymous_6)
FN:233,(anonymous_7)
FN:241,(anonymous_8)
FN:266,(anonymous_9)
FN:267,(anonymous_10)
FN:289,(anonymous_11)
FN:315,(anonymous_12)
FN:335,(anonymous_13)
FN:387,(anonymous_14)
FN:439,(anonymous_15)
FN:493,(anonymous_16)
FN:497,(anonymous_17)
FN:498,(anonymous_18)
FN:499,(anonymous_19)
FN:511,(anonymous_20)
FN:535,(anonymous_21)
FN:546,(anonymous_22)
FN:557,(anonymous_23)
FN:569,(anonymous_24)
FN:601,(anonymous_25)
FN:617,(anonymous_26)
FN:657,(anonymous_27)
FN:689,(anonymous_28)
FN:699,createSonarQubeIntegration
FNF:30
FNH:0
FNDA:0,(anonymous_0)
FNDA:0,(anonymous_1)
FNDA:0,(anonymous_2)
FNDA:0,(anonymous_3)
FNDA:0,(anonymous_4)
FNDA:0,(anonymous_5)
FNDA:0,(anonymous_6)
FNDA:0,(anonymous_7)
FNDA:0,(anonymous_8)
FNDA:0,(anonymous_9)
FNDA:0,(anonymous_10)
FNDA:0,(anonymous_11)
FNDA:0,(anonymous_12)
FNDA:0,(anonymous_13)
FNDA:0,(anonymous_14)
FNDA:0,(anonymous_15)
FNDA:0,(anonymous_16)
FNDA:0,(anonymous_17)
FNDA:0,(anonymous_18)
FNDA:0,(anonymous_19)
FNDA:0,(anonymous_20)
FNDA:0,(anonymous_21)
FNDA:0,(anonymous_22)
FNDA:0,(anonymous_23)
FNDA:0,(anonymous_24)
FNDA:0,(anonymous_25)
FNDA:0,(anonymous_26)
FNDA:0,(anonymous_27)
FNDA:0,(anonymous_28)
FNDA:0,createSonarQubeIntegration
DA:12,1
DA:105,0
DA:108,0
DA:114,0
DA:125,0
DA:132,0
DA:135,0
DA:138,0
DA:141,0
DA:143,0
DA:153,0
DA:155,0
DA:157,0
DA:164,0
DA:167,0
DA:168,0
DA:169,0
DA:172,0
DA:183,0
DA:190,0
DA:191,0
DA:192,0
DA:195,0
DA:197,0
DA:198,0
DA:207,0
DA:208,0
DA:209,0
DA:212,0
DA:219,0
DA:220,0
DA:221,0
DA:224,0
DA:234,0
DA:235,0
DA:245,0
DA:247,0
DA:248,0
DA:255,0
DA:256,0
DA:258,0
DA:266,0
DA:267,0
DA:269,0
DA:270,0
DA:271,0
DA:272,0
DA:273,0
DA:276,0
DA:290,0
DA:291,0
DA:292,0
DA:295,0
DA:297,0
DA:298,0
DA:301,0
DA:302,0
DA:305,0
DA:316,0
DA:319,0
DA:322,0
DA:323,0
DA:327,0
DA:329,0
DA:336,0
DA:337,0
DA:340,0
DA:341,0
DA:342,0
DA:354,0
DA:355,0
DA:368,0
DA:369,0
DA:381,0
DA:388,0
DA:389,0
DA:392,0
DA:393,0
DA:406,0
DA:407,0
DA:420,0
DA:421,0
DA:433,0
DA:440,0
DA:441,0
DA:444,0
DA:445,0
DA:446,0
DA:447,0
DA:448,0
DA:461,0
DA:462,0
DA:474,0
DA:475,0
DA:476,0
DA:487,0
DA:494,0
DA:497,0
DA:498,0
DA:499,0
DA:502,0
DA:505,0
DA:508,0
DA:511,0
DA:514,0
DA:515,0
DA:516,0
DA:518,0
DA:536,0
DA:537,0
DA:538,0
DA:539,0
DA:540,0
DA:547,0
DA:548,0
DA:549,0
DA:550,0
DA:551,0
DA:558,0
DA:559,0
DA:560,0
DA:561,0
DA:562,0
DA:563,0
DA:570,0
DA:601,0
DA:603,0
DA:604,0
DA:605,0
DA:608,0
DA:618,0
DA:619,0
DA:620,0
DA:622,0
DA:623,0
DA:624,0
DA:625,0
DA:626,0
DA:627,0
DA:629,0
DA:630,0
DA:631,0
DA:632,0
DA:633,0
DA:634,0
DA:635,0
DA:636,0
DA:637,0
DA:639,0
DA:640,0
DA:642,0
DA:643,0
DA:644,0
DA:645,0
DA:646,0
DA:647,0
DA:651,0
DA:658,0
DA:690,0
DA:691,0
DA:700,0
LF:161
LH:1
BRDA:168,0,0,0
BRDA:168,0,1,0
BRDA:191,1,0,0
BRDA:191,1,1,0
BRDA:198,2,0,0
BRDA:198,2,1,0
BRDA:208,3,0,0
BRDA:208,3,1,0
BRDA:220,4,0,0
BRDA:220,4,1,0
BRDA:235,5,0,0
BRDA:235,5,1,0
BRDA:247,6,0,0
BRDA:247,6,1,0
BRDA:270,7,0,0
BRDA:270,7,1,0
BRDA:272,8,0,0
BRDA:272,8,1,0
BRDA:289,9,0,0
BRDA:291,10,0,0
BRDA:291,10,1,0
BRDA:297,11,0,0
BRDA:297,11,1,0
BRDA:301,12,0,0
BRDA:301,12,1,0
BRDA:322,13,0,0
BRDA:322,13,1,0
BRDA:340,14,0,0
BRDA:340,14,1,0
BRDA:354,15,0,0
BRDA:354,15,1,0
BRDA:354,16,0,0
BRDA:354,16,1,0
BRDA:368,17,0,0
BRDA:368,17,1,0
BRDA:392,18,0,0
BRDA:392,18,1,0
BRDA:392,19,0,0
BRDA:392,19,1,0
BRDA:406,20,0,0
BRDA:406,20,1,0
BRDA:406,21,0,0
BRDA:406,21,1,0
BRDA:420,22,0,0
BRDA:420,22,1,0
BRDA:420,23,0,0
BRDA:420,23,1,0
BRDA:444,24,0,0
BRDA:444,24,1,0
BRDA:447,25,0,0
BRDA:447,25,1,0
BRDA:461,26,0,0
BRDA:461,26,1,0
BRDA:461,27,0,0
BRDA:461,27,1,0
BRDA:474,28,0,0
BRDA:474,28,1,0
BRDA:475,29,0,0
BRDA:475,29,1,0
BRDA:502,30,0,0
BRDA:502,30,1,0
BRDA:511,31,0,0
BRDA:511,31,1,0
BRDA:536,32,0,0
BRDA:536,32,1,0
BRDA:537,33,0,0
BRDA:537,33,1,0
BRDA:538,34,0,0
BRDA:538,34,1,0
BRDA:539,35,0,0
BRDA:539,35,1,0
BRDA:547,36,0,0
BRDA:547,36,1,0
BRDA:548,37,0,0
BRDA:548,37,1,0
BRDA:549,38,0,0
BRDA:549,38,1,0
BRDA:550,39,0,0
BRDA:550,39,1,0
BRDA:559,40,0,0
BRDA:559,40,1,0
BRDA:559,41,0,0
BRDA:559,41,1,0
BRDA:560,42,0,0
BRDA:560,42,1,0
BRDA:560,43,0,0
BRDA:560,43,1,0
BRDA:561,44,0,0
BRDA:561,44,1,0
BRDA:561,45,0,0
BRDA:561,45,1,0
BRDA:562,46,0,0
BRDA:562,46,1,0
BRDA:562,47,0,0
BRDA:562,47,1,0
BRDA:604,48,0,0
BRDA:604,48,1,0
BRDA:605,49,0,0
BRDA:605,49,1,0
BRDA:640,50,0,0
BRDA:640,50,1,0
BRDA:640,51,0,0
BRDA:640,51,1,0
BRDA:642,52,0,0
BRDA:642,52,1,0
BRF:105
BRH:0
end_of_record
TN:
SF:src/harness/ui-ux-harness.ts
FN:111,(anonymous_0)
FN:120,(anonymous_1)
FN:154,(anonymous_2)
FN:180,(anonymous_3)
FN:236,(anonymous_4)
FN:244,(anonymous_5)
FN:251,(anonymous_6)
FN:256,(anonymous_7)
FN:267,(anonymous_8)
FN:302,(anonymous_9)
FN:366,(anonymous_10)
FN:407,(anonymous_11)
FN:419,(anonymous_12)
FN:434,(anonymous_13)
FN:442,(anonymous_14)
FN:450,(anonymous_15)
FN:476,(anonymous_16)
FN:488,(anonymous_17)
FN:513,(anonymous_18)
FN:535,(anonymous_19)
FN:541,(anonymous_20)
FN:552,(anonymous_21)
FN:555,(anonymous_22)
FN:571,(anonymous_23)
FN:572,(anonymous_24)
FN:589,(anonymous_25)
FN:605,(anonymous_26)
FN:621,(anonymous_27)
FN:622,(anonymous_28)
FN:623,(anonymous_29)
FN:673,(anonymous_30)
FN:681,(anonymous_31)
FN:682,(anonymous_32)
FN:698,(anonymous_33)
FN:706,(anonymous_34)
FN:707,(anonymous_35)
FN:724,(anonymous_36)
FN:739,(anonymous_37)
FN:741,(anonymous_38)
FN:756,(anonymous_39)
FN:773,createUIUXHarness
FNF:41
FNH:0
FNDA:0,(anonymous_0)
FNDA:0,(anonymous_1)
FNDA:0,(anonymous_2)
FNDA:0,(anonymous_3)
FNDA:0,(anonymous_4)
FNDA:0,(anonymous_5)
FNDA:0,(anonymous_6)
FNDA:0,(anonymous_7)
FNDA:0,(anonymous_8)
FNDA:0,(anonymous_9)
FNDA:0,(anonymous_10)
FNDA:0,(anonymous_11)
FNDA:0,(anonymous_12)
FNDA:0,(anonymous_13)
FNDA:0,(anonymous_14)
FNDA:0,(anonymous_15)
FNDA:0,(anonymous_16)
FNDA:0,(anonymous_17)
FNDA:0,(anonymous_18)
FNDA:0,(anonymous_19)
FNDA:0,(anonymous_20)
FNDA:0,(anonymous_21)
FNDA:0,(anonymous_22)
FNDA:0,(anonymous_23)
FNDA:0,(anonymous_24)
FNDA:0,(anonymous_25)
FNDA:0,(anonymous_26)
FNDA:0,(anonymous_27)
FNDA:0,(anonymous_28)
FNDA:0,(anonymous_29)
FNDA:0,(anonymous_30)
FNDA:0,(anonymous_31)
FNDA:0,(anonymous_32)
FNDA:0,(anonymous_33)
FNDA:0,(anonymous_34)
FNDA:0,(anonymous_35)
FNDA:0,(anonymous_36)
FNDA:0,(anonymous_37)
FNDA:0,(anonymous_38)
FNDA:0,(anonymous_39)
FNDA:0,createUIUXHarness
DA:12,1
DA:108,0
DA:109,0
DA:112,0
DA:113,0
DA:114,0
DA:121,0
DA:124,0
DA:127,0
DA:130,0
DA:133,0
DA:136,0
DA:138,0
DA:146,0
DA:148,0
DA:159,0
DA:166,0
DA:168,0
DA:169,0
DA:170,0
DA:171,0
DA:173,0
DA:181,0
DA:183,0
DA:184,0
DA:185,0
DA:188,0
DA:191,0
DA:192,0
DA:193,0
DA:202,0
DA:203,0
DA:204,0
DA:213,0
DA:214,0
DA:215,0
DA:223,0
DA:225,0
DA:237,0
DA:238,0
DA:245,0
DA:252,0
DA:256,0
DA:268,0
DA:296,0
DA:303,0
DA:358,0
DA:359,0
DA:367,0
DA:370,0
DA:382,0
DA:383,0
DA:384,0
DA:385,0
DA:386,0
DA:395,0
DA:396,0
DA:401,0
DA:408,0
DA:409,0
DA:410,0
DA:413,0
DA:420,0
DA:435,0
DA:436,0
DA:439,0
DA:442,0
DA:444,0
DA:451,0
DA:454,0
DA:455,0
DA:456,0
DA:457,0
DA:458,0
DA:461,0
DA:478,0
DA:479,0
DA:480,0
DA:482,0
DA:493,0
DA:495,0
DA:496,0
DA:499,0
DA:500,0
DA:503,0
DA:504,0
DA:507,0
DA:514,0
DA:529,0
DA:536,0
DA:541,0
DA:546,0
DA:553,0
DA:555,0
DA:565,0
DA:572,0
DA:573,0
DA:575,0
DA:577,0
DA:579,0
DA:581,0
DA:590,0
DA:592,0
DA:594,0
DA:596,0
DA:598,0
DA:606,0
DA:608,0
DA:610,0
DA:612,0
DA:614,0
DA:622,0
DA:623,0
DA:625,0
DA:674,0
DA:677,0
DA:678,0
DA:680,0
DA:681,0
DA:682,0
DA:684,0
DA:685,0
DA:686,0
DA:687,0
DA:692,0
DA:699,0
DA:702,0
DA:703,0
DA:705,0
DA:706,0
DA:707,0
DA:709,0
DA:710,0
DA:711,0
DA:712,0
DA:713,0
DA:718,0
DA:725,0
DA:727,0
DA:728,0
DA:729,0
DA:733,0
DA:740,0
DA:741,0
DA:742,0
DA:743,0
DA:744,0
DA:745,0
DA:746,0
DA:750,0
DA:757,0
DA:758,0
DA:759,0
DA:760,0
DA:761,0
DA:762,0
DA:764,0
DA:774,0
LF:158
LH:1
BRDA:168,0,0,0
BRDA:168,0,1,0
BRDA:170,1,0,0
BRDA:170,1,1,0
BRDA:184,2,0,0
BRDA:184,2,1,0
BRDA:192,3,0,0
BRDA:192,3,1,0
BRDA:203,4,0,0
BRDA:203,4,1,0
BRDA:214,5,0,0
BRDA:214,5,1,0
BRDA:383,6,0,0
BRDA:383,6,1,0
BRDA:385,7,0,0
BRDA:385,7,1,0
BRDA:395,8,0,0
BRDA:395,8,1,0
BRDA:397,9,0,0
BRDA:397,9,1,0
BRDA:409,10,0,0
BRDA:409,10,1,0
BRDA:436,11,0,0
BRDA:436,11,1,0
BRDA:442,12,0,0
BRDA:442,12,1,0
BRDA:455,13,0,0
BRDA:455,13,1,0
BRDA:455,14,0,0
BRDA:455,14,1,0
BRDA:457,15,0,0
BRDA:457,15,1,0
BRDA:495,16,0,0
BRDA:495,16,1,0
BRDA:499,17,0,0
BRDA:499,17,1,0
BRDA:503,18,0,0
BRDA:503,18,1,0
BRDA:520,19,0,0
BRDA:520,19,1,0
BRDA:573,20,0,0
BRDA:573,20,1,0
BRDA:573,20,2,0
BRDA:573,20,3,0
BRDA:590,21,0,0
BRDA:590,21,1,0
BRDA:590,21,2,0
BRDA:590,21,3,0
BRDA:606,22,0,0
BRDA:606,22,1,0
BRDA:606,22,2,0
BRDA:606,22,3,0
BRDA:622,23,0,0
BRDA:622,23,1,0
BRDA:623,24,0,0
BRDA:623,24,1,0
BRDA:684,25,0,0
BRDA:684,25,1,0
BRDA:686,26,0,0
BRDA:686,26,1,0
BRDA:709,27,0,0
BRDA:709,27,1,0
BRDA:712,28,0,0
BRDA:712,28,1,0
BRDA:728,29,0,0
BRDA:728,29,1,0
BRDA:728,30,0,0
BRDA:728,30,1,0
BRDA:742,31,0,0
BRDA:742,31,1,0
BRDA:742,31,2,0
BRDA:742,31,3,0
BRDA:757,32,0,0
BRDA:757,32,1,0
BRDA:759,33,0,0
BRDA:759,33,1,0
BRDA:761,34,0,0
BRDA:761,34,1,0
BRF:78
BRH:0
end_of_record
TN:
SF:src/harness/v21-scoring.ts
FN:47,(anonymous_0)
FN:56,(anonymous_1)
FN:140,(anonymous_2)
FN:150,(anonymous_3)
FN:183,(anonymous_4)
FN:191,(anonymous_5)
FN:203,createV21ScoringEngine
FNF:7
FNH:0
FNDA:0,(anonymous_0)
FNDA:0,(anonymous_1)
FNDA:0,(anonymous_2)
FNDA:0,(anonymous_3)
FNDA:0,(anonymous_4)
FNDA:0,(anonymous_5)
FNDA:0,createV21ScoringEngine
DA:13,1
DA:19,1
DA:32,1
DA:48,0
DA:49,0
DA:50,0
DA:57,0
DA:61,0
DA:70,0
DA:72,0
DA:73,0
DA:75,0
DA:76,0
DA:78,0
DA:79,0
DA:81,0
DA:82,0
DA:84,0
DA:85,0
DA:87,0
DA:88,0
DA:90,0
DA:91,0
DA:95,0
DA:97,0
DA:98,0
DA:100,0
DA:101,0
DA:103,0
DA:104,0
DA:106,0
DA:107,0
DA:112,0
DA:119,0
DA:121,0
DA:132,0
DA:133,0
DA:142,0
DA:144,0
DA:151,0
DA:177,0
DA:184,0
DA:192,0
DA:193,0
DA:194,0
DA:195,0
DA:204,0
LF:47
LH:3
BRDA:61,0,0,0
BRDA:61,0,1,0
BRDA:62,1,0,0
BRDA:62,1,1,0
BRDA:63,2,0,0
BRDA:63,2,1,0
BRDA:64,3,0,0
BRDA:64,3,1,0
BRDA:65,4,0,0
BRDA:65,4,1,0
BRDA:66,5,0,0
BRDA:66,5,1,0
BRDA:67,6,0,0
BRDA:67,6,1,0
BRDA:72,7,0,0
BRDA:72,7,1,0
BRDA:72,8,0,0
BRDA:72,8,1,0
BRDA:75,9,0,0
BRDA:75,9,1,0
BRDA:75,10,0,0
BRDA:75,10,1,0
BRDA:78,11,0,0
BRDA:78,11,1,0
BRDA:78,12,0,0
BRDA:78,12,1,0
BRDA:81,13,0,0
BRDA:81,13,1,0
BRDA:81,14,0,0
BRDA:81,14,1,0
BRDA:84,15,0,0
BRDA:84,15,1,0
BRDA:84,16,0,0
BRDA:84,16,1,0
BRDA:87,17,0,0
BRDA:87,17,1,0
BRDA:87,18,0,0
BRDA:87,18,1,0
BRDA:90,19,0,0
BRDA:90,19,1,0
BRDA:90,20,0,0
BRDA:90,20,1,0
BRDA:97,21,0,0
BRDA:97,21,1,0
BRDA:100,22,0,0
BRDA:100,22,1,0
BRDA:103,23,0,0
BRDA:103,23,1,0
BRDA:106,24,0,0
BRDA:106,24,1,0
BRDA:112,25,0,0
BRDA:112,25,1,0
BRDA:112,25,2,0
BRDA:112,25,3,0
BRDA:112,25,4,0
BRDA:150,26,0,0
BRDA:177,27,0,0
BRDA:177,27,1,0
BRDA:192,28,0,0
BRDA:192,28,1,0
BRDA:193,29,0,0
BRDA:193,29,1,0
BRDA:194,30,0,0
BRDA:194,30,1,0
BRF:64
BRH:0
end_of_record
TN:
SF:src/knowledge/domain-knowledge-base.ts
FN:278,(anonymous_0)
FN:285,(anonymous_1)
FN:295,(anonymous_2)
FN:309,(anonymous_3)
FN:370,(anonymous_4)
FN:416,(anonymous_5)
FN:516,(anonymous_6)
FN:587,(anonymous_7)
FN:638,(anonymous_8)
FN:703,(anonymous_9)
FN:704,(anonymous_10)
FN:710,(anonymous_11)
FN:717,(anonymous_12)
FN:718,(anonymous_13)
FN:724,(anonymous_14)
FN:725,(anonymous_15)
FN:731,(anonymous_16)
FN:738,(anonymous_17)
FN:739,(anonymous_18)
FN:745,(anonymous_19)
[...]
DA:349,0
DA:352,0
DA:362,0
DA:363,0
DA:365,0
DA:366,0
DA:367,0
DA:368,0
DA:372,0
DA:373,0
DA:374,0
LF:83
LH:2
BRDA:165,0,0,0
BRDA:182,1,0,0
BRDA:182,1,1,0
BRDA:187,2,0,0
BRDA:187,2,1,0
BRDA:196,3,0,0
BRDA:196,3,1,0
BRDA:196,4,0,0
BRDA:196,4,1,0
BRDA:211,5,0,0
BRDA:211,5,1,0
BRDA:211,6,0,0
BRDA:211,6,1,0
BRDA:223,7,0,0
BRDA:223,7,1,0
BRDA:228,8,0,0
BRDA:228,8,1,0
BRDA:233,9,0,0
BRDA:233,9,1,0
BRDA:259,10,0,0
BRDA:259,10,1,0
BRDA:271,11,0,0
BRDA:271,11,1,0
BRDA:293,12,0,0
BRDA:293,12,1,0
BRDA:299,13,0,0
BRDA:299,13,1,0
BRDA:310,14,0,0
BRDA:310,14,1,0
BRDA:315,15,0,0
BRDA:315,15,1,0
BRDA:323,16,0,0
BRDA:323,16,1,0
BRDA:328,17,0,0
BRDA:328,17,1,0
BRDA:348,18,0,0
BRDA:348,18,1,0
BRDA:366,19,0,0
BRDA:366,19,1,0
BRDA:372,20,0,0
BRDA:372,20,1,0
BRF:41
BRH:0
end_of_record
TN:
SF:src/providers/provider-router.ts
FN:131,(anonymous_0)
FN:140,(anonymous_1)
FN:156,(anonymous_2)
FN:200,(anonymous_3)
FN:201,(anonymous_4)
FN:214,(anonymous_5)
FN:249,(anonymous_6)
FN:256,(anonymous_7)
FN:263,(anonymous_8)
FN:275,(anonymous_9)
FN:283,(anonymous_10)
FN:284,(anonymous_11)
FN:292,(anonymous_12)
FN:296,(anonymous_13)
FN:306,(anonymous_14)
FN:308,(anonymous_15)
FN:309,(anonymous_16)
FN:313,(anonymous_17)
FN:319,(anonymous_18)
FN:326,(anonymous_19)
FN:334,(anonymous_20)
FN:335,(anonymous_21)
FN:351,(anonymous_22)
FN:352,(anonymous_23)
FN:366,(anonymous_24)
FN:374,(anonymous_25)
FNF:26
FNH:0
FNDA:0,(anonymous_0)
FNDA:0,(anonymous_1)
FNDA:0,(anonymous_2)
FNDA:0,(anonymous_3)
FNDA:0,(anonymous_4)
FNDA:0,(anonymous_5)
FNDA:0,(anonymous_6)
FNDA:0,(anonymous_7)
FNDA:0,(anonymous_8)
FNDA:0,(anonymous_9)
FNDA:0,(anonymous_10)
FNDA:0,(anonymous_11)
FNDA:0,(anonymous_12)
FNDA:0,(anonymous_13)
FNDA:0,(anonymous_14)
FNDA:0,(anonymous_15)
FNDA:0,(anonymous_16)
FNDA:0,(anonymous_17)
FNDA:0,(anonymous_18)
FNDA:0,(anonymous_19)
FNDA:0,(anonymous_20)
FNDA:0,(anonymous_21)
FNDA:0,(anonymous_22)
FNDA:0,(anonymous_23)
FNDA:0,(anonymous_24)
FNDA:0,(anonymous_25)
DA:108,1
DA:128,0
DA:129,0
DA:132,0
DA:133,0
DA:134,0
DA:141,0
DA:142,0
DA:150,0
DA:157,0
DA:158,0
DA:161,0
DA:163,0
DA:164,0
DA:167,0
DA:168,0
DA:171,0
DA:173,0
DA:174,0
DA:175,0
DA:177,0
DA:178,0
DA:179,0
DA:181,0
DA:182,0
DA:183,0
DA:185,0
DA:186,0
DA:187,0
DA:189,0
DA:190,0
DA:191,0
DA:194,0
DA:195,0
DA:199,0
DA:200,0
DA:201,0
DA:203,0
DA:215,0
DA:216,0
DA:217,0
DA:220,0
DA:222,0
DA:223,0
DA:224,0
DA:226,0
DA:227,0
DA:230,0
DA:234,0
DA:235,0
DA:242,0
DA:250,0
DA:257,0
DA:264,0
DA:265,0
DA:266,0
DA:267,0
DA:268,0
DA:282,0
DA:283,0
DA:284,0
DA:286,0
DA:292,0
DA:296,0
DA:307,0
DA:308,0
DA:310,0
DA:311,0
DA:313,0
DA:320,0
DA:327,0
DA:328,0
DA:335,0
DA:336,0
DA:338,0
DA:339,0
DA:340,0
DA:341,0
DA:345,0
DA:352,0
DA:353,0
DA:354,0
DA:356,0
DA:357,0
DA:359,0
DA:371,0
DA:373,0
DA:374,0
DA:375,0
DA:376,0
DA:380,0
LF:91
LH:1
BRDA:131,0,0,0
BRDA:163,1,0,0
BRDA:163,1,1,0
BRDA:171,2,0,0
BRDA:171,2,1,0
BRDA:171,2,2,0
BRDA:171,2,3,0
BRDA:171,2,4,0
BRDA:194,3,0,0
BRDA:194,3,1,0
BRDA:216,4,0,0
BRDA:216,4,1,0
BRDA:222,5,0,0
BRDA:222,5,1,0
BRDA:230,6,0,0
BRDA:230,6,1,0
BRDA:231,7,0,0
BRDA:231,7,1,0
BRDA:265,8,0,0
BRDA:265,8,1,0
BRDA:291,9,0,0
BRDA:291,9,1,0
BRDA:295,10,0,0
BRDA:295,10,1,0
BRDA:311,11,0,0
BRDA:311,11,1,0
BRDA:340,12,0,0
BRDA:340,12,1,0
BRDA:356,13,0,0
BRDA:356,13,1,0
BRDA:357,14,0,0
BRDA:357,14,1,0
BRDA:359,15,0,0
BRDA:359,15,1,0
BRDA:375,16,0,0
BRDA:375,16,1,0
BRF:36
BRH:0
end_of_record
TN:
SF:src/skills/requirement-refiner-skill.ts
FN:71,(anonymous_0)
FN:86,(anonymous_1)
FN:111,(anonymous_2)
FN:116,(anonymous_3)
FN:153,(anonymous_4)
FN:180,(anonymous_5)
FN:197,(anonymous_6)
FN:214,(anonymous_7)
FN:248,(anonymous_8)
FN:279,(anonymous_9)
FN:314,(anonymous_10)
FN:323,(anonymous_11)
FN:336,(anonymous_12)
FN:355,(anonymous_13)
FN:359,(anonymous_14)
FN:360,(anonymous_15)
FN:368,(anonymous_16)
FN:382,(anonymous_17)
FN:398,(anonymous_18)
FN:403,(anonymous_19)
FN:418,(anonymous_20)
FN:424,(anonymous_21)
FN:438,(anonymous_22)
FN:443,(anonymous_23)
FN:448,(anonymous_24)
FN:453,(anonymous_25)
FN:458,(anonymous_26)
FN:471,getPRDCompletionStats
FN:481,completePRD
FN:496,createRequirementRefinerSkill
FN:500,createHybridParserRollback
FNF:31
FNH:0
FNDA:0,(anonymous_0)
FNDA:0,(anonymous_1)
FNDA:0,(anonymous_2)
FNDA:0,(anonymous_3)
FNDA:0,(anonymous_4)
FNDA:0,(anonymous_5)
FNDA:0,(anonymous_6)
FNDA:0,(anonymous_7)
FNDA:0,(anonymous_8)
FNDA:0,(anonymous_9)
FNDA:0,(anonymous_10)
FNDA:0,(anonymous_11)
FNDA:0,(anonymous_12)
FNDA:0,(anonymous_13)
FNDA:0,(anonymous_14)
FNDA:0,(anonymous_15)
FNDA:0,(anonymous_16)
FNDA:0,(anonymous_17)
FNDA:0,(anonymous_18)
FNDA:0,(anonymous_19)
FNDA:0,(anonymous_20)
FNDA:0,(anonymous_21)
FNDA:0,(anonymous_22)
FNDA:0,(anonymous_23)
FNDA:0,(anonymous_24)
FNDA:0,(anonymous_25)
FNDA:0,(anonymous_26)
FNDA:0,getPRDCompletionStats
FNDA:0,completePRD
FNDA:0,createRequirementRefinerSkill
FNDA:0,createHybridParserRollback
DA:18,1
DA:30,1
DA:41,1
DA:46,1
DA:49,1
DA:72,0
DA:73,0
DA:74,0
DA:77,0
DA:78,0
DA:79,0
DA:80,0
DA:88,0
DA:89,0
DA:90,0
DA:94,0
DA:96,0
DA:99,0
DA:100,0
DA:101,0
DA:103,0
DA:104,0
DA:112,0
DA:113,0
DA:116,0
DA:119,0
DA:120,0
DA:121,0
DA:122,0
DA:123,0
DA:125,0
DA:126,0
DA:128,0
DA:131,0
DA:136,0
DA:137,0
DA:138,0
DA:139,0
DA:140,0
DA:143,0
DA:154,0
DA:156,0
DA:157,0
DA:160,0
DA:162,0
DA:163,0
DA:164,0
DA:166,0
DA:167,0
DA:171,0
DA:172,0
DA:173,0
DA:182,0
DA:183,0
DA:186,0
DA:187,0
DA:189,0
DA:191,0
DA:198,0
DA:199,0
DA:200,0
DA:201,0
DA:202,0
DA:204,0
DA:206,0
DA:207,0
DA:215,0
DA:217,0
DA:218,0
DA:220,0
DA:222,0
DA:223,0
DA:226,0
DA:227,0
DA:229,0
DA:231,0
DA:232,0
DA:233,0
DA:238,0
DA:240,0
DA:242,0
DA:249,0
DA:251,0
DA:253,0
DA:256,0
DA:257,0
DA:258,0
DA:260,0
DA:264,0
DA:266,0
DA:269,0
DA:270,0
DA:273,0
DA:280,0
DA:282,0
DA:284,0
DA:285,0
DA:291,0
DA:292,0
DA:297,0
DA:298,0
DA:299,0
DA:300,0
DA:305,0
DA:308,0
DA:316,0
DA:322,0
DA:323,0
DA:324,0
DA:325,0
DA:326,0
DA:330,0
DA:337,0
DA:338,0
DA:346,0
DA:349,0
DA:357,0
DA:358,0
DA:359,0
DA:360,0
DA:362,0
DA:369,0
DA:376,0
DA:384,0
DA:386,0
DA:395,0
DA:396,0
DA:399,0
DA:400,0
DA:403,0
DA:404,0
DA:405,0
DA:409,0
DA:411,0
DA:413,0
DA:414,0
DA:421,0
DA:426,0
DA:429,0
DA:432,0
DA:435,0
DA:439,0
DA:444,0
DA:449,0
DA:454,0
DA:459,0
DA:472,0
DA:485,0
DA:486,0
DA:487,0
DA:489,0
DA:497,0
DA:501,0
LF:153
LH:5
BRDA:74,0,0,0
BRDA:74,0,1,0
BRDA:88,1,0,0
BRDA:88,1,1,0
BRDA:88,2,0,0
BRDA:88,2,1,0
BRDA:99,3,0,0
BRDA:99,3,1,0
BRDA:121,4,0,0
BRDA:121,4,1,0
BRDA:122,5,0,0
BRDA:122,5,1,0
BRDA:125,6,0,0
BRDA:125,6,1,0
BRDA:137,7,0,0
BRDA:137,7,1,0
BRDA:162,8,0,0
BRDA:162,8,1,0
BRDA:171,9,0,0
BRDA:171,9,1,0
BRDA:183,10,0,0
BRDA:183,10,1,0
BRDA:191,11,0,0
BRDA:191,11,1,0
BRDA:200,12,0,0
BRDA:200,12,1,0
BRDA:201,13,0,0
BRDA:201,13,1,0
BRDA:202,14,0,0
BRDA:202,14,1,0
BRDA:206,15,0,0
BRDA:206,15,1,0
BRDA:229,16,0,0
BRDA:229,16,1,0
BRDA:232,17,0,0
BRDA:232,17,1,0
BRDA:240,18,0,0
BRDA:240,18,1,0
BRDA:257,19,0,0
BRDA:257,19,1,0
BRDA:269,20,0,0
BRDA:269,20,1,0
BRDA:284,21,0,0
BRDA:284,21,1,0
BRDA:291,22,0,0
BRDA:291,22,1,0
BRDA:299,23,0,0
BRDA:299,23,1,0
BRDA:305,24,0,0
BRDA:305,24,1,0
BRDA:324,25,0,0
BRDA:324,25,1,0
BRDA:376,26,0,0
BRDA:376,26,1,0
BRDA:403,27,0,0
BRDA:403,27,1,0
BRDA:483,28,0,0
BRF:57
BRH:0
end_of_record
TN:
SF:src/skills/standardization.ts
FN:22,(anonymous_0)
FN:30,(anonymous_1)
FN:34,(anonymous_2)
FN:38,(anonymous_3)
FN:45,(anonymous_4)
FN:53,(anonymous_5)
FN:78,(anonymous_6)
FN:82,(anonymous_7)
FN:86,(anonymous_8)
FN:90,(anonymous_9)
FN:99,createSkillsRegistry
FNF:11
FNH:0
FNDA:0,(anonymous_0)
FNDA:0,(anonymous_1)
FNDA:0,(anonymous_2)
FNDA:0,(anonymous_3)
FNDA:0,(anonymous_4)
FNDA:0,(anonymous_5)
FNDA:0,(anonymous_6)
FNDA:0,(anonymous_7)
FNDA:0,(anonymous_8)
FNDA:0,(anonymous_9)
FNDA:0,createSkillsRegistry
DA:19,0
DA:20,0
DA:23,0
DA:24,0
DA:25,0
DA:26,0
DA:27,0
DA:31,0
DA:35,0
DA:39,0
DA:40,0
DA:41,0
DA:43,0
DA:44,0
DA:45,0
DA:46,0
DA:48,0
DA:51,0
DA:52,0
DA:53,0
DA:54,0
DA:55,0
DA:59,0
DA:76,0
DA:79,0
DA:83,0
DA:87,0
DA:91,0
DA:92,0
DA:93,0
DA:95,0
DA:100,0
LF:32
LH:0
BRDA:26,0,0,0
BRDA:26,0,1,0
BRDA:27,1,0,0
BRDA:27,1,1,0
BRDA:43,2,0,0
BRDA:43,2,1,0
BRDA:51,3,0,0
BRDA:51,3,1,0
BRF:8
BRH:0
end_of_record
TN:
SF:src/skills/core/skill.ts
FN:52,(anonymous_0)
FN:58,(anonymous_1)
FN:84,(anonymous_2)
FN:88,(anonymous_3)
FN:92,(anonymous_4)
FN:97,createSkillRegistry
FNF:6
FNH:0
FNDA:0,(anonymous_0)
FNDA:0,(anonymous_1)
FNDA:0,(anonymous_2)
FNDA:0,(anonymous_3)
FNDA:0,(anonymous_4)
FNDA:0,createSkillRegistry
DA:53,0
DA:54,0
DA:55,0
DA:59,0
DA:82,0
DA:85,0
DA:89,0
DA:93,0
DA:98,0
LF:9
LH:0
BRF:0
BRH:0
end_of_record
TN:
SF:src/skills/prd/confidence-calculator.ts
FN:41,(anonymous_0)
FN:66,(anonymous_1)
FN:95,(anonymous_2)
FN:106,(anonymous_3)
FN:133,(anonymous_4)
FN:138,(anonymous_5)
FN:153,(anonymous_6)
FN:178,(anonymous_7)
FN:186,(anonymous_8)
FN:197,(anonymous_9)
FN:206,createConfidenceCalculator
FNF:11
FNH:0
FNDA:0,(anonymous_0)
FNDA:0,(anonymous_1)
FNDA:0,(anonymous_2)
FNDA:0,(anonymous_3)
FNDA:0,(anonymous_4)
FNDA:0,(anonymous_5)
FNDA:0,(anonymous_6)
FNDA:0,(anonymous_7)
FNDA:0,(anonymous_8)
FNDA:0,(anonymous_9)
FNDA:0,createConfidenceCalculator
DA:24,2
DA:36,0
DA:42,0
DA:45,0
DA:46,0
DA:49,0
DA:50,0
DA:53,0
DA:54,0
DA:57,0
DA:58,0
DA:60,0
DA:68,0
DA:77,0
DA:80,0
DA:81,0
DA:82,0
DA:84,0
DA:85,0
DA:89,0
DA:96,0
DA:97,0
DA:100,0
DA:108,0
DA:109,0
DA:112,0
DA:113,0
DA:114,0
DA:116,0
DA:119,0
DA:120,0
DA:121,0
DA:122,0
DA:124,0
DA:127,0
DA:136,0
DA:137,0
DA:138,0
DA:141,0
DA:143,0
DA:146,0
DA:151,0
DA:152,0
DA:153,0
DA:156,0
DA:157,0
DA:159,0
DA:164,0
DA:166,0
DA:167,0
DA:172,0
DA:179,0
DA:180,0
DA:187,0
DA:188,0
DA:189,0
DA:191,0
DA:198,0
DA:207,0
LF:59
LH:1
BRDA:77,0,0,0
BRDA:77,0,1,0
BRDA:80,1,0,0
BRDA:80,1,1,0
BRDA:81,2,0,0
BRDA:81,2,1,0
BRDA:81,3,0,0
BRDA:81,3,1,0
BRDA:84,4,0,0
BRDA:84,4,1,0
BRDA:84,5,0,0
BRDA:84,5,1,0
BRDA:100,6,0,0
BRDA:100,6,1,0
BRDA:108,7,0,0
BRDA:108,7,1,0
BRDA:112,8,0,0
BRDA:112,8,1,0
BRDA:113,9,0,0
BRDA:113,9,1,0
BRDA:119,10,0,0
BRDA:119,10,1,0
BRDA:121,11,0,0
BRDA:121,11,1,0
BRDA:136,12,0,0
BRDA:136,12,1,0
BRDA:137,13,0,0
BRDA:137,13,1,0
BRDA:143,14,0,0
BRDA:143,14,1,0
BRDA:143,15,0,0
BRDA:143,15,1,0
BRDA:143,15,2,0
BRDA:151,16,0,0
BRDA:151,16,1,0
BRDA:152,17,0,0
BRDA:152,17,1,0
BRDA:157,18,0,0
BRDA:157,18,1,0
BRDA:157,19,0,0
BRDA:157,19,1,0
BRDA:164,20,0,0
BRDA:164,20,1,0
BRDA:166,21,0,0
BRDA:166,21,1,0
BRDA:166,22,0,0
BRDA:166,22,1,0
BRF:47
BRH:0
end_of_record
TN:
SF:src/skills/prd/prd-completion-engine.ts
FN:57,(anonymous_0)
FN:74,(anonymous_1)
FN:81,(anonymous_2)
FN:115,(anonymous_3)
FN:116,(anonymous_4)
FN:126,(anonymous_5)
FN:141,(anonymous_6)
FN:155,(anonymous_7)
FN:162,(anonymous_8)
FN:168,(anonymous_9)
FN:178,(anonymous_10)
FN:185,(anonymous_11)
FN:191,(anonymous_12)
FN:214,(anonymous_13)
FN:223,(anonymous_14)
FN:232,(anonymous_15)
FN:244,(anonymous_16)
FN:257,(anonymous_17)
FN:269,(anonymous_18)
FN:290,(anonymous_19)
FN:315,(anonymous_20)
FN:317,(anonymous_21)
FN:323,(anonymous_22)
FN:325,(anonymous_23)
FN:326,(anonymous_24)
FN:333,(anonymous_25)
FN:335,(anonymous_26)
FN:345,(anonymous_27)
FN:360,(anonymous_28)
FN:370,(anonymous_29)
FN:379,(anonymous_30)
FN:395,(anonymous_31)
FN:429,(anonymous_32)
FN:442,(anonymous_33)
FN:456,(anonymous_34)
FN:491,(anonymous_35)
FN:492,(anonymous_36)
FN:499,(anonymous_37)
FN:500,(anonymous_38)
FN:507,(anonymous_39)
FN:508,(anonymous_40)
FN:515,(anonymous_41)
FN:516,(anonymous_42)
FN:523,(anonymous_43)
FN:524,(anonymous_44)
FN:533,createPRDCompletionEngine
FNF:46
FNH:0
FNDA:0,(anonymous_0)
FNDA:0,(anonymous_1)
FNDA:0,(anonymous_2)
FNDA:0,(anonymous_3)
FNDA:0,(anonymous_4)
FNDA:0,(anonymous_5)
FNDA:0,(anonymous_6)
FNDA:0,(anonymous_7)
FNDA:0,(anonymous_8)
FNDA:0,(anonymous_9)
FNDA:0,(anonymous_10)
FNDA:0,(anonymous_11)
FNDA:0,(anonymous_12)
FNDA:0,(anonymous_13)
FNDA:0,(anonymous_14)
FNDA:0,(anonymous_15)
FNDA:0,(anonymous_16)
FNDA:0,(anonymous_17)
FNDA:0,(anonymous_18)
FNDA:0,(anonymous_19)
FNDA:0,(anonymous_20)
FNDA:0,(anonymous_21)
FNDA:0,(anonymous_22)
FNDA:0,(anonymous_23)
FNDA:0,(anonymous_24)
FNDA:0,(anonymous_25)
FNDA:0,(anonymous_26)
FNDA:0,(anonymous_27)
FNDA:0,(anonymous_28)
FNDA:0,(anonymous_29)
FNDA:0,(anonymous_30)
FNDA:0,(anonymous_31)
FNDA:0,(anonymous_32)
FNDA:0,(anonymous_33)
FNDA:0,(anonymous_34)
FNDA:0,(anonymous_35)
FNDA:0,(anonymous_36)
FNDA:0,(anonymous_37)
FNDA:0,(anonymous_38)
FNDA:0,(anonymous_39)
FNDA:0,(anonymous_40)
FNDA:0,(anonymous_41)
FNDA:0,(anonymous_42)
FNDA:0,(anonymous_43)
FNDA:0,(anonymous_44)
FNDA:0,createPRDCompletionEngine
DA:62,0
DA:63,0
DA:64,0
DA:75,0
DA:82,0
DA:85,0
DA:86,0
DA:89,0
DA:90,0
DA:93,0
DA:94,0
DA:97,0
DA:98,0
DA:101,0
DA:102,0
DA:105,0
DA:106,0
DA:109,0
DA:110,0
DA:111,0
DA:115,0
DA:116,0
DA:119,0
DA:120,0
DA:121,0
DA:125,0
DA:126,0
DA:129,0
DA:142,0
DA:143,0
DA:146,0
DA:147,0
DA:149,0
DA:155,0
DA:163,0
DA:164,0
DA:167,0
DA:168,0
DA:170,0
DA:172,0
DA:178,0
DA:186,0
DA:187,0
DA:189,0
DA:191,0
DA:192,0
DA:195,0
DA:196,0
DA:208,0
DA:215,0
DA:216,0
DA:218,0
DA:219,0
DA:220,0
DA:222,0
DA:223,0
DA:225,0
DA:226,0
DA:232,0
DA:238,0
DA:245,0
DA:246,0
DA:248,0
DA:249,0
DA:250,0
DA:251,0
DA:257,0
DA:263,0
DA:270,0
DA:272,0
DA:274,0
DA:275,0
DA:277,0
DA:292,0
DA:294,0
DA:296,0
DA:298,0
DA:300,0
DA:302,0
DA:304,0
DA:316,0
DA:317,0
DA:325,0
DA:326,0
DA:327,0
DA:334,0
DA:335,0
DA:346,0
DA:355,0
DA:357,0
DA:358,0
DA:359,0
DA:360,0
DA:364,0
DA:371,0
DA:374,0
DA:375,0
DA:377,0
DA:378,0
DA:379,0
DA:380,0
DA:389,0
DA:396,0
DA:399,0
DA:407,0
DA:409,0
DA:410,0
DA:411,0
DA:412,0
DA:413,0
DA:423,0
DA:430,0
DA:437,0
DA:439,0
DA:440,0
DA:441,0
DA:442,0
DA:444,0
DA:445,0
DA:450,0
DA:457,0
DA:459,0
DA:465,0
DA:467,0
DA:468,0
DA:469,0
DA:470,0
DA:471,0
DA:481,0
DA:492,0
DA:493,0
DA:500,0
DA:501,0
DA:508,0
DA:509,0
DA:516,0
DA:517,0
DA:524,0
DA:525,0
DA:537,0
LF:140
LH:0
BRDA:81,0,0,0
BRDA:125,1,0,0
BRDA:125,1,1,0
BRDA:143,2,0,0
BRDA:143,2,1,0
BRDA:147,3,0,0
BRDA:147,3,1,0
BRDA:164,4,0,0
BRDA:164,4,1,0
BRDA:170,5,0,0
BRDA:170,5,1,0
BRDA:192,6,0,0
BRDA:192,6,1,0
BRDA:195,7,0,0
BRDA:195,7,1,0
BRDA:195,8,0,0
BRDA:195,8,1,0
BRDA:220,9,0,0
BRDA:220,9,1,0
BRDA:225,10,0,0
BRDA:225,10,1,0
BRDA:250,11,0,0
BRDA:250,11,1,0
BRDA:250,12,0,0
BRDA:250,12,1,0
BRDA:272,13,0,0
BRDA:272,13,1,0
BRDA:275,14,0,0
BRDA:275,14,1,0
BRDA:292,15,0,0
BRDA:292,15,1,0
BRDA:292,15,2,0
BRDA:292,15,3,0
BRDA:292,15,4,0
BRDA:292,15,5,0
BRDA:359,16,0,0
BRDA:359,16,1,0
BRDA:379,17,0,0
BRDA:379,17,1,0
BRDA:412,18,0,0
BRDA:412,18,1,0
BRDA:441,19,0,0
BRDA:441,19,1,0
BRDA:445,20,0,0
BRDA:445,20,1,0
BRDA:470,21,0,0
BRDA:470,21,1,0
BRDA:516,22,0,0
BRDA:516,22,1,0
BRF:49
BRH:0
end_of_record
TN:
SF:src/skills/prd/prd-feedback-loop.ts
FN:60,(anonymous_0)
FN:71,(anonymous_1)
FN:77,(anonymous_2)
FN:88,(anonymous_3)
FN:97,(anonymous_4)
FN:98,(anonymous_5)
FN:102,(anonymous_6)
FN:119,(anonymous_7)
FN:149,(anonymous_8)
FN:154,(anonymous_9)
FN:156,(anonymous_10)
FN:167,(anonymous_11)
FN:169,(anonymous_12)
FN:192,(anonymous_13)
FN:222,(anonymous_14)
FN:231,(anonymous_15)
FN:246,(anonymous_16)
FN:271,(anonymous_17)
FN:292,(anonymous_18)
FN:300,(anonymous_19)
FN:307,(anonymous_20)
FN:317,createPRDFeedbackLoop
FNF:22
FNH:0
FNDA:0,(anonymous_0)
FNDA:0,(anonymous_1)
FNDA:0,(anonymous_2)
FNDA:0,(anonymous_3)
FNDA:0,(anonymous_4)
FNDA:0,(anonymous_5)
FNDA:0,(anonymous_6)
FNDA:0,(anonymous_7)
FNDA:0,(anonymous_8)
FNDA:0,(anonymous_9)
FNDA:0,(anonymous_10)
FNDA:0,(anonymous_11)
FNDA:0,(anonymous_12)
FNDA:0,(anonymous_13)
FNDA:0,(anonymous_14)
FNDA:0,(anonymous_15)
FNDA:0,(anonymous_16)
FNDA:0,(anonymous_17)
FNDA:0,(anonymous_18)
FNDA:0,(anonymous_19)
FNDA:0,(anonymous_20)
FNDA:0,createPRDFeedbackLoop
DA:15,2
DA:57,0
DA:58,0
DA:64,0
DA:65,0
DA:72,0
DA:73,0
DA:76,0
DA:77,0
DA:80,0
DA:81,0
DA:89,0
DA:90,0
DA:98,0
DA:100,0
DA:102,0
DA:103,0
DA:106,0
DA:108,0
DA:111,0
DA:112,0
DA:120,0
DA:122,0
DA:124,0
DA:127,0
DA:130,0
DA:131,0
DA:132,0
DA:136,0
DA:137,0
DA:140,0
DA:142,0
DA:150,0
DA:151,0
DA:153,0
DA:154,0
DA:155,0
DA:156,0
DA:157,0
DA:161,0
DA:168,0
DA:169,0
DA:171,0
DA:173,0
DA:186,0
DA:193,0
DA:195,0
DA:196,0
DA:197,0
DA:202,0
DA:203,0
DA:211,0
DA:225,0
DA:232,0
DA:233,0
DA:235,0
DA:247,0
DA:249,0
DA:250,0
DA:251,0
DA:256,0
DA:257,0
DA:265,0
DA:272,0
DA:274,0
DA:275,0
DA:276,0
DA:278,0
DA:279,0
DA:282,0
DA:293,0
DA:294,0
DA:301,0
DA:308,0
DA:309,0
DA:321,0
LF:76
LH:1
BRDA:76,0,0,0
BRDA:76,0,1,0
BRDA:80,1,0,0
BRDA:80,1,1,0
BRDA:98,2,0,0
BRDA:98,2,1,0
BRDA:100,3,0,0
BRDA:100,3,1,0
BRDA:111,4,0,0
BRDA:111,4,1,0
BRDA:155,5,0,0
BRDA:155,5,1,0
BRDA:169,6,0,0
BRDA:169,6,1,0
BRDA:196,7,0,0
BRDA:196,7,1,0
BRDA:202,8,0,0
BRDA:202,8,1,0
BRDA:250,9,0,0
BRDA:250,9,1,0
BRDA:256,10,0,0
BRDA:256,10,1,0
BRDA:275,11,0,0
BRDA:275,11,1,0
BRF:24
BRH:0
end_of_record
TN:
SF:src/ui/ui-index.ts
FNF:0
FNH:0
LF:0
LH:0
BRF:0
BRH:0
end_of_record
TN:
SF:src/ui/ui-skill.ts
FN:24,(anonymous_0)
FN:29,createComponentSynthesizer
FN:56,(anonymous_2)
FN:61,createLayoutGenerator
FN:78,(anonymous_4)
FN:82,(anonymous_5)
FN:86,(anonymous_6)
FN:100,createDesignSystemMapper
FN:116,(anonymous_8)
FN:121,createInteractionFlowEngine
FN:137,(anonymous_10)
FN:142,createPrototypeGenerator
FNF:12
FNH:0
FNDA:0,(anonymous_0)
FNDA:0,createComponentSynthesizer
FNDA:0,(anonymous_2)
FNDA:0,createLayoutGenerator
FNDA:0,(anonymous_4)
FNDA:0,(anonymous_5)
FNDA:0,(anonymous_6)
FNDA:0,createDesignSystemMapper
FNDA:0,(anonymous_8)
FNDA:0,createInteractionFlowEngine
FNDA:0,(anonymous_10)
FNDA:0,createPrototypeGenerator
DA:25,0
DA:30,0
DA:33,0
DA:57,0
DA:62,0
DA:76,0
DA:79,0
DA:83,0
DA:87,0
DA:88,0
DA:90,0
DA:91,0
DA:96,0
DA:101,0
DA:117,0
DA:122,0
DA:138,0
DA:143,0
LF:18
LH:0
BRDA:88,0,0,0
BRDA:88,0,1,0
BRF:2
BRH:0
end_of_record
TN:
SF:src/utils/core-utils.ts
FN:18,computeRoleCost
FN:32,computeEconomicsScore
FN:33,(anonymous_2)
FN:42,computeInterfaceCost
FN:43,(anonymous_4)
FN:55,predictReworkRisk
FN:86,computeTotalReworkRisk
FN:90,(anonymous_7)
FN:102,determineOptimalRoleCount
FN:114,computeContractCouplingBound
FN:115,(anonymous_10)
FN:129,generateOwnershipProof
FN:140,validateProofs
FN:141,(anonymous_13)
FN:151,canonicalizeResource
FN:168,resolveOwnershipConflict
FNF:16
FNH:0
FNDA:0,computeRoleCost
FNDA:0,computeEconomicsScore
FNDA:0,(anonymous_2)
FNDA:0,computeInterfaceCost
FNDA:0,(anonymous_4)
FNDA:0,predictReworkRisk
FNDA:0,computeTotalReworkRisk
FNDA:0,(anonymous_7)
FNDA:0,determineOptimalRoleCount
FNDA:0,computeContractCouplingBound
FNDA:0,(anonymous_10)
FNDA:0,generateOwnershipProof
FNDA:0,validateProofs
FNDA:0,(anonymous_13)
FNDA:0,canonicalizeResource
FNDA:0,resolveOwnershipConflict
DA:19,0
DA:20,0
DA:21,0
DA:23,0
DA:33,0
DA:34,0
DA:43,0
DA:56,0
DA:59,0
DA:60,0
DA:64,0
DA:65,0
DA:69,0
DA:70,0
DA:74,0
DA:75,0
DA:78,0
DA:87,0
DA:89,0
DA:90,0
DA:103,0
DA:104,0
DA:105,0
DA:106,0
DA:115,0
DA:116,0
DA:117,0
DA:130,0
DA:131,0
DA:132,0
DA:141,0
DA:142,0
DA:152,0
DA:153,0
DA:154,0
DA:156,0
DA:170,0
DA:171,0
DA:177,0
DA:178,0
DA:184,0
LF:41
LH:0
BRDA:19,0,0,0
BRDA:19,0,1,0
BRDA:20,1,0,0
BRDA:20,1,1,0
BRDA:21,2,0,0
BRDA:21,2,1,0
BRDA:43,3,0,0
BRDA:43,3,1,0
BRDA:59,4,0,0
BRDA:59,4,1,0
BRDA:59,5,0,0
BRDA:59,5,1,0
BRDA:64,6,0,0
BRDA:64,6,1,0
BRDA:69,7,0,0
BRDA:69,7,1,0
BRDA:74,8,0,0
BRDA:74,8,1,0
BRDA:87,9,0,0
BRDA:87,9,1,0
BRDA:103,10,0,0
BRDA:103,10,1,0
BRDA:104,11,0,0
BRDA:104,11,1,0
BRDA:105,12,0,0
BRDA:105,12,1,0
BRDA:116,13,0,0
BRDA:116,13,1,0
BRDA:117,14,0,0
BRDA:117,14,1,0
BRDA:142,15,0,0
BRDA:142,15,1,0
BRDA:142,15,2,0
BRDA:153,16,0,0
BRDA:153,16,1,0
BRDA:170,17,0,0
BRDA:170,17,1,0
BRDA:177,18,0,0
BRDA:177,18,1,0
BRF:39
BRH:0
end_of_record
TN:
SF:src/utils/logger.ts
FN:18,(anonymous_0)
FN:27,(anonymous_1)
FN:33,(anonymous_2)
FN:39,(anonymous_3)
FN:45,(anonymous_4)
FN:51,(anonymous_5)
FN:58,(anonymous_6)
FN:79,createModuleLogger
FNF:8
FNH:5
FNDA:32,(anonymous_0)
FNDA:0,(anonymous_1)
FNDA:21,(anonymous_2)
FNDA:0,(anonymous_3)
FNDA:0,(anonymous_4)
FNDA:21,(anonymous_5)
FNDA:21,(anonymous_6)
FNDA:21,createModuleLogger
DA:19,32
DA:28,0
DA:29,0
DA:34,21
DA:35,21
DA:40,0
DA:41,0
DA:46,0
DA:47,0
DA:52,21
DA:53,21
DA:54,21
DA:55,21
DA:59,21
DA:61,21
DA:62,21
DA:65,21
DA:67,21
DA:72,11
DA:80,21
LF:20
LH:14
BRDA:28,0,0,0
BRDA:28,0,1,0
BRDA:34,1,0,21
BRDA:34,1,1,0
BRDA:40,2,0,0
BRDA:40,2,1,0
BRDA:46,3,0,0
BRDA:46,3,1,0
BRDA:61,4,0,21
BRDA:61,4,1,0
BRF:10
BRH:2
end_of_record
