{"/root/.openclaw/workspace-main/skills/asf-v4/src/constitution-validator.ts": {"path":"/root/.openclaw/workspace-main/skills/asf-v4/src/constitution-validator.ts","statementMap":{"0":{"start":{"line":24,"column":46},"end":{"line":36,"column":null}},"1":{"start":{"line":31,"column":34},"end":{"line":31,"column":null}},"2":{"start":{"line":32,"column":34},"end":{"line":32,"column":null}},"3":{"start":{"line":33,"column":34},"end":{"line":33,"column":null}},"4":{"start":{"line":47,"column":37},"end":{"line":59,"column":null}},"5":{"start":{"line":54,"column":32},"end":{"line":54,"column":null}},"6":{"start":{"line":55,"column":32},"end":{"line":55,"column":null}},"7":{"start":{"line":56,"column":34},"end":{"line":56,"column":null}},"8":{"start":{"line":70,"column":39},"end":{"line":82,"column":null}},"9":{"start":{"line":77,"column":44},"end":{"line":77,"column":null}},"10":{"start":{"line":78,"column":35},"end":{"line":78,"column":null}},"11":{"start":{"line":79,"column":34},"end":{"line":79,"column":null}},"12":{"start":{"line":93,"column":38},"end":{"line":105,"column":null}},"13":{"start":{"line":100,"column":34},"end":{"line":100,"column":null}},"14":{"start":{"line":101,"column":32},"end":{"line":101,"column":null}},"15":{"start":{"line":102,"column":32},"end":{"line":102,"column":null}},"16":{"start":{"line":116,"column":41},"end":{"line":128,"column":null}},"17":{"start":{"line":123,"column":32},"end":{"line":123,"column":null}},"18":{"start":{"line":124,"column":31},"end":{"line":124,"column":61}},"19":{"start":{"line":125,"column":34},"end":{"line":125,"column":null}},"20":{"start":{"line":151,"column":43},"end":{"line":174,"column":null}},"21":{"start":{"line":189,"column":38},"end":{"line":211,"column":null}},"22":{"start":{"line":228,"column":60},"end":{"line":244,"column":null}},"23":{"start":{"line":233,"column":4},"end":{"line":237,"column":null}},"24":{"start":{"line":239,"column":31},"end":{"line":243,"column":null}},"25":{"start":{"line":249,"column":57},"end":{"line":263,"column":null}},"26":{"start":{"line":254,"column":4},"end":{"line":256,"column":null}},"27":{"start":{"line":258,"column":31},"end":{"line":262,"column":null}},"28":{"start":{"line":268,"column":62},"end":{"line":283,"column":null}},"29":{"start":{"line":273,"column":4},"end":{"line":275,"column":null}},"30":{"start":{"line":277,"column":31},"end":{"line":282,"column":null}},"31":{"start":{"line":288,"column":59},"end":{"line":303,"column":null}},"32":{"start":{"line":293,"column":4},"end":{"line":295,"column":null}},"33":{"start":{"line":297,"column":31},"end":{"line":302,"column":null}},"34":{"start":{"line":309,"column":34},"end":{"line":329,"column":null}},"35":{"start":{"line":336,"column":41},"end":{"line":336,"column":null}},"36":{"start":{"line":339,"column":30},"end":{"line":339,"column":32}},"37":{"start":{"line":341,"column":4},"end":{"line":357,"column":null}},"38":{"start":{"line":342,"column":6},"end":{"line":357,"column":null}},"39":{"start":{"line":343,"column":25},"end":{"line":343,"column":51}},"40":{"start":{"line":345,"column":8},"end":{"line":349,"column":null}},"41":{"start":{"line":346,"column":10},"end":{"line":349,"column":null}},"42":{"start":{"line":352,"column":8},"end":{"line":353,"column":null}},"43":{"start":{"line":353,"column":10},"end":{"line":353,"column":null}},"44":{"start":{"line":356,"column":8},"end":{"line":357,"column":null}},"45":{"start":{"line":357,"column":10},"end":{"line":357,"column":null}},"46":{"start":{"line":362,"column":4},"end":{"line":365,"column":null}},"47":{"start":{"line":370,"column":2},"end":{"line":370,"column":null}}},"fnMap":{"0":{"name":"(anonymous_0)","decl":{"start":{"line":31,"column":4},"end":{"line":31,"column":17}},"loc":{"start":{"line":31,"column":34},"end":{"line":31,"column":null}},"line":31},"1":{"name":"(anonymous_1)","decl":{"start":{"line":32,"column":4},"end":{"line":32,"column":17}},"loc":{"start":{"line":32,"column":34},"end":{"line":32,"column":null}},"line":32},"2":{"name":"(anonymous_2)","decl":{"start":{"line":33,"column":4},"end":{"line":33,"column":17}},"loc":{"start":{"line":33,"column":34},"end":{"line":33,"column":null}},"line":33},"3":{"name":"(anonymous_3)","decl":{"start":{"line":54,"column":4},"end":{"line":54,"column":15}},"loc":{"start":{"line":54,"column":32},"end":{"line":54,"column":null}},"line":54},"4":{"name":"(anonymous_4)","decl":{"start":{"line":55,"column":4},"end":{"line":55,"column":15}},"loc":{"start":{"line":55,"column":32},"end":{"line":55,"column":null}},"line":55},"5":{"name":"(anonymous_5)","decl":{"start":{"line":56,"column":4},"end":{"line":56,"column":17}},"loc":{"start":{"line":56,"column":34},"end":{"line":56,"column":null}},"line":56},"6":{"name":"(anonymous_6)","decl":{"start":{"line":77,"column":4},"end":{"line":77,"column":27}},"loc":{"start":{"line":77,"column":44},"end":{"line":77,"column":null}},"line":77},"7":{"name":"(anonymous_7)","decl":{"start":{"line":78,"column":4},"end":{"line":78,"column":18}},"loc":{"start":{"line":78,"column":35},"end":{"line":78,"column":null}},"line":78},"8":{"name":"(anonymous_8)","decl":{"start":{"line":79,"column":4},"end":{"line":79,"column":17}},"loc":{"start":{"line":79,"column":34},"end":{"line":79,"column":null}},"line":79},"9":{"name":"(anonymous_9)","decl":{"start":{"line":100,"column":4},"end":{"line":100,"column":17}},"loc":{"start":{"line":100,"column":34},"end":{"line":100,"column":null}},"line":100},"10":{"name":"(anonymous_10)","decl":{"start":{"line":101,"column":4},"end":{"line":101,"column":15}},"loc":{"start":{"line":101,"column":32},"end":{"line":101,"column":null}},"line":101},"11":{"name":"(anonymous_11)","decl":{"start":{"line":102,"column":4},"end":{"line":102,"column":15}},"loc":{"start":{"line":102,"column":32},"end":{"line":102,"column":null}},"line":102},"12":{"name":"(anonymous_12)","decl":{"start":{"line":123,"column":4},"end":{"line":123,"column":15}},"loc":{"start":{"line":123,"column":32},"end":{"line":123,"column":null}},"line":123},"13":{"name":"(anonymous_13)","decl":{"start":{"line":124,"column":4},"end":{"line":124,"column":14}},"loc":{"start":{"line":124,"column":31},"end":{"line":124,"column":61}},"line":124},"14":{"name":"(anonymous_14)","decl":{"start":{"line":125,"column":4},"end":{"line":125,"column":17}},"loc":{"start":{"line":125,"column":34},"end":{"line":125,"column":null}},"line":125},"15":{"name":"(anonymous_15)","decl":{"start":{"line":232,"column":2},"end":{"line":232,"column":15}},"loc":{"start":{"line":232,"column":32},"end":{"line":237,"column":null}},"line":232},"16":{"name":"(anonymous_16)","decl":{"start":{"line":239,"column":2},"end":{"line":239,"column":13}},"loc":{"start":{"line":239,"column":31},"end":{"line":243,"column":null}},"line":239},"17":{"name":"(anonymous_17)","decl":{"start":{"line":253,"column":2},"end":{"line":253,"column":15}},"loc":{"start":{"line":253,"column":32},"end":{"line":256,"column":null}},"line":253},"18":{"name":"(anonymous_18)","decl":{"start":{"line":258,"column":2},"end":{"line":258,"column":13}},"loc":{"start":{"line":258,"column":31},"end":{"line":262,"column":null}},"line":258},"19":{"name":"(anonymous_19)","decl":{"start":{"line":272,"column":2},"end":{"line":272,"column":15}},"loc":{"start":{"line":272,"column":32},"end":{"line":275,"column":null}},"line":272},"20":{"name":"(anonymous_20)","decl":{"start":{"line":277,"column":2},"end":{"line":277,"column":13}},"loc":{"start":{"line":277,"column":31},"end":{"line":282,"column":null}},"line":277},"21":{"name":"(anonymous_21)","decl":{"start":{"line":292,"column":2},"end":{"line":292,"column":15}},"loc":{"start":{"line":292,"column":32},"end":{"line":295,"column":null}},"line":292},"22":{"name":"(anonymous_22)","decl":{"start":{"line":297,"column":2},"end":{"line":297,"column":13}},"loc":{"start":{"line":297,"column":31},"end":{"line":302,"column":null}},"line":297},"23":{"name":"(anonymous_23)","decl":{"start":{"line":338,"column":2},"end":{"line":338,"column":11}},"loc":{"start":{"line":338,"column":66},"end":{"line":365,"column":null}},"line":338},"24":{"name":"createConstitutionValidator","decl":{"start":{"line":369,"column":16},"end":{"line":369,"column":69}},"loc":{"start":{"line":369,"column":69},"end":{"line":370,"column":null}},"line":369}},"branchMap":{"0":{"loc":{"start":{"line":32,"column":34},"end":{"line":32,"column":null}},"type":"binary-expr","locations":[{"start":{"line":32,"column":34},"end":{"line":32,"column":61}},{"start":{"line":32,"column":61},"end":{"line":32,"column":null}}],"line":32},"1":{"loc":{"start":{"line":233,"column":11},"end":{"line":237,"column":null}},"type":"binary-expr","locations":[{"start":{"line":233,"column":11},"end":{"line":233,"column":null}},{"start":{"line":234,"column":9},"end":{"line":234,"column":null}},{"start":{"line":235,"column":10},"end":{"line":235,"column":50}},{"start":{"line":236,"column":13},"end":{"line":236,"column":53}},{"start":{"line":237,"column":13},"end":{"line":237,"column":56}}],"line":233},"2":{"loc":{"start":{"line":254,"column":11},"end":{"line":256,"column":null}},"type":"binary-expr","locations":[{"start":{"line":254,"column":11},"end":{"line":254,"column":null}},{"start":{"line":255,"column":9},"end":{"line":255,"column":null}},{"start":{"line":256,"column":9},"end":{"line":256,"column":null}}],"line":254},"3":{"loc":{"start":{"line":273,"column":11},"end":{"line":275,"column":null}},"type":"binary-expr","locations":[{"start":{"line":273,"column":11},"end":{"line":273,"column":null}},{"start":{"line":274,"column":9},"end":{"line":274,"column":null}},{"start":{"line":275,"column":9},"end":{"line":275,"column":null}}],"line":273},"4":{"loc":{"start":{"line":293,"column":11},"end":{"line":295,"column":null}},"type":"binary-expr","locations":[{"start":{"line":293,"column":11},"end":{"line":293,"column":null}},{"start":{"line":294,"column":9},"end":{"line":294,"column":null}},{"start":{"line":295,"column":9},"end":{"line":295,"column":null}}],"line":293},"5":{"loc":{"start":{"line":342,"column":6},"end":{"line":357,"column":null}},"type":"if","locations":[{"start":{"line":342,"column":6},"end":{"line":357,"column":null}},{"start":{},"end":{}}],"line":342},"6":{"loc":{"start":{"line":345,"column":8},"end":{"line":349,"column":null}},"type":"if","locations":[{"start":{"line":345,"column":8},"end":{"line":349,"column":null}},{"start":{},"end":{}}],"line":345},"7":{"loc":{"start":{"line":352,"column":8},"end":{"line":353,"column":null}},"type":"if","locations":[{"start":{"line":352,"column":8},"end":{"line":353,"column":null}},{"start":{},"end":{}}],"line":352},"8":{"loc":{"start":{"line":356,"column":8},"end":{"line":357,"column":null}},"type":"if","locations":[{"start":{"line":356,"column":8},"end":{"line":357,"column":null}},{"start":{},"end":{}}],"line":356}},"s":{"0":0,"1":0,"2":0,"3":0,"4":0,"5":0,"6":0,"7":0,"8":0,"9":0,"10":0,"11":0,"12":0,"13":0,"14":0,"15":0,"16":0,"17":0,"18":0,"19":0,"20":0,"21":0,"22":0,"23":0,"24":0,"25":0,"26":0,"27":0,"28":0,"29":0,"30":0,"31":0,"32":0,"33":0,"34":0,"35":0,"36":0,"37":0,"38":0,"39":0,"40":0,"41":0,"42":0,"43":0,"44":0,"45":0,"46":0,"47":0},"f":{"0":0,"1":0,"2":0,"3":0,"4":0,"5":0,"6":0,"7":0,"8":0,"9":0,"10":0,"11":0,"12":0,"13":0,"14":0,"15":0,"16":0,"17":0,"18":0,"19":0,"20":0,"21":0,"22":0,"23":0,"24":0},"b":{"0":[0,0],"1":[0,0,0,0,0],"2":[0,0,0],"3":[0,0,0],"4":[0,0,0],"5":[0,0],"6":[0,0],"7":[0,0],"8":[0,0]},"meta":{"lastBranch":9,"lastFunction":25,"lastStatement":48,"seen":{"s:24:46:36:Infinity":0,"f:31:4:31:17":0,"s:31:34:31:Infinity":1,"f:32:4:32:17":1,"s:32:34:32:Infinity":2,"b:32:34:32:61:32:61:32:Infinity":0,"f:33:4:33:17":2,"s:33:34:33:Infinity":3,"s:47:37:59:Infinity":4,"f:54:4:54:15":3,"s:54:32:54:Infinity":5,"f:55:4:55:15":4,"s:55:32:55:Infinity":6,"f:56:4:56:17":5,"s:56:34:56:Infinity":7,"s:70:39:82:Infinity":8,"f:77:4:77:27":6,"s:77:44:77:Infinity":9,"f:78:4:78:18":7,"s:78:35:78:Infinity":10,"f:79:4:79:17":8,"s:79:34:79:Infinity":11,"s:93:38:105:Infinity":12,"f:100:4:100:17":9,"s:100:34:100:Infinity":13,"f:101:4:101:15":10,"s:101:32:101:Infinity":14,"f:102:4:102:15":11,"s:102:32:102:Infinity":15,"s:116:41:128:Infinity":16,"f:123:4:123:15":12,"s:123:32:123:Infinity":17,"f:124:4:124:14":13,"s:124:31:124:61":18,"f:125:4:125:17":14,"s:125:34:125:Infinity":19,"s:151:43:174:Infinity":20,"s:189:38:211:Infinity":21,"s:228:60:244:Infinity":22,"f:232:2:232:15":15,"s:233:4:237:Infinity":23,"b:233:11:233:Infinity:234:9:234:Infinity:235:10:235:50:236:13:236:53:237:13:237:56":1,"f:239:2:239:13":16,"s:239:31:243:Infinity":24,"s:249:57:263:Infinity":25,"f:253:2:253:15":17,"s:254:4:256:Infinity":26,"b:254:11:254:Infinity:255:9:255:Infinity:256:9:256:Infinity":2,"f:258:2:258:13":18,"s:258:31:262:Infinity":27,"s:268:62:283:Infinity":28,"f:272:2:272:15":19,"s:273:4:275:Infinity":29,"b:273:11:273:Infinity:274:9:274:Infinity:275:9:275:Infinity":3,"f:277:2:277:13":20,"s:277:31:282:Infinity":30,"s:288:59:303:Infinity":31,"f:292:2:292:15":21,"s:293:4:295:Infinity":32,"b:293:11:293:Infinity:294:9:294:Infinity:295:9:295:Infinity":4,"f:297:2:297:13":22,"s:297:31:302:Infinity":33,"s:309:34:329:Infinity":34,"s:336:41:336:Infinity":35,"f:338:2:338:11":23,"s:339:30:339:32":36,"s:341:4:357:Infinity":37,"b:342:6:357:Infinity:undefined:undefined:undefined:undefined":5,"s:342:6:357:Infinity":38,"s:343:25:343:51":39,"b:345:8:349:Infinity:undefined:undefined:undefined:undefined":6,"s:345:8:349:Infinity":40,"s:346:10:349:Infinity":41,"b:352:8:353:Infinity:undefined:undefined:undefined:undefined":7,"s:352:8:353:Infinity":42,"s:353:10:353:Infinity":43,"b:356:8:357:Infinity:undefined:undefined:undefined:undefined":8,"s:356:8:357:Infinity":44,"s:357:10:357:Infinity":45,"s:362:4:365:Infinity":46,"f:369:16:369:69":24,"s:370:2:370:Infinity":47}}}
,"/root/.openclaw/workspace-main/skills/asf-v4/src/security-sandbox.ts": {"path":"/root/.openclaw/workspace-main/skills/asf-v4/src/security-sandbox.ts","statementMap":{"0":{"start":{"line":39,"column":53},"end":{"line":58,"column":null}},"1":{"start":{"line":84,"column":4},"end":{"line":84,"column":null}},"2":{"start":{"line":85,"column":4},"end":{"line":94,"column":null}},"3":{"start":{"line":106,"column":4},"end":{"line":125,"column":null}},"4":{"start":{"line":108,"column":6},"end":{"line":109,"column":null}},"5":{"start":{"line":109,"column":8},"end":{"line":109,"column":null}},"6":{"start":{"line":113,"column":21},"end":{"line":113,"column":68}},"7":{"start":{"line":115,"column":6},"end":{"line":119,"column":null}},"8":{"start":{"line":121,"column":6},"end":{"line":125,"column":null}},"9":{"start":{"line":133,"column":4},"end":{"line":133,"column":null}},"10":{"start":{"line":136,"column":4},"end":{"line":139,"column":null}},"11":{"start":{"line":137,"column":6},"end":{"line":139,"column":null}},"12":{"start":{"line":138,"column":8},"end":{"line":138,"column":null}},"13":{"start":{"line":139,"column":8},"end":{"line":139,"column":null}},"14":{"start":{"line":144,"column":4},"end":{"line":148,"column":null}},"15":{"start":{"line":145,"column":6},"end":{"line":148,"column":null}},"16":{"start":{"line":146,"column":8},"end":{"line":148,"column":null}},"17":{"start":{"line":147,"column":10},"end":{"line":147,"column":null}},"18":{"start":{"line":148,"column":10},"end":{"line":148,"column":null}},"19":{"start":{"line":154,"column":18},"end":{"line":154,"column":null}},"20":{"start":{"line":155,"column":4},"end":{"line":158,"column":null}},"21":{"start":{"line":156,"column":6},"end":{"line":158,"column":null}},"22":{"start":{"line":157,"column":8},"end":{"line":157,"column":null}},"23":{"start":{"line":158,"column":8},"end":{"line":158,"column":null}},"24":{"start":{"line":162,"column":4},"end":{"line":164,"column":null}},"25":{"start":{"line":163,"column":6},"end":{"line":163,"column":null}},"26":{"start":{"line":164,"column":6},"end":{"line":164,"column":null}},"27":{"start":{"line":167,"column":4},"end":{"line":167,"column":null}},"28":{"start":{"line":174,"column":4},"end":{"line":174,"column":null}},"29":{"start":{"line":177,"column":22},"end":{"line":177,"column":null}},"30":{"start":{"line":178,"column":4},"end":{"line":181,"column":null}},"31":{"start":{"line":179,"column":6},"end":{"line":181,"column":null}},"32":{"start":{"line":180,"column":8},"end":{"line":180,"column":null}},"33":{"start":{"line":181,"column":8},"end":{"line":181,"column":null}},"34":{"start":{"line":185,"column":4},"end":{"line":187,"column":null}},"35":{"start":{"line":186,"column":6},"end":{"line":186,"column":null}},"36":{"start":{"line":187,"column":6},"end":{"line":187,"column":null}},"37":{"start":{"line":191,"column":4},"end":{"line":193,"column":null}},"38":{"start":{"line":192,"column":6},"end":{"line":192,"column":null}},"39":{"start":{"line":193,"column":6},"end":{"line":193,"column":null}},"40":{"start":{"line":196,"column":4},"end":{"line":196,"column":null}},"41":{"start":{"line":204,"column":4},"end":{"line":206,"column":null}},"42":{"start":{"line":205,"column":6},"end":{"line":206,"column":null}},"43":{"start":{"line":206,"column":8},"end":{"line":206,"column":null}},"44":{"start":{"line":211,"column":4},"end":{"line":213,"column":null}},"45":{"start":{"line":212,"column":6},"end":{"line":212,"column":null}},"46":{"start":{"line":213,"column":6},"end":{"line":213,"column":null}},"47":{"start":{"line":216,"column":4},"end":{"line":216,"column":null}},"48":{"start":{"line":223,"column":4},"end":{"line":223,"column":null}},"49":{"start":{"line":237,"column":4},"end":{"line":238,"column":null}},"50":{"start":{"line":238,"column":6},"end":{"line":238,"column":null}},"51":{"start":{"line":241,"column":4},"end":{"line":242,"column":null}},"52":{"start":{"line":242,"column":6},"end":{"line":242,"column":null}},"53":{"start":{"line":245,"column":4},"end":{"line":245,"column":null}},"54":{"start":{"line":254,"column":2},"end":{"line":254,"column":null}},"55":{"start":{"line":262,"column":52},"end":{"line":262,"column":null}},"56":{"start":{"line":265,"column":19},"end":{"line":265,"column":38}},"57":{"start":{"line":266,"column":4},"end":{"line":266,"column":null}},"58":{"start":{"line":270,"column":4},"end":{"line":270,"column":null}},"59":{"start":{"line":274,"column":4},"end":{"line":274,"column":null}},"60":{"start":{"line":278,"column":20},"end":{"line":278,"column":42}},"61":{"start":{"line":279,"column":4},"end":{"line":281,"column":null}},"62":{"start":{"line":280,"column":6},"end":{"line":280,"column":null}},"63":{"start":{"line":281,"column":6},"end":{"line":281,"column":null}},"64":{"start":{"line":283,"column":4},"end":{"line":283,"column":null}},"65":{"start":{"line":287,"column":36},"end":{"line":287,"column":56}}},"fnMap":{"0":{"name":"(anonymous_0)","decl":{"start":{"line":83,"column":2},"end":{"line":83,"column":14}},"loc":{"start":{"line":83,"column":47},"end":{"line":94,"column":null}},"line":83},"1":{"name":"(anonymous_1)","decl":{"start":{"line":100,"column":8},"end":{"line":100,"column":20}},"loc":{"start":{"line":105,"column":5},"end":{"line":125,"column":null}},"line":105},"2":{"name":"(anonymous_2)","decl":{"start":{"line":132,"column":2},"end":{"line":132,"column":18}},"loc":{"start":{"line":132,"column":81},"end":{"line":167,"column":null}},"line":132},"3":{"name":"(anonymous_3)","decl":{"start":{"line":173,"column":2},"end":{"line":173,"column":21}},"loc":{"start":{"line":173,"column":58},"end":{"line":196,"column":null}},"line":173},"4":{"name":"(anonymous_4)","decl":{"start":{"line":202,"column":2},"end":{"line":202,"column":20}},"loc":{"start":{"line":202,"column":52},"end":{"line":216,"column":null}},"line":202},"5":{"name":"(anonymous_5)","decl":{"start":{"line":222,"column":2},"end":{"line":222,"column":30}},"loc":{"start":{"line":222,"column":30},"end":{"line":223,"column":null}},"line":222},"6":{"name":"(anonymous_6)","decl":{"start":{"line":229,"column":16},"end":{"line":229,"column":38}},"loc":{"start":{"line":229,"column":97},"end":{"line":245,"column":null}},"line":229},"7":{"name":"createSecuritySandbox","decl":{"start":{"line":253,"column":16},"end":{"line":253,"column":38}},"loc":{"start":{"line":253,"column":88},"end":{"line":254,"column":null}},"line":253},"8":{"name":"(anonymous_8)","decl":{"start":{"line":264,"column":2},"end":{"line":264,"column":18}},"loc":{"start":{"line":264,"column":50},"end":{"line":266,"column":null}},"line":264},"9":{"name":"(anonymous_9)","decl":{"start":{"line":269,"column":2},"end":{"line":269,"column":31}},"loc":{"start":{"line":269,"column":31},"end":{"line":270,"column":null}},"line":269},"10":{"name":"(anonymous_10)","decl":{"start":{"line":273,"column":2},"end":{"line":273,"column":13}},"loc":{"start":{"line":273,"column":54},"end":{"line":274,"column":null}},"line":273},"11":{"name":"(anonymous_11)","decl":{"start":{"line":277,"column":2},"end":{"line":277,"column":14}},"loc":{"start":{"line":277,"column":35},"end":{"line":283,"column":null}},"line":277}},"branchMap":{"0":{"loc":{"start":{"line":108,"column":6},"end":{"line":109,"column":null}},"type":"if","locations":[{"start":{"line":108,"column":6},"end":{"line":109,"column":null}},{"start":{},"end":{}}],"line":108},"1":{"loc":{"start":{"line":118,"column":20},"end":{"line":118,"column":null}},"type":"cond-expr","locations":[{"start":{"line":118,"column":57},"end":{"line":118,"column":83}},{"start":{"line":118,"column":83},"end":{"line":118,"column":null}}],"line":118},"2":{"loc":{"start":{"line":124,"column":20},"end":{"line":124,"column":null}},"type":"cond-expr","locations":[{"start":{"line":124,"column":57},"end":{"line":124,"column":83}},{"start":{"line":124,"column":83},"end":{"line":124,"column":null}}],"line":124},"3":{"loc":{"start":{"line":137,"column":6},"end":{"line":139,"column":null}},"type":"if","locations":[{"start":{"line":137,"column":6},"end":{"line":139,"column":null}},{"start":{},"end":{}}],"line":137},"4":{"loc":{"start":{"line":144,"column":4},"end":{"line":148,"column":null}},"type":"if","locations":[{"start":{"line":144,"column":4},"end":{"line":148,"column":null}},{"start":{},"end":{}}],"line":144},"5":{"loc":{"start":{"line":146,"column":8},"end":{"line":148,"column":null}},"type":"if","locations":[{"start":{"line":146,"column":8},"end":{"line":148,"column":null}},{"start":{},"end":{}}],"line":146},"6":{"loc":{"start":{"line":156,"column":6},"end":{"line":158,"column":null}},"type":"if","locations":[{"start":{"line":156,"column":6},"end":{"line":158,"column":null}},{"start":{},"end":{}}],"line":156},"7":{"loc":{"start":{"line":162,"column":4},"end":{"line":164,"column":null}},"type":"if","locations":[{"start":{"line":162,"column":4},"end":{"line":164,"column":null}},{"start":{},"end":{}}],"line":162},"8":{"loc":{"start":{"line":179,"column":6},"end":{"line":181,"column":null}},"type":"if","locations":[{"start":{"line":179,"column":6},"end":{"line":181,"column":null}},{"start":{},"end":{}}],"line":179},"9":{"loc":{"start":{"line":179,"column":10},"end":{"line":179,"column":66}},"type":"binary-expr","locations":[{"start":{"line":179,"column":10},"end":{"line":179,"column":34}},{"start":{"line":179,"column":34},"end":{"line":179,"column":66}}],"line":179},"10":{"loc":{"start":{"line":185,"column":4},"end":{"line":187,"column":null}},"type":"if","locations":[{"start":{"line":185,"column":4},"end":{"line":187,"column":null}},{"start":{},"end":{}}],"line":185},"11":{"loc":{"start":{"line":191,"column":4},"end":{"line":193,"column":null}},"type":"if","locations":[{"start":{"line":191,"column":4},"end":{"line":193,"column":null}},{"start":{},"end":{}}],"line":191},"12":{"loc":{"start":{"line":205,"column":6},"end":{"line":206,"column":null}},"type":"if","locations":[{"start":{"line":205,"column":6},"end":{"line":206,"column":null}},{"start":{},"end":{}}],"line":205},"13":{"loc":{"start":{"line":211,"column":4},"end":{"line":213,"column":null}},"type":"if","locations":[{"start":{"line":211,"column":4},"end":{"line":213,"column":null}},{"start":{},"end":{}}],"line":211},"14":{"loc":{"start":{"line":216,"column":11},"end":{"line":216,"column":null}},"type":"binary-expr","locations":[{"start":{"line":216,"column":11},"end":{"line":216,"column":35}},{"start":{"line":216,"column":35},"end":{"line":216,"column":null}}],"line":216},"15":{"loc":{"start":{"line":237,"column":4},"end":{"line":238,"column":null}},"type":"if","locations":[{"start":{"line":237,"column":4},"end":{"line":238,"column":null}},{"start":{},"end":{}}],"line":237},"16":{"loc":{"start":{"line":241,"column":4},"end":{"line":242,"column":null}},"type":"if","locations":[{"start":{"line":241,"column":4},"end":{"line":242,"column":null}},{"start":{},"end":{}}],"line":241},"17":{"loc":{"start":{"line":279,"column":4},"end":{"line":281,"column":null}},"type":"if","locations":[{"start":{"line":279,"column":4},"end":{"line":281,"column":null}},{"start":{},"end":{}}],"line":279}},"s":{"0":0,"1":0,"2":0,"3":0,"4":0,"5":0,"6":0,"7":0,"8":0,"9":0,"10":0,"11":0,"12":0,"13":0,"14":0,"15":0,"16":0,"17":0,"18":0,"19":0,"20":0,"21":0,"22":0,"23":0,"24":0,"25":0,"26":0,"27":0,"28":0,"29":0,"30":0,"31":0,"32":0,"33":0,"34":0,"35":0,"36":0,"37":0,"38":0,"39":0,"40":0,"41":0,"42":0,"43":0,"44":0,"45":0,"46":0,"47":0,"48":0,"49":0,"50":0,"51":0,"52":0,"53":0,"54":0,"55":0,"56":0,"57":0,"58":0,"59":0,"60":0,"61":0,"62":0,"63":0,"64":0,"65":0},"f":{"0":0,"1":0,"2":0,"3":0,"4":0,"5":0,"6":0,"7":0,"8":0,"9":0,"10":0,"11":0},"b":{"0":[0,0],"1":[0,0],"2":[0,0],"3":[0,0],"4":[0,0],"5":[0,0],"6":[0,0],"7":[0,0],"8":[0,0],"9":[0,0],"10":[0,0],"11":[0,0],"12":[0,0],"13":[0,0],"14":[0,0],"15":[0,0],"16":[0,0],"17":[0,0]},"meta":{"lastBranch":18,"lastFunction":12,"lastStatement":66,"seen":{"s:39:53:58:Infinity":0,"f:83:2:83:14":0,"s:84:4:84:Infinity":1,"s:85:4:94:Infinity":2,"f:100:8:100:20":1,"s:106:4:125:Infinity":3,"b:108:6:109:Infinity:undefined:undefined:undefined:undefined":0,"s:108:6:109:Infinity":4,"s:109:8:109:Infinity":5,"s:113:21:113:68":6,"s:115:6:119:Infinity":7,"b:118:57:118:83:118:83:118:Infinity":1,"s:121:6:125:Infinity":8,"b:124:57:124:83:124:83:124:Infinity":2,"f:132:2:132:18":2,"s:133:4:133:Infinity":9,"s:136:4:139:Infinity":10,"b:137:6:139:Infinity:undefined:undefined:undefined:undefined":3,"s:137:6:139:Infinity":11,"s:138:8:138:Infinity":12,"s:139:8:139:Infinity":13,"b:144:4:148:Infinity:undefined:undefined:undefined:undefined":4,"s:144:4:148:Infinity":14,"s:145:6:148:Infinity":15,"b:146:8:148:Infinity:undefined:undefined:undefined:undefined":5,"s:146:8:148:Infinity":16,"s:147:10:147:Infinity":17,"s:148:10:148:Infinity":18,"s:154:18:154:Infinity":19,"s:155:4:158:Infinity":20,"b:156:6:158:Infinity:undefined:undefined:undefined:undefined":6,"s:156:6:158:Infinity":21,"s:157:8:157:Infinity":22,"s:158:8:158:Infinity":23,"b:162:4:164:Infinity:undefined:undefined:undefined:undefined":7,"s:162:4:164:Infinity":24,"s:163:6:163:Infinity":25,"s:164:6:164:Infinity":26,"s:167:4:167:Infinity":27,"f:173:2:173:21":3,"s:174:4:174:Infinity":28,"s:177:22:177:Infinity":29,"s:178:4:181:Infinity":30,"b:179:6:181:Infinity:undefined:undefined:undefined:undefined":8,"s:179:6:181:Infinity":31,"b:179:10:179:34:179:34:179:66":9,"s:180:8:180:Infinity":32,"s:181:8:181:Infinity":33,"b:185:4:187:Infinity:undefined:undefined:undefined:undefined":10,"s:185:4:187:Infinity":34,"s:186:6:186:Infinity":35,"s:187:6:187:Infinity":36,"b:191:4:193:Infinity:undefined:undefined:undefined:undefined":11,"s:191:4:193:Infinity":37,"s:192:6:192:Infinity":38,"s:193:6:193:Infinity":39,"s:196:4:196:Infinity":40,"f:202:2:202:20":4,"s:204:4:206:Infinity":41,"b:205:6:206:Infinity:undefined:undefined:undefined:undefined":12,"s:205:6:206:Infinity":42,"s:206:8:206:Infinity":43,"b:211:4:213:Infinity:undefined:undefined:undefined:undefined":13,"s:211:4:213:Infinity":44,"s:212:6:212:Infinity":45,"s:213:6:213:Infinity":46,"s:216:4:216:Infinity":47,"b:216:11:216:35:216:35:216:Infinity":14,"f:222:2:222:30":5,"s:223:4:223:Infinity":48,"f:229:16:229:38":6,"b:237:4:238:Infinity:undefined:undefined:undefined:undefined":15,"s:237:4:238:Infinity":49,"s:238:6:238:Infinity":50,"b:241:4:242:Infinity:undefined:undefined:undefined:undefined":16,"s:241:4:242:Infinity":51,"s:242:6:242:Infinity":52,"s:245:4:245:Infinity":53,"f:253:16:253:38":7,"s:254:2:254:Infinity":54,"s:262:52:262:Infinity":55,"f:264:2:264:18":8,"s:265:19:265:38":56,"s:266:4:266:Infinity":57,"f:269:2:269:31":9,"s:270:4:270:Infinity":58,"f:273:2:273:13":10,"s:274:4:274:Infinity":59,"f:277:2:277:14":11,"s:278:20:278:42":60,"b:279:4:281:Infinity:undefined:undefined:undefined:undefined":17,"s:279:4:281:Infinity":61,"s:280:6:280:Infinity":62,"s:281:6:281:Infinity":63,"s:283:4:283:Infinity":64,"s:287:36:287:56":65}}}
,"/root/.openclaw/workspace-main/skills/asf-v4/src/__mocks__/openclaw-core.ts": {"path":"/root/.openclaw/workspace-main/skills/asf-v4/src/__mocks__/openclaw-core.ts","statementMap":{"0":{"start":{"line":5,"column":30},"end":{"line":17,"column":2}}},"fnMap":{},"branchMap":{},"s":{"0":0},"f":{},"b":{},"meta":{"lastBranch":0,"lastFunction":0,"lastStatement":1,"seen":{"s:5:30:17:2":0}}}
,"/root/.openclaw/workspace-main/skills/asf-v4/src/comfyui/brand-style-transfer.ts": {"path":"/root/.openclaw/workspace-main/skills/asf-v4/src/comfyui/brand-style-transfer.ts","statementMap":{"0":{"start":{"line":100,"column":57},"end":{"line":155,"column":null}},"1":{"start":{"line":167,"column":4},"end":{"line":167,"column":null}},"2":{"start":{"line":168,"column":4},"end":{"line":168,"column":null}},"3":{"start":{"line":175,"column":4},"end":{"line":175,"column":null}},"4":{"start":{"line":182,"column":4},"end":{"line":182,"column":null}},"5":{"start":{"line":191,"column":22},"end":{"line":191,"column":32}},"6":{"start":{"line":192,"column":19},"end":{"line":192,"column":null}},"7":{"start":{"line":194,"column":4},"end":{"line":267,"column":null}},"8":{"start":{"line":196,"column":6},"end":{"line":197,"column":null}},"9":{"start":{"line":197,"column":8},"end":{"line":197,"column":null}},"10":{"start":{"line":201,"column":6},"end":{"line":202,"column":null}},"11":{"start":{"line":202,"column":8},"end":{"line":202,"column":null}},"12":{"start":{"line":206,"column":29},"end":{"line":206,"column":62}},"13":{"start":{"line":209,"column":46},"end":{"line":215,"column":null}},"14":{"start":{"line":218,"column":19},"end":{"line":227,"column":null}},"15":{"start":{"line":229,"column":27},"end":{"line":229,"column":59}},"16":{"start":{"line":231,"column":6},"end":{"line":232,"column":null}},"17":{"start":{"line":232,"column":8},"end":{"line":232,"column":null}},"18":{"start":{"line":236,"column":6},"end":{"line":236,"column":null}},"19":{"start":{"line":236,"column":35},"end":{"line":236,"column":60}},"20":{"start":{"line":239,"column":42},"end":{"line":251,"column":null}},"21":{"start":{"line":253,"column":6},"end":{"line":253,"column":null}},"22":{"start":{"line":255,"column":6},"end":{"line":267,"column":null}},"23":{"start":{"line":279,"column":43},"end":{"line":279,"column":45}},"24":{"start":{"line":281,"column":4},"end":{"line":293,"column":null}},"25":{"start":{"line":282,"column":21},"end":{"line":292,"column":8}},"26":{"start":{"line":293,"column":6},"end":{"line":293,"column":null}},"27":{"start":{"line":296,"column":4},"end":{"line":296,"column":null}},"28":{"start":{"line":306,"column":29},"end":{"line":306,"column":31}},"29":{"start":{"line":312,"column":4},"end":{"line":317,"column":null}},"30":{"start":{"line":314,"column":6},"end":{"line":315,"column":null}},"31":{"start":{"line":315,"column":8},"end":{"line":315,"column":null}},"32":{"start":{"line":321,"column":30},"end":{"line":321,"column":43}},"33":{"start":{"line":322,"column":4},"end":{"line":323,"column":null}},"34":{"start":{"line":323,"column":6},"end":{"line":323,"column":null}},"35":{"start":{"line":326,"column":4},"end":{"line":329,"column":null}},"36":{"start":{"line":336,"column":16},"end":{"line":336,"column":null}},"37":{"start":{"line":338,"column":4},"end":{"line":338,"column":null}},"38":{"start":{"line":339,"column":4},"end":{"line":339,"column":null}},"39":{"start":{"line":340,"column":4},"end":{"line":340,"column":null}},"40":{"start":{"line":342,"column":4},"end":{"line":342,"column":null}},"41":{"start":{"line":343,"column":4},"end":{"line":343,"column":null}},"42":{"start":{"line":344,"column":4},"end":{"line":344,"column":null}},"43":{"start":{"line":346,"column":4},"end":{"line":346,"column":null}},"44":{"start":{"line":347,"column":4},"end":{"line":347,"column":null}},"45":{"start":{"line":347,"column":42},"end":{"line":347,"column":51}},"46":{"start":{"line":348,"column":4},"end":{"line":348,"column":null}},"47":{"start":{"line":350,"column":4},"end":{"line":350,"column":null}},"48":{"start":{"line":351,"column":4},"end":{"line":351,"column":null}},"49":{"start":{"line":352,"column":4},"end":{"line":352,"column":null}},"50":{"start":{"line":353,"column":4},"end":{"line":353,"column":null}},"51":{"start":{"line":354,"column":4},"end":{"line":354,"column":null}},"52":{"start":{"line":356,"column":4},"end":{"line":356,"column":null}},"53":{"start":{"line":357,"column":4},"end":{"line":357,"column":null}},"54":{"start":{"line":357,"column":46},"end":{"line":357,"column":57}},"55":{"start":{"line":359,"column":4},"end":{"line":359,"column":null}},"56":{"start":{"line":366,"column":18},"end":{"line":366,"column":null}},"57":{"start":{"line":367,"column":26},"end":{"line":367,"column":56}},"58":{"start":{"line":369,"column":17},"end":{"line":369,"column":null}},"59":{"start":{"line":370,"column":4},"end":{"line":370,"column":null}},"60":{"start":{"line":371,"column":4},"end":{"line":371,"column":null}},"61":{"start":{"line":373,"column":4},"end":{"line":374,"column":null}},"62":{"start":{"line":374,"column":6},"end":{"line":374,"column":null}},"63":{"start":{"line":377,"column":4},"end":{"line":378,"column":null}},"64":{"start":{"line":378,"column":6},"end":{"line":378,"column":null}},"65":{"start":{"line":381,"column":4},"end":{"line":382,"column":null}},"66":{"start":{"line":382,"column":6},"end":{"line":382,"column":null}},"67":{"start":{"line":385,"column":4},"end":{"line":386,"column":null}},"68":{"start":{"line":386,"column":6},"end":{"line":386,"column":null}},"69":{"start":{"line":389,"column":4},"end":{"line":389,"column":null}},"70":{"start":{"line":390,"column":4},"end":{"line":390,"column":null}},"71":{"start":{"line":392,"column":4},"end":{"line":392,"column":null}}},"fnMap":{"0":{"name":"(anonymous_0)","decl":{"start":{"line":166,"column":2},"end":{"line":166,"column":14}},"loc":{"start":{"line":166,"column":48},"end":{"line":168,"column":null}},"line":166},"1":{"name":"(anonymous_1)","decl":{"start":{"line":174,"column":2},"end":{"line":174,"column":16}},"loc":{"start":{"line":174,"column":41},"end":{"line":175,"column":null}},"line":174},"2":{"name":"(anonymous_2)","decl":{"start":{"line":181,"column":2},"end":{"line":181,"column":11}},"loc":{"start":{"line":181,"column":52},"end":{"line":182,"column":null}},"line":181},"3":{"name":"(anonymous_3)","decl":{"start":{"line":188,"column":8},"end":{"line":188,"column":null}},"loc":{"start":{"line":190,"column":34},"end":{"line":267,"column":null}},"line":190},"4":{"name":"(anonymous_4)","decl":{"start":{"line":236,"column":16},"end":{"line":236,"column":24}},"loc":{"start":{"line":236,"column":35},"end":{"line":236,"column":60}},"line":236},"5":{"name":"(anonymous_5)","decl":{"start":{"line":274,"column":8},"end":{"line":274,"column":null}},"loc":{"start":{"line":278,"column":36},"end":{"line":296,"column":null}},"line":278},"6":{"name":"(anonymous_6)","decl":{"start":{"line":302,"column":2},"end":{"line":302,"column":null}},"loc":{"start":{"line":305,"column":46},"end":{"line":329,"column":null}},"line":305},"7":{"name":"(anonymous_7)","decl":{"start":{"line":312,"column":28},"end":{"line":312,"column":36}},"loc":{"start":{"line":312,"column":47},"end":{"line":317,"column":null}},"line":312},"8":{"name":"(anonymous_8)","decl":{"start":{"line":335,"column":2},"end":{"line":335,"column":21}},"loc":{"start":{"line":335,"column":48},"end":{"line":359,"column":null}},"line":335},"9":{"name":"(anonymous_9)","decl":{"start":{"line":347,"column":33},"end":{"line":347,"column":37}},"loc":{"start":{"line":347,"column":42},"end":{"line":347,"column":51}},"line":347},"10":{"name":"(anonymous_10)","decl":{"start":{"line":357,"column":37},"end":{"line":357,"column":41}},"loc":{"start":{"line":357,"column":46},"end":{"line":357,"column":57}},"line":357},"11":{"name":"(anonymous_11)","decl":{"start":{"line":365,"column":2},"end":{"line":365,"column":10}},"loc":{"start":{"line":365,"column":68},"end":{"line":392,"column":null}},"line":365}},"branchMap":{"0":{"loc":{"start":{"line":196,"column":6},"end":{"line":197,"column":null}},"type":"if","locations":[{"start":{"line":196,"column":6},"end":{"line":197,"column":null}},{"start":{},"end":{}}],"line":196},"1":{"loc":{"start":{"line":201,"column":6},"end":{"line":202,"column":null}},"type":"if","locations":[{"start":{"line":201,"column":6},"end":{"line":202,"column":null}},{"start":{},"end":{}}],"line":201},"2":{"loc":{"start":{"line":201,"column":10},"end":{"line":201,"column":70}},"type":"binary-expr","locations":[{"start":{"line":201,"column":10},"end":{"line":201,"column":41}},{"start":{"line":201,"column":41},"end":{"line":201,"column":70}}],"line":201},"3":{"loc":{"start":{"line":231,"column":6},"end":{"line":232,"column":null}},"type":"if","locations":[{"start":{"line":231,"column":6},"end":{"line":232,"column":null}},{"start":{},"end":{}}],"line":231},"4":{"loc":{"start":{"line":260,"column":15},"end":{"line":260,"column":null}},"type":"cond-expr","locations":[{"start":{"line":260,"column":40},"end":{"line":260,"column":56}},{"start":{"line":260,"column":56},"end":{"line":260,"column":null}}],"line":260},"5":{"loc":{"start":{"line":277,"column":4},"end":{"line":277,"column":45}},"type":"default-arg","locations":[{"start":{"line":277,"column":43},"end":{"line":277,"column":45}}],"line":277},"6":{"loc":{"start":{"line":314,"column":6},"end":{"line":315,"column":null}},"type":"if","locations":[{"start":{"line":314,"column":6},"end":{"line":315,"column":null}},{"start":{},"end":{}}],"line":314},"7":{"loc":{"start":{"line":322,"column":4},"end":{"line":323,"column":null}},"type":"if","locations":[{"start":{"line":322,"column":4},"end":{"line":323,"column":null}},{"start":{},"end":{}}],"line":322},"8":{"loc":{"start":{"line":343,"column":26},"end":{"line":343,"column":55}},"type":"binary-expr","locations":[{"start":{"line":343,"column":26},"end":{"line":343,"column":49}},{"start":{"line":343,"column":49},"end":{"line":343,"column":55}}],"line":343},"9":{"loc":{"start":{"line":344,"column":26},"end":{"line":344,"column":52}},"type":"binary-expr","locations":[{"start":{"line":344,"column":26},"end":{"line":344,"column":46}},{"start":{"line":344,"column":46},"end":{"line":344,"column":52}}],"line":344},"10":{"loc":{"start":{"line":373,"column":4},"end":{"line":374,"column":null}},"type":"if","locations":[{"start":{"line":373,"column":4},"end":{"line":374,"column":null}},{"start":{},"end":{}}],"line":373},"11":{"loc":{"start":{"line":373,"column":8},"end":{"line":373,"column":42}},"type":"binary-expr","locations":[{"start":{"line":373,"column":8},"end":{"line":373,"column":26}},{"start":{"line":373,"column":26},"end":{"line":373,"column":42}}],"line":373},"12":{"loc":{"start":{"line":377,"column":4},"end":{"line":378,"column":null}},"type":"if","locations":[{"start":{"line":377,"column":4},"end":{"line":378,"column":null}},{"start":{},"end":{}}],"line":377},"13":{"loc":{"start":{"line":381,"column":4},"end":{"line":382,"column":null}},"type":"if","locations":[{"start":{"line":381,"column":4},"end":{"line":382,"column":null}},{"start":{},"end":{}}],"line":381},"14":{"loc":{"start":{"line":385,"column":4},"end":{"line":386,"column":null}},"type":"if","locations":[{"start":{"line":385,"column":4},"end":{"line":386,"column":null}},{"start":{},"end":{}}],"line":385}},"s":{"0":1,"1":0,"2":0,"3":0,"4":0,"5":0,"6":0,"7":0,"8":0,"9":0,"10":0,"11":0,"12":0,"13":0,"14":0,"15":0,"16":0,"17":0,"18":0,"19":0,"20":0,"21":0,"22":0,"23":0,"24":0,"25":0,"26":0,"27":0,"28":0,"29":0,"30":0,"31":0,"32":0,"33":0,"34":0,"35":0,"36":0,"37":0,"38":0,"39":0,"40":0,"41":0,"42":0,"43":0,"44":0,"45":0,"46":0,"47":0,"48":0,"49":0,"50":0,"51":0,"52":0,"53":0,"54":0,"55":0,"56":0,"57":0,"58":0,"59":0,"60":0,"61":0,"62":0,"63":0,"64":0,"65":0,"66":0,"67":0,"68":0,"69":0,"70":0,"71":0},"f":{"0":0,"1":0,"2":0,"3":0,"4":0,"5":0,"6":0,"7":0,"8":0,"9":0,"10":0,"11":0},"b":{"0":[0,0],"1":[0,0],"2":[0,0],"3":[0,0],"4":[0,0],"5":[0],"6":[0,0],"7":[0,0],"8":[0,0],"9":[0,0],"10":[0,0],"11":[0,0],"12":[0,0],"13":[0,0],"14":[0,0]},"meta":{"lastBranch":15,"lastFunction":12,"lastStatement":72,"seen":{"s:100:57:155:Infinity":0,"f:166:2:166:14":0,"s:167:4:167:Infinity":1,"s:168:4:168:Infinity":2,"f:174:2:174:16":1,"s:175:4:175:Infinity":3,"f:181:2:181:11":2,"s:182:4:182:Infinity":4,"f:188:8:188:Infinity":3,"s:191:22:191:32":5,"s:192:19:192:Infinity":6,"s:194:4:267:Infinity":7,"b:196:6:197:Infinity:undefined:undefined:undefined:undefined":0,"s:196:6:197:Infinity":8,"s:197:8:197:Infinity":9,"b:201:6:202:Infinity:undefined:undefined:undefined:undefined":1,"s:201:6:202:Infinity":10,"b:201:10:201:41:201:41:201:70":2,"s:202:8:202:Infinity":11,"s:206:29:206:62":12,"s:209:46:215:Infinity":13,"s:218:19:227:Infinity":14,"s:229:27:229:59":15,"b:231:6:232:Infinity:undefined:undefined:undefined:undefined":3,"s:231:6:232:Infinity":16,"s:232:8:232:Infinity":17,"s:236:6:236:Infinity":18,"f:236:16:236:24":4,"s:236:35:236:60":19,"s:239:42:251:Infinity":20,"s:253:6:253:Infinity":21,"s:255:6:267:Infinity":22,"b:260:40:260:56:260:56:260:Infinity":4,"f:274:8:274:Infinity":5,"b:277:43:277:45":5,"s:279:43:279:45":23,"s:281:4:293:Infinity":24,"s:282:21:292:8":25,"s:293:6:293:Infinity":26,"s:296:4:296:Infinity":27,"f:302:2:302:Infinity":6,"s:306:29:306:31":28,"s:312:4:317:Infinity":29,"f:312:28:312:36":7,"b:314:6:315:Infinity:undefined:undefined:undefined:undefined":6,"s:314:6:315:Infinity":30,"s:315:8:315:Infinity":31,"s:321:30:321:43":32,"b:322:4:323:Infinity:undefined:undefined:undefined:undefined":7,"s:322:4:323:Infinity":33,"s:323:6:323:Infinity":34,"s:326:4:329:Infinity":35,"f:335:2:335:21":8,"s:336:16:336:Infinity":36,"s:338:4:338:Infinity":37,"s:339:4:339:Infinity":38,"s:340:4:340:Infinity":39,"s:342:4:342:Infinity":40,"s:343:4:343:Infinity":41,"b:343:26:343:49:343:49:343:55":8,"s:344:4:344:Infinity":42,"b:344:26:344:46:344:46:344:52":9,"s:346:4:346:Infinity":43,"s:347:4:347:Infinity":44,"f:347:33:347:37":9,"s:347:42:347:51":45,"s:348:4:348:Infinity":46,"s:350:4:350:Infinity":47,"s:351:4:351:Infinity":48,"s:352:4:352:Infinity":49,"s:353:4:353:Infinity":50,"s:354:4:354:Infinity":51,"s:356:4:356:Infinity":52,"s:357:4:357:Infinity":53,"f:357:37:357:41":10,"s:357:46:357:57":54,"s:359:4:359:Infinity":55,"f:365:2:365:10":11,"s:366:18:366:Infinity":56,"s:367:26:367:56":57,"s:369:17:369:Infinity":58,"s:370:4:370:Infinity":59,"s:371:4:371:Infinity":60,"b:373:4:374:Infinity:undefined:undefined:undefined:undefined":10,"s:373:4:374:Infinity":61,"b:373:8:373:26:373:26:373:42":11,"s:374:6:374:Infinity":62,"b:377:4:378:Infinity:undefined:undefined:undefined:undefined":12,"s:377:4:378:Infinity":63,"s:378:6:378:Infinity":64,"b:381:4:382:Infinity:undefined:undefined:undefined:undefined":13,"s:381:4:382:Infinity":65,"s:382:6:382:Infinity":66,"b:385:4:386:Infinity:undefined:undefined:undefined:undefined":14,"s:385:4:386:Infinity":67,"s:386:6:386:Infinity":68,"s:389:4:389:Infinity":69,"s:390:4:390:Infinity":70,"s:392:4:392:Infinity":71}}}
,"/root/.openclaw/workspace-main/skills/asf-v4/src/comfyui/canary-deployer.ts": {"path":"/root/.openclaw/workspace-main/skills/asf-v4/src/comfyui/canary-deployer.ts","statementMap":{"0":{"start":{"line":108,"column":50},"end":{"line":115,"column":null}},"1":{"start":{"line":126,"column":48},"end":{"line":126,"column":null}},"2":{"start":{"line":127,"column":47},"end":{"line":127,"column":null}},"3":{"start":{"line":134,"column":4},"end":{"line":134,"column":null}},"4":{"start":{"line":135,"column":4},"end":{"line":135,"column":null}},"5":{"start":{"line":136,"column":4},"end":{"line":136,"column":null}},"6":{"start":{"line":143,"column":4},"end":{"line":144,"column":null}},"7":{"start":{"line":144,"column":6},"end":{"line":144,"column":null}},"8":{"start":{"line":147,"column":16},"end":{"line":147,"column":26}},"9":{"start":{"line":148,"column":22},"end":{"line":148,"column":null}},"10":{"start":{"line":150,"column":35},"end":{"line":159,"column":null}},"11":{"start":{"line":161,"column":4},"end":{"line":161,"column":null}},"12":{"start":{"line":164,"column":4},"end":{"line":164,"column":null}},"13":{"start":{"line":166,"column":4},"end":{"line":166,"column":null}},"14":{"start":{"line":167,"column":4},"end":{"line":167,"column":null}},"15":{"start":{"line":174,"column":4},"end":{"line":175,"column":null}},"16":{"start":{"line":175,"column":6},"end":{"line":175,"column":null}},"17":{"start":{"line":178,"column":20},"end":{"line":178,"column":null}},"18":{"start":{"line":179,"column":4},"end":{"line":179,"column":null}},"19":{"start":{"line":181,"column":4},"end":{"line":184,"column":null}},"20":{"start":{"line":182,"column":6},"end":{"line":182,"column":null}},"21":{"start":{"line":184,"column":6},"end":{"line":184,"column":null}},"22":{"start":{"line":188,"column":4},"end":{"line":188,"column":null}},"23":{"start":{"line":191,"column":4},"end":{"line":191,"column":null}},"24":{"start":{"line":198,"column":4},"end":{"line":199,"column":null}},"25":{"start":{"line":199,"column":6},"end":{"line":199,"column":null}},"26":{"start":{"line":201,"column":4},"end":{"line":201,"column":null}},"27":{"start":{"line":208,"column":4},"end":{"line":209,"column":null}},"28":{"start":{"line":209,"column":6},"end":{"line":209,"column":null}},"29":{"start":{"line":212,"column":29},"end":{"line":212,"column":null}},"30":{"start":{"line":213,"column":23},"end":{"line":213,"column":null}},"31":{"start":{"line":215,"column":4},"end":{"line":215,"column":null}},"32":{"start":{"line":222,"column":4},"end":{"line":222,"column":null}},"33":{"start":{"line":229,"column":4},"end":{"line":230,"column":null}},"34":{"start":{"line":230,"column":6},"end":{"line":230,"column":null}},"35":{"start":{"line":233,"column":25},"end":{"line":233,"column":84}},"36":{"start":{"line":234,"column":4},"end":{"line":235,"column":null}},"37":{"start":{"line":235,"column":6},"end":{"line":235,"column":null}},"38":{"start":{"line":238,"column":22},"end":{"line":238,"column":null}},"39":{"start":{"line":239,"column":4},"end":{"line":239,"column":null}},"40":{"start":{"line":240,"column":4},"end":{"line":240,"column":null}},"41":{"start":{"line":241,"column":4},"end":{"line":241,"column":null}},"42":{"start":{"line":242,"column":4},"end":{"line":242,"column":null}},"43":{"start":{"line":244,"column":4},"end":{"line":244,"column":null}},"44":{"start":{"line":247,"column":4},"end":{"line":247,"column":null}},"45":{"start":{"line":254,"column":4},"end":{"line":255,"column":null}},"46":{"start":{"line":255,"column":6},"end":{"line":255,"column":null}},"47":{"start":{"line":258,"column":4},"end":{"line":258,"column":null}},"48":{"start":{"line":259,"column":4},"end":{"line":259,"column":null}},"49":{"start":{"line":261,"column":4},"end":{"line":261,"column":null}},"50":{"start":{"line":264,"column":4},"end":{"line":264,"column":null}},"51":{"start":{"line":267,"column":4},"end":{"line":267,"column":null}},"52":{"start":{"line":274,"column":4},"end":{"line":275,"column":null}},"53":{"start":{"line":275,"column":6},"end":{"line":275,"column":null}},"54":{"start":{"line":278,"column":4},"end":{"line":278,"column":null}},"55":{"start":{"line":279,"column":33},"end":{"line":284,"column":null}},"56":{"start":{"line":286,"column":4},"end":{"line":286,"column":null}},"57":{"start":{"line":289,"column":4},"end":{"line":289,"column":null}},"58":{"start":{"line":291,"column":4},"end":{"line":291,"column":null}},"59":{"start":{"line":292,"column":4},"end":{"line":292,"column":null}},"60":{"start":{"line":298,"column":4},"end":{"line":307,"column":null}},"61":{"start":{"line":312,"column":18},"end":{"line":312,"column":null}},"62":{"start":{"line":313,"column":4},"end":{"line":314,"column":null}},"63":{"start":{"line":317,"column":4},"end":{"line":317,"column":null}},"64":{"start":{"line":318,"column":4},"end":{"line":318,"column":null}},"65":{"start":{"line":321,"column":4},"end":{"line":321,"column":null}},"66":{"start":{"line":322,"column":4},"end":{"line":322,"column":null}},"67":{"start":{"line":326,"column":4},"end":{"line":327,"column":null}},"68":{"start":{"line":327,"column":6},"end":{"line":327,"column":null}},"69":{"start":{"line":330,"column":20},"end":{"line":330,"column":null}},"70":{"start":{"line":331,"column":10},"end":{"line":331,"column":null}},"71":{"start":{"line":334,"column":4},"end":{"line":335,"column":null}},"72":{"start":{"line":335,"column":6},"end":{"line":335,"column":null}},"73":{"start":{"line":339,"column":4},"end":{"line":345,"column":null}},"74":{"start":{"line":340,"column":6},"end":{"line":343,"column":null}},"75":{"start":{"line":341,"column":8},"end":{"line":341,"column":null}},"76":{"start":{"line":343,"column":8},"end":{"line":343,"column":null}},"77":{"start":{"line":345,"column":6},"end":{"line":345,"column":null}},"78":{"start":{"line":348,"column":4},"end":{"line":354,"column":null}},"79":{"start":{"line":349,"column":6},"end":{"line":352,"column":null}},"80":{"start":{"line":350,"column":8},"end":{"line":350,"column":null}},"81":{"start":{"line":352,"column":8},"end":{"line":352,"column":null}},"82":{"start":{"line":354,"column":6},"end":{"line":354,"column":null}},"83":{"start":{"line":358,"column":25},"end":{"line":358,"column":84}},"84":{"start":{"line":359,"column":4},"end":{"line":362,"column":null}},"85":{"start":{"line":360,"column":6},"end":{"line":360,"column":null}},"86":{"start":{"line":362,"column":6},"end":{"line":362,"column":null}},"87":{"start":{"line":367,"column":15},"end":{"line":367,"column":null}},"88":{"start":{"line":368,"column":4},"end":{"line":370,"column":null}},"89":{"start":{"line":368,"column":17},"end":{"line":368,"column":20}},"90":{"start":{"line":369,"column":6},"end":{"line":369,"column":null}},"91":{"start":{"line":370,"column":6},"end":{"line":370,"column":null}},"92":{"start":{"line":372,"column":4},"end":{"line":372,"column":null}},"93":{"start":{"line":376,"column":20},"end":{"line":380,"column":null}},"94":{"start":{"line":382,"column":4},"end":{"line":382,"column":null}},"95":{"start":{"line":386,"column":4},"end":{"line":386,"column":null}},"96":{"start":{"line":390,"column":4},"end":{"line":390,"column":null}},"97":{"start":{"line":394,"column":4},"end":{"line":394,"column":null}}},"fnMap":{"0":{"name":"(anonymous_0)","decl":{"start":{"line":129,"column":2},"end":{"line":129,"column":null}},"loc":{"start":{"line":133,"column":4},"end":{"line":136,"column":null}},"line":133},"1":{"name":"(anonymous_1)","decl":{"start":{"line":142,"column":8},"end":{"line":142,"column":20}},"loc":{"start":{"line":142,"column":61},"end":{"line":167,"column":null}},"line":142},"2":{"name":"(anonymous_2)","decl":{"start":{"line":173,"column":2},"end":{"line":173,"column":16}},"loc":{"start":{"line":173,"column":61},"end":{"line":191,"column":null}},"line":173},"3":{"name":"(anonymous_3)","decl":{"start":{"line":197,"column":2},"end":{"line":197,"column":23}},"loc":{"start":{"line":197,"column":49},"end":{"line":201,"column":null}},"line":197},"4":{"name":"(anonymous_4)","decl":{"start":{"line":207,"column":2},"end":{"line":207,"column":18}},"loc":{"start":{"line":207,"column":45},"end":{"line":215,"column":null}},"line":207},"5":{"name":"(anonymous_5)","decl":{"start":{"line":221,"column":2},"end":{"line":221,"column":42}},"loc":{"start":{"line":221,"column":42},"end":{"line":222,"column":null}},"line":221},"6":{"name":"(anonymous_6)","decl":{"start":{"line":228,"column":8},"end":{"line":228,"column":38}},"loc":{"start":{"line":228,"column":38},"end":{"line":247,"column":null}},"line":228},"7":{"name":"(anonymous_7)","decl":{"start":{"line":253,"column":8},"end":{"line":253,"column":17}},"loc":{"start":{"line":253,"column":48},"end":{"line":267,"column":null}},"line":253},"8":{"name":"(anonymous_8)","decl":{"start":{"line":273,"column":8},"end":{"line":273,"column":48}},"loc":{"start":{"line":273,"column":48},"end":{"line":292,"column":null}},"line":273},"9":{"name":"(anonymous_9)","decl":{"start":{"line":297,"column":2},"end":{"line":297,"column":10}},"loc":{"start":{"line":297,"column":46},"end":{"line":307,"column":null}},"line":297},"10":{"name":"(anonymous_10)","decl":{"start":{"line":310,"column":2},"end":{"line":310,"column":10}},"loc":{"start":{"line":310,"column":80},"end":{"line":322,"column":null}},"line":310},"11":{"name":"(anonymous_11)","decl":{"start":{"line":325,"column":2},"end":{"line":325,"column":10}},"loc":{"start":{"line":325,"column":37},"end":{"line":362,"column":null}},"line":325},"12":{"name":"(anonymous_12)","decl":{"start":{"line":366,"column":2},"end":{"line":366,"column":10}},"loc":{"start":{"line":366,"column":49},"end":{"line":372,"column":null}},"line":366},"13":{"name":"(anonymous_13)","decl":{"start":{"line":375,"column":16},"end":{"line":375,"column":34}},"loc":{"start":{"line":375,"column":73},"end":{"line":382,"column":null}},"line":375},"14":{"name":"(anonymous_14)","decl":{"start":{"line":385,"column":16},"end":{"line":385,"column":35}},"loc":{"start":{"line":385,"column":74},"end":{"line":386,"column":null}},"line":385},"15":{"name":"(anonymous_15)","decl":{"start":{"line":389,"column":16},"end":{"line":389,"column":31}},"loc":{"start":{"line":389,"column":86},"end":{"line":390,"column":null}},"line":389},"16":{"name":"(anonymous_16)","decl":{"start":{"line":393,"column":16},"end":{"line":393,"column":37}},"loc":{"start":{"line":393,"column":76},"end":{"line":394,"column":null}},"line":393}},"branchMap":{"0":{"loc":{"start":{"line":130,"column":4},"end":{"line":130,"column":44}},"type":"default-arg","locations":[{"start":{"line":130,"column":42},"end":{"line":130,"column":44}}],"line":130},"1":{"loc":{"start":{"line":143,"column":4},"end":{"line":144,"column":null}},"type":"if","locations":[{"start":{"line":143,"column":4},"end":{"line":144,"column":null}},{"start":{},"end":{}}],"line":143},"2":{"loc":{"start":{"line":174,"column":4},"end":{"line":175,"column":null}},"type":"if","locations":[{"start":{"line":174,"column":4},"end":{"line":175,"column":null}},{"start":{},"end":{}}],"line":174},"3":{"loc":{"start":{"line":181,"column":4},"end":{"line":184,"column":null}},"type":"if","locations":[{"start":{"line":181,"column":4},"end":{"line":184,"column":null}},{"start":{"line":183,"column":11},"end":{"line":184,"column":null}}],"line":181},"4":{"loc":{"start":{"line":198,"column":4},"end":{"line":199,"column":null}},"type":"if","locations":[{"start":{"line":198,"column":4},"end":{"line":199,"column":null}},{"start":{},"end":{}}],"line":198},"5":{"loc":{"start":{"line":208,"column":4},"end":{"line":209,"column":null}},"type":"if","locations":[{"start":{"line":208,"column":4},"end":{"line":209,"column":null}},{"start":{},"end":{}}],"line":208},"6":{"loc":{"start":{"line":229,"column":4},"end":{"line":230,"column":null}},"type":"if","locations":[{"start":{"line":229,"column":4},"end":{"line":230,"column":null}},{"start":{},"end":{}}],"line":229},"7":{"loc":{"start":{"line":234,"column":4},"end":{"line":235,"column":null}},"type":"if","locations":[{"start":{"line":234,"column":4},"end":{"line":235,"column":null}},{"start":{},"end":{}}],"line":234},"8":{"loc":{"start":{"line":234,"column":8},"end":{"line":234,"column":78}},"type":"binary-expr","locations":[{"start":{"line":234,"column":8},"end":{"line":234,"column":31}},{"start":{"line":234,"column":31},"end":{"line":234,"column":78}}],"line":234},"9":{"loc":{"start":{"line":254,"column":4},"end":{"line":255,"column":null}},"type":"if","locations":[{"start":{"line":254,"column":4},"end":{"line":255,"column":null}},{"start":{},"end":{}}],"line":254},"10":{"loc":{"start":{"line":274,"column":4},"end":{"line":275,"column":null}},"type":"if","locations":[{"start":{"line":274,"column":4},"end":{"line":275,"column":null}},{"start":{},"end":{}}],"line":274},"11":{"loc":{"start":{"line":326,"column":4},"end":{"line":327,"column":null}},"type":"if","locations":[{"start":{"line":326,"column":4},"end":{"line":327,"column":null}},{"start":{},"end":{}}],"line":326},"12":{"loc":{"start":{"line":334,"column":4},"end":{"line":335,"column":null}},"type":"if","locations":[{"start":{"line":334,"column":4},"end":{"line":335,"column":null}},{"start":{},"end":{}}],"line":334},"13":{"loc":{"start":{"line":339,"column":4},"end":{"line":345,"column":null}},"type":"if","locations":[{"start":{"line":339,"column":4},"end":{"line":345,"column":null}},{"start":{},"end":{}}],"line":339},"14":{"loc":{"start":{"line":340,"column":6},"end":{"line":343,"column":null}},"type":"if","locations":[{"start":{"line":340,"column":6},"end":{"line":343,"column":null}},{"start":{"line":342,"column":13},"end":{"line":343,"column":null}}],"line":340},"15":{"loc":{"start":{"line":348,"column":4},"end":{"line":354,"column":null}},"type":"if","locations":[{"start":{"line":348,"column":4},"end":{"line":354,"column":null}},{"start":{},"end":{}}],"line":348},"16":{"loc":{"start":{"line":349,"column":6},"end":{"line":352,"column":null}},"type":"if","locations":[{"start":{"line":349,"column":6},"end":{"line":352,"column":null}},{"start":{"line":351,"column":13},"end":{"line":352,"column":null}}],"line":349},"17":{"loc":{"start":{"line":359,"column":4},"end":{"line":362,"column":null}},"type":"if","locations":[{"start":{"line":359,"column":4},"end":{"line":362,"column":null}},{"start":{"line":361,"column":11},"end":{"line":362,"column":null}}],"line":359}},"s":{"0":0,"1":0,"2":0,"3":0,"4":0,"5":0,"6":0,"7":0,"8":0,"9":0,"10":0,"11":0,"12":0,"13":0,"14":0,"15":0,"16":0,"17":0,"18":0,"19":0,"20":0,"21":0,"22":0,"23":0,"24":0,"25":0,"26":0,"27":0,"28":0,"29":0,"30":0,"31":0,"32":0,"33":0,"34":0,"35":0,"36":0,"37":0,"38":0,"39":0,"40":0,"41":0,"42":0,"43":0,"44":0,"45":0,"46":0,"47":0,"48":0,"49":0,"50":0,"51":0,"52":0,"53":0,"54":0,"55":0,"56":0,"57":0,"58":0,"59":0,"60":0,"61":0,"62":0,"63":0,"64":0,"65":0,"66":0,"67":0,"68":0,"69":0,"70":0,"71":0,"72":0,"73":0,"74":0,"75":0,"76":0,"77":0,"78":0,"79":0,"80":0,"81":0,"82":0,"83":0,"84":0,"85":0,"86":0,"87":0,"88":0,"89":0,"90":0,"91":0,"92":0,"93":0,"94":0,"95":0,"96":0,"97":0},"f":{"0":0,"1":0,"2":0,"3":0,"4":0,"5":0,"6":0,"7":0,"8":0,"9":0,"10":0,"11":0,"12":0,"13":0,"14":0,"15":0,"16":0},"b":{"0":[0],"1":[0,0],"2":[0,0],"3":[0,0],"4":[0,0],"5":[0,0],"6":[0,0],"7":[0,0],"8":[0,0],"9":[0,0],"10":[0,0],"11":[0,0],"12":[0,0],"13":[0,0],"14":[0,0],"15":[0,0],"16":[0,0],"17":[0,0]},"meta":{"lastBranch":18,"lastFunction":17,"lastStatement":98,"seen":{"s:108:50:115:Infinity":0,"f:129:2:129:Infinity":0,"b:130:42:130:44":0,"s:126:48:126:Infinity":1,"s:127:47:127:Infinity":2,"s:134:4:134:Infinity":3,"s:135:4:135:Infinity":4,"s:136:4:136:Infinity":5,"f:142:8:142:20":1,"b:143:4:144:Infinity:undefined:undefined:undefined:undefined":1,"s:143:4:144:Infinity":6,"s:144:6:144:Infinity":7,"s:147:16:147:26":8,"s:148:22:148:Infinity":9,"s:150:35:159:Infinity":10,"s:161:4:161:Infinity":11,"s:164:4:164:Infinity":12,"s:166:4:166:Infinity":13,"s:167:4:167:Infinity":14,"f:173:2:173:16":2,"b:174:4:175:Infinity:undefined:undefined:undefined:undefined":2,"s:174:4:175:Infinity":15,"s:175:6:175:Infinity":16,"s:178:20:178:Infinity":17,"s:179:4:179:Infinity":18,"b:181:4:184:Infinity:183:11:184:Infinity":3,"s:181:4:184:Infinity":19,"s:182:6:182:Infinity":20,"s:184:6:184:Infinity":21,"s:188:4:188:Infinity":22,"s:191:4:191:Infinity":23,"f:197:2:197:23":3,"b:198:4:199:Infinity:undefined:undefined:undefined:undefined":4,"s:198:4:199:Infinity":24,"s:199:6:199:Infinity":25,"s:201:4:201:Infinity":26,"f:207:2:207:18":4,"b:208:4:209:Infinity:undefined:undefined:undefined:undefined":5,"s:208:4:209:Infinity":27,"s:209:6:209:Infinity":28,"s:212:29:212:Infinity":29,"s:213:23:213:Infinity":30,"s:215:4:215:Infinity":31,"f:221:2:221:42":5,"s:222:4:222:Infinity":32,"f:228:8:228:38":6,"b:229:4:230:Infinity:undefined:undefined:undefined:undefined":6,"s:229:4:230:Infinity":33,"s:230:6:230:Infinity":34,"s:233:25:233:84":35,"b:234:4:235:Infinity:undefined:undefined:undefined:undefined":7,"s:234:4:235:Infinity":36,"b:234:8:234:31:234:31:234:78":8,"s:235:6:235:Infinity":37,"s:238:22:238:Infinity":38,"s:239:4:239:Infinity":39,"s:240:4:240:Infinity":40,"s:241:4:241:Infinity":41,"s:242:4:242:Infinity":42,"s:244:4:244:Infinity":43,"s:247:4:247:Infinity":44,"f:253:8:253:17":7,"b:254:4:255:Infinity:undefined:undefined:undefined:undefined":9,"s:254:4:255:Infinity":45,"s:255:6:255:Infinity":46,"s:258:4:258:Infinity":47,"s:259:4:259:Infinity":48,"s:261:4:261:Infinity":49,"s:264:4:264:Infinity":50,"s:267:4:267:Infinity":51,"f:273:8:273:48":8,"b:274:4:275:Infinity:undefined:undefined:undefined:undefined":10,"s:274:4:275:Infinity":52,"s:275:6:275:Infinity":53,"s:278:4:278:Infinity":54,"s:279:33:284:Infinity":55,"s:286:4:286:Infinity":56,"s:289:4:289:Infinity":57,"s:291:4:291:Infinity":58,"s:292:4:292:Infinity":59,"f:297:2:297:10":9,"s:298:4:307:Infinity":60,"f:310:2:310:10":10,"s:312:18:312:Infinity":61,"s:313:4:314:Infinity":62,"s:317:4:317:Infinity":63,"s:318:4:318:Infinity":64,"s:321:4:321:Infinity":65,"s:322:4:322:Infinity":66,"f:325:2:325:10":11,"b:326:4:327:Infinity:undefined:undefined:undefined:undefined":11,"s:326:4:327:Infinity":67,"s:327:6:327:Infinity":68,"s:330:20:330:Infinity":69,"s:331:10:331:Infinity":70,"b:334:4:335:Infinity:undefined:undefined:undefined:undefined":12,"s:334:4:335:Infinity":71,"s:335:6:335:Infinity":72,"b:339:4:345:Infinity:undefined:undefined:undefined:undefined":13,"s:339:4:345:Infinity":73,"b:340:6:343:Infinity:342:13:343:Infinity":14,"s:340:6:343:Infinity":74,"s:341:8:341:Infinity":75,"s:343:8:343:Infinity":76,"s:345:6:345:Infinity":77,"b:348:4:354:Infinity:undefined:undefined:undefined:undefined":15,"s:348:4:354:Infinity":78,"b:349:6:352:Infinity:351:13:352:Infinity":16,"s:349:6:352:Infinity":79,"s:350:8:350:Infinity":80,"s:352:8:352:Infinity":81,"s:354:6:354:Infinity":82,"s:358:25:358:84":83,"b:359:4:362:Infinity:361:11:362:Infinity":17,"s:359:4:362:Infinity":84,"s:360:6:360:Infinity":85,"s:362:6:362:Infinity":86,"f:366:2:366:10":12,"s:367:15:367:Infinity":87,"s:368:4:370:Infinity":88,"s:368:17:368:20":89,"s:369:6:369:Infinity":90,"s:370:6:370:Infinity":91,"s:372:4:372:Infinity":92,"f:375:16:375:34":13,"s:376:20:380:Infinity":93,"s:382:4:382:Infinity":94,"f:385:16:385:35":14,"s:386:4:386:Infinity":95,"f:389:16:389:31":15,"s:390:4:390:Infinity":96,"f:393:16:393:37":16,"s:394:4:394:Infinity":97}}}
,"/root/.openclaw/workspace-main/skills/asf-v4/src/comfyui/comfyui-workflow-orchestrator.ts": {"path":"/root/.openclaw/workspace-main/skills/asf-v4/src/comfyui/comfyui-workflow-orchestrator.ts","statementMap":{"0":{"start":{"line":109,"column":52},"end":{"line":117,"column":null}},"1":{"start":{"line":119,"column":46},"end":{"line":125,"column":null}},"2":{"start":{"line":135,"column":46},"end":{"line":135,"column":null}},"3":{"start":{"line":136,"column":35},"end":{"line":136,"column":null}},"4":{"start":{"line":137,"column":34},"end":{"line":137,"column":null}},"5":{"start":{"line":143,"column":4},"end":{"line":143,"column":null}},"6":{"start":{"line":144,"column":4},"end":{"line":144,"column":null}},"7":{"start":{"line":151,"column":29},"end":{"line":151,"column":31}},"8":{"start":{"line":154,"column":4},"end":{"line":155,"column":null}},"9":{"start":{"line":155,"column":6},"end":{"line":155,"column":null}},"10":{"start":{"line":159,"column":4},"end":{"line":164,"column":null}},"11":{"start":{"line":160,"column":6},"end":{"line":161,"column":null}},"12":{"start":{"line":161,"column":8},"end":{"line":161,"column":null}},"13":{"start":{"line":163,"column":6},"end":{"line":164,"column":null}},"14":{"start":{"line":164,"column":8},"end":{"line":164,"column":null}},"15":{"start":{"line":169,"column":4},"end":{"line":174,"column":null}},"16":{"start":{"line":170,"column":30},"end":{"line":170,"column":null}},"17":{"start":{"line":171,"column":29},"end":{"line":171,"column":null}},"18":{"start":{"line":172,"column":23},"end":{"line":172,"column":null}},"19":{"start":{"line":173,"column":6},"end":{"line":174,"column":null}},"20":{"start":{"line":174,"column":8},"end":{"line":174,"column":null}},"21":{"start":{"line":179,"column":4},"end":{"line":180,"column":null}},"22":{"start":{"line":180,"column":6},"end":{"line":180,"column":null}},"23":{"start":{"line":184,"column":4},"end":{"line":185,"column":null}},"24":{"start":{"line":185,"column":6},"end":{"line":185,"column":null}},"25":{"start":{"line":188,"column":4},"end":{"line":191,"column":null}},"26":{"start":{"line":198,"column":16},"end":{"line":198,"column":26}},"27":{"start":{"line":201,"column":4},"end":{"line":204,"column":null}},"28":{"start":{"line":202,"column":6},"end":{"line":202,"column":null}},"29":{"start":{"line":203,"column":6},"end":{"line":203,"column":null}},"30":{"start":{"line":204,"column":6},"end":{"line":204,"column":null}},"31":{"start":{"line":208,"column":4},"end":{"line":209,"column":null}},"32":{"start":{"line":209,"column":6},"end":{"line":209,"column":null}},"33":{"start":{"line":213,"column":22},"end":{"line":213,"column":null}},"34":{"start":{"line":214,"column":18},"end":{"line":214,"column":null}},"35":{"start":{"line":215,"column":4},"end":{"line":216,"column":null}},"36":{"start":{"line":216,"column":6},"end":{"line":216,"column":null}},"37":{"start":{"line":219,"column":4},"end":{"line":219,"column":null}},"38":{"start":{"line":227,"column":15},"end":{"line":227,"column":null}},"39":{"start":{"line":230,"column":34},"end":{"line":230,"column":null}},"40":{"start":{"line":231,"column":4},"end":{"line":232,"column":null}},"41":{"start":{"line":232,"column":6},"end":{"line":232,"column":null}},"42":{"start":{"line":236,"column":4},"end":{"line":237,"column":null}},"43":{"start":{"line":237,"column":6},"end":{"line":237,"column":null}},"44":{"start":{"line":241,"column":4},"end":{"line":242,"column":null}},"45":{"start":{"line":242,"column":6},"end":{"line":242,"column":null}},"46":{"start":{"line":245,"column":4},"end":{"line":245,"column":null}},"47":{"start":{"line":252,"column":22},"end":{"line":252,"column":32}},"48":{"start":{"line":254,"column":4},"end":{"line":327,"column":null}},"49":{"start":{"line":256,"column":25},"end":{"line":256,"column":54}},"50":{"start":{"line":257,"column":6},"end":{"line":262,"column":null}},"51":{"start":{"line":258,"column":8},"end":{"line":262,"column":null}},"52":{"start":{"line":266,"column":24},"end":{"line":266,"column":53}},"53":{"start":{"line":267,"column":6},"end":{"line":272,"column":null}},"54":{"start":{"line":268,"column":8},"end":{"line":272,"column":null}},"55":{"start":{"line":276,"column":27},"end":{"line":276,"column":53}},"56":{"start":{"line":277,"column":6},"end":{"line":282,"column":null}},"57":{"start":{"line":278,"column":8},"end":{"line":282,"column":null}},"58":{"start":{"line":286,"column":21},"end":{"line":301,"column":8}},"59":{"start":{"line":304,"column":24},"end":{"line":304,"column":null}},"60":{"start":{"line":305,"column":6},"end":{"line":305,"column":null}},"61":{"start":{"line":306,"column":6},"end":{"line":306,"column":null}},"62":{"start":{"line":309,"column":6},"end":{"line":321,"column":null}},"63":{"start":{"line":323,"column":6},"end":{"line":327,"column":null}},"64":{"start":{"line":339,"column":4},"end":{"line":343,"column":null}},"65":{"start":{"line":342,"column":76},"end":{"line":342,"column":83}},"66":{"start":{"line":350,"column":4},"end":{"line":350,"column":null}},"67":{"start":{"line":351,"column":4},"end":{"line":351,"column":null}},"68":{"start":{"line":352,"column":4},"end":{"line":352,"column":null}}},"fnMap":{"0":{"name":"(anonymous_0)","decl":{"start":{"line":139,"column":2},"end":{"line":139,"column":null}},"loc":{"start":{"line":142,"column":4},"end":{"line":144,"column":null}},"line":142},"1":{"name":"(anonymous_1)","decl":{"start":{"line":150,"column":2},"end":{"line":150,"column":9}},"loc":{"start":{"line":150,"column":96},"end":{"line":191,"column":null}},"line":150},"2":{"name":"(anonymous_2)","decl":{"start":{"line":197,"column":2},"end":{"line":197,"column":9}},"loc":{"start":{"line":197,"column":81},"end":{"line":219,"column":null}},"line":197},"3":{"name":"(anonymous_3)","decl":{"start":{"line":225,"column":2},"end":{"line":225,"column":9}},"loc":{"start":{"line":225,"column":63},"end":{"line":245,"column":null}},"line":225},"4":{"name":"(anonymous_4)","decl":{"start":{"line":251,"column":8},"end":{"line":251,"column":22}},"loc":{"start":{"line":251,"column":119},"end":{"line":327,"column":null}},"line":251},"5":{"name":"(anonymous_5)","decl":{"start":{"line":334,"column":2},"end":{"line":334,"column":null}},"loc":{"start":{"line":338,"column":4},"end":{"line":343,"column":null}},"line":338},"6":{"name":"(anonymous_6)","decl":{"start":{"line":342,"column":59},"end":{"line":342,"column":67}},"loc":{"start":{"line":342,"column":76},"end":{"line":342,"column":83}},"line":342},"7":{"name":"(anonymous_7)","decl":{"start":{"line":349,"column":2},"end":{"line":349,"column":21}},"loc":{"start":{"line":349,"column":21},"end":{"line":352,"column":null}},"line":349}},"branchMap":{"0":{"loc":{"start":{"line":140,"column":4},"end":{"line":140,"column":52}},"type":"default-arg","locations":[{"start":{"line":140,"column":50},"end":{"line":140,"column":52}}],"line":140},"1":{"loc":{"start":{"line":141,"column":4},"end":{"line":141,"column":46}},"type":"default-arg","locations":[{"start":{"line":141,"column":44},"end":{"line":141,"column":46}}],"line":141},"2":{"loc":{"start":{"line":154,"column":4},"end":{"line":155,"column":null}},"type":"if","locations":[{"start":{"line":154,"column":4},"end":{"line":155,"column":null}},{"start":{},"end":{}}],"line":154},"3":{"loc":{"start":{"line":154,"column":8},"end":{"line":154,"column":63}},"type":"binary-expr","locations":[{"start":{"line":154,"column":8},"end":{"line":154,"column":27}},{"start":{"line":154,"column":27},"end":{"line":154,"column":63}}],"line":154},"4":{"loc":{"start":{"line":159,"column":4},"end":{"line":164,"column":null}},"type":"if","locations":[{"start":{"line":159,"column":4},"end":{"line":164,"column":null}},{"start":{},"end":{}}],"line":159},"5":{"loc":{"start":{"line":160,"column":6},"end":{"line":161,"column":null}},"type":"if","locations":[{"start":{"line":160,"column":6},"end":{"line":161,"column":null}},{"start":{},"end":{}}],"line":160},"6":{"loc":{"start":{"line":163,"column":6},"end":{"line":164,"column":null}},"type":"if","locations":[{"start":{"line":163,"column":6},"end":{"line":164,"column":null}},{"start":{},"end":{}}],"line":163},"7":{"loc":{"start":{"line":169,"column":4},"end":{"line":174,"column":null}},"type":"if","locations":[{"start":{"line":169,"column":4},"end":{"line":174,"column":null}},{"start":{},"end":{}}],"line":169},"8":{"loc":{"start":{"line":173,"column":6},"end":{"line":174,"column":null}},"type":"if","locations":[{"start":{"line":173,"column":6},"end":{"line":174,"column":null}},{"start":{},"end":{}}],"line":173},"9":{"loc":{"start":{"line":179,"column":4},"end":{"line":180,"column":null}},"type":"if","locations":[{"start":{"line":179,"column":4},"end":{"line":180,"column":null}},{"start":{},"end":{}}],"line":179},"10":{"loc":{"start":{"line":179,"column":8},"end":{"line":179,"column":53}},"type":"binary-expr","locations":[{"start":{"line":179,"column":8},"end":{"line":179,"column":26}},{"start":{"line":179,"column":26},"end":{"line":179,"column":53}}],"line":179},"11":{"loc":{"start":{"line":184,"column":4},"end":{"line":185,"column":null}},"type":"if","locations":[{"start":{"line":184,"column":4},"end":{"line":185,"column":null}},{"start":{},"end":{}}],"line":184},"12":{"loc":{"start":{"line":184,"column":8},"end":{"line":184,"column":53}},"type":"binary-expr","locations":[{"start":{"line":184,"column":8},"end":{"line":184,"column":26}},{"start":{"line":184,"column":26},"end":{"line":184,"column":53}}],"line":184},"13":{"loc":{"start":{"line":201,"column":4},"end":{"line":204,"column":null}},"type":"if","locations":[{"start":{"line":201,"column":4},"end":{"line":204,"column":null}},{"start":{},"end":{}}],"line":201},"14":{"loc":{"start":{"line":208,"column":4},"end":{"line":209,"column":null}},"type":"if","locations":[{"start":{"line":208,"column":4},"end":{"line":209,"column":null}},{"start":{},"end":{}}],"line":208},"15":{"loc":{"start":{"line":214,"column":18},"end":{"line":214,"column":null}},"type":"binary-expr","locations":[{"start":{"line":214,"column":18},"end":{"line":214,"column":50}},{"start":{"line":214,"column":54},"end":{"line":214,"column":null}}],"line":214},"16":{"loc":{"start":{"line":215,"column":4},"end":{"line":216,"column":null}},"type":"if","locations":[{"start":{"line":215,"column":4},"end":{"line":216,"column":null}},{"start":{},"end":{}}],"line":215},"17":{"loc":{"start":{"line":231,"column":4},"end":{"line":232,"column":null}},"type":"if","locations":[{"start":{"line":231,"column":4},"end":{"line":232,"column":null}},{"start":{},"end":{}}],"line":231},"18":{"loc":{"start":{"line":236,"column":4},"end":{"line":237,"column":null}},"type":"if","locations":[{"start":{"line":236,"column":4},"end":{"line":237,"column":null}},{"start":{},"end":{}}],"line":236},"19":{"loc":{"start":{"line":241,"column":4},"end":{"line":242,"column":null}},"type":"if","locations":[{"start":{"line":241,"column":4},"end":{"line":242,"column":null}},{"start":{},"end":{}}],"line":241},"20":{"loc":{"start":{"line":251,"column":55},"end":{"line":251,"column":119}},"type":"default-arg","locations":[{"start":{"line":251,"column":74},"end":{"line":251,"column":119}}],"line":251},"21":{"loc":{"start":{"line":257,"column":6},"end":{"line":262,"column":null}},"type":"if","locations":[{"start":{"line":257,"column":6},"end":{"line":262,"column":null}},{"start":{},"end":{}}],"line":257},"22":{"loc":{"start":{"line":267,"column":6},"end":{"line":272,"column":null}},"type":"if","locations":[{"start":{"line":267,"column":6},"end":{"line":272,"column":null}},{"start":{},"end":{}}],"line":267},"23":{"loc":{"start":{"line":277,"column":6},"end":{"line":282,"column":null}},"type":"if","locations":[{"start":{"line":277,"column":6},"end":{"line":282,"column":null}},{"start":{},"end":{}}],"line":277},"24":{"loc":{"start":{"line":305,"column":40},"end":{"line":305,"column":81}},"type":"binary-expr","locations":[{"start":{"line":305,"column":40},"end":{"line":305,"column":72}},{"start":{"line":305,"column":76},"end":{"line":305,"column":81}}],"line":305},"25":{"loc":{"start":{"line":316,"column":17},"end":{"line":316,"column":null}},"type":"binary-expr","locations":[{"start":{"line":316,"column":17},"end":{"line":316,"column":34}},{"start":{"line":316,"column":34},"end":{"line":316,"column":null}}],"line":316},"26":{"loc":{"start":{"line":317,"column":22},"end":{"line":317,"column":null}},"type":"binary-expr","locations":[{"start":{"line":317,"column":22},"end":{"line":317,"column":44}},{"start":{"line":317,"column":44},"end":{"line":317,"column":null}}],"line":317},"27":{"loc":{"start":{"line":318,"column":20},"end":{"line":318,"column":null}},"type":"binary-expr","locations":[{"start":{"line":318,"column":20},"end":{"line":318,"column":47}},{"start":{"line":318,"column":47},"end":{"line":318,"column":null}}],"line":318},"28":{"loc":{"start":{"line":319,"column":23},"end":{"line":319,"column":null}},"type":"binary-expr","locations":[{"start":{"line":319,"column":23},"end":{"line":319,"column":46}},{"start":{"line":319,"column":46},"end":{"line":319,"column":null}}],"line":319},"29":{"loc":{"start":{"line":325,"column":15},"end":{"line":325,"column":null}},"type":"cond-expr","locations":[{"start":{"line":325,"column":40},"end":{"line":325,"column":56}},{"start":{"line":325,"column":56},"end":{"line":325,"column":null}}],"line":325}},"s":{"0":0,"1":0,"2":0,"3":0,"4":0,"5":0,"6":0,"7":0,"8":0,"9":0,"10":0,"11":0,"12":0,"13":0,"14":0,"15":0,"16":0,"17":0,"18":0,"19":0,"20":0,"21":0,"22":0,"23":0,"24":0,"25":0,"26":0,"27":0,"28":0,"29":0,"30":0,"31":0,"32":0,"33":0,"34":0,"35":0,"36":0,"37":0,"38":0,"39":0,"40":0,"41":0,"42":0,"43":0,"44":0,"45":0,"46":0,"47":0,"48":0,"49":0,"50":0,"51":0,"52":0,"53":0,"54":0,"55":0,"56":0,"57":0,"58":0,"59":0,"60":0,"61":0,"62":0,"63":0,"64":0,"65":0,"66":0,"67":0,"68":0},"f":{"0":0,"1":0,"2":0,"3":0,"4":0,"5":0,"6":0,"7":0},"b":{"0":[0],"1":[0],"2":[0,0],"3":[0,0],"4":[0,0],"5":[0,0],"6":[0,0],"7":[0,0],"8":[0,0],"9":[0,0],"10":[0,0],"11":[0,0],"12":[0,0],"13":[0,0],"14":[0,0],"15":[0,0],"16":[0,0],"17":[0,0],"18":[0,0],"19":[0,0],"20":[0],"21":[0,0],"22":[0,0],"23":[0,0],"24":[0,0],"25":[0,0],"26":[0,0],"27":[0,0],"28":[0,0],"29":[0,0]},"meta":{"lastBranch":30,"lastFunction":8,"lastStatement":69,"seen":{"s:109:52:117:Infinity":0,"s:119:46:125:Infinity":1,"f:139:2:139:Infinity":0,"b:140:50:140:52":0,"b:141:44:141:46":1,"s:135:46:135:Infinity":2,"s:136:35:136:Infinity":3,"s:137:34:137:Infinity":4,"s:143:4:143:Infinity":5,"s:144:4:144:Infinity":6,"f:150:2:150:9":1,"s:151:29:151:31":7,"b:154:4:155:Infinity:undefined:undefined:undefined:undefined":2,"s:154:4:155:Infinity":8,"b:154:8:154:27:154:27:154:63":3,"s:155:6:155:Infinity":9,"b:159:4:164:Infinity:undefined:undefined:undefined:undefined":4,"s:159:4:164:Infinity":10,"b:160:6:161:Infinity:undefined:undefined:undefined:undefined":5,"s:160:6:161:Infinity":11,"s:161:8:161:Infinity":12,"b:163:6:164:Infinity:undefined:undefined:undefined:undefined":6,"s:163:6:164:Infinity":13,"s:164:8:164:Infinity":14,"b:169:4:174:Infinity:undefined:undefined:undefined:undefined":7,"s:169:4:174:Infinity":15,"s:170:30:170:Infinity":16,"s:171:29:171:Infinity":17,"s:172:23:172:Infinity":18,"b:173:6:174:Infinity:undefined:undefined:undefined:undefined":8,"s:173:6:174:Infinity":19,"s:174:8:174:Infinity":20,"b:179:4:180:Infinity:undefined:undefined:undefined:undefined":9,"s:179:4:180:Infinity":21,"b:179:8:179:26:179:26:179:53":10,"s:180:6:180:Infinity":22,"b:184:4:185:Infinity:undefined:undefined:undefined:undefined":11,"s:184:4:185:Infinity":23,"b:184:8:184:26:184:26:184:53":12,"s:185:6:185:Infinity":24,"s:188:4:191:Infinity":25,"f:197:2:197:9":2,"s:198:16:198:26":26,"b:201:4:204:Infinity:undefined:undefined:undefined:undefined":13,"s:201:4:204:Infinity":27,"s:202:6:202:Infinity":28,"s:203:6:203:Infinity":29,"s:204:6:204:Infinity":30,"b:208:4:209:Infinity:undefined:undefined:undefined:undefined":14,"s:208:4:209:Infinity":31,"s:209:6:209:Infinity":32,"s:213:22:213:Infinity":33,"s:214:18:214:Infinity":34,"b:214:18:214:50:214:54:214:Infinity":15,"b:215:4:216:Infinity:undefined:undefined:undefined:undefined":16,"s:215:4:216:Infinity":35,"s:216:6:216:Infinity":36,"s:219:4:219:Infinity":37,"f:225:2:225:9":3,"s:227:15:227:Infinity":38,"s:230:34:230:Infinity":39,"b:231:4:232:Infinity:undefined:undefined:undefined:undefined":17,"s:231:4:232:Infinity":40,"s:232:6:232:Infinity":41,"b:236:4:237:Infinity:undefined:undefined:undefined:undefined":18,"s:236:4:237:Infinity":42,"s:237:6:237:Infinity":43,"b:241:4:242:Infinity:undefined:undefined:undefined:undefined":19,"s:241:4:242:Infinity":44,"s:242:6:242:Infinity":45,"s:245:4:245:Infinity":46,"f:251:8:251:22":4,"b:251:74:251:119":20,"s:252:22:252:32":47,"s:254:4:327:Infinity":48,"s:256:25:256:54":49,"b:257:6:262:Infinity:undefined:undefined:undefined:undefined":21,"s:257:6:262:Infinity":50,"s:258:8:262:Infinity":51,"s:266:24:266:53":52,"b:267:6:272:Infinity:undefined:undefined:undefined:undefined":22,"s:267:6:272:Infinity":53,"s:268:8:272:Infinity":54,"s:276:27:276:53":55,"
[...]
,"/root/.openclaw/workspace-main/skills/asf-v4/src/utils/core-utils.ts": {"path":"/root/.openclaw/workspace-main/skills/asf-v4/src/utils/core-utils.ts","statementMap":{"0":{"start":{"line":19,"column":19},"end":{"line":19,"column":null}},"1":{"start":{"line":20,"column":19},"end":{"line":20,"column":null}},"2":{"start":{"line":21,"column":19},"end":{"line":21,"column":null}},"3":{"start":{"line":23,"column":2},"end":{"line":23,"column":null}},"4":{"start":{"line":33,"column":20},"end":{"line":33,"column":79}},"5":{"start":{"line":33,"column":48},"end":{"line":33,"column":75}},"6":{"start":{"line":34,"column":2},"end":{"line":34,"column":null}},"7":{"start":{"line":43,"column":2},"end":{"line":43,"column":null}},"8":{"start":{"line":43,"column":43},"end":{"line":43,"column":74}},"9":{"start":{"line":56,"column":13},"end":{"line":56,"column":null}},"10":{"start":{"line":59,"column":2},"end":{"line":60,"column":null}},"11":{"start":{"line":60,"column":4},"end":{"line":60,"column":null}},"12":{"start":{"line":64,"column":2},"end":{"line":65,"column":null}},"13":{"start":{"line":65,"column":4},"end":{"line":65,"column":null}},"14":{"start":{"line":69,"column":2},"end":{"line":70,"column":null}},"15":{"start":{"line":70,"column":4},"end":{"line":70,"column":null}},"16":{"start":{"line":74,"column":2},"end":{"line":75,"column":null}},"17":{"start":{"line":75,"column":4},"end":{"line":75,"column":null}},"18":{"start":{"line":78,"column":2},"end":{"line":78,"column":null}},"19":{"start":{"line":87,"column":2},"end":{"line":87,"column":null}},"20":{"start":{"line":87,"column":26},"end":{"line":87,"column":null}},"21":{"start":{"line":89,"column":16},"end":{"line":89,"column":44}},"22":{"start":{"line":90,"column":2},"end":{"line":90,"column":null}},"23":{"start":{"line":90,"column":34},"end":{"line":90,"column":43}},"24":{"start":{"line":103,"column":2},"end":{"line":103,"column":null}},"25":{"start":{"line":103,"column":22},"end":{"line":103,"column":null}},"26":{"start":{"line":104,"column":2},"end":{"line":104,"column":null}},"27":{"start":{"line":104,"column":22},"end":{"line":104,"column":null}},"28":{"start":{"line":105,"column":2},"end":{"line":105,"column":null}},"29":{"start":{"line":105,"column":23},"end":{"line":105,"column":null}},"30":{"start":{"line":106,"column":2},"end":{"line":106,"column":null}},"31":{"start":{"line":115,"column":23},"end":{"line":116,"column":46}},"32":{"start":{"line":116,"column":4},"end":{"line":116,"column":44}},"33":{"start":{"line":117,"column":2},"end":{"line":117,"column":null}},"34":{"start":{"line":130,"column":20},"end":{"line":130,"column":30}},"35":{"start":{"line":131,"column":15},"end":{"line":131,"column":null}},"36":{"start":{"line":132,"column":2},"end":{"line":132,"column":null}},"37":{"start":{"line":141,"column":2},"end":{"line":143,"column":null}},"38":{"start":{"line":142,"column":4},"end":{"line":142,"column":68}},"39":{"start":{"line":152,"column":17},"end":{"line":152,"column":32}},"40":{"start":{"line":153,"column":2},"end":{"line":154,"column":null}},"41":{"start":{"line":154,"column":4},"end":{"line":154,"column":null}},"42":{"start":{"line":156,"column":2},"end":{"line":156,"column":null}},"43":{"start":{"line":170,"column":2},"end":{"line":174,"column":null}},"44":{"start":{"line":171,"column":4},"end":{"line":174,"column":null}},"45":{"start":{"line":177,"column":2},"end":{"line":181,"column":null}},"46":{"start":{"line":178,"column":4},"end":{"line":181,"column":null}},"47":{"start":{"line":184,"column":2},"end":{"line":184,"column":null}}},"fnMap":{"0":{"name":"computeRoleCost","decl":{"start":{"line":18,"column":16},"end":{"line":18,"column":32}},"loc":{"start":{"line":18,"column":51},"end":{"line":23,"column":null}},"line":18},"1":{"name":"computeEconomicsScore","decl":{"start":{"line":32,"column":16},"end":{"line":32,"column":38}},"loc":{"start":{"line":32,"column":81},"end":{"line":34,"column":null}},"line":32},"2":{"name":"(anonymous_2)","decl":{"start":{"line":33,"column":26},"end":{"line":33,"column":34}},"loc":{"start":{"line":33,"column":48},"end":{"line":33,"column":75}},"line":33},"3":{"name":"computeInterfaceCost","decl":{"start":{"line":42,"column":16},"end":{"line":42,"column":37}},"loc":{"start":{"line":42,"column":64},"end":{"line":43,"column":null}},"line":42},"4":{"name":"(anonymous_4)","decl":{"start":{"line":43,"column":20},"end":{"line":43,"column":28}},"loc":{"start":{"line":43,"column":43},"end":{"line":43,"column":74}},"line":43},"5":{"name":"predictReworkRisk","decl":{"start":{"line":55,"column":16},"end":{"line":55,"column":34}},"loc":{"start":{"line":55,"column":53},"end":{"line":78,"column":null}},"line":55},"6":{"name":"computeTotalReworkRisk","decl":{"start":{"line":86,"column":16},"end":{"line":86,"column":39}},"loc":{"start":{"line":86,"column":61},"end":{"line":90,"column":null}},"line":86},"7":{"name":"(anonymous_7)","decl":{"start":{"line":90,"column":15},"end":{"line":90,"column":23}},"loc":{"start":{"line":90,"column":34},"end":{"line":90,"column":43}},"line":90},"8":{"name":"determineOptimalRoleCount","decl":{"start":{"line":102,"column":16},"end":{"line":102,"column":42}},"loc":{"start":{"line":102,"column":70},"end":{"line":106,"column":null}},"line":102},"9":{"name":"computeContractCouplingBound","decl":{"start":{"line":114,"column":16},"end":{"line":114,"column":45}},"loc":{"start":{"line":114,"column":67},"end":{"line":117,"column":null}},"line":114},"10":{"name":"(anonymous_10)","decl":{"start":{"line":115,"column":29},"end":{"line":115,"column":37}},"loc":{"start":{"line":116,"column":4},"end":{"line":116,"column":44}},"line":116},"11":{"name":"generateOwnershipProof","decl":{"start":{"line":129,"column":16},"end":{"line":129,"column":39}},"loc":{"start":{"line":129,"column":62},"end":{"line":132,"column":null}},"line":129},"12":{"name":"validateProofs","decl":{"start":{"line":140,"column":16},"end":{"line":140,"column":31}},"loc":{"start":{"line":140,"column":55},"end":{"line":143,"column":null}},"line":140},"13":{"name":"(anonymous_13)","decl":{"start":{"line":141,"column":16},"end":{"line":141,"column":22}},"loc":{"start":{"line":142,"column":4},"end":{"line":142,"column":68}},"line":142},"14":{"name":"canonicalizeResource","decl":{"start":{"line":151,"column":16},"end":{"line":151,"column":37}},"loc":{"start":{"line":151,"column":57},"end":{"line":156,"column":null}},"line":151},"15":{"name":"resolveOwnershipConflict","decl":{"start":{"line":168,"column":16},"end":{"line":168,"column":41}},"loc":{"start":{"line":168,"column":94},"end":{"line":184,"column":null}},"line":168}},"branchMap":{"0":{"loc":{"start":{"line":19,"column":19},"end":{"line":19,"column":null}},"type":"binary-expr","locations":[{"start":{"line":19,"column":19},"end":{"line":19,"column":38}},{"start":{"line":19,"column":38},"end":{"line":19,"column":null}}],"line":19},"1":{"loc":{"start":{"line":20,"column":19},"end":{"line":20,"column":null}},"type":"binary-expr","locations":[{"start":{"line":20,"column":19},"end":{"line":20,"column":36}},{"start":{"line":20,"column":36},"end":{"line":20,"column":null}}],"line":20},"2":{"loc":{"start":{"line":21,"column":19},"end":{"line":21,"column":null}},"type":"binary-expr","locations":[{"start":{"line":21,"column":19},"end":{"line":21,"column":36}},{"start":{"line":21,"column":36},"end":{"line":21,"column":null}}],"line":21},"3":{"loc":{"start":{"line":43,"column":50},"end":{"line":43,"column":74}},"type":"binary-expr","locations":[{"start":{"line":43,"column":50},"end":{"line":43,"column":70}},{"start":{"line":43,"column":70},"end":{"line":43,"column":74}}],"line":43},"4":{"loc":{"start":{"line":59,"column":2},"end":{"line":60,"column":null}},"type":"if","locations":[{"start":{"line":59,"column":2},"end":{"line":60,"column":null}},{"start":{},"end":{}}],"line":59},"5":{"loc":{"start":{"line":59,"column":6},"end":{"line":59,"column":58}},"type":"binary-expr","locations":[{"start":{"line":59,"column":6},"end":{"line":59,"column":28}},{"start":{"line":59,"column":28},"end":{"line":59,"column":58}}],"line":59},"6":{"loc":{"start":{"line":64,"column":2},"end":{"line":65,"column":null}},"type":"if","locations":[{"start":{"line":64,"column":2},"end":{"line":65,"column":null}},{"start":{},"end":{}}],"line":64},"7":{"loc":{"start":{"line":69,"column":2},"end":{"line":70,"column":null}},"type":"if","locations":[{"start":{"line":69,"column":2},"end":{"line":70,"column":null}},{"start":{},"end":{}}],"line":69},"8":{"loc":{"start":{"line":74,"column":2},"end":{"line":75,"column":null}},"type":"if","locations":[{"start":{"line":74,"column":2},"end":{"line":75,"column":null}},{"start":{},"end":{}}],"line":74},"9":{"loc":{"start":{"line":87,"column":2},"end":{"line":87,"column":null}},"type":"if","locations":[{"start":{"line":87,"column":2},"end":{"line":87,"column":null}},{"start":{},"end":{}}],"line":87},"10":{"loc":{"start":{"line":103,"column":2},"end":{"line":103,"column":null}},"type":"if","locations":[{"start":{"line":103,"column":2},"end":{"line":103,"column":null}},{"start":{},"end":{}}],"line":103},"11":{"loc":{"start":{"line":104,"column":2},"end":{"line":104,"column":null}},"type":"if","locations":[{"start":{"line":104,"column":2},"end":{"line":104,"column":null}},{"start":{},"end":{}}],"line":104},"12":{"loc":{"start":{"line":105,"column":2},"end":{"line":105,"column":null}},"type":"if","locations":[{"start":{"line":105,"column":2},"end":{"line":105,"column":null}},{"start":{},"end":{}}],"line":105},"13":{"loc":{"start":{"line":116,"column":11},"end":{"line":116,"column":44}},"type":"binary-expr","locations":[{"start":{"line":116,"column":11},"end":{"line":116,"column":40}},{"start":{"line":116,"column":40},"end":{"line":116,"column":44}}],"line":116},"14":{"loc":{"start":{"line":117,"column":37},"end":{"line":117,"column":56}},"type":"binary-expr","locations":[{"start":{"line":117,"column":37},"end":{"line":117,"column":53}},{"start":{"line":117,"column":53},"end":{"line":117,"column":56}}],"line":117},"15":{"loc":{"start":{"line":142,"column":4},"end":{"line":142,"column":68}},"type":"binary-expr","locations":[{"start":{"line":142,"column":4},"end":{"line":142,"column":13}},{"start":{"line":142,"column":13},"end":{"line":142,"column":42}},{"start":{"line":142,"column":42},"end":{"line":142,"column":68}}],"line":142},"16":{"loc":{"start":{"line":153,"column":2},"end":{"line":154,"column":null}},"type":"if","locations":[{"start":{"line":153,"column":2},"end":{"line":154,"column":null}},{"start":{},"end":{}}],"line":153},"17":{"loc":{"start":{"line":170,"column":2},"end":{"line":174,"column":null}},"type":"if","locations":[{"start":{"line":170,"column":2},"end":{"line":174,"column":null}},{"start":{},"end":{}}],"line":170},"18":{"loc":{"start":{"line":177,"column":2},"end":{"line":181,"column":null}},"type":"if","locations":[{"start":{"line":177,"column":2},"end":{"line":181,"column":null}},{"start":{},"end":{}}],"line":177}},"s":{"0":0,"1":0,"2":0,"3":0,"4":0,"5":0,"6":0,"7":0,"8":0,"9":0,"10":0,"11":0,"12":0,"13":0,"14":0,"15":0,"16":0,"17":0,"18":0,"19":0,"20":0,"21":0,"22":0,"23":0,"24":0,"25":0,"26":0,"27":0,"28":0,"29":0,"30":0,"31":0,"32":0,"33":0,"34":0,"35":0,"36":0,"37":0,"38":0,"39":0,"40":0,"41":0,"42":0,"43":0,"44":0,"45":0,"46":0,"47":0},"f":{"0":0,"1":0,"2":0,"3":0,"4":0,"5":0,"6":0,"7":0,"8":0,"9":0,"10":0,"11":0,"12":0,"13":0,"14":0,"15":0},"b":{"0":[0,0],"1":[0,0],"2":[0,0],"3":[0,0],"4":[0,0],"5":[0,0],"6":[0,0],"7":[0,0],"8":[0,0],"9":[0,0],"10":[0,0],"11":[0,0],"12":[0,0],"13":[0,0],"14":[0,0],"15":[0,0,0],"16":[0,0],"17":[0,0],"18":[0,0]},"meta":{"lastBranch":19,"lastFunction":16,"lastStatement":48,"seen":{"f:18:16:18:32":0,"s:19:19:19:Infinity":0,"b:19:19:19:38:19:38:19:Infinity":0,"s:20:19:20:Infinity":1,"b:20:19:20:36:20:36:20:Infinity":1,"s:21:19:21:Infinity":2,"b:21:19:21:36:21:36:21:Infinity":2,"s:23:2:23:Infinity":3,"f:32:16:32:38":1,"s:33:20:33:79":4,"f:33:26:33:34":2,"s:33:48:33:75":5,"s:34:2:34:Infinity":6,"f:42:16:42:37":3,"s:43:2:43:Infinity":7,"f:43:20:43:28":4,"s:43:43:43:74":8,"b:43:50:43:70:43:70:43:74":3,"f:55:16:55:34":5,"s:56:13:56:Infinity":9,"b:59:2:60:Infinity:undefined:undefined:undefined:undefined":4,"s:59:2:60:Infinity":10,"b:59:6:59:28:59:28:59:58":5,"s:60:4:60:Infinity":11,"b:64:2:65:Infinity:undefined:undefined:undefined:undefined":6,"s:64:2:65:Infinity":12,"s:65:4:65:Infinity":13,"b:69:2:70:Infinity:undefined:undefined:undefined:undefined":7,"s:69:2:70:Infinity":14,"s:70:4:70:Infinity":15,"b:74:2:75:Infinity:undefined:undefined:undefined:undefined":8,"s:74:2:75:Infinity":16,"s:75:4:75:Infinity":17,"s:78:2:78:Infinity":18,"f:86:16:86:39":6,"b:87:2:87:Infinity:undefined:undefined:undefined:undefined":9,"s:87:2:87:Infinity":19,"s:87:26:87:Infinity":20,"s:89:16:89:44":21,"s:90:2:90:Infinity":22,"f:90:15:90:23":7,"s:90:34:90:43":23,"f:102:16:102:42":8,"b:103:2:103:Infinity:undefined:undefined:undefined:undefined":10,"s:103:2:103:Infinity":24,"s:103:22:103:Infinity":25,"b:104:2:104:Infinity:undefined:undefined:undefined:undefined":11,"s:104:2:104:Infinity":26,"s:104:22:104:Infinity":27,"b:105:2:105:Infinity:undefined:undefined:undefined:undefined":12,"s:105:2:105:Infinity":28,"s:105:23:105:Infinity":29,"s:106:2:106:Infinity":30,"f:114:16:114:45":9,"s:115:23:116:46":31,"f:115:29:115:37":10,"s:116:4:116:44":32,"b:116:11:116:40:116:40:116:44":13,"s:117:2:117:Infinity":33,"b:117:37:117:53:117:53:117:56":14,"f:129:16:129:39":11,"s:130:20:130:30":34,"s:131:15:131:Infinity":35,"s:132:2:132:Infinity":36,"f:140:16:140:31":12,"s:141:2:143:Infinity":37,"f:141:16:141:22":13,"s:142:4:142:68":38,"b:142:4:142:13:142:13:142:42:142:42:142:68":15,"f:151:16:151:37":14,"s:152:17:152:32":39,"b:153:2:154:Infinity:undefined:undefined:undefined:undefined":16,"s:153:2:154:Infinity":40,"s:154:4:154:Infinity":41,"s:156:2:156:Infinity":42,"f:168:16:168:41":15,"b:170:2:174:Infinity:undefined:undefined:undefined:undefined":17,"s:170:2:174:Infinity":43,"s:171:4:174:Infinity":44,"b:177:2:181:Infinity:undefined:undefined:undefined:undefined":18,"s:177:2:181:Infinity":45,"s:178:4:181:Infinity":46,"s:184:2:184:Infinity":47}}}
,"/root/.openclaw/workspace-main/skills/asf-v4/src/utils/logger.ts": {"path":"/root/.openclaw/workspace-main/skills/asf-v4/src/utils/logger.ts","statementMap":{"0":{"start":{"line":19,"column":4},"end":{"line":24,"column":null}},"1":{"start":{"line":28,"column":4},"end":{"line":29,"column":null}},"2":{"start":{"line":29,"column":6},"end":{"line":29,"column":null}},"3":{"start":{"line":34,"column":4},"end":{"line":35,"column":null}},"4":{"start":{"line":35,"column":6},"end":{"line":35,"column":null}},"5":{"start":{"line":40,"column":4},"end":{"line":41,"column":null}},"6":{"start":{"line":41,"column":6},"end":{"line":41,"column":null}},"7":{"start":{"line":46,"column":4},"end":{"line":47,"column":null}},"8":{"start":{"line":47,"column":6},"end":{"line":47,"column":null}},"9":{"start":{"line":52,"column":19},"end":{"line":52,"column":null}},"10":{"start":{"line":53,"column":30},"end":{"line":53,"column":63}},"11":{"start":{"line":54,"column":32},"end":{"line":54,"column":53}},"12":{"start":{"line":55,"column":4},"end":{"line":55,"column":null}},"13":{"start":{"line":59,"column":17},"end":{"line":59,"column":null}},"14":{"start":{"line":61,"column":4},"end":{"line":62,"column":null}},"15":{"start":{"line":62,"column":6},"end":{"line":62,"column":null}},"16":{"start":{"line":65,"column":4},"end":{"line":65,"column":null}},"17":{"start":{"line":67,"column":4},"end":{"line":67,"column":null}},"18":{"start":{"line":72,"column":29},"end":{"line":76,"column":2}},"19":{"start":{"line":80,"column":2},"end":{"line":84,"column":null}}},"fnMap":{"0":{"name":"(anonymous_0)","decl":{"start":{"line":18,"column":2},"end":{"line":18,"column":14}},"loc":{"start":{"line":18,"column":46},"end":{"line":24,"column":null}},"line":18},"1":{"name":"(anonymous_1)","decl":{"start":{"line":27,"column":2},"end":{"line":27,"column":8}},"loc":{"start":{"line":27,"column":47},"end":{"line":29,"column":null}},"line":27},"2":{"name":"(anonymous_2)","decl":{"start":{"line":33,"column":2},"end":{"line":33,"column":7}},"loc":{"start":{"line":33,"column":46},"end":{"line":35,"column":null}},"line":33},"3":{"name":"(anonymous_3)","decl":{"start":{"line":39,"column":2},"end":{"line":39,"column":7}},"loc":{"start":{"line":39,"column":46},"end":{"line":41,"column":null}},"line":39},"4":{"name":"(anonymous_4)","decl":{"start":{"line":45,"column":2},"end":{"line":45,"column":8}},"loc":{"start":{"line":45,"column":47},"end":{"line":47,"column":null}},"line":45},"5":{"name":"(anonymous_5)","decl":{"start":{"line":51,"column":2},"end":{"line":51,"column":10}},"loc":{"start":{"line":51,"column":44},"end":{"line":55,"column":null}},"line":51},"6":{"name":"(anonymous_6)","decl":{"start":{"line":58,"column":2},"end":{"line":58,"column":10}},"loc":{"start":{"line":58,"column":65},"end":{"line":67,"column":null}},"line":58},"7":{"name":"createModuleLogger","decl":{"start":{"line":79,"column":16},"end":{"line":79,"column":35}},"loc":{"start":{"line":79,"column":63},"end":{"line":84,"column":null}},"line":79}},"branchMap":{"0":{"loc":{"start":{"line":28,"column":4},"end":{"line":29,"column":null}},"type":"if","locations":[{"start":{"line":28,"column":4},"end":{"line":29,"column":null}},{"start":{},"end":{}}],"line":28},"1":{"loc":{"start":{"line":34,"column":4},"end":{"line":35,"column":null}},"type":"if","locations":[{"start":{"line":34,"column":4},"end":{"line":35,"column":null}},{"start":{},"end":{}}],"line":34},"2":{"loc":{"start":{"line":40,"column":4},"end":{"line":41,"column":null}},"type":"if","locations":[{"start":{"line":40,"column":4},"end":{"line":41,"column":null}},{"start":{},"end":{}}],"line":40},"3":{"loc":{"start":{"line":46,"column":4},"end":{"line":47,"column":null}},"type":"if","locations":[{"start":{"line":46,"column":4},"end":{"line":47,"column":null}},{"start":{},"end":{}}],"line":46},"4":{"loc":{"start":{"line":61,"column":4},"end":{"line":62,"column":null}},"type":"if","locations":[{"start":{"line":61,"column":4},"end":{"line":62,"column":null}},{"start":{},"end":{}}],"line":61}},"s":{"0":32,"1":0,"2":0,"3":21,"4":21,"5":0,"6":0,"7":0,"8":0,"9":21,"10":21,"11":21,"12":21,"13":21,"14":21,"15":21,"16":21,"17":21,"18":11,"19":21},"f":{"0":32,"1":0,"2":21,"3":0,"4":0,"5":21,"6":21,"7":21},"b":{"0":[0,0],"1":[21,0],"2":[0,0],"3":[0,0],"4":[21,0]},"meta":{"lastBranch":5,"lastFunction":8,"lastStatement":20,"seen":{"f:18:2:18:14":0,"s:19:4:24:Infinity":0,"f:27:2:27:8":1,"b:28:4:29:Infinity:undefined:undefined:undefined:undefined":0,"s:28:4:29:Infinity":1,"s:29:6:29:Infinity":2,"f:33:2:33:7":2,"b:34:4:35:Infinity:undefined:undefined:undefined:undefined":1,"s:34:4:35:Infinity":3,"s:35:6:35:Infinity":4,"f:39:2:39:7":3,"b:40:4:41:Infinity:undefined:undefined:undefined:undefined":2,"s:40:4:41:Infinity":5,"s:41:6:41:Infinity":6,"f:45:2:45:8":4,"b:46:4:47:Infinity:undefined:undefined:undefined:undefined":3,"s:46:4:47:Infinity":7,"s:47:6:47:Infinity":8,"f:51:2:51:10":5,"s:52:19:52:Infinity":9,"s:53:30:53:63":10,"s:54:32:54:53":11,"s:55:4:55:Infinity":12,"f:58:2:58:10":6,"s:59:17:59:Infinity":13,"b:61:4:62:Infinity:undefined:undefined:undefined:undefined":4,"s:61:4:62:Infinity":14,"s:62:6:62:Infinity":15,"s:65:4:65:Infinity":16,"s:67:4:67:Infinity":17,"s:72:29:76:2":18,"f:79:16:79:35":7,"s:80:2:84:Infinity":19}}}
}
