TN:
SF:src/agents/agent-health-monitor.ts
FN:25,(anonymous_0)
FN:34,(anonymous_1)
FN:43,(anonymous_2)
FN:47,(anonymous_3)
FN:68,(anonymous_4)
FN:96,(anonymous_5)
FN:107,(anonymous_6)
FN:115,(anonymous_7)
FN:115,(anonymous_8)
FN:117,(anonymous_9)
FN:126,(anonymous_10)
FN:131,(anonymous_11)
FN:133,(anonymous_12)
FN:138,(anonymous_13)
FN:145,(anonymous_14)
FN:147,(anonymous_15)
FN:150,(anonymous_16)
FN:156,(anonymous_17)
FNF:18
FNH:14
FNDA:59,(anonymous_0)
FNDA:58,(anonymous_1)
FNDA:2,(anonymous_2)
FNDA:11,(anonymous_3)
FNDA:24,(anonymous_4)
FNDA:5,(anonymous_5)
FNDA:1,(anonymous_6)
FNDA:0,(anonymous_7)
FNDA:0,(anonymous_8)
FNDA:0,(anonymous_9)
FNDA:2,(anonymous_10)
FNDA:1,(anonymous_11)
FNDA:0,(anonymous_12)
FNDA:56,(anonymous_13)
FNDA:5,(anonymous_14)
FNDA:1,(anonymous_15)
FNDA:23,(anonymous_16)
FNDA:7,(anonymous_17)
DA:17,3
DA:26,59
DA:27,59
DA:28,59
DA:29,59
DA:30,59
DA:31,59
DA:35,58
DA:44,2
DA:48,11
DA:49,11
DA:51,11
DA:52,11
DA:54,11
DA:55,1
DA:56,1
DA:57,0
DA:61,11
DA:62,1
DA:63,1
DA:64,1
DA:69,24
DA:70,24
DA:72,23
DA:73,23
DA:75,23
DA:76,23
DA:77,6
DA:78,6
DA:79,6
DA:82,23
DA:84,23
DA:97,5
DA:98,5
DA:99,10
DA:100,10
DA:101,10
DA:104,5
DA:108,1
DA:109,1
DA:111,1
DA:113,0
DA:114,0
DA:115,0
DA:116,0
DA:117,0
DA:118,0
DA:119,0
DA:123,0
DA:127,2
DA:128,2
DA:132,1
DA:133,1
DA:134,0
DA:139,56
DA:140,1
DA:141,1
DA:146,5
DA:147,5
DA:151,23
DA:152,6
DA:153,4
DA:157,7
DA:163,7
DA:164,1
DA:165,1
LF:66
LH:56
BRDA:27,0,0,59
BRDA:27,0,1,0
BRDA:28,1,0,59
BRDA:28,1,1,0
BRDA:29,2,0,59
BRDA:29,2,1,0
BRDA:49,3,0,0
BRDA:54,4,0,1
BRDA:54,5,0,11
BRDA:54,5,1,9
BRDA:56,6,0,0
BRDA:61,7,0,1
BRDA:70,8,0,1
BRDA:76,9,0,6
BRDA:89,10,0,1
BRDA:89,10,1,22
BRDA:89,11,0,23
BRDA:89,11,1,12
BRDA:100,12,0,10
BRDA:109,13,0,0
BRDA:111,14,0,1
BRDA:113,15,0,0
BRDA:113,16,0,0
BRDA:113,16,1,0
BRDA:115,17,0,0
BRDA:115,17,1,0
BRDA:116,18,0,0
BRDA:119,19,0,0
BRDA:128,20,0,1
BRDA:128,20,1,1
BRDA:132,21,0,0
BRDA:139,22,0,1
BRDA:151,23,0,17
BRDA:152,24,0,2
BRF:34
BRH:20
end_of_record
TN:
SF:src/agents/agent-memory.ts
FN:13,generateUUID
FN:14,(anonymous_10)
FN:25,(anonymous_11)
FN:30,(anonymous_12)
FN:55,(anonymous_13)
FN:64,(anonymous_14)
FN:68,(anonymous_15)
FN:69,(anonymous_16)
FN:73,(anonymous_17)
FN:87,(anonymous_18)
FN:92,(anonymous_19)
FN:96,(anonymous_20)
FN:100,(anonymous_21)
FN:103,(anonymous_22)
FN:110,(anonymous_23)
FN:113,(anonymous_24)
FN:129,(anonymous_25)
FN:135,(anonymous_26)
FN:136,(anonymous_27)
FN:145,(anonymous_28)
FN:151,(anonymous_29)
FN:154,(anonymous_30)
FN:157,(anonymous_31)
FN:158,(anonymous_32)
FN:159,(anonymous_33)
FN:163,(anonymous_34)
FN:171,(anonymous_35)
FN:186,(anonymous_36)
FNF:28
FNH:24
FNDA:40,generateUUID
FNDA:1240,(anonymous_10)
FNDA:61,(anonymous_11)
FNDA:40,(anonymous_12)
FNDA:10,(anonymous_13)
FNDA:13,(anonymous_14)
FNDA:2,(anonymous_15)
FNDA:2,(anonymous_16)
FNDA:2,(anonymous_17)
FNDA:4,(anonymous_18)
FNDA:2,(anonymous_19)
FNDA:5,(anonymous_20)
FNDA:0,(anonymous_21)
FNDA:4,(anonymous_22)
FNDA:3,(anonymous_23)
FNDA:3,(anonymous_24)
FNDA:3,(anonymous_25)
FNDA:0,(anonymous_26)
FNDA:3,(anonymous_27)
FNDA:2,(anonymous_28)
FNDA:2,(anonymous_29)
FNDA:2,(anonymous_30)
FNDA:6,(anonymous_31)
FNDA:6,(anonymous_32)
FNDA:6,(anonymous_33)
FNDA:3,(anonymous_34)
FNDA:0,(anonymous_35)
FNDA:0,(anonymous_36)
DA:9,3
DA:10,3
DA:11,3
DA:14,40
DA:15,1240
DA:16,1240
DA:17,1240
DA:21,3
DA:26,61
DA:27,61
DA:36,40
DA:48,40
DA:49,25
DA:51,40
DA:52,40
DA:60,10
DA:61,10
DA:63,10
DA:64,13
DA:67,10
DA:68,1
DA:69,2
DA:73,10
DA:75,10
DA:76,1
DA:79,10
DA:80,10
DA:81,10
DA:84,10
DA:88,4
DA:89,4
DA:91,4
DA:92,2
DA:95,4
DA:96,4
DA:97,5
DA:98,5
DA:99,5
DA:100,0
DA:104,4
DA:105,4
DA:106,1
DA:109,3
DA:110,3
DA:113,3
DA:121,3
DA:128,3
DA:129,3
DA:130,3
DA:131,3
DA:135,3
DA:136,3
DA:138,3
DA:146,2
DA:147,1
DA:148,1
DA:150,1
DA:151,2
DA:155,2
DA:156,2
DA:157,6
DA:158,6
DA:159,6
DA:164,3
DA:165,3
DA:166,3
DA:168,3
DA:172,0
DA:174,0
DA:175,0
DA:176,0
DA:179,0
DA:180,0
DA:181,0
DA:183,0
DA:187,0
DA:189,0
DA:190,0
DA:192,0
DA:193,0
LF:80
LH:66
BRDA:16,0,0,1200
BRDA:16,0,1,40
BRDA:48,1,0,25
BRDA:60,2,0,10
BRDA:60,2,1,1
BRDA:63,3,0,7
BRDA:67,4,0,1
BRDA:67,5,0,10
BRDA:67,5,1,1
BRDA:69,6,0,2
BRDA:69,6,1,2
BRDA:75,7,0,1
BRDA:88,8,0,4
BRDA:88,8,1,0
BRDA:91,9,0,1
BRDA:98,10,0,5
BRDA:98,10,1,4
BRDA:99,11,0,5
BRDA:99,11,1,2
BRDA:104,12,0,4
BRDA:104,12,1,1
BRDA:105,13,0,1
BRDA:130,14,0,3
BRDA:131,15,0,3
BRDA:131,15,1,0
BRDA:146,16,0,1
BRDA:150,17,0,1
BRDA:150,17,1,0
BRDA:155,18,0,2
BRDA:155,18,1,0
BRDA:172,19,0,0
BRDA:175,20,0,0
BRDA:187,21,0,0
BRDA:187,22,0,0
BRDA:187,22,1,0
BRF:35
BRH:26
end_of_record
TN:
SF:src/agents/agent-os-factory.ts
FN:10,createAgentOS
FN:16,getDefaultAgentOS
FN:23,resetDefaultAgentOS
FNF:3
FNH:3
FNDA:12,createAgentOS
FNDA:4,getDefaultAgentOS
FNDA:42,resetDefaultAgentOS
DA:7,2
DA:10,2
DA:11,12
DA:14,2
DA:16,2
DA:17,4
DA:18,3
DA:20,4
DA:23,2
DA:24,42
LF:10
LH:10
BRDA:17,0,0,3
BRF:1
BRH:1
end_of_record
TN:
SF:src/agents/agent-os.ts
FN:53,(anonymous_0)
FN:76,(anonymous_1)
FN:92,(anonymous_2)
FN:112,(anonymous_3)
FN:123,(anonymous_4)
FN:143,(anonymous_5)
FN:149,(anonymous_6)
FN:161,(anonymous_7)
FN:165,(anonymous_8)
FN:169,(anonymous_9)
FN:173,(anonymous_10)
FN:181,(anonymous_11)
FN:186,(anonymous_12)
FN:202,(anonymous_13)
FN:220,(anonymous_14)
FN:247,(anonymous_15)
FN:258,(anonymous_16)
FN:266,(anonymous_17)
FN:270,(anonymous_18)
FN:274,(anonymous_19)
FN:282,(anonymous_20)
FN:286,(anonymous_21)
FN:290,(anonymous_22)
FN:299,(anonymous_23)
FN:308,(anonymous_24)
FN:315,(anonymous_25)
FN:340,(anonymous_26)
FN:344,(anonymous_27)
FN:349,(anonymous_28)
FN:353,(anonymous_29)
FN:361,(anonymous_30)
FNF:31
FNH:31
FNDA:45,(anonymous_0)
FNDA:41,(anonymous_1)
FNDA:2,(anonymous_2)
FNDA:41,(anonymous_3)
FNDA:45,(anonymous_4)
FNDA:4,(anonymous_5)
FNDA:1,(anonymous_6)
FNDA:3,(anonymous_7)
FNDA:1,(anonymous_8)
FNDA:1,(anonymous_9)
FNDA:2,(anonymous_10)
FNDA:3,(anonymous_11)
FNDA:24,(anonymous_12)
FNDA:5,(anonymous_13)
FNDA:1,(anonymous_14)
FNDA:11,(anonymous_15)
FNDA:3,(anonymous_16)
FNDA:1,(anonymous_17)
FNDA:2,(anonymous_18)
FNDA:1,(anonymous_19)
FNDA:3,(anonymous_20)
FNDA:2,(anonymous_21)
FNDA:2,(anonymous_22)
FNDA:3,(anonymous_23)
FNDA:1,(anonymous_24)
FNDA:2,(anonymous_25)
FNDA:4,(anonymous_26)
FNDA:42,(anonymous_27)
FNDA:2,(anonymous_28)
FNDA:1,(anonymous_29)
FNDA:80,(anonymous_30)
DA:9,2
DA:10,2
DA:11,2
DA:12,2
DA:13,2
DA:31,2
DA:41,2
DA:54,45
DA:55,45
DA:56,45
DA:57,45
DA:62,45
DA:65,45
DA:66,45
DA:67,45
DA:68,45
DA:69,45
DA:77,41
DA:78,41
DA:80,41
DA:81,0
DA:84,41
DA:85,0
DA:88,41
DA:89,41
DA:93,2
DA:94,2
DA:96,2
DA:97,0
DA:100,2
DA:101,2
DA:102,2
DA:105,2
DA:106,0
DA:109,2
DA:113,41
DA:114,41
DA:115,41
DA:116,41
DA:129,45
DA:130,1
DA:133,44
DA:134,44
DA:135,44
DA:137,44
DA:138,44
DA:140,44
DA:142,44
DA:143,44
DA:146,44
DA:150,1
DA:151,1
DA:153,1
DA:154,1
DA:155,1
DA:157,1
DA:158,1
DA:162,3
DA:166,1
DA:170,1
DA:174,2
DA:182,3
DA:183,3
DA:187,24
DA:188,24
DA:190,20
DA:191,20
DA:192,19
DA:193,19
DA:195,20
DA:203,5
DA:204,0
DA:207,5
DA:208,5
DA:210,5
DA:212,5
DA:214,5
DA:215,5
DA:217,5
DA:225,1
DA:226,0
DA:229,1
DA:231,1
DA:232,1
DA:233,2
DA:237,2
DA:240,1
DA:253,11
DA:254,11
DA:255,11
DA:263,3
DA:267,1
DA:271,2
DA:275,1
DA:283,3
DA:287,2
DA:291,2
DA:292,2
DA:300,3
DA:302,3
DA:303,3
DA:306,3
DA:308,3
DA:316,2
DA:317,2
DA:318,2
DA:319,4
DA:320,0
DA:321,0
DA:324,2
DA:326,2
DA:341,4
DA:345,42
DA:346,42
DA:350,2
DA:354,1
DA:362,80
DA:368,80
DA:369,2
DA:370,2
LF:120
LH:112
BRDA:53,0,0,3
BRDA:63,1,0,0
BRDA:63,1,1,45
BRDA:77,2,0,0
BRDA:80,3,0,0
BRDA:80,4,0,41
BRDA:80,4,1,0
BRDA:84,5,0,0
BRDA:93,6,0,0
BRDA:96,7,0,0
BRDA:105,8,0,0
BRDA:105,9,0,2
BRDA:105,9,1,0
BRDA:129,10,0,1
BRDA:142,11,0,44
BRDA:151,12,0,0
BRDA:183,13,0,2
BRDA:183,13,1,1
BRDA:186,14,0,0
BRDA:188,15,0,4
BRDA:191,16,0,19
BRDA:203,17,0,0
BRDA:225,18,0,0
BRDA:302,19,0,3
BRDA:319,20,0,4
BRDA:319,20,1,0
BRDA:320,21,0,0
BRDA:320,21,1,0
BRDA:324,22,0,2
BRDA:324,22,1,0
BRDA:336,23,0,2
BRDA:336,23,1,0
BRF:32
BRH:14
end_of_record
TN:
SF:src/agents/agent-registry.ts
FN:10,generateUUID
FN:11,(anonymous_1)
FN:21,(anonymous_2)
FN:25,(anonymous_3)
FN:52,(anonymous_4)
FN:56,(anonymous_5)
FN:60,(anonymous_6)
FN:64,(anonymous_7)
FN:65,(anonymous_8)
FN:68,(anonymous_9)
FN:69,(anonymous_10)
FN:72,(anonymous_11)
FN:73,(anonymous_12)
FN:74,(anonymous_13)
FN:78,(anonymous_14)
FN:85,(anonymous_15)
FN:92,(anonymous_16)
FN:99,(anonymous_17)
FN:106,(anonymous_18)
FN:116,(anonymous_19)
FN:124,(anonymous_20)
FNF:21
FNH:21
FNDA:1,generateUUID
FNDA:31,(anonymous_1)
FNDA:61,(anonymous_2)
FNDA:67,(anonymous_3)
FNDA:2,(anonymous_4)
FNDA:12,(anonymous_5)
FNDA:4,(anonymous_6)
FNDA:2,(anonymous_7)
FNDA:4,(anonymous_8)
FNDA:1,(anonymous_9)
FNDA:2,(anonymous_10)
FNDA:3,(anonymous_11)
FNDA:6,(anonymous_12)
FNDA:5,(anonymous_13)
FNDA:69,(anonymous_14)
FNDA:3,(anonymous_15)
FNDA:3,(anonymous_16)
FNDA:1,(anonymous_17)
FNDA:3,(anonymous_18)
FNDA:1,(anonymous_19)
FNDA:49,(anonymous_20)
DA:11,1
DA:12,31
DA:13,31
DA:14,31
DA:18,3
DA:22,61
DA:31,67
DA:33,67
DA:34,1
DA:37,66
DA:48,66
DA:49,66
DA:53,2
DA:57,12
DA:61,4
DA:65,4
DA:69,2
DA:73,3
DA:74,6
DA:79,69
DA:80,69
DA:81,69
DA:82,69
DA:86,3
DA:87,3
DA:88,3
DA:89,3
DA:93,3
DA:94,3
DA:95,3
DA:96,3
DA:100,1
DA:101,1
DA:102,1
DA:103,1
DA:107,3
DA:108,3
DA:109,7
DA:110,5
DA:113,3
DA:117,1
DA:118,1
DA:119,2
DA:121,1
DA:125,49
LF:45
LH:45
BRDA:13,0,0,30
BRDA:13,0,1,1
BRDA:31,1,0,67
BRDA:31,1,1,1
BRDA:33,2,0,1
BRDA:40,3,0,66
BRDA:40,3,1,58
BRDA:57,4,0,12
BRDA:57,4,1,4
BRDA:80,5,0,0
BRDA:87,6,0,0
BRDA:94,7,0,0
BRDA:101,8,0,0
BRDA:109,9,0,5
BRDA:109,10,0,7
BRDA:109,10,1,6
BRDA:119,11,0,1
BRF:17
BRH:13
end_of_record
TN:
SF:src/agents/agent-state-machine.ts
FN:24,(anonymous_0)
FN:30,(anonymous_1)
FN:34,(anonymous_2)
FN:38,(anonymous_3)
FN:59,(anonymous_4)
FN:63,(anonymous_5)
FN:67,(anonymous_6)
FN:71,(anonymous_7)
FN:79,(anonymous_8)
FN:89,(anonymous_9)
FN:93,(anonymous_10)
FN:100,(anonymous_11)
FN:104,(anonymous_12)
FN:108,(anonymous_13)
FN:118,(anonymous_14)
FN:122,(anonymous_15)
FN:130,(anonymous_16)
FNF:17
FNH:17
FNDA:76,(anonymous_0)
FNDA:87,(anonymous_1)
FNDA:2,(anonymous_2)
FNDA:87,(anonymous_3)
FNDA:18,(anonymous_4)
FNDA:2,(anonymous_5)
FNDA:21,(anonymous_6)
FNDA:1,(anonymous_7)
FNDA:1,(anonymous_8)
FNDA:53,(anonymous_9)
FNDA:56,(anonymous_10)
FNDA:76,(anonymous_11)
FNDA:1,(anonymous_12)
FNDA:1,(anonymous_13)
FNDA:1,(anonymous_14)
FNDA:1,(anonymous_15)
FNDA:2,(anonymous_16)
DA:10,3
DA:19,3
DA:25,76
DA:26,76
DA:27,76
DA:31,87
DA:35,2
DA:39,87
DA:40,6
DA:46,81
DA:54,81
DA:55,81
DA:56,81
DA:60,18
DA:64,2
DA:68,21
DA:72,1
DA:80,1
DA:81,1
DA:82,1
DA:86,3
DA:90,53
DA:94,56
DA:95,55
DA:97,56
DA:101,76
DA:105,1
DA:109,1
DA:110,1
DA:111,3
DA:112,2
DA:115,1
DA:119,1
DA:123,1
DA:124,1
DA:125,2
DA:127,1
DA:131,2
LF:38
LH:38
BRDA:24,0,0,0
BRDA:38,1,0,0
BRDA:39,2,0,6
BRDA:68,3,0,20
BRDA:68,3,1,1
BRDA:93,4,0,7
BRDA:94,5,0,55
BRDA:101,6,0,76
BRDA:101,6,1,7
BRDA:111,7,0,2
BRF:10
BRH:8
end_of_record
TN:
SF:src/agents/coordination-protocol.ts
FN:25,(anonymous_0)
FN:34,(anonymous_1)
FN:64,(anonymous_2)
FN:91,(anonymous_3)
FN:95,(anonymous_4)
FN:99,(anonymous_5)
FN:123,(anonymous_6)
FN:150,(anonymous_7)
FN:159,(anonymous_8)
FN:162,(anonymous_9)
FN:164,(anonymous_10)
FN:167,(anonymous_11)
FN:171,(anonymous_12)
FN:175,(anonymous_13)
FNF:14
FNH:12
FNDA:53,(anonymous_0)
FNDA:10,(anonymous_1)
FNDA:4,(anonymous_2)
FNDA:3,(anonymous_3)
FNDA:5,(anonymous_4)
FNDA:0,(anonymous_5)
FNDA:1,(anonymous_6)
FNDA:1,(anonymous_7)
FNDA:0,(anonymous_8)
FNDA:5,(anonymous_9)
FNDA:1,(anonymous_10)
FNDA:2,(anonymous_11)
FNDA:3,(anonymous_12)
FNDA:1,(anonymous_13)
DA:8,3
DA:17,3
DA:26,53
DA:27,53
DA:28,53
DA:29,53
DA:30,53
DA:31,53
DA:39,10
DA:47,10
DA:49,10
DA:61,10
DA:69,4
DA:70,3
DA:72,4
DA:74,4
DA:75,4
DA:76,2
DA:77,2
DA:79,2
DA:80,1
DA:81,1
DA:82,1
DA:83,1
DA:84,1
DA:88,3
DA:92,3
DA:96,5
DA:104,0
DA:105,0
DA:106,0
DA:109,0
DA:120,0
DA:127,1
DA:138,1
DA:139,1
DA:140,1
DA:141,1
DA:142,0
DA:147,1
DA:151,1
DA:163,5
DA:164,5
DA:168,2
DA:172,3
DA:176,1
DA:182,1
DA:183,0
DA:184,0
LF:49
LH:41
BRDA:57,0,0,10
BRDA:57,0,1,10
BRDA:69,1,0,3
BRDA:75,2,0,2
BRDA:76,3,0,2
BRDA:76,3,1,0
BRDA:79,4,0,1
BRDA:92,5,0,3
BRDA:92,5,1,2
BRDA:102,6,0,0
BRDA:105,7,0,0
BRDA:139,8,0,1
BRDA:141,9,0,0
BRDA:141,10,0,1
BRDA:141,10,1,1
BRF:15
BRH:11
end_of_record
TN:
SF:src/agents/external-review-agent.ts
FN:47,(anonymous_0)
FN:61,(anonymous_1)
FN:111,(anonymous_2)
FN:145,(anonymous_3)
FN:160,(anonymous_4)
FN:170,(anonymous_5)
FN:189,(anonymous_6)
FN:205,(anonymous_7)
FN:224,(anonymous_8)
FN:235,(anonymous_9)
FN:244,createExternalReviewAgent
FN:269,(anonymous_11)
FN:273,(anonymous_12)
FN:286,(anonymous_13)
FN:291,(anonymous_14)
FNF:15
FNH:14
FNDA:10,(anonymous_0)
FNDA:9,(anonymous_1)
FNDA:9,(anonymous_2)
FNDA:9,(anonymous_3)
FNDA:2,(anonymous_4)
FNDA:9,(anonymous_5)
FNDA:9,(anonymous_6)
FNDA:9,(anonymous_7)
FNDA:3,(anonymous_8)
FNDA:10,(anonymous_9)
FNDA:10,createExternalReviewAgent
FNDA:10,(anonymous_11)
FNDA:12,(anonymous_12)
FNDA:0,(anonymous_13)
FNDA:10,(anonymous_14)
DA:9,1
DA:42,1
DA:44,10
DA:45,10
DA:55,10
DA:62,9
DA:64,9
DA:66,9
DA:69,9
DA:72,9
DA:75,9
DA:78,9
DA:85,9
DA:87,9
DA:96,0
DA:97,0
DA:112,9
DA:118,9
DA:119,9
DA:120,1
DA:124,9
DA:125,9
DA:127,6
DA:128,6
DA:129,0
DA:134,9
DA:135,9
DA:136,1
DA:139,9
DA:149,9
DA:150,9
DA:153,9
DA:155,2
DA:156,2
DA:159,9
DA:160,2
DA:172,9
DA:175,9
DA:178,9
DA:179,2
DA:183,9
DA:191,9
DA:194,9
DA:197,7
DA:199,7
DA:211,9
DA:212,9
DA:217,0
DA:225,3
DA:229,3
DA:236,10
DA:244,1
DA:245,10
DA:246,10
DA:248,0
DA:267,10
DA:270,10
DA:272,10
DA:274,12
DA:275,9
DA:282,9
DA:284,3
DA:285,3
DA:286,3
DA:287,3
DA:289,0
LF:66
LH:60
BRDA:85,0,0,9
BRDA:85,0,1,7
BRDA:119,1,0,1
BRDA:124,2,0,9
BRDA:124,2,1,3
BRDA:125,3,0,6
BRDA:128,4,0,0
BRDA:134,5,0,9
BRDA:134,5,1,8
BRDA:135,6,0,1
BRDA:153,7,0,2
BRDA:153,8,0,9
BRDA:153,8,1,7
BRDA:178,9,0,2
BRDA:191,10,0,0
BRDA:194,11,0,2
BRDA:197,12,0,0
BRDA:224,13,0,0
BRDA:245,14,0,10
BRDA:249,15,0,0
BRDA:249,15,1,0
BRDA:250,16,0,0
BRDA:250,16,1,0
BRDA:251,17,0,0
BRDA:251,17,1,0
BRDA:252,18,0,0
BRDA:252,18,1,0
BRDA:253,19,0,0
BRDA:253,19,1,0
BRDA:274,20,0,9
BRDA:284,21,0,3
BRDA:285,22,0,3
BRDA:285,22,1,0
BRF:33
BRH:18
end_of_record
TN:
SF:src/agents/index.ts
FN:5,(anonymous_0)
FN:6,(anonymous_1)
FN:6,(anonymous_2)
FN:7,(anonymous_3)
FN:8,(anonymous_4)
FN:9,(anonymous_5)
FN:10,(anonymous_6)
FN:11,(anonymous_7)
FN:11,(anonymous_8)
FN:11,(anonymous_9)
FN:34,(anonymous_10)
FN:35,(anonymous_11)
FN:36,(anonymous_12)
FNF:13
FNH:0
FNDA:0,(anonymous_0)
FNDA:0,(anonymous_1)
FNDA:0,(anonymous_2)
FNDA:0,(anonymous_3)
FNDA:0,(anonymous_4)
FNDA:0,(anonymous_5)
FNDA:0,(anonymous_6)
FNDA:0,(anonymous_7)
FNDA:0,(anonymous_8)
FNDA:0,(anonymous_9)
FNDA:0,(anonymous_10)
FNDA:0,(anonymous_11)
FNDA:0,(anonymous_12)
DA:5,0
DA:6,0
DA:7,0
DA:8,0
DA:9,0
DA:10,0
DA:11,0
DA:33,0
DA:34,0
DA:35,0
DA:36,0
LF:11
LH:0
BRF:0
BRH:0
end_of_record
TN:
SF:src/agents/types.ts
FN:199,isAgentState
FN:203,isAgentHealth
FN:207,isAgentMessageType
FNF:3
FNH:0
FNDA:0,isAgentState
FNDA:0,isAgentHealth
FNDA:0,isAgentMessageType
DA:199,0
DA:200,0
DA:203,0
DA:204,0
DA:207,0
DA:208,0
LF:6
LH:0
BRF:0
BRH:0
end_of_record
TN:
SF:src/cli/anfsf-cli.ts
FN:45,generateUUID
FN:46,(anonymous_10)
FN:53,now
FN:57,formatOutput
FN:67,(anonymous_13)
FN:67,(anonymous_14)
FN:68,(anonymous_15)
FN:74,createChangeEvent
FN:104,synthesizeCommand
FN:153,(anonymous_18)
FN:226,previewCommand
FN:266,verifyCommand
FN:298,roleRebalanceCommand
FN:341,uiGenCommand
FN:381,skillLoadCommand
FN:423,harnessTestCommand
FN:472,mcpInspectCommand
FN:515,runCLI
FN:606,printHelp
FNF:19
FNH:12
FNDA:11,generateUUID
FNDA:341,(anonymous_10)
FNDA:6,now
FNDA:0,formatOutput
FNDA:0,(anonymous_13)
FNDA:0,(anonymous_14)
FNDA:0,(anonymous_15)
FNDA:6,createChangeEvent
FNDA:3,synthesizeCommand
FNDA:0,(anonymous_18)
FNDA:4,previewCommand
FNDA:2,verifyCommand
FNDA:3,roleRebalanceCommand
FNDA:2,uiGenCommand
FNDA:2,skillLoadCommand
FNDA:2,harnessTestCommand
FNDA:2,mcpInspectCommand
FNDA:0,runCLI
FNDA:0,printHelp
DA:8,1
DA:9,1
DA:10,1
DA:12,1
DA:13,1
DA:14,1
DA:20,1
DA:21,1
DA:46,11
DA:47,341
DA:48,341
DA:49,341
DA:54,6
DA:58,0
DA:59,0
DA:63,0
DA:64,0
DA:66,0
DA:67,0
DA:68,0
DA:71,0
DA:75,6
DA:104,1
DA:105,3
DA:107,3
DA:109,3
DA:110,0
DA:111,0
DA:112,0
DA:115,0
DA:116,0
DA:118,0
DA:119,0
DA:120,0
DA:123,0
DA:125,0
DA:131,0
DA:132,0
DA:133,0
DA:134,0
DA:140,0
DA:141,0
DA:143,0
DA:144,0
DA:150,0
DA:152,0
DA:153,0
DA:163,0
DA:164,0
DA:166,0
DA:167,0
DA:169,0
DA:170,0
DA:184,0
DA:191,3
DA:193,3
DA:208,3
DA:210,3
DA:216,0
DA:226,1
DA:227,4
DA:229,4
DA:230,4
DA:232,4
DA:251,4
DA:256,0
DA:266,1
DA:267,2
DA:269,2
DA:270,2
DA:272,2
DA:283,2
DA:288,0
DA:298,1
DA:299,3
DA:301,3
DA:302,3
DA:304,3
DA:323,3
DA:325,3
DA:331,0
DA:341,1
DA:342,2
DA:344,2
DA:345,2
DA:347,2
DA:366,2
DA:371,0
DA:381,1
DA:382,2
DA:384,2
DA:385,2
DA:387,2
DA:389,2
DA:390,1
DA:401,1
DA:403,1
DA:413,0
DA:423,1
DA:424,2
DA:426,2
DA:427,2
DA:429,2
DA:431,2
DA:432,1
DA:443,1
DA:455,1
DA:457,1
DA:462,0
DA:472,1
DA:473,2
DA:475,2
DA:476,2
DA:478,2
DA:481,2
DA:484,2
DA:486,2
DA:495,0
DA:515,1
DA:516,0
DA:517,0
DA:519,0
DA:520,0
DA:524,0
DA:526,0
DA:527,0
DA:530,0
DA:531,0
DA:534,0
DA:535,0
DA:538,0
DA:539,0
DA:541,0
DA:542,0
DA:544,0
DA:547,0
DA:548,0
DA:550,0
DA:551,0
DA:553,0
DA:556,0
DA:557,0
DA:559,0
DA:560,0
DA:562,0
DA:565,0
DA:566,0
DA:568,0
DA:569,0
DA:571,0
DA:574,0
DA:575,0
DA:577,0
DA:578,0
DA:580,0
DA:583,0
DA:584,0
DA:585,0
DA:588,0
DA:589,0
DA:591,0
DA:592,0
DA:593,0
DA:596,0
DA:598,0
DA:599,0
DA:606,1
DA:607,0
DA:648,1
LF:169
LH:77
BRDA:48,0,0,330
BRDA:48,0,1,11
BRDA:58,1,0,0
BRDA:63,2,0,0
BRDA:64,3,0,0
BRDA:67,4,0,0
BRDA:67,4,1,0
BRDA:79,5,0,1
BRDA:79,5,1,5
BRDA:88,6,0,1
BRDA:88,6,1,5
BRDA:109,7,0,0
BRDA:111,8,0,0
BRDA:116,9,0,0
BRDA:116,9,1,0
BRDA:118,10,0,0
BRDA:118,10,1,0
BRDA:119,11,0,0
BRDA:119,12,0,0
BRDA:119,12,1,0
BRDA:123,13,0,0
BRDA:123,13,1,0
BRDA:126,14,0,0
BRDA:126,14,1,0
BRDA:127,15,0,0
BRDA:127,15,1,0
BRDA:131,16,0,0
BRDA:143,17,0,0
BRDA:143,18,0,0
BRDA:143,18,1,0
BRDA:146,19,0,0
BRDA:146,19,1,0
BRDA:163,20,0,0
BRDA:166,21,0,0
BRDA:169,22,0,0
BRDA:191,23,0,1
BRDA:191,23,1,2
BRDA:194,24,0,3
BRDA:194,24,1,3
BRDA:195,25,0,2
BRDA:195,25,1,1
BRDA:195,26,0,1
BRDA:195,26,1,1
BRDA:208,27,0,3
BRDA:208,27,1,2
BRDA:230,28,0,0
BRDA:230,28,1,4
BRDA:233,29,0,4
BRDA:233,29,1,4
BRDA:270,30,0,0
BRDA:270,30,1,2
BRDA:273,31,0,2
BRDA:273,31,1,1
BRDA:302,32,0,0
BRDA:302,32,1,3
BRDA:305,33,0,3
BRDA:305,33,1,3
BRDA:306,34,0,3
BRDA:306,34,1,3
BRDA:313,35,0,1
BRDA:313,35,1,2
BRDA:323,36,0,3
BRDA:323,36,1,3
BRDA:345,37,0,0
BRDA:345,37,1,2
BRDA:348,38,0,2
BRDA:348,38,1,2
BRDA:349,39,0,2
BRDA:349,39,1,1
BRDA:385,40,0,1
BRDA:385,40,1,1
BRDA:385,41,0,2
BRDA:385,41,1,1
BRDA:389,42,0,1
BRDA:394,43,0,1
BRDA:394,43,1,1
BRDA:401,44,0,1
BRDA:401,44,1,0
BRDA:427,45,0,1
BRDA:427,45,1,1
BRDA:431,46,0,1
BRDA:435,47,0,1
BRDA:435,47,1,1
BRDA:436,48,0,1
BRDA:436,48,1,1
BRDA:444,49,0,1
BRDA:444,49,1,1
BRDA:445,50,0,1
BRDA:445,50,1,0
BRDA:476,51,0,0
BRDA:476,51,1,2
BRDA:484,52,0,2
BRDA:484,52,1,1
BRDA:491,53,0,2
BRDA:491,53,1,2
BRDA:517,54,0,0
BRDA:517,55,0,0
BRDA:520,56,0,0
BRDA:520,56,1,0
BRDA:524,57,0,0
BRDA:524,57,1,0
BRDA:524,57,2,0
BRDA:524,57,3,0
BRDA:524,57,4,0
BRDA:524,57,5,0
BRDA:524,57,6,0
BRDA:524,57,7,0
BRDA:524,57,8,0
BRDA:538,58,0,0
BRDA:538,58,1,0
BRDA:547,59,0,0
BRDA:547,59,1,0
BRDA:556,60,0,0
BRDA:556,60,1,0
BRDA:565,61,0,0
BRDA:565,61,1,0
BRDA:574,62,0,0
BRDA:574,62,1,0
BRDA:588,63,0,0
BRDA:588,63,1,0
BRDA:591,64,0,0
BRDA:591,65,0,0
BRDA:591,65,1,0
BRF:123
BRH:59
end_of_record
TN:
SF:src/cli/index.ts
FN:6,(anonymous_0)
FN:7,(anonymous_1)
FN:8,(anonymous_2)
FN:9,(anonymous_3)
FN:10,(anonymous_4)
FN:11,(anonymous_5)
FN:12,(anonymous_6)
FN:13,(anonymous_7)
FN:14,(anonymous_8)
FN:15,(anonymous_9)
FNF:10
FNH:0
FNDA:0,(anonymous_0)
FNDA:0,(anonymous_1)
FNDA:0,(anonymous_2)
FNDA:0,(anonymous_3)
FNDA:0,(anonymous_4)
FNDA:0,(anonymous_5)
FNDA:0,(anonymous_6)
FNDA:0,(anonymous_7)
FNDA:0,(anonymous_8)
FNDA:0,(anonymous_9)
DA:5,0
DA:6,0
DA:7,0
DA:8,0
DA:9,0
DA:10,0
DA:11,0
DA:12,0
DA:13,0
DA:14,0
DA:15,0
LF:11
LH:0
BRF:0
BRH:0
end_of_record
TN:
SF:src/core/guard-pipeline.ts
FN:101,(anonymous_0)
FN:113,(anonymous_1)
FN:116,(anonymous_2)
FN:130,(anonymous_3)
FN:132,(anonymous_4)
FN:158,(anonymous_5)
FN:165,(anonymous_6)
FN:168,(anonymous_7)
FN:172,(anonymous_8)
FN:174,(anonymous_9)
FN:183,(anonymous_10)
FN:195,(anonymous_11)
FN:196,(anonymous_12)
FN:196,(anonymous_13)
FN:201,(anonymous_14)
FN:202,(anonymous_15)
FN:202,(anonymous_16)
FN:218,applyViolations
FN:219,(anonymous_18)
FN:227,simpleCheck
FN:234,(anonymous_20)
FN:242,createGuardPipeline
FNF:22
FNH:22
FNDA:15,(anonymous_0)
FNDA:15,(anonymous_1)
FNDA:21,(anonymous_2)
FNDA:21,(anonymous_3)
FNDA:28,(anonymous_4)
FNDA:15,(anonymous_5)
FNDA:2,(anonymous_6)
FNDA:2,(anonymous_7)
FNDA:17,(anonymous_8)
FNDA:17,(anonymous_9)
FNDA:15,(anonymous_10)
FNDA:3,(anonymous_11)
FNDA:1,(anonymous_12)
FNDA:1,(anonymous_13)
FNDA:19,(anonymous_14)
FNDA:3,(anonymous_15)
FNDA:2,(anonymous_16)
FNDA:3,applyViolations
FNDA:7,(anonymous_18)
FNDA:3,simpleCheck
FNDA:1,(anonymous_20)
FNDA:1,createGuardPipeline
DA:83,1
DA:93,1
DA:102,15
DA:103,15
DA:104,15
DA:105,15
DA:106,15
DA:107,15
DA:115,15
DA:116,21
DA:119,15
DA:120,15
DA:121,15
DA:123,15
DA:124,21
DA:125,21
DA:126,21
DA:130,21
DA:132,28
DA:136,15
DA:137,15
DA:138,4
DA:142,11
DA:143,0
DA:147,11
DA:151,11
DA:161,15
DA:163,14
DA:165,2
DA:168,2
DA:172,17
DA:173,12
DA:174,17
DA:189,15
DA:190,1
DA:191,1
DA:195,14
DA:196,1
DA:197,1
DA:201,19
DA:202,3
DA:203,2
DA:206,11
DA:218,1
DA:219,7
DA:220,3
DA:227,1
DA:232,3
DA:234,1
DA:242,1
DA:243,1
LF:51
LH:50
BRDA:103,0,0,15
BRDA:103,0,1,12
BRDA:105,1,0,15
BRDA:105,1,1,15
BRDA:137,2,0,4
BRDA:142,3,0,0
BRDA:147,4,0,1
BRDA:147,4,1,10
BRDA:147,5,0,11
BRDA:147,5,1,2
BRDA:161,6,0,1
BRDA:163,7,0,1
BRDA:163,7,1,1
BRDA:163,7,2,12
BRDA:163,7,3,12
BRDA:173,8,0,0
BRDA:189,9,0,1
BRDA:191,10,0,1
BRDA:195,11,0,1
BRDA:195,12,0,14
BRDA:195,12,1,14
BRDA:201,13,0,2
BRDA:202,14,0,2
BRDA:202,14,1,0
BRDA:230,15,0,2
BRDA:234,16,0,3
BRDA:234,16,1,2
BRF:27
BRH:24
end_of_record
TN:
SF:src/core/architecture/auto-scaling-engine.ts
FN:17,(anonymous_0)
FN:36,(anonymous_1)
FNF:2
FNH:0
FNDA:0,(anonymous_0)
FNDA:0,(anonymous_1)
DA:13,6
DA:18,0
DA:19,0
DA:20,0
DA:21,0
DA:22,0
DA:24,0
DA:37,0
DA:38,0
DA:39,0
DA:41,0
DA:42,0
DA:48,0
LF:13
LH:1
BRDA:18,0,0,0
BRDA:18,0,1,0
BRDA:19,1,0,0
BRDA:19,1,1,0
BRDA:20,2,0,0
BRDA:20,2,1,0
BRDA:21,3,0,0
BRDA:21,3,1,0
BRDA:22,4,0,0
BRDA:22,4,1,0
BRDA:38,5,0,0
BRDA:38,5,1,0
BRDA:38,6,0,0
BRDA:38,6,1,0
BRDA:41,7,0,0
BRDA:41,7,1,0
BRF:16
BRH:0
end_of_record
TN:
SF:src/core/contract/api-contract-engine.ts
FN:19,mapFieldType
FN:55,entityToSchema
FN:81,generateParameters
FN:102,generateRequestBody
FN:120,generateResponse
FN:178,generateOpenAPISpec
FN:238,detectServiceTag
FN:259,generateOpenAPIWithDiff
FNF:8
FNH:8
FNDA:133,mapFieldType
FNDA:44,entityToSchema
FNDA:117,generateParameters
FNDA:117,generateRequestBody
FNDA:117,generateResponse
FNDA:46,generateOpenAPISpec
FNDA:117,detectServiceTag
FNDA:33,generateOpenAPIWithDiff
DA:10,2
DA:20,133
DA:34,133
DA:36,133
DA:38,133
DA:39,74
DA:46,74
DA:49,133
DA:56,44
DA:57,44
DA:59,44
DA:60,133
DA:61,133
DA:62,118
DA:66,44
DA:71,44
DA:72,44
DA:75,44
DA:82,117
DA:85,117
DA:87,117
DA:88,29
DA:96,117
DA:103,117
DA:104,117
DA:105,74
DA:108,43
DA:121,117
DA:123,117
DA:178,2
DA:182,46
DA:183,46
DA:186,46
DA:187,117
DA:188,117
DA:190,117
DA:191,60
DA:194,117
DA:199,117
DA:200,117
DA:201,29
DA:204,117
DA:205,117
DA:206,43
DA:209,117
DA:211,117
DA:215,46
DA:216,44
DA:219,46
DA:232,46
DA:239,117
DA:240,116
DA:241,116
DA:244,1
DA:259,2
DA:264,33
DA:266,33
DA:267,30
DA:270,3
DA:272,3
LF:60
LH:60
BRDA:34,0,0,133
BRDA:34,0,1,0
BRDA:38,1,0,74
BRDA:38,2,0,133
BRDA:38,2,1,118
BRDA:61,3,0,118
BRDA:71,4,0,44
BRDA:104,5,0,74
BRDA:111,6,0,43
BRDA:111,6,1,0
BRDA:121,7,0,43
BRDA:121,7,1,74
BRDA:128,8,0,117
BRDA:128,8,1,0
BRDA:190,9,0,60
BRDA:200,10,0,29
BRDA:205,11,0,43
BRDA:224,12,0,46
BRDA:224,12,1,45
BRDA:240,13,0,116
BRDA:266,14,0,30
BRF:21
BRH:18
end_of_record
TN:
SF:src/core/contract/contract-diff-router.ts
FN:51,diffContract
FN:84,canAutoApprove
FNF:2
FNH:2
FNDA:41,diffContract
FNDA:15,canAutoApprove
DA:12,2
DA:13,2
DA:14,2
DA:15,2
DA:16,2
DA:51,2
DA:57,41
DA:59,13
DA:62,13
DA:65,1
DA:68,12
DA:71,1
DA:74,1
DA:84,2
DA:85,15
DA:87,4
DA:90,6
DA:93,0
DA:96,5
DA:99,0
DA:102,0
LF:21
LH:18
BRDA:57,0,0,13
BRDA:57,0,1,13
BRDA:57,0,2,1
BRDA:57,0,3,12
BRDA:57,0,4,1
BRDA:57,0,5,1
BRDA:85,1,0,4
BRDA:85,1,1,6
BRDA:85,1,2,0
BRDA:85,1,3,5
BRDA:85,1,4,0
BRDA:85,1,5,0
BRF:12
BRH:9
end_of_record
TN:
SF:src/core/contract/contract-pipeline.ts
FN:70,generateContracts
FN:115,diffContracts
FN:161,(anonymous_2)
FN:162,(anonymous_3)
FN:191,evaluateAutoApprove
FN:198,(anonymous_5)
FN:234,evaluateRule
FN:284,createProposals
FN:288,(anonymous_8)
FN:308,runContractPipeline
FN:330,(anonymous_10)
FNF:11
FNH:11
FNDA:29,generateContracts
FNDA:11,diffContracts
FNDA:30,(anonymous_2)
FNDA:30,(anonymous_3)
FNDA:5,evaluateAutoApprove
FNDA:9,(anonymous_5)
FNDA:3,evaluateRule
FNDA:2,createProposals
FNDA:6,(anonymous_8)
FNDA:4,runContractPipeline
FNDA:6,(anonymous_10)
DA:11,1
DA:12,1
DA:13,1
DA:14,1
DA:15,1
DA:70,1
DA:74,29
DA:80,29
DA:82,29
DA:84,29
DA:115,1
DA:120,11
DA:121,11
DA:122,11
DA:125,11
DA:131,11
DA:132,11
DA:133,11
DA:136,11
DA:142,11
DA:143,11
DA:144,11
DA:147,11
DA:153,11
DA:154,11
DA:155,11
DA:158,11
DA:161,30
DA:162,30
DA:165,11
DA:191,1
DA:195,5
DA:197,5
DA:198,15
DA:199,15
DA:200,15
DA:202,15
DA:203,3
DA:204,3
DA:205,3
DA:206,2
DA:207,2
DA:208,2
DA:210,1
DA:216,15
DA:217,13
DA:218,13
DA:221,15
DA:228,5
DA:238,3
DA:241,3
DA:242,3
DA:243,3
DA:244,1
DA:249,2
DA:250,0
DA:251,0
DA:252,0
DA:257,2
DA:258,1
DA:259,1
DA:260,0
DA:261,0
DA:266,2
DA:267,2
DA:270,0
DA:284,1
DA:288,6
DA:308,1
DA:316,4
DA:319,4
DA:320,4
DA:323,4
DA:324,2
DA:327,2
DA:330,6
DA:331,2
DA:332,0
DA:336,4
LF:79
LH:72
BRDA:132,0,0,1
BRDA:133,1,0,1
BRDA:143,2,0,0
BRDA:144,3,0,0
BRDA:154,4,0,0
BRDA:155,5,0,0
BRDA:158,6,0,11
BRDA:158,6,1,10
BRDA:202,7,0,3
BRDA:205,8,0,2
BRDA:205,8,1,1
BRDA:216,9,0,13
BRDA:216,10,0,15
BRDA:216,10,1,13
BRDA:241,11,0,3
BRDA:242,12,0,3
BRDA:242,12,1,0
BRDA:243,13,0,1
BRDA:249,14,0,0
BRDA:251,15,0,0
BRDA:257,16,0,1
BRDA:258,17,0,1
BRDA:258,17,1,0
BRDA:260,18,0,0
BRDA:266,19,0,2
BRDA:290,20,0,6
BRDA:290,20,1,0
BRDA:312,21,0,2
BRDA:313,22,0,2
BRDA:323,23,0,2
BRDA:331,24,0,0
BRF:31
BRH:20
end_of_record
TN:
SF:src/core/contract/db-schema-generator.ts
FN:19,toPostgresType
FN:42,toPrismaType
FN:69,generateColumnSQL
FN:78,generateForeignKeySQL
FN:109,generateSQLDDL
FN:116,(anonymous_5)
FN:119,(anonymous_6)
FN:147,topologicalSort
FN:148,(anonymous_8)
FN:218,generatePrismaSchema
FN:245,(anonymous_10)
FN:268,buildPrismaModifiers
FN:293,generateDBSchemaJSON
FN:297,(anonymous_13)
FN:303,(anonymous_14)
FN:360,generateDBSchemaWithDiff
FNF:16
FNH:16
FNDA:272,toPostgresType
FNDA:130,toPrismaType
FNDA:140,generateColumnSQL
FNDA:50,generateForeignKeySQL
FNDA:41,generateSQLDDL
FNDA:140,(anonymous_5)
FNDA:50,(anonymous_6)
FNDA:41,topologicalSort
FNDA:50,(anonymous_8)
FNDA:39,generatePrismaSchema
FNDA:9,(anonymous_10)
FNDA:130,buildPrismaModifiers
FNDA:39,generateDBSchemaJSON
FNDA:132,(anonymous_13)
FNDA:48,(anonymous_14)
FNDA:32,generateDBSchemaWithDiff
DA:10,2
DA:20,272
DA:36,272
DA:43,130
DA:59,130
DA:70,140
DA:71,140
DA:72,140
DA:79,50
DA:81,50
DA:82,20
DA:83,10
DA:89,50
DA:109,2
DA:110,41
DA:113,41
DA:115,41
DA:116,140
DA:119,50
DA:120,50
DA:121,50
DA:125,50
DA:126,50
DA:128,50
DA:129,50
DA:133,41
DA:134,10
DA:135,10
DA:140,41
DA:148,50
DA:149,41
DA:150,41
DA:152,41
DA:153,50
DA:154,50
DA:157,41
DA:158,10
DA:159,10
DA:160,10
DA:164,41
DA:165,41
DA:166,50
DA:167,40
DA:171,41
DA:172,41
DA:173,50
DA:174,50
DA:176,50
DA:177,10
DA:178,10
DA:179,10
DA:185,41
DA:186,50
DA:187,0
DA:191,41
DA:218,2
DA:219,39
DA:222,39
DA:223,39
DA:224,39
DA:225,39
DA:226,39
DA:227,39
DA:228,39
DA:229,39
DA:230,39
DA:233,39
DA:234,47
DA:236,47
DA:237,130
DA:238,130
DA:239,130
DA:243,47
DA:244,18
DA:245,9
DA:246,9
DA:247,0
DA:248,9
DA:249,0
DA:250,0
DA:253,18
DA:254,0
DA:258,47
DA:259,47
DA:262,39
DA:269,130
DA:271,130
DA:272,47
DA:273,83
DA:276,18
DA:279,130
DA:293,2
DA:294,39
DA:296,39
DA:297,132
DA:303,48
DA:305,48
DA:306,48
DA:307,18
DA:308,9
DA:318,48
DA:328,39
DA:329,9
DA:330,9
DA:331,9
DA:339,39
DA:345,39
DA:360,2
DA:365,32
DA:366,32
DA:367,32
DA:369,32
DA:370,30
DA:373,2
DA:375,2
LF:115
LH:110
BRDA:36,0,0,272
BRDA:36,0,1,0
BRDA:59,1,0,130
BRDA:59,1,1,0
BRDA:71,2,0,120
BRDA:71,2,1,20
BRDA:82,3,0,10
BRDA:109,4,0,41
BRDA:120,5,0,50
BRDA:158,6,0,10
BRDA:158,7,0,10
BRDA:158,7,1,10
BRDA:160,8,0,10
BRDA:160,8,1,10
BRDA:166,9,0,40
BRDA:176,10,0,50
BRDA:176,10,1,0
BRDA:178,11,0,10
BRDA:186,12,0,0
BRDA:244,13,0,9
BRDA:246,14,0,0
BRDA:246,14,1,9
BRDA:246,15,0,9
BRDA:246,15,1,9
BRDA:248,16,0,0
BRDA:253,17,0,0
BRDA:253,18,0,18
BRDA:253,18,1,9
BRDA:253,18,2,9
BRDA:271,19,0,47
BRDA:271,19,1,83
BRDA:273,20,0,65
BRDA:273,20,1,18
BRDA:293,21,0,4
BRDA:307,22,0,9
BRDA:321,23,0,48
BRDA:321,23,1,0
BRDA:322,24,0,9
BRDA:322,24,1,39
BRDA:330,25,0,9
BRDA:369,26,0,30
BRF:41
BRH:33
end_of_record
TN:
SF:src/core/contract/diff-config-schema.ts
FN:40,parseConfigSchema
FN:57,diffConfigSchema
FN:125,(anonymous_2)
FN:126,(anonymous_3)
FN:129,(anonymous_4)
FN:194,compareConfigProps
FN:304,generateConfigSchemaChangelog
FN:352,calculateConfigSchemaRiskScore
FN:361,(anonymous_8)
FN:368,(anonymous_9)
FN:377,canAutoApproveConfigSchema
FNF:11
FNH:11
FNDA:30,parseConfigSchema
FNDA:15,diffConfigSchema
FNDA:5,(anonymous_2)
FNDA:5,(anonymous_3)
FNDA:5,(anonymous_4)
FNDA:68,compareConfigProps
FNDA:15,generateConfigSchemaChangelog
FNDA:15,calculateConfigSchemaRiskScore
FNDA:5,(anonymous_8)
FNDA:5,(anonymous_9)
FNDA:4,canAutoApproveConfigSchema
DA:9,3
DA:40,3
DA:41,30
DA:42,30
DA:44,0
DA:57,3
DA:63,15
DA:64,15
DA:66,15
DA:72,15
DA:73,15
DA:75,15
DA:76,15
DA:78,15
DA:79,15
DA:82,15
DA:83,74
DA:84,6
DA:85,6
DA:86,6
DA:94,6
DA:99,15
DA:100,71
DA:101,3
DA:102,3
DA:109,3
DA:114,15
DA:115,74
DA:116,68
DA:117,68
DA:119,68
DA:120,68
DA:121,5
DA:125,5
DA:126,5
DA:128,5
DA:129,5
DA:135,15
DA:136,71
DA:137,68
DA:138,68
DA:140,68
DA:141,0
DA:148,0
DA:151,68
DA:152,0
DA:164,15
DA:165,15
DA:166,15
DA:173,15
DA:174,15
DA:176,15
DA:195,68
DA:198,68
DA:199,1
DA:209,68
DA:210,1
DA:220,68
DA:221,1
DA:230,68
DA:231,0
DA:241,68
DA:242,1
DA:252,68
DA:253,14
DA:254,14
DA:256,14
DA:257,55
DA:258,0
DA:268,14
DA:269,56
DA:270,1
DA:282,68
DA:283,0
DA:298,68
DA:310,15
DA:312,15
DA:313,6
DA:316,15
DA:318,15
DA:319,3
DA:320,3
DA:321,3
DA:323,3
DA:326,15
DA:327,6
DA:328,6
DA:329,6
DA:331,6
DA:334,15
DA:335,5
DA:336,5
DA:337,5
DA:339,5
DA:342,15
DA:343,1
DA:346,14
DA:357,15
DA:359,15
DA:361,15
DA:362,15
DA:364,15
DA:365,15
DA:368,15
DA:369,15
DA:371,15
DA:377,3
DA:378,4
DA:379,3
DA:382,1
DA:383,1
DA:387,1
DA:390,1
DA:392,1
LF:114
LH:107
BRDA:75,0,0,15
BRDA:75,0,1,0
BRDA:76,1,0,15
BRDA:76,1,1,0
BRDA:78,2,0,15
BRDA:78,2,1,1
BRDA:79,3,0,15
BRDA:79,3,1,1
BRDA:83,4,0,6
BRDA:89,5,0,2
BRDA:89,5,1,4
BRDA:90,6,0,2
BRDA:90,6,1,4
BRDA:94,7,0,2
BRDA:100,8,0,3
BRDA:115,9,0,68
BRDA:120,10,0,5
BRDA:125,11,0,1
BRDA:125,11,1,4
BRDA:129,12,0,1
BRDA:136,13,0,68
BRDA:140,14,0,0
BRDA:140,15,0,68
BRDA:140,15,1,41
BRDA:151,16,0,0
BRDA:151,17,0,68
BRDA:151,17,1,27
BRDA:165,18,0,15
BRDA:165,18,1,5
BRDA:185,19,0,15
BRDA:185,19,1,9
BRDA:198,20,0,1
BRDA:209,21,0,1
BRDA:220,22,0,1
BRDA:220,23,0,68
BRDA:220,23,1,27
BRDA:230,24,0,0
BRDA:230,25,0,68
BRDA:230,25,1,13
BRDA:241,26,0,1
BRDA:252,27,0,14
BRDA:252,28,0,68
BRDA:252,28,1,14
BRDA:257,29,0,0
BRDA:269,30,0,1
BRDA:282,31,0,0
BRDA:282,32,0,68
BRDA:282,32,1,68
BRDA:312,33,0,6
BRDA:318,34,0,3
BRDA:326,35,0,6
BRDA:329,36,0,2
BRDA:329,36,1,4
BRDA:334,37,0,5
BRDA:342,38,0,1
BRDA:359,39,0,6
BRDA:378,40,0,1
BRDA:379,41,0,2
BRDA:383,42,0,0
BRDA:387,43,0,0
BRDA:390,44,0,0
BRDA:390,45,0,1
BRDA:390,45,1,0
BRF:63
BRH:52
end_of_record
TN:
SF:src/core/contract/diff-dbschema.ts
FN:73,parseDBSchema
FN:84,compareColumns
FN:168,compareTables
FN:187,(anonymous_3)
FN:188,(anonymous_4)
FN:238,(anonymous_5)
FN:241,(anonymous_6)
FN:285,(anonymous_7)
FN:288,(anonymous_8)
FN:331,generateMigrationSQL
FN:391,diffDBSchema
FN:474,(anonymous_11)
FN:527,generateDBSchemaChangelog
FN:575,calculateDBSchemaRiskScore
FN:584,(anonymous_14)
FN:596,canAutoApproveDBSchema
FNF:16
FNH:16
FNDA:30,parseDBSchema
FNDA:33,compareColumns
FNDA:15,compareTables
FNDA:33,(anonymous_3)
FNDA:35,(anonymous_4)
FNDA:1,(anonymous_5)
FNDA:1,(anonymous_6)
FNDA:1,(anonymous_7)
FNDA:1,(anonymous_8)
FNDA:1,generateMigrationSQL
FNDA:15,diffDBSchema
FNDA:1,(anonymous_11)
FNDA:15,generateDBSchemaChangelog
FNDA:15,calculateDBSchemaRiskScore
FNDA:5,(anonymous_14)
FNDA:6,canAutoApproveDBSchema
DA:9,5
DA:73,5
DA:74,30
DA:75,30
DA:77,0
DA:89,33
DA:90,33
DA:92,33
DA:95,33
DA:96,0
DA:103,0
DA:107,33
DA:108,0
DA:110,0
DA:117,0
DA:119,0
DA:130,33
DA:131,0
DA:141,33
DA:142,0
DA:143,0
DA:150,0
DA:152,0
DA:162,33
DA:175,15
DA:176,15
DA:177,15
DA:182,15
DA:187,33
DA:188,35
DA:191,15
DA:192,35
DA:193,2
DA:194,2
DA:202,2
DA:203,1
DA:209,15
DA:210,33
DA:211,0
DA:212,0
DA:219,0
DA:224,15
DA:225,35
DA:226,35
DA:227,33
DA:228,33
DA:229,0
DA:230,0
DA:231,0
DA:237,15
DA:238,1
DA:240,15
DA:241,1
DA:244,15
DA:245,1
DA:246,0
DA:247,0
DA:257,15
DA:258,1
DA:259,0
DA:260,0
DA:271,15
DA:272,15
DA:273,15
DA:274,0
DA:281,0
DA:285,15
DA:286,1
DA:288,15
DA:289,1
DA:292,15
DA:293,1
DA:294,0
DA:295,0
DA:305,15
DA:306,1
DA:307,0
DA:308,0
DA:315,0
DA:319,15
DA:337,1
DA:338,1
DA:341,1
DA:342,2
DA:343,2
DA:344,2
DA:347,2
DA:351,1
DA:352,0
DA:353,0
DA:359,1
DA:360,0
DA:361,0
DA:364,0
DA:368,1
DA:369,0
DA:370,0
DA:371,0
DA:376,1
DA:391,5
DA:397,15
DA:398,15
DA:400,15
DA:406,15
DA:407,15
DA:409,15
DA:410,15
DA:413,15
DA:414,17
DA:415,2
DA:416,2
DA:421,2
DA:432,15
DA:433,16
DA:434,1
DA:435,1
DA:442,1
DA:447,15
DA:448,17
DA:449,15
DA:450,15
DA:451,1
DA:456,1
DA:457,1
DA:463,15
DA:464,15
DA:465,15
DA:474,15
DA:475,1
DA:481,15
DA:482,3
DA:483,3
DA:485,3
DA:486,1
DA:492,1
DA:493,1
DA:496,3
DA:503,15
DA:506,15
DA:508,15
DA:532,15
DA:534,15
DA:535,2
DA:538,15
DA:539,1
DA:540,1
DA:541,1
DA:543,1
DA:546,15
DA:547,2
DA:548,2
DA:549,2
DA:551,2
DA:554,15
DA:555,1
DA:556,1
DA:557,1
DA:558,1
DA:559,1
DA:560,1
DA:562,1
DA:565,15
DA:566,12
DA:569,3
DA:580,15
DA:582,15
DA:584,15
DA:585,15
DA:587,15
DA:588,15
DA:590,15
DA:596,5
DA:597,6
DA:600,5
DA:604,5
DA:605,0
DA:606,0
DA:607,0
DA:613,5
DA:616,5
DA:618,5
LF:181
LH:141
BRDA:95,0,0,0
BRDA:107,1,0,0
BRDA:108,2,0,0
BRDA:108,2,1,0
BRDA:108,3,0,0
BRDA:108,3,1,0
BRDA:130,4,0,0
BRDA:141,5,0,0
BRDA:142,6,0,0
BRDA:142,6,1,0
BRDA:142,7,0,0
BRDA:142,7,1,0
BRDA:192,8,0,2
BRDA:198,9,0,1
BRDA:198,9,1,1
BRDA:202,10,0,1
BRDA:202,11,0,2
BRDA:202,11,1,1
BRDA:210,12,0,0
BRDA:226,13,0,33
BRDA:228,14,0,0
BRDA:231,15,0,0
BRDA:238,16,0,15
BRDA:238,16,1,1
BRDA:241,17,0,15
BRDA:241,17,1,1
BRDA:245,18,0,0
BRDA:258,19,0,0
BRDA:273,20,0,0
BRDA:285,21,0,15
BRDA:285,21,1,14
BRDA:288,22,0,15
BRDA:288,22,1,14
BRDA:293,23,0,0
BRDA:306,24,0,0
BRDA:335,25,0,0
BRDA:342,26,0,1
BRDA:342,26,1,1
BRDA:343,27,0,0
BRDA:343,27,1,2
BRDA:360,28,0,0
BRDA:360,28,1,0
BRDA:370,29,0,0
BRDA:370,29,1,0
BRDA:414,30,0,2
BRDA:419,31,0,2
BRDA:419,31,1,1
BRDA:433,32,0,1
BRDA:448,33,0,15
BRDA:450,34,0,1
BRDA:457,35,0,1
BRDA:464,36,0,15
BRDA:464,36,1,1
BRDA:475,37,0,1
BRDA:475,37,1,0
BRDA:475,37,2,0
BRDA:475,37,3,0
BRDA:481,38,0,3
BRDA:481,39,0,15
BRDA:481,39,1,14
BRDA:481,39,2,13
BRDA:517,40,0,15
BRDA:517,40,1,13
BRDA:534,41,0,2
BRDA:538,42,0,1
BRDA:546,43,0,2
BRDA:554,44,0,1
BRDA:565,45,0,12
BRDA:582,46,0,2
BRDA:597,47,0,1
BRDA:606,48,0,0
BRDA:606,49,0,0
BRDA:606,49,1,0
BRDA:613,50,0,0
BRDA:616,51,0,0
BRDA:616,52,0,5
BRDA:616,52,1,0
BRF:77
BRH:42
end_of_record
TN:
SF:src/core/contract/diff-event-schema.ts
FN:34,parseEventSchema
FN:51,diffEventSchema
FN:115,(anonymous_2)
FN:116,(anonymous_3)
FN:119,(anonymous_4)
FN:179,compareEventFields
FN:263,generateEventSchemaChangelog
FN:311,calculateEventSchemaRiskScore
FN:320,(anonymous_8)
FN:332,canAutoApproveEventSchema
FNF:10
FNH:10
FNDA:54,parseEventSchema
FNDA:27,diffEventSchema
FNDA:3,(anonymous_2)
FNDA:3,(anonymous_3)
FNDA:3,(anonymous_4)
FNDA:54,compareEventFields
FNDA:27,generateEventSchemaChangelog
FNDA:27,calculateEventSchemaRiskScore
FNDA:5,(anonymous_8)
FNDA:9,canAutoApproveEventSchema
DA:9,4
DA:34,4
DA:35,54
DA:36,54
DA:38,0
DA:51,4
DA:57,27
DA:58,27
DA:60,27
DA:66,27
DA:67,27
DA:69,27
DA:70,27
DA:73,27
DA:74,60
DA:75,6
DA:76,6
DA:84,6
DA:89,27
DA:90,57
DA:91,3
DA:92,3
DA:99,3
DA:104,27
DA:105,60
DA:106,54
DA:107,54
DA:109,54
DA:110,54
DA:111,3
DA:115,3
DA:116,3
DA:118,3
DA:119,3
DA:125,27
DA:126,1
DA:133,1
DA:137,27
DA:138,1
DA:145,1
DA:149,27
DA:150,27
DA:151,27
DA:158,27
DA:159,27
DA:161,27
DA:180,54
DA:181,54
DA:184,54
DA:185,1
DA:195,54
DA:196,0
DA:206,54
DA:207,1
DA:217,54
DA:218,1
DA:228,54
DA:229,14
DA:230,14
DA:232,14
DA:233,42
DA:234,0
DA:244,14
DA:245,42
DA:246,0
DA:257,54
DA:269,27
DA:271,27
DA:272,8
DA:275,27
DA:277,27
DA:278,3
DA:279,3
DA:280,3
DA:282,3
DA:285,27
DA:286,6
DA:287,6
DA:288,6
DA:290,6
DA:293,27
DA:294,3
DA:295,3
DA:296,3
DA:298,3
DA:301,27
DA:302,15
DA:305,12
DA:316,27
DA:318,27
DA:320,27
DA:321,27
DA:323,27
DA:324,27
DA:326,27
DA:332,4
DA:333,9
DA:334,8
DA:337,6
DA:338,1
DA:342,6
DA:345,6
DA:347,6
LF:103
LH:99
BRDA:69,0,0,27
BRDA:69,0,1,12
BRDA:70,1,0,27
BRDA:70,1,1,12
BRDA:74,2,0,6
BRDA:79,3,0,2
BRDA:79,3,1,4
BRDA:80,4,0,2
BRDA:80,4,1,4
BRDA:84,5,0,2
BRDA:90,6,0,3
BRDA:105,7,0,54
BRDA:110,8,0,3
BRDA:115,9,0,1
BRDA:115,9,1,2
BRDA:119,10,0,1
BRDA:125,11,0,1
BRDA:137,12,0,1
BRDA:150,13,0,27
BRDA:150,13,1,3
BRDA:170,14,0,27
BRDA:170,14,1,19
BRDA:184,15,0,1
BRDA:195,16,0,0
BRDA:195,17,0,54
BRDA:195,17,1,14
BRDA:206,18,0,1
BRDA:206,19,0,54
BRDA:206,19,1,40
BRDA:217,20,0,1
BRDA:221,21,0,1
BRDA:221,21,1,0
BRDA:221,22,0,1
BRDA:221,22,1,0
BRDA:228,23,0,14
BRDA:228,24,0,54
BRDA:228,24,1,14
BRDA:233,25,0,0
BRDA:245,26,0,0
BRDA:271,27,0,8
BRDA:277,28,0,3
BRDA:285,29,0,6
BRDA:288,30,0,2
BRDA:288,30,1,4
BRDA:293,31,0,3
BRDA:301,32,0,15
BRDA:318,33,0,8
BRDA:333,34,0,1
BRDA:334,35,0,2
BRDA:338,36,0,0
BRDA:342,37,0,0
BRDA:345,38,0,0
BRDA:345,39,0,6
BRDA:345,39,1,0
BRF:54
BRH:45
end_of_record
TN:
SF:src/core/contract/diff-openapi.ts
FN:29,parseOpenAPI
FN:42,compareSchemas
FN:190,diffOpenAPI
FN:369,generateOpenAPIChangelog
FN:414,calculateOpenAPIRiskScore
FN:427,(anonymous_5)
FN:440,canAutoApproveOpenAPI
FNF:7
FNH:7
FNDA:32,parseOpenAPI
FNDA:43,compareSchemas
FNDA:16,diffOpenAPI
FNDA:16,generateOpenAPIChangelog
FNDA:16,calculateOpenAPIRiskScore
FNDA:8,(anonymous_5)
FNDA:11,canAutoApproveOpenAPI
DA:9,5
DA:29,5
DA:30,32
DA:32,32
DA:35,0
DA:47,43
DA:48,43
DA:50,43
DA:51,0
DA:55,43
DA:56,43
DA:59,43
DA:60,30
DA:61,0
DA:68,0
DA:73,43
DA:74,30
DA:75,0
DA:86,43
DA:87,0
DA:94,0
DA:98,43
DA:99,43
DA:101,43
DA:102,32
DA:103,0
DA:104,0
DA:111,0
DA:116,43
DA:117,32
DA:118,0
DA:125,0
DA:130,43
DA:131,0
DA:132,0
DA:134,0
DA:135,0
DA:136,0
DA:146,0
DA:147,0
DA:148,0
DA:155,0
DA:160,43
DA:190,5
DA:196,16
DA:197,16
DA:199,16
DA:205,16
DA:206,16
DA:209,16
DA:210,16
DA:213,16
DA:214,20
DA:215,3
DA:216,3
DA:217,4
DA:222,4
DA:234,16
DA:235,19
DA:236,2
DA:237,2
DA:238,3
DA:239,3
DA:247,2
DA:252,16
DA:253,20
DA:254,17
DA:255,17
DA:257,17
DA:258,31
DA:260,30
DA:261,30
DA:263,30
DA:269,30
DA:270,0
DA:278,0
DA:280,0
DA:281,0
DA:290,16
DA:291,16
DA:292,16
DA:293,16
DA:296,16
DA:297,14
DA:298,1
DA:309,16
DA:310,13
DA:311,0
DA:318,0
DA:323,16
DA:324,14
DA:325,13
DA:330,13
DA:331,13
DA:336,16
DA:337,16
DA:338,16
DA:346,16
DA:349,16
DA:351,16
DA:374,16
DA:376,16
DA:377,2
DA:380,16
DA:381,2
DA:382,2
DA:383,3
DA:385,2
DA:388,16
DA:389,3
DA:390,3
DA:391,4
DA:393,3
DA:396,16
DA:397,0
DA:398,0
DA:399,0
DA:401,0
DA:404,16
DA:405,11
DA:408,5
DA:419,16
DA:422,16
DA:423,2
DA:427,16
DA:428,16
DA:431,16
DA:434,16
DA:440,5
DA:442,11
DA:445,10
DA:447,4
DA:448,1
DA:453,9
DA:456,8
DA:458,7
LF:136
LH:105
BRDA:50,0,0,0
BRDA:50,1,0,43
BRDA:50,1,1,43
BRDA:55,2,0,43
BRDA:55,2,1,30
BRDA:56,3,0,43
BRDA:56,3,1,30
BRDA:60,4,0,0
BRDA:74,5,0,0
BRDA:86,6,0,0
BRDA:86,7,0,43
BRDA:86,7,1,13
BRDA:86,7,2,13
BRDA:98,8,0,43
BRDA:98,8,1,30
BRDA:99,9,0,43
BRDA:99,9,1,30
BRDA:102,10,0,0
BRDA:107,11,0,0
BRDA:107,11,1,0
BRDA:108,12,0,0
BRDA:108,12,1,0
BRDA:111,13,0,0
BRDA:117,14,0,0
BRDA:130,15,0,0
BRDA:130,16,0,43
BRDA:130,16,1,0
BRDA:135,17,0,0
BRDA:147,18,0,0
BRDA:209,19,0,16
BRDA:209,19,1,0
BRDA:210,20,0,16
BRDA:210,20,1,0
BRDA:214,21,0,3
BRDA:235,22,0,2
BRDA:253,23,0,17
BRDA:258,24,0,30
BRDA:269,25,0,0
BRDA:280,26,0,0
BRDA:290,27,0,16
BRDA:290,27,1,2
BRDA:291,28,0,16
BRDA:291,28,1,2
BRDA:297,29,0,1
BRDA:310,30,0,0
BRDA:324,31,0,13
BRDA:331,32,0,0
BRDA:337,33,0,16
BRDA:337,33,1,0
BRDA:360,34,0,16
BRDA:360,34,1,14
BRDA:376,35,0,2
BRDA:380,36,0,2
BRDA:388,37,0,3
BRDA:396,38,0,0
BRDA:404,39,0,11
BRDA:422,40,0,2
BRDA:442,41,0,1
BRDA:447,42,0,1
BRDA:447,43,0,4
BRDA:447,43,1,3
BRDA:453,44,0,1
BRDA:456,45,0,1
BRDA:456,46,0,8
BRDA:456,46,1,0
BRF:65
BRH:41
end_of_record
TN:
SF:src/core/contract/diff-uiprops.ts
FN:33,parseUIProps
FN:44,compareProps
FN:153,diffUIProps
FN:267,generateUIPropsChangelog
FN:317,calculateUIPropsRiskScore
FN:326,(anonymous_5)
FN:338,canAutoApproveUIProps
FNF:7
FNH:7
FNDA:30,parseUIProps
FNDA:54,compareProps
FNDA:15,diffUIProps
FNDA:15,generateUIPropsChangelog
FNDA:15,calculateUIPropsRiskScore
FNDA:14,(anonymous_5)
FNDA:4,canAutoApproveUIProps
DA:9,3
DA:33,3
DA:34,30
DA:35,30
DA:37,0
DA:50,54
DA:51,54
DA:54,54
DA:55,2
DA:62,2
DA:66,54
DA:67,1
DA:74,1
DA:78,54
DA:79,1
DA:89,54
DA:90,0
DA:100,54
DA:101,0
DA:111,54
DA:112,14
DA:113,14
DA:115,14
DA:116,41
DA:117,0
DA:127,14
DA:128,42
DA:129,1
DA:136,1
DA:141,54
DA:153,3
DA:159,15
DA:160,15
DA:162,15
DA:168,15
DA:169,15
DA:171,15
DA:172,15
DA:175,15
DA:176,60
DA:177,6
DA:178,6
DA:184,6
DA:185,6
DA:193,6
DA:198,15
DA:199,57
DA:200,3
DA:201,3
DA:203,3
DA:210,3
DA:215,15
DA:216,60
DA:217,54
DA:218,54
DA:220,54
DA:221,54
DA:222,5
DA:227,5
DA:228,5
DA:234,15
DA:235,15
DA:236,15
DA:244,15
DA:247,15
DA:249,15
DA:272,15
DA:274,15
DA:275,9
DA:278,15
DA:279,3
DA:280,3
DA:281,3
DA:283,3
DA:286,15
DA:287,6
DA:288,6
DA:289,6
DA:290,6
DA:292,6
DA:295,15
DA:296,5
DA:297,5
DA:298,5
DA:299,2
DA:301,3
DA:304,5
DA:307,15
DA:308,1
DA:311,14
DA:322,15
DA:324,15
DA:326,15
DA:327,15
DA:329,15
DA:330,15
DA:332,15
DA:338,3
DA:339,4
DA:342,1
DA:343,1
DA:347,1
DA:350,1
DA:351,0
DA:355,1
DA:357,1
LF:106
LH:101
BRDA:54,0,0,2
BRDA:66,1,0,1
BRDA:66,2,0,54
BRDA:66,2,1,28
BRDA:78,3,0,1
BRDA:78,4,0,54
BRDA:78,4,1,26
BRDA:89,5,0,0
BRDA:89,6,0,54
BRDA:89,6,1,28
BRDA:89,6,2,0
BRDA:100,7,0,0
BRDA:100,8,0,54
BRDA:100,8,1,54
BRDA:111,9,0,14
BRDA:111,10,0,54
BRDA:111,10,1,14
BRDA:116,11,0,0
BRDA:128,12,0,1
BRDA:171,13,0,15
BRDA:171,13,1,0
BRDA:172,14,0,15
BRDA:172,14,1,0
BRDA:176,15,0,6
BRDA:184,16,0,2
BRDA:184,16,1,4
BRDA:188,17,0,2
BRDA:188,17,1,4
BRDA:193,18,0,2
BRDA:199,19,0,3
BRDA:216,20,0,54
BRDA:221,21,0,5
BRDA:228,22,0,4
BRDA:235,23,0,15
BRDA:235,23,1,5
BRDA:258,24,0,15
BRDA:258,24,1,6
BRDA:274,25,0,9
BRDA:278,26,0,3
BRDA:286,27,0,6
BRDA:289,28,0,2
BRDA:289,28,1,4
BRDA:295,29,0,5
BRDA:298,30,0,2
BRDA:298,30,1,3
BRDA:307,31,0,1
BRDA:324,32,0,9
BRDA:339,33,0,3
BRDA:343,34,0,0
BRDA:347,35,0,0
BRDA:351,36,0,0
BRDA:355,37,0,0
BRDA:355,38,0,1
BRDA:355,38,1,0
BRF:54
BRH:43
end_of_record
TN:
SF:src/core/contract/event-schema-generator.ts
FN:58,inferCategory
FN:70,inferEventName
FN:79,generatePayloadSchema
FN:136,generateEventSchemas
FN:166,generateEventSchemaJSON
FN:172,(anonymous_5)
FN:195,generateEventSchemaWithDiff
FNF:7
FNH:7
FNDA:87,inferCategory
FNDA:87,inferEventName
FNDA:87,generatePayloadSchema
FNDA:74,generateEventSchemas
FNDA:35,generateEventSchemaJSON
FNDA:41,(anonymous_5)
FNDA:31,generateEventSchemaWithDiff
DA:10,2
DA:59,87
DA:60,87
DA:61,15
DA:62,1
DA:63,1
DA:64,1
DA:71,87
DA:73,87
DA:80,87
DA:81,87
DA:84,87
DA:85,87
DA:86,87
DA:88,87
DA:91,87
DA:92,89
DA:93,89
DA:94,89
DA:98,89
DA:102,87
DA:103,130
DA:104,130
DA:105,130
DA:111,87
DA:136,2
DA:137,74
DA:139,74
DA:140,87
DA:153,87
DA:156,74
DA:166,2
DA:167,35
DA:169,35
DA:172,41
DA:180,35
DA:195,2
DA:200,31
DA:201,31
DA:203,31
DA:204,30
DA:207,1
DA:209,1
LF:43
LH:43
BRDA:60,0,0,72
BRDA:60,1,0,87
BRDA:60,1,1,15
BRDA:60,1,2,15
BRDA:61,2,0,14
BRDA:61,3,0,15
BRDA:61,3,1,1
BRDA:61,3,2,1
BRDA:62,4,0,0
BRDA:62,5,0,1
BRDA:62,5,1,1
BRDA:62,5,2,1
BRDA:63,6,0,0
BRDA:63,7,0,1
BRDA:63,7,1,1
BRDA:63,7,2,1
BRDA:93,8,0,87
BRDA:93,8,1,2
BRDA:98,9,0,87
BRDA:104,10,0,87
BRDA:104,10,1,43
BRDA:148,11,0,87
BRDA:148,11,1,0
BRDA:166,12,0,2
BRDA:203,13,0,30
BRF:25
BRH:22
end_of_record
TN:
SF:src/core/contract/semver.ts
FN:31,parseSemVer
FN:58,formatSemVer
FN:86,bumpVersion
FN:122,compareVersions
FN:184,isGreaterThan
FN:191,isLessThan
FN:198,isEqual
FN:205,isValidVersion
FN:223,determineBumpType
FN:249,isStable
FN:257,toPrerelease
FN:266,getMajorVersion
FN:274,getVersionRange
FNF:13
FNH:5
FNDA:37,parseSemVer
FNDA:10,formatSemVer
FNDA:7,bumpVersion
FNDA:12,compareVersions
FNDA:0,isGreaterThan
FNDA:0,isLessThan
FNDA:0,isEqual
FNDA:0,isValidVersion
FNDA:103,determineBumpType
FNDA:0,isStable
FNDA:0,toPrerelease
FNDA:0,getMajorVersion
FNDA:0,getVersionRange
DA:31,11
DA:33,37
DA:36,37
DA:40,37
DA:41,2
DA:44,35
DA:46,35
DA:58,11
DA:59,10
DA:61,10
DA:62,1
DA:65,10
DA:66,1
DA:69,10
DA:86,11
DA:87,7
DA:89,7
DA:91,2
DA:92,2
DA:93,2
DA:94,2
DA:95,2
DA:96,2
DA:99,3
DA:100,3
DA:101,3
DA:102,3
DA:103,3
DA:106,2
DA:107,2
DA:108,2
DA:109,2
DA:112,7
DA:122,11
DA:123,12
DA:124,12
DA:127,12
DA:128,2
DA:132,10
DA:133,2
DA:137,8
DA:138,2
DA:142,6
DA:143,1
DA:145,5
DA:146,1
DA:149,4
DA:150,2
DA:151,2
DA:153,2
DA:154,4
DA:155,4
DA:157,4
DA:158,4
DA:161,4
DA:162,4
DA:164,4
DA:165,2
DA:166,2
DA:170,2
DA:171,0
DA:178,2
DA:184,11
DA:185,0
DA:191,11
DA:192,0
DA:198,11
DA:199,0
DA:205,11
DA:206,0
DA:207,0
DA:208,0
DA:210,0
DA:223,11
DA:229,103
DA:231,103
DA:232,30
DA:235,73
DA:236,17
DA:239,56
DA:240,8
DA:243,48
DA:249,11
DA:250,0
DA:251,0
DA:257,11
DA:258,0
DA:259,0
DA:260,0
DA:266,11
DA:267,0
DA:268,0
DA:274,11
DA:275,0
DA:277,0
DA:278,0
DA:281,0
LF:97
LH:78
BRDA:40,0,0,2
BRDA:50,1,0,35
BRDA:50,1,1,26
BRDA:51,2,0,35
BRDA:51,2,1,34
BRDA:61,3,0,1
BRDA:65,4,0,1
BRDA:89,5,0,2
BRDA:89,5,1,3
BRDA:89,5,2,2
BRDA:127,6,0,2
BRDA:128,7,0,1
BRDA:128,7,1,1
BRDA:132,8,0,2
BRDA:133,9,0,1
BRDA:133,9,1,1
BRDA:137,10,0,2
BRDA:138,11,0,1
BRDA:138,11,1,1
BRDA:142,12,0,1
BRDA:142,13,0,6
BRDA:142,13,1,3
BRDA:145,14,0,1
BRDA:145,15,0,5
BRDA:145,15,1,3
BRDA:149,16,0,2
BRDA:149,17,0,4
BRDA:149,17,1,2
BRDA:157,18,0,0
BRDA:158,19,0,0
BRDA:164,20,0,2
BRDA:164,20,1,2
BRDA:164,21,0,4
BRDA:164,21,1,2
BRDA:165,22,0,2
BRDA:166,23,0,1
BRDA:166,23,1,1
BRDA:170,24,0,0
BRDA:171,25,0,0
BRDA:171,25,1,0
BRDA:231,26,0,30
BRDA:235,27,0,17
BRDA:239,28,0,8
BRDA:257,29,0,0
BRDA:277,30,0,0
BRF:45
BRH:38
end_of_record
TN:
SF:src/core/contract/types.ts
FN:270,isContractDiff
FN:282,isContractProposal
FN:294,isContractStateMachine
FNF:3
FNH:0
FNDA:0,isContractDiff
FNDA:0,isContractProposal
FNDA:0,isContractStateMachine
DA:270,0
DA:271,0
DA:282,0
DA:283,0
DA:294,0
DA:295,0
LF:6
LH:0
BRDA:272,0,0,0
BRDA:272,0,1,0
BRDA:272,0,2,0
BRDA:272,0,3,0
BRDA:272,0,4,0
BRDA:272,0,5,0
BRDA:272,0,6,0
BRDA:284,1,0,0
BRDA:284,1,1,0
BRDA:284,1,2,0
BRDA:284,1,3,0
BRDA:284,1,4,0
BRDA:284,1,5,0
BRDA:284,1,6,0
BRDA:296,2,0,0
BRDA:296,2,1,0
BRDA:296,2,2,0
BRDA:296,2,3,0
BRDA:296,2,4,0
BRF:19
BRH:0
end_of_record
TN:
SF:src/core/contract/ui-synthesis-module.ts
FN:147,(anonymous_0)
FN:164,(anonymous_1)
FN:227,(anonymous_2)
FN:259,(anonymous_3)
FN:307,(anonymous_4)
FN:322,(anonymous_5)
FN:326,(anonymous_6)
FN:342,(anonymous_7)
FN:355,(anonymous_8)
FN:363,(anonymous_9)
FN:375,(anonymous_10)
FN:384,(anonymous_11)
FN:391,(anonymous_12)
FN:415,(anonymous_13)
FN:427,(anonymous_14)
FN:456,(anonymous_15)
FN:463,(anonymous_16)
FN:475,createUISynthesisModule
FN:485,createAssetManifest
FNF:19
FNH:12
FNDA:6,(anonymous_0)
FNDA:4,(anonymous_1)
FNDA:4,(anonymous_2)
FNDA:4,(anonymous_3)
FNDA:4,(anonymous_4)
FNDA:4,(anonymous_5)
FNDA:1,(anonymous_6)
FNDA:0,(anonymous_7)
FNDA:0,(anonymous_8)
FNDA:0,(anonymous_9)
FNDA:0,(anonymous_10)
FNDA:4,(anonymous_11)
FNDA:4,(anonymous_12)
FNDA:0,(anonymous_13)
FNDA:4,(anonymous_14)
FNDA:3,(anonymous_15)
FNDA:0,(anonymous_16)
FNDA:0,createUISynthesisModule
FNDA:2,createAssetManifest
DA:143,7
DA:151,6
DA:158,6
DA:169,4
DA:170,4
DA:171,4
DA:172,4
DA:173,4
DA:176,4
DA:179,4
DA:194,4
DA:195,4
DA:199,3
DA:200,3
DA:212,3
DA:229,4
DA:230,1
DA:234,3
DA:235,0
DA:238,3
DA:239,0
DA:242,3
DA:243,0
DA:247,3
DA:248,0
DA:251,3
DA:252,0
DA:260,4
DA:269,4
DA:270,0
DA:274,4
DA:275,3
DA:281,4
DA:282,0
DA:288,4
DA:289,3
DA:295,4
DA:296,0
DA:301,4
DA:308,4
DA:310,4
DA:312,4
DA:314,0
DA:316,0
DA:318,0
DA:323,4
DA:327,1
DA:343,0
DA:356,0
DA:364,0
DA:376,0
DA:385,4
DA:392,4
DA:395,4
DA:397,4
DA:398,4
DA:400,0
DA:401,0
DA:403,0
DA:404,0
DA:408,4
DA:409,4
DA:413,4
DA:414,0
DA:415,0
DA:417,0
DA:421,4
DA:428,4
DA:431,4
DA:432,0
DA:436,4
DA:437,0
DA:441,4
DA:442,0
DA:446,4
DA:447,0
DA:450,4
DA:457,3
DA:464,0
DA:475,7
DA:479,0
DA:485,7
DA:489,2
DA:504,2
DA:505,1
DA:508,1
DA:515,7
LF:87
LH:59
BRDA:148,0,0,0
BRDA:152,1,0,6
BRDA:152,1,1,0
BRDA:153,2,0,6
BRDA:153,2,1,6
BRDA:154,3,0,6
BRDA:154,3,1,6
BRDA:155,4,0,6
BRDA:155,4,1,0
BRDA:156,5,0,6
BRDA:156,5,1,1
BRDA:158,6,0,6
BRDA:158,6,1,0
BRDA:169,7,0,4
BRDA:169,7,1,0
BRDA:194,8,0,4
BRDA:199,9,0,3
BRDA:229,10,0,1
BRDA:229,11,0,4
BRDA:229,11,1,4
BRDA:234,12,0,0
BRDA:238,13,0,0
BRDA:242,14,0,0
BRDA:247,15,0,0
BRDA:251,16,0,0
BRDA:269,17,0,0
BRDA:274,18,0,3
BRDA:275,19,0,3
BRDA:275,19,1,0
BRDA:281,20,0,0
BRDA:282,21,0,0
BRDA:282,21,1,0
BRDA:288,22,0,3
BRDA:289,23,0,3
BRDA:289,23,1,0
BRDA:295,24,0,0
BRDA:296,25,0,0
BRDA:296,25,1,0
BRDA:308,26,0,4
BRDA:308,26,1,0
BRDA:310,27,0,4
BRDA:310,27,1,0
BRDA:310,27,2,0
BRDA:310,27,3,0
BRDA:326,28,0,4
BRDA:326,28,1,3
BRDA:327,29,0,1
BRDA:327,29,1,0
BRDA:327,30,0,1
BRDA:327,30,1,0
BRDA:333,31,0,4
BRDA:333,31,1,1
BRDA:344,32,0,0
BRDA:344,32,1,0
BRDA:355,33,0,0
BRDA:355,33,1,0
BRDA:356,34,0,0
BRDA:356,34,1,0
BRDA:356,35,0,0
BRDA:356,35,1,0
BRDA:369,36,0,0
BRDA:369,36,1,0
BRDA:375,37,0,0
BRDA:375,37,1,0
BRDA:376,38,0,0
BRDA:376,38,1,0
BRDA:376,39,0,0
BRDA:376,39,1,0
BRDA:385,40,0,4
BRDA:385,40,1,3
BRDA:395,41,0,4
BRDA:395,41,1,0
BRDA:395,41,2,0
BRDA:408,42,0,4
BRDA:413,43,0,0
BRDA:414,44,0,0
BRDA:414,44,1,0
BRDA:431,45,0,0
BRDA:431,46,0,4
BRDA:431,46,1,0
BRDA:436,47,0,0
BRDA:436,48,0,4
BRDA:436,48,1,0
BRDA:441,49,0,0
BRDA:446,50,0,0
BRDA:446,51,0,4
BRDA:446,51,1,0
BRDA:492,52,0,2
BRDA:492,52,1,0
BRDA:493,53,0,2
BRDA:493,53,1,0
BRDA:494,54,0,2
BRDA:494,54,1,0
BRDA:498,55,0,2
BRDA:498,55,1,0
BRDA:499,56,0,2
BRDA:499,56,1,0
BRDA:504,57,0,1
BRDA:504,58,0,2
BRDA:504,58,1,1
BRF:100
BRH:42
end_of_record
TN:
SF:src/core/dod/auto-approve.ts
FN:65,canAutoApprove
FN:71,(anonymous_1)
FN:94,evaluateGenericAutoApprove
FN:150,getAutoApproveReport
FN:163,(anonymous_4)
FN:207,(anonymous_5)
FN:219,(anonymous_6)
FN:232,(anonymous_7)
FN:252,createAutoApproveRule
FN:285,(anonymous_9)
FN:292,(anonymous_10)
FN:299,(anonymous_11)
FN:306,(anonymous_12)
FN:309,(anonymous_13)
FN:317,(anonymous_14)
FN:318,(anonymous_15)
FN:324,(anonymous_16)
FN:325,(anonymous_17)
FN:334,(anonymous_18)
FN:341,(anonymous_19)
FN:348,(anonymous_20)
FN:349,(anonymous_21)
FN:359,getDefaultAutoApproveManager
FN:366,resetDefaultAutoApproveManager
FNF:24
FNH:14
FNDA:7,canAutoApprove
FNDA:7,(anonymous_1)
FNDA:0,evaluateGenericAutoApprove
FNDA:3,getAutoApproveReport
FNDA:3,(anonymous_4)
FNDA:0,(anonymous_5)
FNDA:0,(anonymous_6)
FNDA:0,(anonymous_7)
FNDA:0,createAutoApproveRule
FNDA:4,(anonymous_9)
FNDA:1,(anonymous_10)
FNDA:0,(anonymous_11)
FNDA:1,(anonymous_12)
FNDA:4,(anonymous_13)
FNDA:0,(anonymous_14)
FNDA:0,(anonymous_15)
FNDA:1,(anonymous_16)
FNDA:1,(anonymous_17)
FNDA:2,(anonymous_18)
FNDA:1,(anonymous_19)
FNDA:4,(anonymous_20)
FNDA:4,(anonymous_21)
FNDA:0,getDefaultAutoApproveManager
FNDA:0,resetDefaultAutoApproveManager
DA:11,2
DA:12,2
DA:17,2
DA:65,2
DA:70,7
DA:71,7
DA:74,7
DA:75,0
DA:79,7
DA:81,7
DA:84,0
DA:88,0
DA:98,0
DA:101,0
DA:102,0
DA:103,0
DA:108,0
DA:109,0
DA:113,0
DA:114,0
DA:118,0
DA:119,0
DA:120,0
DA:121,0
DA:127,0
DA:128,0
DA:129,0
DA:130,0
DA:136,0
DA:137,0
DA:138,0
DA:139,0
DA:144,0
DA:150,2
DA:159,3
DA:162,3
DA:163,3
DA:166,3
DA:167,0
DA:174,3
DA:175,0
DA:184,3
DA:185,1
DA:189,3
DA:190,3
DA:191,3
DA:192,2
DA:199,3
DA:200,0
DA:206,3
DA:207,3
DA:208,0
DA:210,3
DA:211,0
DA:218,3
DA:219,3
DA:220,0
DA:222,3
DA:223,0
DA:230,3
DA:231,3
DA:232,0
DA:234,3
DA:235,0
DA:241,3
DA:252,2
DA:265,0
DA:267,0
DA:282,2
DA:286,4
DA:293,1
DA:300,0
DA:308,1
DA:309,4
DA:311,1
DA:318,0
DA:325,1
DA:326,1
DA:327,1
DA:335,2
DA:346,1
DA:348,4
DA:349,4
DA:357,2
DA:359,2
DA:360,0
DA:361,0
DA:363,0
DA:366,2
DA:367,0
LF:90
LH:49
BRDA:67,0,0,6
BRDA:71,1,0,7
BRDA:71,1,1,0
BRDA:74,2,0,0
BRDA:74,3,0,7
BRDA:74,3,1,7
BRDA:79,4,0,7
BRDA:79,4,1,0
BRDA:101,5,0,0
BRDA:102,6,0,0
BRDA:102,7,0,0
BRDA:102,7,1,0
BRDA:108,8,0,0
BRDA:113,9,0,0
BRDA:113,10,0,0
BRDA:113,10,1,0
BRDA:118,11,0,0
BRDA:120,12,0,0
BRDA:127,13,0,0
BRDA:129,14,0,0
BRDA:136,15,0,0
BRDA:138,16,0,0
BRDA:152,17,0,3
BRDA:163,18,0,3
BRDA:163,18,1,0
BRDA:166,19,0,0
BRDA:174,20,0,0
BRDA:184,21,0,1
BRDA:189,22,0,3
BRDA:190,23,0,3
BRDA:190,23,1,1
BRDA:191,24,0,2
BRDA:199,25,0,0
BRDA:199,26,0,3
BRDA:199,26,1,0
BRDA:206,27,0,3
BRDA:210,28,0,0
BRDA:218,29,0,3
BRDA:222,30,0,0
BRDA:230,31,0,3
BRDA:234,32,0,0
BRDA:243,33,0,1
BRDA:243,33,1,2
BRDA:261,34,0,0
BRDA:262,35,0,0
BRDA:263,36,0,0
BRDA:264,37,0,0
BRDA:285,38,0,4
BRDA:286,39,0,0
BRDA:286,39,1,4
BRDA:326,40,0,1
BRDA:360,41,0,0
BRF:52
BRH:21
end_of_record
TN:
SF:src/core/dod/compile-gate.ts
FN:68,checkCompileGate
FN:141,wouldBlockCompilation
FN:173,getAffectedContracts
FN:198,createCompileGateMiddleware
FN:202,compileGateMiddleware
FN:230,compileGateCommand
FNF:6
FNH:1
FNDA:5,checkCompileGate
FNDA:0,wouldBlockCompilation
FNDA:0,getAffectedContracts
FNDA:0,createCompileGateMiddleware
FNDA:0,compileGateMiddleware
FNDA:0,compileGateCommand
DA:68,1
DA:72,5
DA:73,5
DA:74,5
DA:75,5
DA:78,5
DA:79,6
DA:81,6
DA:82,0
DA:83,0
DA:86,6
DA:87,1
DA:90,1
DA:93,6
DA:94,0
DA:101,5
DA:103,5
DA:105,1
DA:106,1
DA:110,1
DA:111,1
DA:117,5
DA:118,6
DA:119,6
DA:121,1
DA:122,1
DA:123,0
DA:130,5
DA:141,1
DA:150,0
DA:151,0
DA:158,0
DA:159,0
DA:160,0
DA:167,0
DA:173,1
DA:177,0
DA:178,0
DA:180,0
DA:181,0
DA:182,0
DA:184,0
DA:185,0
DA:186,0
DA:187,0
DA:192,0
DA:198,1
DA:202,0
DA:205,0
DA:210,0
DA:211,0
DA:214,0
DA:215,0
DA:219,0
DA:220,0
DA:223,0
DA:230,1
DA:231,0
DA:232,0
DA:233,0
DA:234,0
DA:235,0
DA:238,0
DA:239,0
DA:240,0
DA:241,0
DA:242,0
DA:243,0
DA:244,0
DA:245,0
DA:246,0
DA:247,0
DA:248,0
DA:249,0
DA:250,0
LF:75
LH:28
BRDA:81,0,0,0
BRDA:86,1,0,1
BRDA:93,2,0,0
BRDA:105,3,0,1
BRDA:110,4,0,1
BRDA:119,5,0,1
BRDA:122,6,0,0
BRDA:122,7,0,1
BRDA:122,7,1,0
BRDA:150,8,0,0
BRDA:150,9,0,0
BRDA:150,9,1,0
BRDA:158,10,0,0
BRDA:159,11,0,0
BRDA:182,12,0,0
BRDA:182,12,1,0
BRDA:185,13,0,0
BRDA:210,14,0,0
BRF:18
BRH:5
end_of_record
TN:
SF:src/core/evolution/ast-backwrite-engine.ts
FN:64,(anonymous_9)
FN:80,(anonymous_10)
FN:128,(anonymous_11)
FN:131,(anonymous_12)
FN:161,(anonymous_13)
FN:173,(anonymous_14)
FN:193,(anonymous_15)
FN:196,(anonymous_16)
FN:212,(anonymous_17)
FN:222,(anonymous_18)
FN:223,(anonymous_19)
FN:246,(anonymous_20)
FN:249,(anonymous_21)
FN:273,(anonymous_22)
FN:288,(anonymous_23)
FN:295,(anonymous_24)
FN:307,(anonymous_25)
FN:310,(anonymous_26)
FN:316,(anonymous_27)
FN:317,(anonymous_28)
FN:353,(anonymous_29)
FN:378,(anonymous_30)
FN:381,(anonymous_31)
FN:403,(anonymous_32)
FN:406,(anonymous_33)
FN:422,(anonymous_34)
FN:423,(anonymous_35)
FN:433,(anonymous_36)
FN:445,(anonymous_37)
FN:454,(anonymous_38)
FN:465,(anonymous_39)
FN:482,(anonymous_40)
FN:483,(anonymous_41)
FN:484,(anonymous_42)
FN:486,(anonymous_43)
FN:488,(anonymous_44)
FN:494,(anonymous_45)
FN:499,(anonymous_46)
FN:508,(anonymous_47)
FN:525,(anonymous_48)
FN:534,(anonymous_49)
FN:536,(anonymous_50)
FN:544,(anonymous_51)
FN:552,(anonymous_52)
FN:556,(anonymous_53)
FN:579,createASTBackwriteEngine
FNF:46
FNH:36
FNDA:19,(anonymous_9)
FNDA:7,(anonymous_10)
FNDA:13,(anonymous_11)
FNDA:30288,(anonymous_12)
FNDA:0,(anonymous_13)
FNDA:2,(anonymous_14)
FNDA:13,(anonymous_15)
FNDA:30288,(anonymous_16)
FNDA:2,(anonymous_17)
FNDA:2,(anonymous_18)
FNDA:2,(anonymous_19)
FNDA:13,(anonymous_20)
FNDA:30288,(anonymous_21)
FNDA:171,(anonymous_22)
FNDA:11,(anonymous_23)
FNDA:29,(anonymous_24)
FNDA:13,(anonymous_25)
FNDA:30288,(anonymous_26)
FNDA:4,(anonymous_27)
FNDA:4,(anonymous_28)
FNDA:0,(anonymous_29)
FNDA:0,(anonymous_30)
FNDA:0,(anonymous_31)
FNDA:2,(anonymous_32)
FNDA:76,(anonymous_33)
FNDA:0,(anonymous_34)
FNDA:0,(anonymous_35)
FNDA:0,(anonymous_36)
FNDA:975,(anonymous_37)
FNDA:182,(anonymous_38)
FNDA:0,(anonymous_39)
FNDA:7,(anonymous_40)
FNDA:2,(anonymous_41)
FNDA:2,(anonymous_42)
FNDA:0,(anonymous_43)
FNDA:0,(anonymous_44)
FNDA:2,(anonymous_45)
FNDA:2,(anonymous_46)
FNDA:7,(anonymous_47)
FNDA:2,(anonymous_48)
FNDA:7,(anonymous_49)
FNDA:182,(anonymous_50)
FNDA:13,(anonymous_51)
FNDA:11,(anonymous_52)
FNDA:811,(anonymous_53)
FNDA:19,createASTBackwriteEngine
DA:9,1
DA:57,1
DA:59,19
DA:60,19
DA:61,19
DA:62,19
DA:65,19
DA:81,7
DA:82,7
DA:83,7
DA:84,7
DA:86,7
DA:87,7
DA:88,7
DA:89,7
DA:91,7
DA:92,811
DA:94,13
DA:95,13
DA:96,13
DA:97,13
DA:98,13
DA:100,13
DA:101,13
DA:102,13
DA:103,13
DA:105,13
DA:107,0
DA:114,7
DA:129,13
DA:131,13
DA:133,30288
DA:134,461
DA:135,461
DA:137,453
DA:140,453
DA:141,0
DA:142,0
DA:149,30288
DA:150,2
DA:151,2
DA:154,30288
DA:157,13
DA:158,13
DA:162,0
DA:163,0
DA:165,0
DA:166,0
DA:167,0
DA:168,0
DA:170,0
DA:174,2
DA:175,2
DA:177,2
DA:178,2
DA:179,2
DA:180,0
DA:184,2
DA:186,2
DA:194,13
DA:196,13
DA:197,30288
DA:198,13
DA:199,13
DA:200,2
DA:201,2
DA:205,30288
DA:208,13
DA:209,13
DA:213,2
DA:215,2
DA:216,2
DA:218,2
DA:219,6
DA:220,4
DA:221,4
DA:222,2
DA:223,2
DA:224,4
DA:225,4
DA:228,6
DA:229,2
DA:230,2
DA:231,2
DA:232,2
DA:233,2
DA:239,2
DA:247,13
DA:249,13
DA:251,30288
DA:252,184
DA:254,184
DA:255,171
DA:256,171
DA:261,30288
DA:262,11
DA:263,11
DA:266,30288
DA:269,13
DA:270,13
DA:274,171
DA:276,171
DA:277,603
DA:278,603
DA:279,603
DA:280,603
DA:281,603
DA:285,171
DA:289,11
DA:291,11
DA:292,275
DA:293,29
DA:294,29
DA:295,29
DA:296,29
DA:300,11
DA:308,13
DA:310,13
DA:312,30288
DA:313,12
DA:314,12
DA:315,2
DA:316,4
DA:317,4
DA:319,2
DA:328,30288
DA:329,32
DA:330,32
DA:331,0
DA:332,0
DA:333,0
DA:342,30288
DA:345,13
DA:346,13
DA:354,0
DA:356,0
DA:358,0
DA:359,0
DA:361,0
DA:362,0
DA:364,0
DA:365,0
DA:366,0
DA:367,0
DA:370,0
DA:371,0
DA:375,0
DA:379,0
DA:381,0
DA:382,0
DA:383,0
DA:385,0
DA:386,0
DA:387,0
DA:388,0
DA:389,0
DA:393,0
DA:396,0
DA:397,0
DA:400,0
DA:404,2
DA:406,2
DA:407,76
DA:408,2
DA:409,2
DA:410,0
DA:411,0
DA:412,0
DA:415,76
DA:418,2
DA:419,2
DA:423,0
DA:424,0
DA:425,0
DA:427,0
DA:428,0
DA:429,0
DA:433,0
DA:434,0
DA:436,0
DA:439,0
DA:440,0
DA:442,0
DA:446,975
DA:447,164
DA:448,164
DA:451,811
DA:452,811
DA:453,389
DA:454,182
DA:456,336
DA:457,155
DA:459,181
DA:460,11
DA:462,170
DA:466,0
DA:467,0
DA:468,0
DA:469,0
DA:470,0
DA:475,0
DA:483,7
DA:484,7
DA:486,7
DA:488,0
DA:491,7
DA:492,2
DA:494,2
DA:498,7
DA:499,2
DA:509,7
DA:511,7
DA:512,2
DA:513,4
DA:514,4
DA:515,4
DA:524,7
DA:525,2
DA:535,7
DA:536,182
DA:545,13
DA:546,13
DA:547,9
DA:548,7
DA:549,5
DA:553,11
DA:557,811
DA:572,811
DA:579,1
DA:580,19
LF:230
LH:168
BRDA:92,0,0,798
BRDA:92,1,0,811
BRDA:92,1,1,13
BRDA:133,2,0,461
BRDA:135,3,0,453
BRDA:135,4,0,461
BRDA:135,4,1,461
BRDA:135,4,2,453
BRDA:137,5,0,453
BRDA:137,5,1,453
BRDA:140,6,0,0
BRDA:140,7,0,453
BRDA:140,7,1,0
BRDA:142,8,0,0
BRDA:149,9,0,2
BRDA:149,10,0,30288
BRDA:149,10,1,12
BRDA:149,10,2,12
BRDA:151,11,0,2
BRDA:162,12,0,0
BRDA:162,12,1,0
BRDA:163,13,0,0
BRDA:168,14,0,0
BRDA:168,14,1,0
BRDA:168,14,2,0
BRDA:175,15,0,0
BRDA:175,16,0,2
BRDA:175,16,1,2
BRDA:179,17,0,0
BRDA:179,18,0,2
BRDA:179,18,1,0
BRDA:186,19,0,2
BRDA:186,19,1,2
BRDA:197,20,0,13
BRDA:197,21,0,30288
BRDA:197,21,1,13
BRDA:199,22,0,2
BRDA:201,23,0,2
BRDA:213,24,0,0
BRDA:219,25,0,4
BRDA:219,26,0,6
BRDA:219,26,1,4
BRDA:220,27,0,4
BRDA:220,27,1,0
BRDA:222,28,0,2
BRDA:222,28,1,0
BRDA:224,29,0,4
BRDA:224,29,1,0
BRDA:228,30,0,2
BRDA:230,31,0,2
BRDA:230,31,1,0
BRDA:231,32,0,2
BRDA:233,33,0,2
BRDA:251,34,0,184
BRDA:251,35,0,30288
BRDA:251,35,1,184
BRDA:254,36,0,171
BRDA:256,37,0,171
BRDA:261,38,0,11
BRDA:261,39,0,30288
BRDA:261,39,1,13
BRDA:261,39,2,13
BRDA:263,40,0,11
BRDA:277,41,0,603
BRDA:277,42,0,603
BRDA:277,42,1,603
BRDA:277,42,2,603
BRDA:278,43,0,603
BRDA:278,43,1,0
BRDA:285,44,0,171
BRDA:285,44,1,0
BRDA:292,45,0,29
BRDA:292,46,0,275
BRDA:292,46,1,29
BRDA:292,46,2,29
BRDA:293,47,0,29
BRDA:293,47,1,0
BRDA:295,48,0,29
BRDA:295,48,1,29
BRDA:300,49,0,11
BRDA:300,49,1,0
BRDA:312,50,0,12
BRDA:312,51,0,30288
BRDA:312,51,1,12
BRDA:314,52,0,2
BRDA:322,53,0,2
BRDA:322,53,1,0
BRDA:328,54,0,32
BRDA:328,55,0,30288
BRDA:328,55,1,982
BRDA:330,56,0,0
BRDA:332,57,0,0
BRDA:332,58,0,0
BRDA:332,58,1,0
BRDA:356,59,0,0
BRDA:358,60,0,0
BRDA:358,60,1,0
BRDA:359,61,0,0
BRDA:362,62,0,0
BRDA:364,63,0,0
BRDA:364,63,1,0
BRDA:366,64,0,0
BRDA:370,65,0,0
BRDA:382,66,0,0
BRDA:382,67,0,0
BRDA:382,67,1,0
BRDA:382,67,2,0
BRDA:383,68,0,0
BRDA:386,69,0,0
BRDA:386,70,0,0
BRDA:386,70,1,0
BRDA:386,70,2,0
BRDA:396,71,0,0
BRDA:407,72,0,2
BRDA:407,73,0,76
BRDA:407,73,1,2
BRDA:407,73,2,2
BRDA:409,74,0,0
BRDA:409,75,0,2
BRDA:409,75,1,2
BRDA:409,75,2,2
BRDA:418,76,0,2
BRDA:418,76,1,0
BRDA:424,77,0,0
BRDA:424,78,0,0
BRDA:424,78,1,0
BRDA:427,79,0,0
BRDA:427,80,0,0
BRDA:427,80,1,0
BRDA:427,80,2,0
BRDA:428,81,0,0
BRDA:434,82,0,0
BRDA:439,83,0,0
BRDA:446,84,0,164
BRDA:447,85,0,164
BRDA:452,86,0,422
BRDA:453,87,0,53
BRDA:456,88,0,155
BRDA:459,89,0,11
BRDA:466,90,0,0
BRDA:470,91,0,0
BRDA:470,92,0,0
BRDA:470,92,1,0
BRDA:487,93,0,0
BRDA:487,93,1,0
BRDA:491,94,0,2
BRDA:491,95,0,7
BRDA:491,95,1,7
BRDA:546,96,0,4
BRDA:546,97,0,13
BRDA:546,97,1,10
BRDA:546,97,2,9
BRDA:547,98,0,2
BRDA:547,99,0,9
BRDA:547,99,1,8
BRDA:547,99,2,7
BRDA:548,100,0,2
BRDA:548,101,0,7
BRDA:548,101,1,6
BRDA:572,102,0,811
BRDA:572,102,1,389
BRF:161
BRH:98
end_of_record
TN:
SF:src/core/evolution/backend-architect.ts
FN:56,(anonymous_0)
FN:63,(anonymous_1)
FN:93,(anonymous_2)
FN:94,(anonymous_3)
FN:95,(anonymous_4)
FN:127,(anonymous_5)
FN:158,(anonymous_6)
FN:159,(anonymous_7)
FN:160,(anonymous_8)
FN:180,(anonymous_9)
FN:181,(anonymous_10)
FN:183,(anonymous_11)
FN:185,(anonymous_12)
FN:188,(anonymous_13)
FN:189,(anonymous_14)
FN:256,(anonymous_15)
FN:259,(anonymous_16)
FN:261,(anonymous_17)
FN:263,(anonymous_18)
FN:347,(anonymous_19)
FN:350,(anonymous_20)
FN:352,(anonymous_21)
FN:365,(anonymous_22)
FN:380,(anonymous_23)
FN:386,(anonymous_24)
FN:388,(anonymous_25)
FN:392,(anonymous_26)
FN:395,(anonymous_27)
FN:398,(anonymous_28)
FN:402,(anonymous_29)
FN:404,(anonymous_30)
FN:408,(anonymous_31)
FN:429,(anonymous_32)
FN:433,(anonymous_33)
FN:434,(anonymous_34)
FN:439,(anonymous_35)
FN:443,(anonymous_36)
FN:461,(anonymous_37)
FN:462,(anonymous_38)
FN:462,(anonymous_39)
FN:465,(anonymous_40)
FN:470,(anonymous_41)
FN:474,(anonymous_42)
FN:499,(anonymous_43)
FN:526,(anonymous_44)
FN:565,(anonymous_45)
FN:612,(anonymous_46)
FN:625,createBackendArchitect
FNF:48
FNH:47
FNDA:20,(anonymous_0)
FNDA:20,(anonymous_1)
FNDA:20,(anonymous_2)
FNDA:28,(anonymous_3)
FNDA:28,(anonymous_4)
FNDA:20,(anonymous_5)
FNDA:20,(anonymous_6)
FNDA:29,(anonymous_7)
FNDA:136,(anonymous_8)
FNDA:20,(anonymous_9)
FNDA:28,(anonymous_10)
FNDA:28,(anonymous_11)
FNDA:28,(anonymous_12)
FNDA:126,(anonymous_13)
FNDA:84,(anonymous_14)
FNDA:20,(anonymous_15)
FNDA:34,(anonymous_16)
FNDA:98,(anonymous_17)
FNDA:98,(anonymous_18)
FNDA:20,(anonymous_19)
FNDA:34,(anonymous_20)
FNDA:98,(anonymous_21)
FNDA:34,(anonymous_22)
FNDA:40,(anonymous_23)
FNDA:56,(anonymous_24)
FNDA:392,(anonymous_25)
FNDA:392,(anonymous_26)
FNDA:196,(anonymous_27)
FNDA:28,(anonymous_28)
FNDA:56,(anonymous_29)
FNDA:28,(anonymous_30)
FNDA:196,(anonymous_31)
FNDA:98,(anonymous_32)
FNDA:98,(anonymous_33)
FNDA:140,(anonymous_34)
FNDA:178,(anonymous_35)
FNDA:136,(anonymous_36)
FNDA:973,(anonymous_37)
FNDA:0,(anonymous_38)
FNDA:805,(anonymous_39)
FNDA:500,(anonymous_40)
FNDA:243,(anonymous_41)
FNDA:20,(anonymous_42)
FNDA:20,(anonymous_43)
FNDA:20,(anonymous_44)
FNDA:20,(anonymous_45)
FNDA:20,(anonymous_46)
FNDA:20,createBackendArchitect
DA:43,7
DA:53,7
DA:57,20
DA:64,20
DA:66,20
DA:67,20
DA:68,20
DA:69,20
DA:70,20
DA:71,20
DA:72,20
DA:73,20
DA:74,20
DA:75,20
DA:76,20
DA:78,20
DA:94,28
DA:95,28
DA:97,20
DA:120,20
DA:128,20
DA:159,20
DA:160,29
DA:161,136
DA:162,136
DA:163,136
DA:166,29
DA:172,29
DA:181,20
DA:182,28
DA:183,28
DA:185,28
DA:186,28
DA:187,28
DA:188,126
DA:189,84
DA:191,28
DA:241,28
DA:248,28
DA:257,20
DA:259,20
DA:260,34
DA:261,98
DA:263,34
DA:264,98
DA:265,98
DA:267,98
DA:269,42
DA:270,42
DA:271,14
DA:282,28
DA:290,28
DA:297,14
DA:309,14
DA:320,0
DA:327,34
DA:339,34
DA:348,20
DA:350,20
DA:351,34
DA:352,34
DA:353,98
DA:354,98
DA:355,98
DA:356,98
DA:359,34
DA:364,20
DA:365,34
DA:373,20
DA:381,40
DA:382,12
DA:383,12
DA:386,56
DA:388,392
DA:393,392
DA:394,392
DA:395,196
DA:399,28
DA:401,28
DA:402,28
DA:403,56
DA:404,28
DA:409,196
DA:410,196
DA:411,196
DA:413,196
DA:415,84
DA:417,56
DA:419,28
DA:421,0
DA:423,28
DA:425,0
DA:430,98
DA:434,140
DA:435,98
DA:436,98
DA:440,178
DA:444,136
DA:458,136
DA:462,973
DA:466,500
DA:467,500
DA:471,243
DA:475,20
DA:496,20
DA:500,20
DA:519,20
DA:527,20
DA:558,20
DA:566,20
DA:605,20
DA:613,20
DA:621,20
DA:625,7
DA:626,20
LF:115
LH:112
BRDA:162,0,0,108
BRDA:162,0,1,28
BRDA:188,1,0,126
BRDA:188,1,1,98
BRDA:188,1,2,84
BRDA:267,2,0,42
BRDA:267,2,1,28
BRDA:267,2,2,14
BRDA:267,2,3,14
BRDA:267,2,4,0
BRDA:270,3,0,14
BRDA:370,4,0,20
BRDA:370,4,1,0
BRDA:381,5,0,12
BRDA:394,6,0,392
BRDA:394,6,1,196
BRDA:399,7,0,0
BRDA:403,8,0,56
BRDA:403,8,1,28
BRDA:410,9,0,196
BRDA:410,9,1,0
BRDA:413,10,0,84
BRDA:413,10,1,56
BRDA:413,10,2,28
BRDA:413,10,3,0
BRDA:413,10,4,28
BRDA:413,10,5,0
BRDA:415,11,0,28
BRDA:415,11,1,56
BRDA:435,12,0,98
BRDA:435,12,1,0
BRDA:458,13,0,136
BRDA:458,13,1,1
BRF:33
BRH:26
end_of_record
TN:
SF:src/core/evolution/change-budget.ts
FN:37,(anonymous_0)
FN:46,(anonymous_1)
FN:53,(anonymous_2)
FN:60,(anonymous_3)
FN:79,(anonymous_4)
FN:94,(anonymous_5)
FN:96,(anonymous_6)
FN:100,(anonymous_7)
FN:105,createChangeBudget
FNF:9
FNH:9
FNDA:9,(anonymous_0)
FNDA:1,(anonymous_1)
FNDA:1,(anonymous_2)
FNDA:17,(anonymous_3)
FNDA:13,(anonymous_4)
FNDA:17,(anonymous_5)
FNDA:15,(anonymous_6)
FNDA:1,(anonymous_7)
FNDA:1,createChangeBudget
DA:29,1
DA:30,1
DA:32,1
DA:38,9
DA:39,9
DA:40,9
DA:47,1
DA:54,1
DA:61,17
DA:62,17
DA:63,17
DA:67,17
DA:80,13
DA:81,13
DA:83,12
DA:88,12
DA:95,17
DA:96,17
DA:101,1
DA:105,1
DA:106,1
LF:21
LH:21
BRDA:37,0,0,3
BRDA:38,1,0,9
BRDA:38,1,1,3
BRDA:39,2,0,9
BRDA:39,2,1,5
BRDA:63,3,0,9
BRDA:63,3,1,8
BRDA:81,4,0,1
BRDA:105,5,0,0
BRF:9
BRH:8
end_of_record
TN:
SF:src/core/evolution/framework.ts
FN:213,(anonymous_0)
FN:239,(anonymous_1)
FN:294,(anonymous_2)
FN:315,(anonymous_3)
FN:330,(anonymous_4)
FN:382,(anonymous_5)
FN:419,(anonymous_6)
FN:455,(anonymous_7)
FN:467,(anonymous_8)
FN:506,(anonymous_9)
FN:519,(anonymous_10)
FN:526,(anonymous_11)
FN:533,(anonymous_12)
FN:540,(anonymous_13)
FN:547,(anonymous_14)
FN:567,(anonymous_15)
FN:574,(anonymous_16)
FN:581,(anonymous_17)
FN:624,createProgressiveEvolutionFramework
FNF:19
FNH:13
FNDA:11,(anonymous_0)
FNDA:11,(anonymous_1)
FNDA:11,(anonymous_2)
FNDA:11,(anonymous_3)
FNDA:210,(anonymous_4)
FNDA:210,(anonymous_5)
FNDA:1,(anonymous_6)
FNDA:0,(anonymous_7)
FNDA:1,(anonymous_8)
FNDA:0,(anonymous_9)
FNDA:1,(anonymous_10)
FNDA:5,(anonymous_11)
FNDA:0,(anonymous_12)
FNDA:1,(anonymous_13)
FNDA:2,(anonymous_14)
FNDA:0,(anonymous_15)
FNDA:0,(anonymous_16)
FNDA:2,(anonymous_17)
FNDA:0,createProgressiveEvolutionFramework
DA:205,1
DA:214,11
DA:224,11
DA:225,11
DA:228,11
DA:231,11
DA:233,11
DA:241,11
DA:251,11
DA:261,11
DA:271,11
DA:281,11
DA:295,11
DA:316,11
DA:317,11
DA:331,210
DA:333,210
DA:334,204
DA:336,6
DA:340,210
DA:341,210
DA:345,210
DA:346,8
DA:350,210
DA:351,6
DA:355,210
DA:359,210
DA:360,210
DA:361,210
DA:362,210
DA:366,210
DA:369,210
DA:370,210
DA:371,210
DA:372,210
DA:376,210
DA:383,210
DA:384,210
DA:385,0
DA:388,210
DA:389,5
DA:396,5
DA:397,5
DA:400,5
DA:401,0
DA:405,5
DA:406,0
DA:407,0
DA:410,5
DA:413,205
DA:420,1
DA:424,1
DA:425,5
DA:426,5
DA:427,0
DA:428,0
DA:429,0
DA:440,1
DA:441,1
DA:445,1
DA:447,1
DA:453,1
DA:454,1
DA:455,0
DA:456,1
DA:457,1
DA:461,1
DA:468,1
DA:471,1
DA:472,0
DA:473,0
DA:474,0
DA:478,1
DA:479,1
DA:488,0
DA:489,0
DA:490,0
DA:491,0
DA:500,0
DA:507,0
DA:510,0
DA:520,1
DA:527,5
DA:534,0
DA:541,1
DA:548,2
DA:551,2
DA:552,0
DA:553,0
DA:554,0
DA:557,2
DA:559,2
DA:560,1
DA:568,0
DA:575,0
DA:587,2
DA:588,2
DA:591,2
DA:592,10
DA:593,0
DA:594,0
DA:595,10
DA:596,1
DA:601,2
DA:602,2
DA:603,0
DA:604,2
DA:605,0
DA:608,2
DA:624,1
DA:627,0
DA:634,1
LF:112
LH:83
BRDA:213,0,0,1
BRDA:330,1,0,0
BRDA:333,2,0,204
BRDA:333,2,1,6
BRDA:345,3,0,8
BRDA:350,4,0,6
BRDA:350,5,0,210
BRDA:350,5,1,6
BRDA:359,6,0,210
BRDA:361,7,0,204
BRDA:361,7,1,6
BRDA:363,8,0,210
BRDA:363,8,1,0
BRDA:370,9,0,210
BRDA:384,10,0,0
BRDA:388,11,0,5
BRDA:393,12,0,3
BRDA:393,12,1,2
BRDA:400,13,0,0
BRDA:405,14,0,0
BRDA:405,15,0,5
BRDA:405,15,1,0
BRDA:426,16,0,0
BRDA:426,17,0,5
BRDA:426,17,1,5
BRDA:428,18,0,0
BRDA:433,19,0,0
BRDA:433,19,1,0
BRDA:440,20,0,1
BRDA:445,21,0,1
BRDA:445,21,1,1
BRDA:453,22,0,1
BRDA:454,23,0,0
BRDA:454,23,1,1
BRDA:456,24,0,1
BRDA:471,25,0,0
BRDA:478,26,0,1
BRDA:489,27,0,0
BRDA:489,28,0,0
BRDA:489,28,1,0
BRDA:490,29,0,0
BRDA:520,30,0,1
BRDA:520,30,1,0
BRDA:547,31,0,0
BRDA:551,32,0,0
BRDA:559,33,0,1
BRDA:592,34,0,0
BRDA:592,34,1,10
BRDA:595,35,0,1
BRDA:602,36,0,0
BRDA:602,36,1,2
BRDA:604,37,0,0
BRDA:609,38,0,2
BRDA:609,38,1,1
BRDA:609,38,2,1
BRF:55
BRH:33
end_of_record
TN:
SF:src/core/evolution/freeze-manager.ts
FN:30,(anonymous_0)
FN:37,(anonymous_1)
FN:38,(anonymous_2)
FN:44,(anonymous_3)
FN:51,(anonymous_4)
FN:80,(anonymous_5)
FN:87,(anonymous_6)
FN:101,(anonymous_7)
FN:113,(anonymous_8)
FN:129,(anonymous_9)
FN:139,(anonymous_10)
FN:144,createFreezeManager
FNF:12
FNH:11
FNDA:15,(anonymous_0)
FNDA:1,(anonymous_1)
FNDA:1,(anonymous_2)
FNDA:1,(anonymous_3)
FNDA:9,(anonymous_4)
FNDA:2,(anonymous_5)
FNDA:10,(anonymous_6)
FNDA:0,(anonymous_7)
FNDA:3,(anonymous_8)
FNDA:1,(anonymous_9)
FNDA:1,(anonymous_10)
FNDA:1,createFreezeManager
DA:27,1
DA:31,15
DA:38,1
DA:45,1
DA:59,9
DA:60,9
DA:61,9
DA:62,9
DA:64,9
DA:73,9
DA:74,9
DA:81,2
DA:88,10
DA:89,10
DA:90,10
DA:92,10
DA:93,5
DA:94,3
DA:95,2
DA:96,1
DA:101,10
DA:103,10
DA:114,3
DA:115,3
DA:116,1
DA:117,1
DA:118,1
DA:123,2
DA:130,1
DA:131,1
DA:132,1
DA:133,1
DA:140,1
DA:144,1
DA:145,1
LF:35
LH:35
BRDA:61,0,0,9
BRDA:61,0,1,8
BRDA:62,1,0,9
BRDA:62,1,1,8
BRDA:62,2,0,8
BRDA:62,2,1,0
BRDA:93,3,0,3
BRDA:93,3,1,2
BRDA:93,4,0,5
BRDA:93,4,1,4
BRDA:95,5,0,1
BRDA:105,6,0,3
BRDA:105,6,1,7
BRDA:115,7,0,1
BRDA:115,8,0,3
BRDA:115,8,1,1
BRDA:132,9,0,1
BRDA:132,10,0,1
BRDA:132,10,1,1
BRF:19
BRH:18
end_of_record
TN:
SF:src/core/evolution/frontend-architect.ts
FN:58,(anonymous_0)
FN:65,(anonymous_1)
FN:92,(anonymous_2)
FN:93,(anonymous_3)
FN:118,(anonymous_4)
FN:119,(anonymous_5)
FN:120,(anonymous_6)
FN:121,(anonymous_7)
FN:148,(anonymous_8)
FN:155,(anonymous_9)
FN:156,(anonymous_10)
FN:157,(anonymous_11)
FN:180,(anonymous_12)
FN:181,(anonymous_13)
FN:183,(anonymous_14)
FN:184,(anonymous_15)
FN:211,(anonymous_16)
FN:213,(anonymous_17)
FN:214,(anonymous_18)
FN:215,(anonymous_19)
FN:219,(anonymous_20)
FN:221,(anonymous_21)
FN:227,(anonymous_22)
FN:254,(anonymous_23)
FN:260,(anonymous_24)
FN:266,(anonymous_25)
FN:286,(anonymous_26)
FN:297,(anonymous_27)
FN:297,(anonymous_28)
FN:298,(anonymous_29)
FN:303,(anonymous_30)
FN:304,(anonymous_31)
FN:332,(anonymous_32)
FN:373,(anonymous_33)
FN:374,(anonymous_34)
FN:375,(anonymous_35)
FN:377,(anonymous_36)
FN:378,(anonymous_37)
FN:379,(anonymous_38)
FN:381,(anonymous_39)
FN:382,(anonymous_40)
FN:401,(anonymous_41)
FN:406,(anonymous_42)
FN:408,(anonymous_43)
FN:411,(anonymous_44)
FN:415,(anonymous_45)
FN:424,(anonymous_46)
FN:425,(anonymous_47)
FN:425,(anonymous_48)
FN:428,(anonymous_49)
FN:433,(anonymous_50)
FN:437,(anonymous_51)
FN:464,(anonymous_52)
FN:490,createFrontendArchitect
FNF:54
FNH:54
FNDA:25,(anonymous_0)
FNDA:20,(anonymous_1)
FNDA:20,(anonymous_2)
FNDA:55,(anonymous_3)
FNDA:20,(anonymous_4)
FNDA:55,(anonymous_5)
FNDA:55,(anonymous_6)
FNDA:55,(anonymous_7)
FNDA:20,(anonymous_8)
FNDA:19,(anonymous_9)
FNDA:52,(anonymous_10)
FNDA:52,(anonymous_11)
FNDA:1,(anonymous_12)
FNDA:3,(anonymous_13)
FNDA:3,(anonymous_14)
FNDA:3,(anonymous_15)
FNDA:20,(anonymous_16)
FNDA:55,(anonymous_17)
FNDA:36,(anonymous_18)
FNDA:54,(anonymous_19)
FNDA:36,(anonymous_20)
FNDA:54,(anonymous_21)
FNDA:54,(anonymous_22)
FNDA:36,(anonymous_23)
FNDA:54,(anonymous_24)
FNDA:54,(anonymous_25)
FNDA:36,(anonymous_26)
FNDA:55,(anonymous_27)
FNDA:36,(anonymous_28)
FNDA:54,(anonymous_29)
FNDA:36,(anonymous_30)
FNDA:54,(anonymous_31)
FNDA:20,(anonymous_32)
FNDA:20,(anonymous_33)
FNDA:55,(anonymous_34)
FNDA:55,(anonymous_35)
FNDA:55,(anonymous_36)
FNDA:55,(anonymous_37)
FNDA:36,(anonymous_38)
FNDA:54,(anonymous_39)
FNDA:54,(anonymous_40)
FNDA:220,(anonymous_41)
FNDA:55,(anonymous_42)
FNDA:54,(anonymous_43)
FNDA:36,(anonymous_44)
FNDA:54,(anonymous_45)
FNDA:1174,(anonymous_46)
FNDA:180,(anonymous_47)
FNDA:1174,(anonymous_48)
FNDA:558,(anonymous_49)
FNDA:366,(anonymous_50)
FNDA:20,(anonymous_51)
FNDA:20,(anonymous_52)
FNDA:25,createFrontendArchitect
DA:44,7
DA:55,7
DA:59,25
DA:66,20
DA:68,20
DA:69,20
DA:70,20
DA:71,20
DA:72,20
DA:73,20
DA:74,20
DA:75,20
DA:77,20
DA:93,20
DA:94,55
DA:95,55
DA:97,55
DA:110,55
DA:119,20
DA:120,55
DA:121,55
DA:123,55
DA:125,55
DA:140,55
DA:149,20
DA:150,1
DA:152,19
DA:156,52
DA:157,52
DA:159,19
DA:177,19
DA:181,3
DA:183,3
DA:184,1
DA:185,3
DA:186,3
DA:189,1
DA:204,1
DA:212,20
DA:213,55
DA:215,54
DA:216,36
DA:219,20
DA:220,36
DA:221,54
DA:222,36
DA:227,54
DA:233,36
DA:238,20
DA:252,20
DA:255,36
DA:256,36
DA:260,54
DA:266,54
DA:286,36
DA:294,20
DA:297,55
DA:298,54
DA:299,36
DA:304,54
DA:305,36
DA:314,20
DA:316,2
DA:317,2
DA:319,2
DA:320,2
DA:322,16
DA:325,20
DA:333,20
DA:334,20
DA:336,20
DA:338,2
DA:339,2
DA:340,2
DA:342,2
DA:343,2
DA:344,2
DA:347,20
DA:349,20
DA:366,20
DA:374,55
DA:375,20
DA:376,55
DA:377,55
DA:378,55
DA:380,36
DA:381,54
DA:382,54
DA:383,36
DA:392,36
DA:402,220
DA:403,220
DA:407,55
DA:408,54
DA:412,36
DA:416,54
DA:417,18
DA:418,0
DA:419,0
DA:420,0
DA:421,0
DA:425,1174
DA:429,558
DA:430,558
DA:434,366
DA:438,20
DA:461,20
DA:465,20
DA:486,20
DA:490,7
DA:491,25
LF:111
LH:107
BRDA:95,0,0,36
BRDA:95,0,1,19
BRDA:98,1,0,36
BRDA:98,1,1,19
BRDA:149,2,0,1
BRDA:213,3,0,55
BRDA:213,3,1,55
BRDA:215,4,0,0
BRDA:215,4,1,54
BRDA:220,5,0,36
BRDA:220,5,1,0
BRDA:221,6,0,36
BRDA:221,6,1,0
BRDA:222,7,0,36
BRDA:222,7,1,0
BRDA:229,8,0,36
BRDA:229,8,1,0
BRDA:241,9,0,20
BRDA:241,9,1,2
BRDA:243,10,0,20
BRDA:243,10,1,2
BRDA:247,11,0,20
BRDA:247,11,1,2
BRDA:248,12,0,20
BRDA:248,12,1,2
BRDA:255,13,0,36
BRDA:255,13,1,0
BRDA:286,14,0,36
BRDA:286,14,1,0
BRDA:286,15,0,36
BRDA:286,15,1,0
BRDA:297,16,0,20
BRDA:297,16,1,2
BRDA:297,17,0,55
BRDA:297,17,1,55
BRDA:298,18,0,0
BRDA:298,18,1,54
BRDA:303,19,0,20
BRDA:303,19,1,2
BRDA:306,20,0,36
BRDA:306,20,1,0
BRDA:314,21,0,2
BRDA:314,21,1,2
BRDA:314,21,2,16
BRDA:336,22,0,2
BRDA:336,22,1,2
BRDA:347,23,0,4
BRDA:347,23,1,16
BRDA:356,24,0,20
BRDA:356,24,1,16
BRDA:358,25,0,20
BRDA:358,25,1,16
BRDA:378,26,0,55
BRDA:378,26,1,55
BRDA:378,26,2,55
BRDA:381,27,0,0
BRDA:381,27,1,54
BRDA:403,28,0,220
BRDA:403,28,1,76
BRDA:407,29,0,19
BRDA:407,30,0,55
BRDA:407,30,1,55
BRDA:416,31,0,36
BRDA:417,32,0,18
BRDA:418,33,0,0
BRDA:419,34,0,0
BRDA:420,35,0,0
BRF:67
BRH:53
end_of_record
TN:
SF:src/core/evolution/human-confirmation.ts
FN:103,(anonymous_0)
FN:114,(anonymous_1)
FN:143,(anonymous_2)
FN:150,(anonymous_3)
FN:151,(anonymous_4)
FN:157,(anonymous_5)
FN:158,(anonymous_6)
FN:168,(anonymous_7)
FN:188,(anonymous_8)
FN:208,(anonymous_9)
FN:230,(anonymous_10)
FN:266,(anonymous_11)
FN:299,(anonymous_12)
FN:310,(anonymous_13)
FN:314,(anonymous_14)
FN:324,(anonymous_15)
FN:331,(anonymous_16)
FN:332,(anonymous_17)
FN:338,(anonymous_18)
FN:350,(anonymous_19)
FN:351,(anonymous_20)
FN:352,(anonymous_21)
FN:353,(anonymous_22)
FN:354,(anonymous_23)
FN:355,(anonymous_24)
FN:362,(anonymous_25)
FN:371,(anonymous_26)
FN:381,createHumanConfirmation
FNF:28
FNH:28
FNDA:26,(anonymous_0)
FNDA:31,(anonymous_1)
FNDA:2,(anonymous_2)
FNDA:3,(anonymous_3)
FNDA:4,(anonymous_4)
FNDA:32,(anonymous_5)
FNDA:15,(anonymous_6)
FNDA:13,(anonymous_7)
FNDA:3,(anonymous_8)
FNDA:1,(anonymous_9)
FNDA:2,(anonymous_10)
FNDA:2,(anonymous_11)
FNDA:2,(anonymous_12)
FNDA:1,(anonymous_13)
FNDA:1,(anonymous_14)
FNDA:2,(anonymous_15)
FNDA:1,(anonymous_16)
FNDA:2,(anonymous_17)
FNDA:2,(anonymous_18)
FNDA:3,(anonymous_19)
FNDA:3,(anonymous_20)
FNDA:3,(anonymous_21)
FNDA:3,(anonymous_22)
FNDA:3,(anonymous_23)
FNDA:3,(anonymous_24)
FNDA:1,(anonymous_25)
FNDA:15,(anonymous_26)
FNDA:26,createHumanConfirmation
DA:88,1
DA:98,1
DA:100,26
DA:101,26
DA:104,26
DA:121,31
DA:122,31
DA:123,1
DA:126,31
DA:136,31
DA:137,31
DA:144,2
DA:151,4
DA:158,32
DA:169,13
DA:170,13
DA:172,11
DA:181,11
DA:182,11
DA:189,3
DA:190,3
DA:192,3
DA:201,3
DA:202,3
DA:209,1
DA:210,1
DA:212,1
DA:222,1
DA:223,1
DA:231,2
DA:232,2
DA:233,2
DA:235,2
DA:236,5
DA:237,5
DA:238,1
DA:239,1
DA:242,4
DA:243,4
DA:244,4
DA:245,4
DA:249,2
DA:267,2
DA:268,2
DA:270,2
DA:271,2
DA:273,2
DA:276,2
DA:277,1
DA:279,1
DA:288,1
DA:289,1
DA:293,2
DA:300,2
DA:301,2
DA:303,1
DA:304,1
DA:311,1
DA:312,1
DA:314,1
DA:315,1
DA:318,1
DA:325,2
DA:332,2
DA:347,2
DA:348,2
DA:350,3
DA:351,3
DA:352,3
DA:353,3
DA:354,3
DA:355,3
DA:363,1
DA:364,1
DA:372,15
DA:373,15
DA:374,15
DA:381,1
DA:382,26
LF:79
LH:79
BRDA:103,0,0,24
BRDA:122,1,0,1
BRDA:131,2,0,31
BRDA:131,2,1,28
BRDA:132,3,0,31
BRDA:132,3,1,28
BRDA:144,4,0,2
BRDA:144,4,1,1
BRDA:170,5,0,2
BRDA:170,6,0,13
BRDA:170,6,1,12
BRDA:190,7,0,0
BRDA:190,8,0,3
BRDA:190,8,1,3
BRDA:210,9,0,0
BRDA:210,10,0,1
BRDA:210,10,1,1
BRDA:237,11,0,1
BRDA:237,12,0,5
BRDA:237,12,1,5
BRDA:237,12,2,5
BRDA:243,13,0,4
BRDA:271,14,0,0
BRDA:273,15,0,2
BRDA:273,15,1,1
BRDA:273,15,2,2
BRDA:273,15,3,2
BRDA:276,16,0,1
BRDA:301,17,0,1
BRDA:301,18,0,2
BRDA:301,18,1,2
BRDA:312,19,0,0
BRDA:315,20,0,1
BRDA:315,20,1,0
BRF:34
BRH:29
end_of_record
TN:
SF:src/core/evolution/introspection-engine.ts
FN:71,(anonymous_0)
FN:90,(anonymous_1)
FN:128,(anonymous_2)
FN:138,(anonymous_3)
FN:173,(anonymous_4)
FN:177,(anonymous_5)
FN:196,(anonymous_6)
FN:213,(anonymous_7)
FN:214,(anonymous_8)
FN:220,createIntrospectionEngine
FNF:10
FNH:7
FNDA:6,(anonymous_0)
FNDA:0,(anonymous_1)
FNDA:0,(anonymous_2)
FNDA:4,(anonymous_3)
FNDA:5,(anonymous_4)
FNDA:14,(anonymous_5)
FNDA:0,(anonymous_6)
FNDA:3,(anonymous_7)
FNDA:14,(anonymous_8)
FNDA:1,createIntrospectionEngine
DA:9,1
DA:40,1
DA:65,1
DA:72,6
DA:73,0
DA:75,6
DA:82,6
DA:83,6
DA:84,6
DA:91,0
DA:92,0
DA:94,0
DA:95,0
DA:105,0
DA:106,0
DA:109,0
DA:110,0
DA:111,0
DA:112,0
DA:113,0
DA:114,0
DA:115,0
DA:119,0
DA:131,0
DA:139,4
DA:141,4
DA:142,1
DA:151,3
DA:152,3
DA:154,3
DA:155,3
DA:156,5
DA:157,5
DA:158,5
DA:159,0
DA:160,0
DA:164,3
DA:176,5
DA:177,14
DA:180,5
DA:181,5
DA:190,5
DA:192,0
DA:193,0
DA:194,0
DA:196,0
DA:206,0
DA:209,0
DA:214,14
DA:215,3
DA:220,1
DA:221,1
LF:52
LH:28
BRDA:72,0,0,0
BRDA:72,0,1,6
BRDA:76,1,0,6
BRDA:76,1,1,6
BRDA:76,1,2,6
BRDA:78,2,0,6
BRDA:78,2,1,6
BRDA:82,3,0,6
BRDA:82,3,1,6
BRDA:84,4,0,6
BRDA:84,4,1,6
BRDA:94,5,0,0
BRDA:113,6,0,0
BRDA:115,7,0,0
BRDA:123,8,0,0
BRDA:123,8,1,0
BRDA:141,9,0,1
BRDA:158,10,0,0
BRDA:160,11,0,0
BRDA:168,12,0,3
BRDA:168,12,1,3
BRDA:190,13,0,5
BRDA:195,14,0,0
BRDA:195,14,1,0
BRDA:196,15,0,0
BRDA:196,15,1,0
BRDA:197,16,0,0
BRDA:197,16,1,0
BRDA:198,17,0,0
BRDA:198,17,1,0
BRDA:199,18,0,0
BRDA:199,18,1,0
BRDA:200,19,0,0
BRDA:200,19,1,0
BRDA:201,20,0,0
BRDA:201,20,1,0
BRDA:202,21,0,0
BRDA:202,21,1,0
BRF:38
BRH:14
end_of_record
TN:
SF:src/core/evolution/offline-optimizer.ts
FN:71,(anonymous_0)
FN:81,(anonymous_1)
FN:93,(anonymous_2)
FN:106,(anonymous_3)
FN:165,(anonymous_4)
FN:172,(anonymous_5)
FN:198,(anonymous_6)
FN:210,(anonymous_7)
FN:217,(anonymous_8)
FN:222,(anonymous_9)
FN:257,(anonymous_10)
FN:264,(anonymous_11)
FN:267,(anonymous_12)
FN:297,(anonymous_13)
FN:303,(anonymous_14)
FN:308,(anonymous_15)
FN:311,(anonymous_16)
FN:315,(anonymous_17)
FN:326,(anonymous_18)
FN:339,(anonymous_19)
FN:364,(anonymous_20)
FN:371,(anonymous_21)
FN:382,getDefaultOptimizer
FN:389,resetDefaultOptimizer
FNF:24
FNH:22
FNDA:17,(anonymous_0)
FNDA:148,(anonymous_1)
FNDA:1,(anonymous_2)
FNDA:10,(anonymous_3)
FNDA:3,(anonymous_4)
FNDA:6,(anonymous_5)
FNDA:9,(anonymous_6)
FNDA:117,(anonymous_7)
FNDA:117,(anonymous_8)
FNDA:45,(anonymous_9)
[...]
DA:165,5
DA:181,5
DA:203,5
DA:250,5
LF:16
LH:16
BRF:0
BRH:0
end_of_record
TN:
SF:src/ui/design-system-mapper.ts
FN:95,(anonymous_0)
FN:110,(anonymous_1)
FN:153,(anonymous_2)
FN:187,(anonymous_3)
FN:203,(anonymous_4)
FN:231,(anonymous_5)
FN:251,(anonymous_6)
FN:256,(anonymous_7)
FN:261,(anonymous_8)
FN:286,(anonymous_9)
FN:313,(anonymous_10)
FN:333,(anonymous_11)
FN:350,(anonymous_12)
FN:373,(anonymous_13)
FN:383,(anonymous_14)
FN:404,(anonymous_15)
FN:421,(anonymous_16)
FN:426,(anonymous_17)
FN:431,(anonymous_18)
FN:458,createDesignSystemMapper
FN:469,tokensToCSS
FN:473,(anonymous_21)
FN:479,(anonymous_22)
FN:484,(anonymous_23)
FN:489,(anonymous_24)
FN:494,(anonymous_25)
FN:504,tokensToTailwind
FN:527,calculateDesignSystemCoverage
FNF:28
FNH:26
FNDA:17,(anonymous_0)
FNDA:5,(anonymous_1)
FNDA:1,(anonymous_2)
FNDA:2,(anonymous_3)
FNDA:17,(anonymous_4)
FNDA:17,(anonymous_5)
FNDA:17,(anonymous_6)
FNDA:17,(anonymous_7)
FNDA:17,(anonymous_8)
FNDA:1,(anonymous_9)
FNDA:1,(anonymous_10)
FNDA:1,(anonymous_11)
FNDA:1,(anonymous_12)
FNDA:5,(anonymous_13)
FNDA:0,(anonymous_14)
FNDA:2,(anonymous_15)
FNDA:10,(anonymous_16)
FNDA:8,(anonymous_17)
FNDA:1,(anonymous_18)
FNDA:22,createDesignSystemMapper
FNDA:1,tokensToCSS
FNDA:10,(anonymous_21)
FNDA:7,(anonymous_22)
FNDA:14,(anonymous_23)
FNDA:5,(anonymous_24)
FNDA:7,(anonymous_25)
FNDA:0,tokensToTailwind
FNDA:1,calculateDesignSystemCoverage
DA:23,2
DA:40,2
DA:89,2
DA:90,22
DA:96,17
DA:104,17
DA:112,5
DA:113,5
DA:115,4
DA:118,4
DA:119,4
DA:124,4
DA:125,4
DA:129,0
DA:130,0
DA:131,0
DA:136,0
DA:137,0
DA:141,0
DA:146,0
DA:147,0
DA:154,1
DA:155,1
DA:158,1
DA:159,1
DA:160,1
DA:163,1
DA:164,1
DA:165,1
DA:168,1
DA:169,1
DA:170,1
DA:173,1
DA:174,1
DA:175,1
DA:177,1
DA:188,2
DA:192,2
DA:205,17
DA:207,17
DA:208,17
DA:209,17
DA:210,17
DA:213,17
DA:214,2
DA:215,15
DA:216,1
DA:217,14
DA:218,0
DA:219,14
DA:220,1
DA:223,17
DA:232,17
DA:235,17
DA:236,17
DA:237,0
DA:238,17
DA:239,1
DA:242,17
DA:253,17
DA:258,17
DA:262,17
DA:265,17
DA:266,1
DA:267,16
DA:268,0
DA:279,16
DA:287,1
DA:290,1
DA:291,1
DA:292,0
DA:301,1
DA:302,0
DA:310,1
DA:314,1
DA:317,1
DA:318,1
DA:320,6
DA:321,0
DA:330,1
DA:334,1
DA:337,1
DA:338,1
DA:339,0
DA:347,1
DA:351,1
DA:354,1
DA:355,1
DA:357,1
DA:358,5
DA:359,5
DA:360,0
DA:367,5
DA:370,1
DA:375,5
DA:376,5
DA:384,0
DA:387,0
DA:388,0
DA:392,0
DA:393,0
DA:397,0
DA:398,0
DA:401,0
DA:407,2
DA:423,10
DA:428,8
DA:433,1
DA:458,2
DA:459,22
DA:469,2
DA:470,1
DA:473,1
DA:474,10
DA:478,1
DA:479,1
DA:480,7
DA:484,1
DA:485,14
DA:489,1
DA:490,5
DA:494,1
DA:495,7
DA:498,1
DA:504,2
DA:505,0
DA:527,2
DA:528,1
DA:529,1
DA:532,1
DA:533,1
DA:534,1
DA:535,1
DA:538,1
DA:539,1
DA:540,1
DA:543,1
DA:544,1
DA:547,1
DA:548,1
DA:551,1
DA:552,1
DA:554,1
LF:143
LH:118
BRDA:113,0,0,1
BRDA:118,1,0,4
BRDA:130,2,0,0
BRDA:188,3,0,1
BRDA:188,3,1,1
BRDA:213,4,0,2
BRDA:213,4,1,15
BRDA:215,5,0,1
BRDA:215,5,1,14
BRDA:217,6,0,0
BRDA:217,6,1,14
BRDA:219,7,0,1
BRDA:236,8,0,0
BRDA:236,8,1,17
BRDA:238,9,0,1
BRDA:238,10,0,17
BRDA:238,10,1,17
BRDA:265,11,0,1
BRDA:265,11,1,16
BRDA:265,12,0,17
BRDA:265,12,1,17
BRDA:267,13,0,0
BRDA:267,14,0,16
BRDA:267,14,1,16
BRDA:291,15,0,0
BRDA:301,16,0,0
BRDA:320,17,0,0
BRDA:338,18,0,0
BRDA:359,19,0,0
BRDA:376,20,0,5
BRDA:376,20,1,0
BRDA:387,21,0,0
BRDA:387,22,0,0
BRDA:387,22,1,0
BRDA:392,23,0,0
BRDA:392,24,0,0
BRDA:392,24,1,0
BRDA:397,25,0,0
BRDA:397,26,0,0
BRDA:397,26,1,0
BRDA:397,26,2,0
BRDA:397,26,3,0
BRDA:469,27,0,1
BRDA:539,28,0,1
BRDA:539,28,1,0
BRF:45
BRH:23
end_of_record
TN:
SF:src/ui/index.ts
FN:76,(anonymous_0)
FN:77,(anonymous_1)
FN:78,(anonymous_2)
FN:79,(anonymous_3)
FN:80,(anonymous_4)
FN:81,(anonymous_5)
FN:82,(anonymous_6)
FN:83,(anonymous_7)
FN:84,(anonymous_8)
FN:85,(anonymous_9)
FN:86,(anonymous_10)
FN:87,(anonymous_11)
FN:88,(anonymous_12)
FN:89,(anonymous_13)
FN:90,(anonymous_14)
FN:91,(anonymous_15)
FN:98,(anonymous_16)
FN:99,(anonymous_17)
FN:100,(anonymous_18)
FN:107,(anonymous_19)
FN:108,(anonymous_20)
FN:109,(anonymous_21)
FN:110,(anonymous_22)
FN:111,(anonymous_23)
FN:118,(anonymous_24)
FN:119,(anonymous_25)
FN:120,(anonymous_26)
FN:121,(anonymous_27)
FN:122,(anonymous_28)
FN:129,(anonymous_29)
FN:130,(anonymous_30)
FN:131,(anonymous_31)
FN:132,(anonymous_32)
FN:133,(anonymous_33)
FN:134,(anonymous_34)
FN:141,(anonymous_35)
FN:142,(anonymous_36)
FN:143,(anonymous_37)
FN:144,(anonymous_38)
FN:145,(anonymous_39)
FNF:40
FNH:0
FNDA:0,(anonymous_0)
FNDA:0,(anonymous_1)
FNDA:0,(anonymous_2)
FNDA:0,(anonymous_3)
FNDA:0,(anonymous_4)
FNDA:0,(anonymous_5)
FNDA:0,(anonymous_6)
FNDA:0,(anonymous_7)
FNDA:0,(anonymous_8)
FNDA:0,(anonymous_9)
FNDA:0,(anonymous_10)
FNDA:0,(anonymous_11)
FNDA:0,(anonymous_12)
FNDA:0,(anonymous_13)
FNDA:0,(anonymous_14)
FNDA:0,(anonymous_15)
FNDA:0,(anonymous_16)
FNDA:0,(anonymous_17)
FNDA:0,(anonymous_18)
FNDA:0,(anonymous_19)
FNDA:0,(anonymous_20)
FNDA:0,(anonymous_21)
FNDA:0,(anonymous_22)
FNDA:0,(anonymous_23)
FNDA:0,(anonymous_24)
FNDA:0,(anonymous_25)
FNDA:0,(anonymous_26)
FNDA:0,(anonymous_27)
FNDA:0,(anonymous_28)
FNDA:0,(anonymous_29)
FNDA:0,(anonymous_30)
FNDA:0,(anonymous_31)
FNDA:0,(anonymous_32)
FNDA:0,(anonymous_33)
FNDA:0,(anonymous_34)
FNDA:0,(anonymous_35)
FNDA:0,(anonymous_36)
FNDA:0,(anonymous_37)
FNDA:0,(anonymous_38)
FNDA:0,(anonymous_39)
DA:75,0
DA:76,0
DA:77,0
DA:78,0
DA:79,0
DA:80,0
DA:81,0
DA:82,0
DA:83,0
DA:84,0
DA:85,0
DA:86,0
DA:87,0
DA:88,0
DA:89,0
DA:90,0
DA:91,0
DA:97,0
DA:98,0
DA:99,0
DA:100,0
DA:106,0
DA:107,0
DA:108,0
DA:109,0
DA:110,0
DA:111,0
DA:117,0
DA:118,0
DA:119,0
DA:120,0
DA:121,0
DA:122,0
DA:128,0
DA:129,0
DA:130,0
DA:131,0
DA:132,0
DA:133,0
DA:134,0
DA:140,0
DA:141,0
DA:142,0
DA:143,0
DA:144,0
DA:145,0
DA:151,0
LF:47
LH:0
BRF:0
BRH:0
end_of_record
TN:
SF:src/ui/interaction-flow-engine.ts
FN:71,(anonymous_0)
FN:98,(anonymous_1)
FN:137,(anonymous_2)
FN:156,(anonymous_3)
FN:173,(anonymous_4)
FN:177,(anonymous_5)
FN:192,(anonymous_6)
FN:217,(anonymous_7)
FN:235,(anonymous_8)
FN:262,(anonymous_9)
FN:289,(anonymous_10)
FN:311,(anonymous_11)
FN:314,(anonymous_12)
FN:315,(anonymous_13)
FN:319,(anonymous_14)
FN:327,(anonymous_15)
FN:352,(anonymous_16)
FN:389,(anonymous_17)
FN:413,(anonymous_18)
FN:444,(anonymous_19)
FN:454,(anonymous_20)
FN:456,(anonymous_21)
FN:463,(anonymous_22)
FN:466,(anonymous_23)
FN:484,createInteractionFlowEngine
FN:495,generateStateMachine
FN:496,(anonymous_26)
FN:515,generateAnimationCSS
FN:529,generateKeyframes
FN:545,calculateFlowComplexity
FN:566,mergeFlows
FN:572,(anonymous_31)
FN:575,(anonymous_32)
FN:578,(anonymous_33)
FN:579,(anonymous_34)
FN:580,(anonymous_35)
FNF:36
FNH:28
FNDA:26,(anonymous_0)
FNDA:4,(anonymous_1)
FNDA:2,(anonymous_2)
FNDA:1,(anonymous_3)
FNDA:25,(anonymous_4)
FNDA:25,(anonymous_5)
FNDA:25,(anonymous_6)
FNDA:18,(anonymous_7)
FNDA:15,(anonymous_8)
FNDA:2,(anonymous_9)
FNDA:18,(anonymous_10)
FNDA:1,(anonymous_11)
FNDA:1,(anonymous_12)
FNDA:1,(anonymous_13)
FNDA:18,(anonymous_14)
FNDA:18,(anonymous_15)
FNDA:18,(anonymous_16)
FNDA:18,(anonymous_17)
FNDA:18,(anonymous_18)
FNDA:19,(anonymous_19)
FNDA:4,(anonymous_20)
FNDA:2,(anonymous_21)
FNDA:2,(anonymous_22)
FNDA:2,(anonymous_23)
FNDA:21,createInteractionFlowEngine
FNDA:1,generateStateMachine
FNDA:2,(anonymous_26)
FNDA:0,generateAnimationCSS
FNDA:0,generateKeyframes
FNDA:1,calculateFlowComplexity
FNDA:0,mergeFlows
FNDA:0,(anonymous_31)
FNDA:0,(anonymous_32)
FNDA:0,(anonymous_33)
FNDA:0,(anonymous_34)
FNDA:0,(anonymous_35)
DA:21,2
DA:27,2
DA:65,2
DA:66,21
DA:73,26
DA:74,26
DA:76,15
DA:79,15
DA:80,18
DA:81,18
DA:85,15
DA:87,15
DA:88,2
DA:91,15
DA:92,15
DA:99,4
DA:100,4
DA:101,4
DA:104,4
DA:105,1
DA:106,1
DA:110,4
DA:111,2
DA:112,2
DA:116,4
DA:117,2
DA:118,2
DA:122,4
DA:123,4
DA:124,4
DA:128,4
DA:129,0
DA:130,0
DA:131,0
DA:136,4
DA:137,4
DA:138,4
DA:139,2
DA:140,0
DA:141,0
DA:145,4
DA:157,1
DA:158,1
DA:160,1
DA:174,25
DA:177,25
DA:178,1
DA:184,1
DA:192,25
DA:193,1
DA:201,25
DA:207,25
DA:218,18
DA:219,18
DA:220,18
DA:221,18
DA:222,18
DA:223,18
DA:225,18
DA:236,15
DA:263,2
DA:290,18
DA:292,18
DA:293,3
DA:295,15
DA:296,3
DA:298,12
DA:299,0
DA:301,12
DA:302,0
DA:304,12
DA:305,0
DA:308,12
DA:312,1
DA:313,1
DA:314,1
DA:315,1
DA:316,0
DA:320,18
DA:328,18
DA:331,18
DA:338,18
DA:339,0
DA:346,18
DA:353,18
DA:356,18
DA:364,18
DA:365,3
DA:371,3
DA:379,18
DA:386,18
DA:390,18
DA:393,18
DA:401,18
DA:402,3
DA:410,18
DA:414,18
DA:417,18
DA:418,3
DA:426,18
DA:427,0
DA:435,18
DA:441,18
DA:445,19
DA:451,19
DA:455,4
DA:456,4
DA:458,4
DA:459,2
DA:463,4
DA:464,4
DA:465,2
DA:466,2
DA:468,2
DA:469,0
DA:470,0
DA:471,0
DA:476,4
DA:484,2
DA:485,21
DA:495,2
DA:496,1
DA:497,2
DA:504,1
DA:515,2
DA:516,0
DA:518,0
DA:519,0
DA:520,0
DA:526,0
DA:530,0
DA:532,0
DA:534,0
DA:536,0
DA:538,0
DA:545,2
DA:546,1
DA:549,1
DA:552,1
DA:555,1
DA:558,1
DA:560,1
DA:566,2
DA:567,0
DA:568,0
DA:571,0
DA:572,0
DA:575,0
DA:578,0
DA:579,0
DA:580,0
LF:151
LH:119
BRDA:74,0,0,11
BRDA:87,1,0,2
BRDA:104,2,0,1
BRDA:104,3,0,4
BRDA:104,3,1,4
BRDA:110,4,0,2
BRDA:110,5,0,4
BRDA:110,5,1,4
BRDA:116,6,0,2
BRDA:116,7,0,4
BRDA:116,7,1,4
BRDA:122,8,0,4
BRDA:122,9,0,4
BRDA:122,9,1,4
BRDA:129,10,0,0
BRDA:139,11,0,0
BRDA:177,12,0,1
BRDA:192,13,0,1
BRDA:209,14,0,25
BRDA:209,14,1,0
BRDA:267,15,0,2
BRDA:267,15,1,0
BRDA:292,16,0,3
BRDA:292,17,0,18
BRDA:292,17,1,15
BRDA:292,17,2,15
BRDA:295,18,0,3
BRDA:295,19,0,15
BRDA:295,19,1,12
BRDA:295,19,2,12
BRDA:298,20,0,0
BRDA:298,21,0,12
BRDA:298,21,1,12
BRDA:298,21,2,12
BRDA:301,22,0,0
BRDA:301,23,0,12
BRDA:301,23,1,12
BRDA:301,23,2,12
BRDA:304,24,0,0
BRDA:304,25,0,12
BRDA:304,25,1,12
BRDA:304,25,2,12
BRDA:312,26,0,0
BRDA:313,27,0,0
BRDA:314,28,0,0
BRDA:315,29,0,1
BRDA:323,30,0,0
BRDA:323,30,1,18
BRDA:333,31,0,18
BRDA:333,31,1,15
BRDA:338,32,0,0
BRDA:364,33,0,3
BRDA:401,34,0,3
BRDA:417,35,0,3
BRDA:417,36,0,18
BRDA:417,36,1,18
BRDA:426,37,0,0
BRDA:451,38,0,19
BRDA:451,38,1,0
BRDA:456,39,0,2
BRDA:456,39,1,0
BRDA:469,40,0,0
BRDA:499,41,0,2
BRDA:499,41,1,1
BRDA:499,42,0,2
BRDA:499,42,1,0
BRDA:530,43,0,0
BRDA:530,43,1,0
BRDA:530,43,2,0
BRDA:530,43,3,0
BRDA:567,44,0,0
BRF:71
BRH:49
end_of_record
TN:
SF:src/ui/layout-generator.ts
FN:38,(anonymous_0)
FN:59,(anonymous_1)
FN:81,(anonymous_2)
FN:88,(anonymous_3)
FN:103,(anonymous_4)
FN:124,(anonymous_5)
FN:125,(anonymous_6)
FN:129,(anonymous_7)
FN:155,(anonymous_8)
FN:167,(anonymous_9)
FN:183,(anonymous_10)
FN:202,(anonymous_11)
FN:215,(anonymous_12)
FN:233,(anonymous_13)
FN:235,(anonymous_14)
FN:242,(anonymous_15)
FN:243,(anonymous_16)
FN:252,(anonymous_17)
FN:269,(anonymous_18)
FN:288,(anonymous_19)
FN:289,(anonymous_20)
FN:313,(anonymous_21)
FN:314,(anonymous_22)
FN:326,(anonymous_23)
FN:328,(anonymous_24)
FN:331,(anonymous_25)
FN:335,(anonymous_26)
FN:337,(anonymous_27)
FN:349,createLayoutGenerator
FN:360,generateGridTemplate
FN:361,(anonymous_30)
FN:373,generateMediaQueries
FN:375,(anonymous_32)
FN:387,calculateLayoutComplexity
FN:401,(anonymous_34)
FNF:35
FNH:33
FNDA:19,(anonymous_0)
FNDA:2,(anonymous_1)
FNDA:2,(anonymous_2)
FNDA:1,(anonymous_3)
FNDA:19,(anonymous_4)
FNDA:19,(anonymous_5)
FNDA:19,(anonymous_6)
FNDA:19,(anonymous_7)
FNDA:19,(anonymous_8)
FNDA:76,(anonymous_9)
FNDA:76,(anonymous_10)
FNDA:13,(anonymous_11)
FNDA:76,(anonymous_12)
FNDA:19,(anonymous_13)
FNDA:76,(anonymous_14)
FNDA:19,(anonymous_15)
FNDA:57,(anonymous_16)
FNDA:19,(anonymous_17)
FNDA:75,(anonymous_18)
FNDA:2,(anonymous_19)
FNDA:8,(anonymous_20)
FNDA:2,(anonymous_21)
FNDA:8,(anonymous_22)
FNDA:1,(anonymous_23)
FNDA:5,(anonymous_24)
FNDA:1,(anonymous_25)
FNDA:4,(anonymous_26)
FNDA:5,(anonymous_27)
FNDA:18,createLayoutGenerator
FNDA:1,generateGridTemplate
FNDA:3,(anonymous_30)
FNDA:0,generateMediaQueries
FNDA:0,(anonymous_32)
FNDA:1,calculateLayoutComplexity
FNDA:4,(anonymous_34)
DA:18,2
DA:28,2
DA:29,18
DA:42,19
DA:43,19
DA:44,19
DA:45,19
DA:47,19
DA:63,2
DA:72,2
DA:75,2
DA:77,2
DA:81,2
DA:89,1
DA:90,1
DA:92,1
DA:107,19
DA:108,19
DA:111,19
DA:112,3
DA:116,16
DA:117,0
DA:121,16
DA:125,19
DA:126,19
DA:134,19
DA:135,19
DA:138,19
DA:139,75
DA:143,19
DA:144,1
DA:145,1
DA:147,1
DA:148,0
DA:152,19
DA:156,19
DA:158,19
DA:159,16
DA:160,15
DA:161,14
DA:162,14
DA:164,14
DA:168,76
DA:176,76
DA:177,13
DA:180,76
DA:184,76
DA:199,76
DA:203,13
DA:212,13
DA:216,76
DA:221,76
DA:230,76
DA:234,19
DA:235,19
DA:236,76
DA:237,75
DA:238,75
DA:243,57
DA:253,19
DA:254,19
DA:256,19
DA:257,75
DA:258,75
DA:263,75
DA:266,19
DA:270,75
DA:285,75
DA:289,2
DA:290,8
DA:293,8
DA:294,8
DA:295,0
DA:297,8
DA:298,0
DA:303,8
DA:304,0
DA:305,0
DA:309,8
DA:314,2
DA:315,8
DA:318,8
DA:319,8
DA:322,8
DA:328,5
DA:335,4
DA:337,1
DA:338,5
DA:339,5
DA:340,5
DA:349,2
DA:350,18
DA:360,2
DA:361,3
DA:362,1
DA:364,1
DA:365,1
DA:367,1
DA:373,2
DA:374,0
DA:376,0
DA:377,0
DA:387,2
DA:388,1
DA:391,1
DA:394,1
DA:395,1
DA:398,1
DA:401,4
DA:402,1
DA:404,1
LF:111
LH:102
BRDA:81,0,0,2
BRDA:81,0,1,0
BRDA:111,1,0,3
BRDA:111,2,0,19
BRDA:111,2,1,16
BRDA:116,3,0,0
BRDA:116,4,0,16
BRDA:116,4,1,16
BRDA:116,4,2,16
BRDA:144,5,0,1
BRDA:147,6,0,0
BRDA:147,7,0,1
BRDA:147,7,1,1
BRDA:158,8,0,3
BRDA:159,9,0,1
BRDA:159,10,0,16
BRDA:159,10,1,15
BRDA:160,11,0,1
BRDA:160,12,0,15
BRDA:160,12,1,15
BRDA:161,13,0,0
BRDA:161,14,0,14
BRDA:161,14,1,14
BRDA:162,15,0,0
BRDA:162,16,0,14
BRDA:162,16,1,14
BRDA:176,17,0,13
BRDA:199,18,0,76
BRDA:199,18,1,0
BRDA:212,19,0,13
BRDA:212,19,1,0
BRDA:218,20,0,13
BRDA:218,20,1,63
BRDA:230,21,0,76
BRDA:230,21,1,30
BRDA:236,22,0,1
BRDA:285,23,0,75
BRDA:285,23,1,0
BRDA:293,24,0,8
BRDA:294,25,0,0
BRDA:297,26,0,0
BRDA:303,27,0,0
BRDA:304,28,0,0
BRDA:318,29,0,8
BRDA:362,30,0,0
BRDA:376,31,0,0
BRDA:376,31,1,0
BRDA:395,32,0,1
BRDA:395,32,1,0
BRF:49
BRH:33
end_of_record
TN:
SF:src/ui/prototype-generator.ts
FN:42,(anonymous_0)
FN:53,(anonymous_1)
FN:86,(anonymous_2)
FN:89,(anonymous_3)
FN:90,(anonymous_4)
FN:111,(anonymous_5)
FN:177,(anonymous_6)
FN:196,(anonymous_7)
FN:223,(anonymous_8)
FN:230,(anonymous_9)
FN:260,(anonymous_10)
FN:267,(anonymous_11)
FN:281,(anonymous_12)
FN:311,(anonymous_13)
FN:334,(anonymous_14)
FN:364,(anonymous_15)
FN:370,(anonymous_16)
FN:375,(anonymous_17)
FN:388,(anonymous_18)
FN:401,(anonymous_19)
FN:403,(anonymous_20)
FN:404,(anonymous_21)
FN:427,(anonymous_22)
FN:438,(anonymous_23)
FN:446,(anonymous_24)
FN:450,(anonymous_25)
FN:454,(anonymous_26)
FN:458,(anonymous_27)
FN:459,(anonymous_28)
FN:470,createPrototypeGenerator
FN:481,generatePrototypeSummary
FN:493,(anonymous_31)
FN:508,calculatePrototypeComplexity
FN:515,(anonymous_33)
FN:531,validatePrototype
FNF:35
FNH:33
FNDA:10,(anonymous_0)
FNDA:11,(anonymous_1)
FNDA:1,(anonymous_2)
FNDA:1,(anonymous_3)
FNDA:1,(anonymous_4)
FNDA:4,(anonymous_5)
FNDA:1,(anonymous_6)
FNDA:10,(anonymous_7)
FNDA:23,(anonymous_8)
FNDA:11,(anonymous_9)
FNDA:10,(anonymous_10)
FNDA:23,(anonymous_11)
FNDA:4,(anonymous_12)
FNDA:2,(anonymous_13)
FNDA:2,(anonymous_14)
FNDA:4,(anonymous_15)
FNDA:4,(anonymous_16)
FNDA:4,(anonymous_17)
FNDA:4,(anonymous_18)
FNDA:4,(anonymous_19)
FNDA:16,(anonymous_20)
FNDA:4,(anonymous_21)
FNDA:10,(anonymous_22)
FNDA:12,(anonymous_23)
FNDA:11,(anonymous_24)
FNDA:10,(anonymous_25)
FNDA:10,(anonymous_26)
FNDA:12,(anonymous_27)
FNDA:60,(anonymous_28)
FNDA:10,createPrototypeGenerator
FNDA:1,generatePrototypeSummary
FNDA:1,(anonymous_31)
FNDA:0,calculatePrototypeComplexity
FNDA:0,(anonymous_33)
FNDA:2,validatePrototype
DA:26,1
DA:27,1
DA:28,1
DA:29,1
DA:35,1
DA:40,10
DA:43,10
DA:44,10
DA:45,10
DA:46,10
DA:47,10
DA:55,11
DA:56,11
DA:58,10
DA:61,10
DA:64,10
DA:67,10
DA:70,10
DA:79,10
DA:80,10
DA:87,1
DA:89,1
DA:90,1
DA:93,1
DA:100,0
DA:115,4
DA:116,4
DA:117,4
DA:118,4
DA:119,4
DA:122,4
DA:123,4
DA:124,4
DA:125,4
DA:126,4
DA:127,4
DA:130,4
DA:131,2
DA:132,2
DA:133,2
DA:134,2
DA:138,4
DA:139,2
DA:140,2
DA:141,2
DA:142,2
DA:147,4
DA:148,4
DA:149,4
DA:153,4
DA:154,4
DA:155,4
DA:158,4
DA:159,4
DA:161,4
DA:180,1
DA:201,10
DA:204,10
DA:206,11
DA:212,11
DA:215,11
DA:217,11
DA:223,23
DA:227,10
DA:234,11
DA:237,11
DA:238,12
DA:248,12
DA:257,11
DA:261,10
DA:263,10
DA:264,11
DA:267,11
DA:268,23
DA:271,11
DA:274,10
DA:286,4
DA:304,4
DA:316,2
DA:327,2
DA:339,2
DA:357,2
DA:369,4
DA:370,4
DA:375,4
DA:381,4
DA:389,4
DA:394,4
DA:402,4
DA:403,16
DA:405,4
DA:406,4
DA:410,4
DA:416,4
DA:428,10
DA:439,12
DA:447,11
DA:451,10
DA:455,10
DA:459,12
DA:460,60
DA:461,60
DA:470,1
DA:471,10
DA:481,1
DA:482,1
DA:493,1
DA:508,1
DA:509,0
DA:512,0
DA:515,0
DA:516,0
DA:519,0
DA:522,0
DA:523,0
DA:525,0
DA:531,1
DA:532,2
DA:535,2
DA:536,1
DA:540,2
DA:541,1
DA:542,0
DA:547,2
DA:548,1
DA:552,2
DA:553,0
DA:556,2
LF:128
LH:117
BRDA:43,0,0,0
BRDA:43,0,1,10
BRDA:56,1,0,1
BRDA:58,2,0,10
BRDA:58,2,1,10
BRDA:103,3,0,0
BRDA:103,3,1,0
BRDA:130,4,0,2
BRDA:138,5,0,2
BRDA:184,6,0,1
BRDA:184,6,1,0
BRDA:403,7,0,16
BRDA:403,7,1,8
BRDA:460,8,0,60
BRDA:460,8,1,24
BRDA:535,9,0,1
BRDA:541,10,0,0
BRDA:547,11,0,1
BRDA:552,12,0,0
BRF:19
BRH:13
end_of_record
TN:
SF:src/ui/ui-component-synthesizer.ts
FN:106,(anonymous_0)
FN:113,(anonymous_1)
FN:141,(anonymous_2)
FN:181,(anonymous_3)
FN:218,(anonymous_4)
FN:231,(anonymous_5)
FN:244,(anonymous_6)
FN:246,(anonymous_7)
FN:249,(anonymous_8)
FN:265,(anonymous_9)
FN:284,(anonymous_10)
FN:296,(anonymous_11)
FN:299,(anonymous_12)
FN:308,(anonymous_13)
FN:321,(anonymous_14)
FN:331,(anonymous_15)
FN:352,(anonymous_16)
FN:370,(anonymous_17)
FN:388,(anonymous_18)
FN:410,(anonymous_19)
FN:418,(anonymous_20)
FN:453,createComponentSynthesizer
FNF:22
FNH:18
FNDA:20,(anonymous_0)
FNDA:16,(anonymous_1)
FNDA:3,(anonymous_2)
FNDA:2,(anonymous_3)
FNDA:16,(anonymous_4)
FNDA:0,(anonymous_5)
FNDA:0,(anonymous_6)
FNDA:0,(anonymous_7)
FNDA:16,(anonymous_8)
FNDA:15,(anonymous_9)
FNDA:15,(anonymous_10)
FNDA:15,(anonymous_11)
FNDA:74,(anonymous_12)
FNDA:15,(anonymous_13)
FNDA:16,(anonymous_14)
FNDA:1,(anonymous_15)
FNDA:0,(anonymous_16)
FNDA:16,(anonymous_17)
FNDA:16,(anonymous_18)
FNDA:1,(anonymous_19)
FNDA:2,(anonymous_20)
FNDA:20,createComponentSynthesizer
DA:18,2
DA:28,2
DA:103,2
DA:107,20
DA:117,16
DA:120,16
DA:121,16
DA:124,16
DA:127,16
DA:129,16
DA:142,3
DA:143,3
DA:144,3
DA:147,3
DA:148,1
DA:149,1
DA:153,3
DA:154,3
DA:155,3
DA:159,3
DA:160,3
DA:161,3
DA:165,3
DA:166,0
DA:167,0
DA:170,3
DA:182,2
DA:183,2
DA:184,2
DA:187,2
DA:188,1
DA:189,1
DA:190,1
DA:194,2
DA:195,2
DA:196,2
DA:197,2
DA:201,2
DA:202,0
DA:203,0
DA:206,2
DA:219,16
DA:221,16
DA:222,15
DA:223,13
DA:224,12
DA:225,12
DA:226,12
DA:228,12
DA:232,0
DA:234,0
DA:245,0
DA:246,0
DA:254,16
DA:256,16
DA:257,15
DA:258,1
DA:259,1
DA:261,0
DA:271,15
DA:272,15
DA:273,15
DA:275,15
DA:285,15
DA:286,15
DA:288,15
DA:289,0
DA:292,15
DA:297,15
DA:299,15
DA:300,74
DA:303,15
DA:309,15
DA:310,15
DA:312,15
DA:322,16
DA:323,15
DA:324,1
DA:325,1
DA:327,0
DA:337,1
DA:358,0
DA:371,16
DA:373,16
DA:374,15
DA:377,16
DA:378,15
DA:381,16
DA:382,0
DA:385,16
DA:389,16
DA:392,16
DA:393,16
DA:396,16
DA:397,16
DA:400,16
DA:401,16
DA:404,16
DA:405,16
DA:407,16
DA:412,1
DA:413,1
DA:415,0
DA:420,2
DA:421,2
DA:422,0
DA:423,0
DA:430,2
DA:431,2
DA:432,2
DA:433,2
DA:445,0
DA:453,2
DA:454,20
DA:461,2
LF:115
LH:98
BRDA:117,0,0,16
BRDA:117,0,1,4
BRDA:121,1,0,16
BRDA:121,1,1,0
BRDA:147,2,0,1
BRDA:153,3,0,3
BRDA:153,4,0,3
BRDA:153,4,1,3
BRDA:159,5,0,3
BRDA:159,6,0,3
BRDA:159,6,1,3
BRDA:165,7,0,0
BRDA:165,8,0,3
BRDA:165,8,1,0
BRDA:187,9,0,1
BRDA:187,10,0,2
BRDA:187,10,1,1
BRDA:194,11,0,2
BRDA:194,12,0,2
BRDA:194,12,1,2
BRDA:201,13,0,0
BRDA:221,14,0,1
BRDA:221,15,0,16
BRDA:221,15,1,15
BRDA:222,16,0,2
BRDA:222,17,0,15
BRDA:222,17,1,13
BRDA:222,17,2,13
BRDA:223,18,0,1
BRDA:223,19,0,13
BRDA:223,19,1,12
BRDA:224,20,0,0
BRDA:224,21,0,12
BRDA:224,21,1,12
BRDA:224,21,2,12
BRDA:225,22,0,0
BRDA:225,23,0,12
BRDA:225,23,1,12
BRDA:225,23,2,12
BRDA:226,24,0,0
BRDA:256,25,0,15
BRDA:256,25,1,1
BRDA:258,26,0,1
BRDA:258,26,1,0
BRDA:286,27,0,15
BRDA:286,27,1,0
BRDA:288,28,0,0
BRDA:297,29,0,0
BRDA:300,30,0,16
BRDA:300,30,1,58
BRDA:303,31,0,15
BRDA:303,31,1,0
BRDA:309,32,0,15
BRDA:309,32,1,0
BRDA:310,33,0,15
BRDA:310,33,1,0
BRDA:322,34,0,15
BRDA:322,34,1,1
BRDA:324,35,0,1
BRDA:324,35,1,0
BRDA:373,36,0,15
BRDA:377,37,0,15
BRDA:381,38,0,0
BRDA:393,39,0,16
BRDA:397,40,0,16
BRDA:400,41,0,16
BRDA:400,41,1,16
BRDA:400,41,2,16
BRDA:401,42,0,16
BRDA:404,43,0,16
BRDA:404,43,1,16
BRDA:405,44,0,16
BRDA:412,45,0,1
BRDA:421,46,0,0
BRDA:431,47,0,2
BRF:75
BRH:58
end_of_record
